<?xml version="1.0" encoding="UTF-8"?>
<coverage generated="0">
  <project timestamp="0" name="Clover Coverage">
    <package name="Valksor\Functions\Handler">
      <file name="/var/www/html/valksor/src/Valksor/Functions/Handler/AbstractHandler.php">
        <class name="Valksor\Functions\Handler\AbstractHandler" namespace="Valksor\Functions\Handler">
          <metrics complexity="2" methods="2" coveredmethods="2" conditionals="0" coveredconditionals="0" statements="3" coveredstatements="3" elements="5" coveredelements="5"/>
        </class>
        <line num="22" type="method" name="handle" visibility="public" complexity="1" crap="1" count="30"/>
        <line num="25" type="stmt" count="30"/>
        <line num="28" type="method" name="next" visibility="public" complexity="1" crap="1" count="18"/>
        <line num="31" type="stmt" count="18"/>
        <line num="33" type="stmt" count="18"/>
        <metrics loc="36" ncloc="24" classes="1" methods="2" coveredmethods="2" conditionals="0" coveredconditionals="0" statements="3" coveredstatements="3" elements="5" coveredelements="5"/>
      </file>
      <file name="/var/www/html/valksor/src/Valksor/Functions/Handler/Chain.php">
        <class name="Valksor\Functions\Handler\Chain" namespace="Valksor\Functions\Handler">
          <metrics complexity="4" methods="4" coveredmethods="4" conditionals="0" coveredconditionals="0" statements="4" coveredstatements="4" elements="8" coveredelements="8"/>
        </class>
        <line num="23" type="method" name="__construct" visibility="public" complexity="1" crap="1" count="25"/>
        <line num="29" type="stmt" count="25"/>
        <line num="34" type="method" name="get" visibility="public" complexity="1" crap="1" count="25"/>
        <line num="36" type="stmt" count="25"/>
        <line num="46" type="method" name="pipe" visibility="public" complexity="1" crap="1" count="15"/>
        <line num="49" type="stmt" count="15"/>
        <line num="57" type="method" name="of" visibility="public" complexity="1" crap="1" count="20"/>
        <line num="60" type="stmt" count="20"/>
        <metrics loc="63" ncloc="30" classes="1" methods="4" coveredmethods="4" conditionals="0" coveredconditionals="0" statements="4" coveredstatements="4" elements="8" coveredelements="8"/>
      </file>
      <file name="/var/www/html/valksor/src/Valksor/Functions/Handler/FunctionHandler.php">
        <class name="Valksor\Functions\Handler\FunctionHandler" namespace="Valksor\Functions\Handler">
          <metrics complexity="4" methods="2" coveredmethods="2" conditionals="0" coveredconditionals="0" statements="9" coveredstatements="9" elements="11" coveredelements="11"/>
        </class>
        <line num="21" type="method" name="__construct" visibility="public" complexity="1" crap="1" count="19"/>
        <line num="25" type="stmt" count="19"/>
        <line num="30" type="method" name="handle" visibility="public" complexity="3" crap="3" count="19"/>
        <line num="33" type="stmt" count="19"/>
        <line num="35" type="stmt" count="19"/>
        <line num="36" type="stmt" count="1"/>
        <line num="39" type="stmt" count="1"/>
        <line num="42" type="stmt" count="19"/>
        <line num="43" type="stmt" count="11"/>
        <line num="44" type="stmt" count="10"/>
        <line num="46" type="stmt" count="19"/>
        <metrics loc="49" ncloc="37" classes="1" methods="2" coveredmethods="2" conditionals="0" coveredconditionals="0" statements="9" coveredstatements="9" elements="11" coveredelements="11"/>
      </file>
    </package>
    <file name="/var/www/html/valksor/src/Valksor/Functions/Handler/Handler.php">
      <metrics loc="28" ncloc="16" classes="0" methods="0" coveredmethods="0" conditionals="0" coveredconditionals="0" statements="0" coveredstatements="0" elements="0" coveredelements="0"/>
    </file>
    <metrics files="4" loc="176" ncloc="107" classes="3" methods="8" coveredmethods="8" conditionals="0" coveredconditionals="0" statements="16" coveredstatements="16" elements="24" coveredelements="24"/>
  </project>
</coverage>
