<?xml version="1.0" encoding="UTF-8"?>
<testsuites>
  <testsuite name="/var/www/html/valksor/src/Valksor/Functions/Web/phpunit.xml" tests="25" assertions="58" errors="0" failures="0" skipped="0" time="0.001000">
    <testsuite name="Web Functions" tests="25" assertions="58" errors="0" failures="0" skipped="0" time="0.001000">
      <testsuite name="Valksor\Functions\Web\Tests\WebTest" file="/var/www/html/valksor/src/Valksor/Functions/Web/Tests/WebTest.php" tests="25" assertions="58" errors="0" failures="0" skipped="0" time="0.001000">
        <testcase name="testArrayFromQueryStringParsesKeys" file="/var/www/html/valksor/src/Valksor/Functions/Web/Tests/WebTest.php" line="55" class="Valksor\Functions\Web\Tests\WebTest" classname="Valksor.Functions.Web.Tests.WebTest" assertions="1" time="0.001000"/>
        <testcase name="testBuildArrayFromObjectProducesArray" file="/var/www/html/valksor/src/Valksor/Functions/Web/Tests/WebTest.php" line="68" class="Valksor\Functions\Web\Tests\WebTest" classname="Valksor.Functions.Web.Tests.WebTest" assertions="1" time="0.001000"/>
        <testcase name="testBuildHttpQueryArrayHandlesObjectsArraysAndFiles" file="/var/www/html/valksor/src/Valksor/Functions/Web/Tests/WebTest.php" line="84" class="Valksor\Functions\Web\Tests\WebTest" classname="Valksor.Functions.Web.Tests.WebTest" assertions="3" time="0.001000"/>
        <testcase name="testBuildHttpQueryArrayWithParentParameter" file="/var/www/html/valksor/src/Valksor/Functions/Web/Tests/WebTest.php" line="108" class="Valksor\Functions\Web\Tests\WebTest" classname="Valksor.Functions.Web.Tests.WebTest" assertions="3" time="0.001000"/>
        <testcase name="testBuildHttpQueryStringBuildsQuery" file="/var/www/html/valksor/src/Valksor/Functions/Web/Tests/WebTest.php" line="121" class="Valksor\Functions\Web\Tests\WebTest" classname="Valksor.Functions.Web.Tests.WebTest" assertions="1" time="0.001000"/>
        <testcase name="testCIDRRangeAndValidation" file="/var/www/html/valksor/src/Valksor/Functions/Web/Tests/WebTest.php" line="131" class="Valksor\Functions\Web\Tests\WebTest" classname="Valksor.Functions.Web.Tests.WebTest" assertions="5" time="0.001000"/>
        <testcase name="testCheckForwardedHeaders" file="/var/www/html/valksor/src/Valksor/Functions/Web/Tests/WebTest.php" line="145" class="Valksor\Functions\Web\Tests\WebTest" classname="Valksor.Functions.Web.Tests.WebTest" assertions="3" time="0.001000"/>
        <testcase name="testCheckHttps" file="/var/www/html/valksor/src/Valksor/Functions/Web/Tests/WebTest.php" line="152" class="Valksor\Functions\Web\Tests\WebTest" classname="Valksor.Functions.Web.Tests.WebTest" assertions="2" time="0.001000"/>
        <testcase name="testCheckServerPort" file="/var/www/html/valksor/src/Valksor/Functions/Web/Tests/WebTest.php" line="158" class="Valksor\Functions\Web\Tests\WebTest" classname="Valksor.Functions.Web.Tests.WebTest" assertions="2" time="0.001000"/>
        <testcase name="testIsAbsolute" file="/var/www/html/valksor/src/Valksor/Functions/Web/Tests/WebTest.php" line="164" class="Valksor\Functions\Web\Tests\WebTest" classname="Valksor.Functions.Web.Tests.WebTest" assertions="3" time="0.001000"/>
        <testcase name="testIsCIDR" file="/var/www/html/valksor/src/Valksor/Functions/Web/Tests/WebTest.php" line="171" class="Valksor\Functions\Web\Tests\WebTest" classname="Valksor.Functions.Web.Tests.WebTest" assertions="2" time="0.001000"/>
        <testcase name="testIsHttpsCoversAllStrategies" file="/var/www/html/valksor/src/Valksor/Functions/Web/Tests/WebTest.php" line="177" class="Valksor\Functions\Web\Tests\WebTest" classname="Valksor.Functions.Web.Tests.WebTest" assertions="5" time="0.001000"/>
        <testcase name="testIsIE" file="/var/www/html/valksor/src/Valksor/Functions/Web/Tests/WebTest.php" line="186" class="Valksor\Functions\Web\Tests\WebTest" classname="Valksor.Functions.Web.Tests.WebTest" assertions="2" time="0.001000"/>
        <testcase name="testIsUrl" file="/var/www/html/valksor/src/Valksor/Functions/Web/Tests/WebTest.php" line="195" class="Valksor\Functions\Web\Tests\WebTest" classname="Valksor.Functions.Web.Tests.WebTest" assertions="2" time="0.001000"/>
        <testcase name="testLatestReleaseTagUsesGithubApi" file="/var/www/html/valksor/src/Valksor/Functions/Web/Tests/WebTest.php" line="201" class="Valksor\Functions\Web\Tests\WebTest" classname="Valksor.Functions.Web.Tests.WebTest" assertions="1" time="0.001000"/>
        <testcase name="testParseHeadersAndRawHeaders" file="/var/www/html/valksor/src/Valksor/Functions/Web/Tests/WebTest.php" line="206" class="Valksor\Functions\Web\Tests\WebTest" classname="Valksor.Functions.Web.Tests.WebTest" assertions="2" time="0.001000"/>
        <testcase name="testRemoteIpCFPrefersConnectingHeader" file="/var/www/html/valksor/src/Valksor/Functions/Web/Tests/WebTest.php" line="226" class="Valksor\Functions\Web\Tests\WebTest" classname="Valksor.Functions.Web.Tests.WebTest" assertions="2" time="0.001000"/>
        <testcase name="testRemoteIpColumns" file="/var/www/html/valksor/src/Valksor/Functions/Web/Tests/WebTest.php" line="235" class="Valksor\Functions\Web\Tests\WebTest" classname="Valksor.Functions.Web.Tests.WebTest" assertions="2" time="0.001000"/>
        <testcase name="testRequestIdentityBuildsAugmentedData" file="/var/www/html/valksor/src/Valksor/Functions/Web/Tests/WebTest.php" line="253" class="Valksor\Functions\Web\Tests\WebTest" classname="Valksor.Functions.Web.Tests.WebTest" assertions="4" time="0.001000"/>
        <testcase name="testRequestMethodsReturnsListFromRequestClass" file="/var/www/html/valksor/src/Valksor/Functions/Web/Tests/WebTest.php" line="264" class="Valksor\Functions\Web\Tests\WebTest" classname="Valksor.Functions.Web.Tests.WebTest" assertions="1" time="0.001000"/>
        <testcase name="testResultRecursivelyExpandsStructures" file="/var/www/html/valksor/src/Valksor/Functions/Web/Tests/WebTest.php" line="286" class="Valksor\Functions\Web\Tests\WebTest" classname="Valksor.Functions.Web.Tests.WebTest" assertions="1" time="0.001000"/>
        <testcase name="testRouteExistsChecksCollection" file="/var/www/html/valksor/src/Valksor/Functions/Web/Tests/WebTest.php" line="302" class="Valksor\Functions\Web\Tests\WebTest" classname="Valksor.Functions.Web.Tests.WebTest" assertions="2" time="0.001000"/>
        <testcase name="testSchemaUsesHttpsDetection" file="/var/www/html/valksor/src/Valksor/Functions/Web/Tests/WebTest.php" line="363" class="Valksor\Functions\Web\Tests\WebTest" classname="Valksor.Functions.Web.Tests.WebTest" assertions="2" time="0.001000"/>
        <testcase name="testUrlEncodeNormalisesPortAndQuery" file="/var/www/html/valksor/src/Valksor/Functions/Web/Tests/WebTest.php" line="369" class="Valksor\Functions\Web\Tests\WebTest" classname="Valksor.Functions.Web.Tests.WebTest" assertions="1" time="0.001000"/>
        <testcase name="testValidateEmailAndIp" file="/var/www/html/valksor/src/Valksor/Functions/Web/Tests/WebTest.php" line="375" class="Valksor\Functions\Web\Tests\WebTest" classname="Valksor.Functions.Web.Tests.WebTest" assertions="5" time="0.001000"/>
      </testsuite>
    </testsuite>
  </testsuite>
</testsuites>
