<?xml version="1.0" encoding="UTF-8"?>
<coverage generated="0">
  <project timestamp="0" name="Clover Coverage">
    <package name="Valksor\Functions\Php\Exception">
      <file name="/var/www/html/valksor/src/Valksor/Functions/Php/Exception/PhpException.php">
        <class name="Valksor\Functions\Php\Exception\PhpException" namespace="Valksor\Functions\Php\Exception">
          <metrics complexity="0" methods="0" coveredmethods="0" conditionals="0" coveredconditionals="0" statements="0" coveredstatements="0" elements="0" coveredelements="0"/>
        </class>
        <metrics loc="20" ncloc="11" classes="0" methods="0" coveredmethods="0" conditionals="0" coveredconditionals="0" statements="0" coveredstatements="0" elements="0" coveredelements="0"/>
      </file>
      <file name="/var/www/html/valksor/src/Valksor/Functions/Php/Exception/SystemCompatibilityException.php">
        <class name="Valksor\Functions\Php\Exception\SystemCompatibilityException" namespace="Valksor\Functions\Php\Exception">
          <metrics complexity="0" methods="0" coveredmethods="0" conditionals="0" coveredconditionals="0" statements="0" coveredstatements="0" elements="0" coveredelements="0"/>
        </class>
        <metrics loc="18" ncloc="9" classes="0" methods="0" coveredmethods="0" conditionals="0" coveredconditionals="0" statements="0" coveredstatements="0" elements="0" coveredelements="0"/>
      </file>
    </package>
    <package name="Valksor\Functions\Php">
      <file name="/var/www/html/valksor/src/Valksor/Functions/Php/Functions.php">
        <class name="Valksor\Functions\Php\Functions" namespace="Valksor\Functions\Php">
          <metrics complexity="0" methods="0" coveredmethods="0" conditionals="0" coveredconditionals="0" statements="0" coveredstatements="0" elements="0" coveredelements="0"/>
        </class>
        <metrics loc="48" ncloc="39" classes="0" methods="0" coveredmethods="0" conditionals="0" coveredconditionals="0" statements="0" coveredstatements="0" elements="0" coveredelements="0"/>
      </file>
    </package>
    <package name="Valksor\Functions\Php\Traits">
      <file name="/var/www/html/valksor/src/Valksor/Functions/Php/Traits/_Array.php">
        <class name="Valksor\Functions\Php\Traits\_Array" namespace="Valksor\Functions\Php\Traits">
          <metrics complexity="3" methods="1" coveredmethods="1" conditionals="0" coveredconditionals="0" statements="7" coveredstatements="7" elements="8" coveredelements="8"/>
        </class>
        <line num="19" type="method" name="array" visibility="public" complexity="3" crap="3" count="2"/>
        <line num="22" type="stmt" count="2"/>
        <line num="23" type="stmt" count="1"/>
        <line num="25" type="stmt" count="1"/>
        <line num="26" type="stmt" count="1"/>
        <line num="28" type="stmt" count="1"/>
        <line num="31" type="stmt" count="1"/>
        <line num="34" type="stmt" count="1"/>
        <metrics loc="37" ncloc="28" classes="1" methods="1" coveredmethods="1" conditionals="0" coveredconditionals="0" statements="7" coveredstatements="7" elements="8" coveredelements="8"/>
      </file>
      <file name="/var/www/html/valksor/src/Valksor/Functions/Php/Traits/_ArrayFromObject.php">
        <class name="Valksor\Functions\Php\Traits\_ArrayFromObject" namespace="Valksor\Functions\Php\Traits">
          <metrics complexity="3" methods="1" coveredmethods="1" conditionals="0" coveredconditionals="0" statements="8" coveredstatements="8" elements="9" coveredelements="9"/>
        </class>
        <line num="19" type="method" name="arrayFromObject" visibility="public" complexity="3" crap="3" count="2"/>
        <line num="22" type="stmt" count="2"/>
        <line num="24" type="stmt" count="2"/>
        <line num="26" type="stmt" count="2"/>
        <line num="27" type="stmt" count="2"/>
        <line num="29" type="stmt" count="2"/>
        <line num="32" type="stmt" count="2"/>
        <line num="33" type="stmt" count="2"/>
        <line num="36" type="stmt" count="2"/>
        <metrics loc="39" ncloc="30" classes="1" methods="1" coveredmethods="1" conditionals="0" coveredconditionals="0" statements="8" coveredstatements="8" elements="9" coveredelements="9"/>
      </file>
      <file name="/var/www/html/valksor/src/Valksor/Functions/Php/Traits/_AttributeExists.php">
        <class name="Valksor\Functions\Php\Traits\_AttributeExists" namespace="Valksor\Functions\Php\Traits">
          <metrics complexity="1" methods="1" coveredmethods="1" conditionals="0" coveredconditionals="0" statements="1" coveredstatements="1" elements="2" coveredelements="2"/>
        </class>
        <line num="19" type="method" name="attributeExists" visibility="public" complexity="1" crap="1" count="1"/>
        <line num="23" type="stmt" count="1"/>
        <metrics loc="26" ncloc="17" classes="1" methods="1" coveredmethods="1" conditionals="0" coveredconditionals="0" statements="1" coveredstatements="1" elements="2" coveredelements="2"/>
      </file>
      <file name="/var/www/html/valksor/src/Valksor/Functions/Php/Traits/_Bind.php">
        <class name="Valksor\Functions\Php\Traits\_Bind" namespace="Valksor\Functions\Php\Traits">
          <metrics complexity="1" methods="1" coveredmethods="1" conditionals="0" coveredconditionals="0" statements="1" coveredstatements="1" elements="2" coveredelements="2"/>
        </class>
        <line num="19" type="method" name="bind" visibility="public" complexity="1" crap="1" count="21"/>
        <line num="23" type="stmt" count="21"/>
        <metrics loc="26" ncloc="17" classes="1" methods="1" coveredmethods="1" conditionals="0" coveredconditionals="0" statements="1" coveredstatements="1" elements="2" coveredelements="2"/>
      </file>
      <file name="/var/www/html/valksor/src/Valksor/Functions/Php/Traits/_Boolval.php">
        <class name="Valksor\Functions\Php\Traits\_Boolval" namespace="Valksor\Functions\Php\Traits">
          <metrics complexity="5" methods="1" coveredmethods="1" conditionals="0" coveredconditionals="0" statements="8" coveredstatements="8" elements="9" coveredelements="9"/>
        </class>
        <line num="21" type="method" name="boolval" visibility="public" complexity="5" crap="5" count="1"/>
        <line num="24" type="stmt" count="1"/>
        <line num="25" type="stmt" count="1"/>
        <line num="28" type="stmt" count="1"/>
        <line num="30" type="stmt" count="1"/>
        <line num="31" type="stmt" count="1"/>
        <line num="32" type="stmt" count="1"/>
        <line num="33" type="stmt" count="1"/>
        <line num="34" type="stmt" count="1"/>
        <metrics loc="37" ncloc="28" classes="1" methods="1" coveredmethods="1" conditionals="0" coveredconditionals="0" statements="8" coveredstatements="8" elements="9" coveredelements="9"/>
      </file>
      <file name="/var/www/html/valksor/src/Valksor/Functions/Php/Traits/_Call.php">
        <class name="Valksor\Functions\Php\Traits\_Call" namespace="Valksor\Functions\Php\Traits">
          <metrics complexity="2" methods="1" coveredmethods="1" conditionals="0" coveredconditionals="0" statements="6" coveredstatements="6" elements="7" coveredelements="7"/>
        </class>
        <line num="19" type="method" name="call" visibility="public" complexity="2" crap="2" count="1"/>
        <line num="24" type="stmt" count="1"/>
        <line num="26" type="stmt" count="1"/>
        <line num="28" type="stmt" count="1"/>
        <line num="29" type="stmt" count="1"/>
        <line num="31" type="stmt" count="1"/>
        <line num="34" type="stmt" count="1"/>
        <metrics loc="37" ncloc="28" classes="1" methods="1" coveredmethods="1" conditionals="0" coveredconditionals="0" statements="6" coveredstatements="6" elements="7" coveredelements="7"/>
      </file>
      <file name="/var/www/html/valksor/src/Valksor/Functions/Php/Traits/_CallObject.php">
        <class name="Valksor\Functions\Php\Traits\_CallObject" namespace="Valksor\Functions\Php\Traits">
          <metrics complexity="2" methods="1" coveredmethods="1" conditionals="0" coveredconditionals="0" statements="6" coveredstatements="6" elements="7" coveredelements="7"/>
        </class>
        <line num="19" type="method" name="callObject" visibility="public" complexity="2" crap="2" count="1"/>
        <line num="25" type="stmt" count="1"/>
        <line num="27" type="stmt" count="1"/>
        <line num="29" type="stmt" count="1"/>
        <line num="30" type="stmt" count="1"/>
        <line num="32" type="stmt" count="1"/>
        <line num="35" type="stmt" count="1"/>
        <metrics loc="38" ncloc="29" classes="1" methods="1" coveredmethods="1" conditionals="0" coveredconditionals="0" statements="6" coveredstatements="6" elements="7" coveredelements="7"/>
      </file>
      <file name="/var/www/html/valksor/src/Valksor/Functions/Php/Traits/_ClassConstants.php">
        <class name="Valksor\Functions\Php\Traits\_ClassConstants" namespace="Valksor\Functions\Php\Traits">
          <metrics complexity="3" methods="1" coveredmethods="1" conditionals="0" coveredconditionals="0" statements="7" coveredstatements="7" elements="8" coveredelements="8"/>
        </class>
        <line num="27" type="method" name="classConstants" visibility="public" complexity="3" crap="3" count="3"/>
        <line num="30" type="stmt" count="3"/>
        <line num="32" type="stmt" count="3"/>
        <line num="33" type="stmt" count="2"/>
        <line num="35" type="stmt" count="2"/>
        <line num="39" type="stmt" count="3"/>
        <line num="40" type="stmt" count="1"/>
        <line num="41" type="stmt" count="1"/>
        <metrics loc="45" ncloc="32" classes="1" methods="1" coveredmethods="1" conditionals="0" coveredconditionals="0" statements="7" coveredstatements="7" elements="8" coveredelements="8"/>
      </file>
      <file name="/var/www/html/valksor/src/Valksor/Functions/Php/Traits/_ClassConstantsValues.php">
        <class name="Valksor\Functions\Php\Traits\_ClassConstantsValues" namespace="Valksor\Functions\Php\Traits">
          <metrics complexity="2" methods="1" coveredmethods="1" conditionals="0" coveredconditionals="0" statements="5" coveredstatements="5" elements="6" coveredelements="6"/>
        </class>
        <line num="26" type="method" name="classConstantsValues" visibility="public" complexity="2" crap="2" count="1"/>
        <line num="29" type="stmt" count="1"/>
        <line num="31" type="stmt" count="1"/>
        <line num="32" type="stmt" count="1"/>
        <line num="34" type="stmt" count="1"/>
        <line num="37" type="stmt" count="1"/>
        <metrics loc="40" ncloc="27" classes="1" methods="1" coveredmethods="1" conditionals="0" coveredconditionals="0" statements="5" coveredstatements="5" elements="6" coveredelements="6"/>
      </file>
      <file name="/var/www/html/valksor/src/Valksor/Functions/Php/Traits/_ClassImplements.php">
        <class name="Valksor\Functions\Php\Traits\_ClassImplements" namespace="Valksor\Functions\Php\Traits">
          <metrics complexity="3" methods="1" coveredmethods="1" conditionals="0" coveredconditionals="0" statements="1" coveredstatements="1" elements="2" coveredelements="2"/>
        </class>
        <line num="22" type="method" name="classImplements" visibility="public" complexity="3" crap="3" count="1"/>
        <line num="26" type="stmt" count="1"/>
        <metrics loc="29" ncloc="20" classes="1" methods="1" coveredmethods="1" conditionals="0" coveredconditionals="0" statements="1" coveredstatements="1" elements="2" coveredelements="2"/>
      </file>
      <file name="/var/www/html/valksor/src/Valksor/Functions/Php/Traits/_ClassMethods.php">
        <class name="Valksor\Functions\Php\Traits\_ClassMethods" namespace="Valksor\Functions\Php\Traits">
          <metrics complexity="2" methods="1" coveredmethods="1" conditionals="0" coveredconditionals="0" statements="4" coveredstatements="4" elements="5" coveredelements="5"/>
        </class>
        <line num="20" type="method" name="classMethods" visibility="public" complexity="2" crap="2" count="2"/>
        <line num="24" type="stmt" count="2"/>
        <line num="26" type="stmt" count="2"/>
        <line num="27" type="stmt" count="1"/>
        <line num="30" type="stmt" count="1"/>
        <metrics loc="33" ncloc="24" classes="1" methods="1" coveredmethods="1" conditionals="0" coveredconditionals="0" statements="4" coveredstatements="4" elements="5" coveredelements="5"/>
      </file>
      <file name="/var/www/html/valksor/src/Valksor/Functions/Php/Traits/_FilteredMethods.php">
        <class name="Valksor\Functions\Php\Traits\_FilteredMethods" namespace="Valksor\Functions\Php\Traits">
          <metrics complexity="8" methods="2" coveredmethods="2" conditionals="0" coveredconditionals="0" statements="15" coveredstatements="15" elements="17" coveredelements="17"/>
        </class>
        <line num="21" type="method" name="definition" visibility="public" complexity="2" crap="2" count="2"/>
        <line num="26" type="stmt" count="2"/>
        <line num="27" type="stmt" count="1"/>
        <line num="30" type="stmt" count="2"/>
        <line num="33" type="method" name="filteredMethods" visibility="public" complexity="6" crap="6" count="2"/>
        <line num="37" type="stmt" count="2"/>
        <line num="39" type="stmt" count="2"/>
        <line num="40" type="stmt" count="1"/>
        <line num="45" type="stmt" count="1"/>
        <line num="49" type="stmt" count="2"/>
        <line num="50" type="stmt" count="1"/>
        <line num="51" type="stmt" count="1"/>
        <line num="54" type="stmt" count="1"/>
        <line num="56" type="stmt" count="1"/>
        <line num="57" type="stmt" count="1"/>
        <line num="58" type="stmt" count="1"/>
        <line num="62" type="stmt" count="1"/>
        <metrics loc="65" ncloc="56" classes="1" methods="2" coveredmethods="2" conditionals="0" coveredconditionals="0" statements="15" coveredstatements="15" elements="17" coveredelements="17"/>
      </file>
      <file name="/var/www/html/valksor/src/Valksor/Functions/Php/Traits/_Get.php">
        <class name="Valksor\Functions\Php\Traits\_Get" namespace="Valksor\Functions\Php\Traits">
          <metrics complexity="6" methods="1" coveredmethods="1" conditionals="0" coveredconditionals="0" statements="14" coveredstatements="14" elements="15" coveredelements="15"/>
        </class>
        <line num="27" type="method" name="get" visibility="public" complexity="6" crap="6" count="10"/>
        <line num="34" type="stmt" count="10"/>
        <line num="35" type="stmt" count="1"/>
        <line num="36" type="stmt" count="1"/>
        <line num="39" type="stmt" count="9"/>
        <line num="40" type="stmt" count="2"/>
        <line num="41" type="stmt" count="1"/>
        <line num="44" type="stmt" count="1"/>
        <line num="47" type="stmt" count="7"/>
        <line num="49" type="stmt" count="7"/>
        <line num="50" type="stmt" count="3"/>
        <line num="53" type="stmt" count="3"/>
        <line num="57" type="stmt" count="7"/>
        <line num="58" type="stmt" count="1"/>
        <line num="62" type="stmt" count="1"/>
        <metrics loc="65" ncloc="52" classes="1" methods="1" coveredmethods="1" conditionals="0" coveredconditionals="0" statements="14" coveredstatements="14" elements="15" coveredelements="15"/>
      </file>
      <file name="/var/www/html/valksor/src/Valksor/Functions/Php/Traits/_GetNonStatic.php">
        <class name="Valksor\Functions\Php\Traits\_GetNonStatic" namespace="Valksor\Functions\Php\Traits">
          <metrics complexity="4" methods="1" coveredmethods="1" conditionals="0" coveredconditionals="0" statements="9" coveredstatements="9" elements="10" coveredelements="10"/>
        </class>
        <line num="26" type="method" name="getNonStatic" visibility="public" complexity="4" crap="4" count="9"/>
        <line num="32" type="stmt" count="9"/>
        <line num="33" type="stmt" count="9"/>
        <line num="35" type="stmt" count="2"/>
        <line num="36" type="stmt" count="2"/>
        <line num="39" type="stmt" count="7"/>
        <line num="41" type="stmt" count="7"/>
        <line num="42" type="stmt" count="2"/>
        <line num="44" type="stmt" count="2"/>
        <line num="47" type="stmt" count="7"/>
        <metrics loc="50" ncloc="38" classes="1" methods="1" coveredmethods="1" conditionals="0" coveredconditionals="0" statements="9" coveredstatements="9" elements="10" coveredelements="10"/>
      </file>
      <file name="/var/www/html/valksor/src/Valksor/Functions/Php/Traits/_GetReflection.php">
        <class name="Valksor\Functions\Php\Traits\_GetReflection" namespace="Valksor\Functions\Php\Traits">
          <metrics complexity="3" methods="1" coveredmethods="0" conditionals="0" coveredconditionals="0" statements="4" coveredstatements="3" elements="5" coveredelements="3"/>
        </class>
        <line num="26" type="method" name="getReflection" visibility="public" complexity="3" crap="3.14" count="9"/>
        <line num="29" type="stmt" count="9"/>
        <line num="31" type="stmt" count="5"/>
        <line num="32" type="stmt" count="0"/>
        <line num="35" type="stmt" count="5"/>
        <metrics loc="38" ncloc="26" classes="1" methods="1" coveredmethods="0" conditionals="0" coveredconditionals="0" statements="4" coveredstatements="3" elements="5" coveredelements="3"/>
      </file>
      <file name="/var/www/html/valksor/src/Valksor/Functions/Php/Traits/_GetStatic.php">
        <class name="Valksor\Functions\Php\Traits\_GetStatic" namespace="Valksor\Functions\Php\Traits">
          <metrics complexity="4" methods="1" coveredmethods="0" conditionals="0" coveredconditionals="0" statements="8" coveredstatements="7" elements="9" coveredelements="7"/>
        </class>
        <line num="26" type="method" name="getStatic" visibility="public" complexity="4" crap="4.03" count="4"/>
        <line num="31" type="stmt" count="4"/>
        <line num="33" type="stmt" count="4"/>
        <line num="34" type="stmt" count="2"/>
        <line num="36" type="stmt" count="2"/>
        <line num="40" type="stmt" count="4"/>
        <line num="41" type="stmt" count="4"/>
        <line num="43" type="stmt" count="0"/>
        <line num="47" type="stmt" count="1"/>
        <metrics loc="50" ncloc="37" classes="1" methods="1" coveredmethods="0" conditionals="0" coveredconditionals="0" statements="8" coveredstatements="7" elements="9" coveredelements="7"/>
      </file>
      <file name="/var/www/html/valksor/src/Valksor/Functions/Php/Traits/_IsBool.php">
        <class name="Valksor\Functions\Php\Traits\_IsBool" namespace="Valksor\Functions\Php\Traits">
          <metrics complexity="2" methods="1" coveredmethods="1" conditionals="0" coveredconditionals="0" statements="3" coveredstatements="3" elements="4" coveredelements="4"/>
        </class>
        <line num="21" type="method" name="isBool" visibility="public" complexity="2" crap="2" count="1"/>
        <line num="24" type="stmt" count="1"/>
        <line num="25" type="stmt" count="1"/>
        <line num="28" type="stmt" count="1"/>
        <metrics loc="31" ncloc="22" classes="1" methods="1" coveredmethods="1" conditionals="0" coveredconditionals="0" statements="3" coveredstatements="3" elements="4" coveredelements="4"/>
      </file>
      <file name="/var/www/html/valksor/src/Valksor/Functions/Php/Traits/_Namespace.php">
        <class name="Valksor\Functions\Php\Traits\_Namespace" namespace="Valksor\Functions\Php\Traits">
          <metrics complexity="3" methods="1" coveredmethods="1" conditionals="0" coveredconditionals="0" statements="7" coveredstatements="7" elements="8" coveredelements="8"/>
        </class>
        <line num="19" type="method" name="namespace" visibility="public" complexity="3" crap="3" count="2"/>
        <line num="22" type="stmt" count="2"/>
        <line num="24" type="stmt" count="2"/>
        <line num="25" type="stmt" count="1"/>
        <line num="27" type="stmt" count="1"/>
        <line num="31" type="stmt" count="2"/>
        <line num="32" type="stmt" count="1"/>
        <line num="33" type="stmt" count="1"/>
        <metrics loc="37" ncloc="28" classes="1" methods="1" coveredmethods="1" conditionals="0" coveredconditionals="0" statements="7" coveredstatements="7" elements="8" coveredelements="8"/>
      </file>
      <file name="/var/www/html/valksor/src/Valksor/Functions/Php/Traits/_Parameter.php">
        <class name="Valksor\Functions\Php\Traits\_Parameter" namespace="Valksor\Functions\Php\Traits">
          <metrics complexity="3" methods="1" coveredmethods="1" conditionals="0" coveredconditionals="0" statements="7" coveredstatements="7" elements="8" coveredelements="8"/>
        </class>
        <line num="19" type="method" name="parameter" visibility="public" complexity="3" crap="3" count="3"/>
        <line num="23" type="stmt" count="3"/>
        <line num="24" type="stmt" count="1"/>
        <line num="27" type="stmt" count="2"/>
        <line num="29" type="stmt" count="2"/>
        <line num="30" type="stmt" count="1"/>
        <line num="32" type="stmt" count="1"/>
        <line num="35" type="stmt" count="2"/>
        <metrics loc="38" ncloc="29" classes="1" methods="1" coveredmethods="1" conditionals="0" coveredconditionals="0" statements="7" coveredstatements="7" elements="8" coveredelements="8"/>
      </file>
      <file name="/var/www/html/valksor/src/Valksor/Functions/Php/Traits/_Randomizer.php">
        <class name="Valksor\Functions\Php\Traits\_Randomizer" namespace="Valksor\Functions\Php\Traits">
          <metrics complexity="1" methods="1" coveredmethods="0" conditionals="0" coveredconditionals="0" statements="1" coveredstatements="0" elements="2" coveredelements="0"/>
        </class>
        <line num="23" type="method" name="randomizer" visibility="public" complexity="1" crap="2" count="0"/>
        <line num="25" type="stmt" count="0"/>
        <metrics loc="28" ncloc="19" classes="1" methods="1" coveredmethods="0" conditionals="0" coveredconditionals="0" statements="1" coveredstatements="0" elements="2" coveredelements="0"/>
      </file>
      <file name="/var/www/html/valksor/src/Valksor/Functions/Php/Traits/_Return.php">
        <class name="Valksor\Functions\Php\Traits\_Return" namespace="Valksor\Functions\Php\Traits">
          <metrics complexity="2" methods="1" coveredmethods="1" conditionals="0" coveredconditionals="0" statements="5" coveredstatements="5" elements="6" coveredelements="6"/>
        </class>
        <line num="17" type="method" name="return" visibility="public" complexity="2" crap="2" count="13"/>
        <line num="22" type="stmt" count="13"/>
        <line num="24" type="stmt" count="13"/>
        <line num="25" type="stmt" count="3"/>
        <line num="27" type="stmt" count="3"/>
        <line num="30" type="stmt" count="13"/>
        <metrics loc="33" ncloc="24" classes="1" methods="1" coveredmethods="1" conditionals="0" coveredconditionals="0" statements="5" coveredstatements="5" elements="6" coveredelements="6"/>
      </file>
      <file name="/var/www/html/valksor/src/Valksor/Functions/Php/Traits/_ReturnFunction.php">
        <class name="Valksor\Functions\Php\Traits\_ReturnFunction" namespace="Valksor\Functions\Php\Traits">
          <metrics complexity="2" methods="1" coveredmethods="1" conditionals="0" coveredconditionals="0" statements="3" coveredstatements="3" elements="4" coveredelements="4"/>
        </class>
        <line num="19" type="method" name="returnFunction" visibility="public" complexity="2" crap="2" count="3"/>
        <line num="23" type="stmt" count="3"/>
        <line num="24" type="stmt" count="1"/>
        <line num="27" type="stmt" count="2"/>
        <metrics loc="30" ncloc="21" classes="1" methods="1" coveredmethods="1" conditionals="0" coveredconditionals="0" statements="3" coveredstatements="3" elements="4" coveredelements="4"/>
      </file>
      <file name="/var/www/html/valksor/src/Valksor/Functions/Php/Traits/_ReturnObject.php">
        <class name="Valksor\Functions\Php\Traits\_ReturnObject" namespace="Valksor\Functions\Php\Traits">
          <metrics complexity="2" methods="1" coveredmethods="1" conditionals="0" coveredconditionals="0" statements="5" coveredstatements="5" elements="6" coveredelements="6"/>
        </class>
        <line num="17" type="method" name="returnObject" visibility="public" complexity="2" crap="2" count="3"/>
        <line num="22" type="stmt" count="3"/>
        <line num="24" type="stmt" count="3"/>
        <line num="25" type="stmt" count="2"/>
        <line num="27" type="stmt" count="2"/>
        <line num="30" type="stmt" count="3"/>
        <metrics loc="33" ncloc="24" classes="1" methods="1" coveredmethods="1" conditionals="0" coveredconditionals="0" statements="5" coveredstatements="5" elements="6" coveredelements="6"/>
      </file>
      <file name="/var/www/html/valksor/src/Valksor/Functions/Php/Traits/_Set.php">
        <class name="Valksor\Functions\Php\Traits\_Set" namespace="Valksor\Functions\Php\Traits">
          <metrics complexity="4" methods="1" coveredmethods="1" conditionals="0" coveredconditionals="0" statements="10" coveredstatements="10" elements="11" coveredelements="11"/>
        </class>
        <line num="27" type="method" name="set" visibility="public" complexity="4" crap="4" count="3"/>
        <line num="33" type="stmt" count="3"/>
        <line num="34" type="stmt" count="1"/>
        <line num="35" type="stmt" count="1"/>
        <line num="38" type="stmt" count="2"/>
        <line num="40" type="stmt" count="2"/>
        <line num="41" type="stmt" count="1"/>
        <line num="44" type="stmt" count="1"/>
        <line num="48" type="stmt" count="2"/>
        <line num="49" type="stmt" count="1"/>
        <line num="53" type="stmt" count="1"/>
        <metrics loc="56" ncloc="43" classes="1" methods="1" coveredmethods="1" conditionals="0" coveredconditionals="0" statements="10" coveredstatements="10" elements="11" coveredelements="11"/>
      </file>
      <file name="/var/www/html/valksor/src/Valksor/Functions/Php/Traits/_SetNonStatic.php">
        <class name="Valksor\Functions\Php\Traits\_SetNonStatic" namespace="Valksor\Functions\Php\Traits">
          <metrics complexity="4" methods="1" coveredmethods="1" conditionals="0" coveredconditionals="0" statements="12" coveredstatements="12" elements="13" coveredelements="13"/>
        </class>
        <line num="26" type="method" name="setNonStatic" visibility="public" complexity="4" crap="4" count="3"/>
        <line num="32" type="stmt" count="3"/>
        <line num="33" type="stmt" count="3"/>
        <line num="35" type="stmt" count="1"/>
        <line num="36" type="stmt" count="1"/>
        <line num="39" type="stmt" count="3"/>
        <line num="41" type="stmt" count="3"/>
        <line num="42" type="stmt" count="2"/>
        <line num="44" type="stmt" count="2"/>
        <line num="47" type="stmt" count="3"/>
        <line num="48" type="stmt" count="3"/>
        <line num="49" type="stmt" count="3"/>
        <line num="51" type="stmt" count="3"/>
        <metrics loc="54" ncloc="42" classes="1" methods="1" coveredmethods="1" conditionals="0" coveredconditionals="0" statements="12" coveredstatements="12" elements="13" coveredelements="13"/>
      </file>
      <file name="/var/www/html/valksor/src/Valksor/Functions/Php/Traits/_SetStatic.php">
        <class name="Valksor\Functions\Php\Traits\_SetStatic" namespace="Valksor\Functions\Php\Traits">
          <metrics complexity="4" methods="1" coveredmethods="0" conditionals="0" coveredconditionals="0" statements="9" coveredstatements="8" elements="10" coveredelements="8"/>
        </class>
        <line num="26" type="method" name="setStatic" visibility="public" complexity="4" crap="4.02" count="6"/>
        <line num="31" type="stmt" count="6"/>
        <line num="33" type="stmt" count="6"/>
        <line num="34" type="stmt" count="2"/>
        <line num="36" type="stmt" count="2"/>
        <line num="40" type="stmt" count="6"/>
        <line num="41" type="stmt" count="5"/>
        <line num="43" type="stmt" count="6"/>
        <line num="45" type="stmt" count="0"/>
        <line num="49" type="stmt" count="1"/>
        <metrics loc="52" ncloc="39" classes="1" methods="1" coveredmethods="0" conditionals="0" coveredconditionals="0" statements="9" coveredstatements="8" elements="10" coveredelements="8"/>
      </file>
      <file name="/var/www/html/valksor/src/Valksor/Functions/Php/Traits/_ShortName.php">
        <class name="Valksor\Functions\Php\Traits\_ShortName" namespace="Valksor\Functions\Php\Traits">
          <metrics complexity="3" methods="1" coveredmethods="1" conditionals="0" coveredconditionals="0" statements="7" coveredstatements="7" elements="8" coveredelements="8"/>
        </class>
        <line num="19" type="method" name="shortName" visibility="public" complexity="3" crap="3" count="2"/>
        <line num="22" type="stmt" count="2"/>
        <line num="24" type="stmt" count="2"/>
        <line num="25" type="stmt" count="1"/>
        <line num="27" type="stmt" count="1"/>
        <line num="31" type="stmt" count="2"/>
        <line num="32" type="stmt" count="1"/>
        <line num="36" type="stmt" count="1"/>
        <metrics loc="39" ncloc="29" classes="1" methods="1" coveredmethods="1" conditionals="0" coveredconditionals="0" statements="7" coveredstatements="7" elements="8" coveredelements="8"/>
      </file>
      <file name="/var/www/html/valksor/src/Valksor/Functions/Php/Traits/_SystemInfo.php">
        <class name="Valksor\Functions\Php\Traits\_SystemInfo" namespace="Valksor\Functions\Php\Traits">
          <metrics complexity="13" methods="1" coveredmethods="0" conditionals="0" coveredconditionals="0" statements="18" coveredstatements="13" elements="19" coveredelements="13"/>
        </class>
        <line num="25" type="method" name="systemInfo" visibility="public" complexity="13" crap="16.62" count="4"/>
        <line num="27" type="stmt" count="4"/>
        <line num="29" type="stmt" count="4"/>
        <line num="30" type="stmt" count="0"/>
        <line num="31" type="stmt" count="0"/>
        <line num="32" type="stmt" count="4"/>
        <line num="33" type="stmt" count="0"/>
        <line num="34" type="stmt" count="4"/>
        <line num="36" type="stmt" count="4"/>
        <line num="37" type="stmt" count="4"/>
        <line num="38" type="stmt" count="4"/>
        <line num="39" type="stmt" count="0"/>
        <line num="40" type="stmt" count="0"/>
        <line num="41" type="stmt" count="4"/>
        <line num="43" type="stmt" count="4"/>
        <line num="44" type="stmt" count="4"/>
        <line num="45" type="stmt" count="4"/>
        <line num="46" type="stmt" count="4"/>
        <line num="47" type="stmt" count="4"/>
        <metrics loc="50" ncloc="41" classes="1" methods="1" coveredmethods="0" conditionals="0" coveredconditionals="0" statements="18" coveredstatements="13" elements="19" coveredelements="13"/>
      </file>
      <file name="/var/www/html/valksor/src/Valksor/Functions/Php/Traits/_Void.php">
        <class name="Valksor\Functions\Php\Traits\_Void" namespace="Valksor\Functions\Php\Traits">
          <metrics complexity="2" methods="1" coveredmethods="1" conditionals="0" coveredconditionals="0" statements="5" coveredstatements="5" elements="6" coveredelements="6"/>
        </class>
        <line num="17" type="method" name="void" visibility="public" complexity="2" crap="2" count="8"/>
        <line num="22" type="stmt" count="8"/>
        <line num="24" type="stmt" count="8"/>
        <line num="25" type="stmt" count="2"/>
        <line num="27" type="stmt" count="2"/>
        <line num="30" type="stmt" count="8"/>
        <metrics loc="33" ncloc="24" classes="1" methods="1" coveredmethods="1" conditionals="0" coveredconditionals="0" statements="5" coveredstatements="5" elements="6" coveredelements="6"/>
      </file>
      <file name="/var/www/html/valksor/src/Valksor/Functions/Php/Traits/_VoidFunction.php">
        <class name="Valksor\Functions\Php\Traits\_VoidFunction" namespace="Valksor\Functions\Php\Traits">
          <metrics complexity="1" methods="1" coveredmethods="1" conditionals="0" coveredconditionals="0" statements="1" coveredstatements="1" elements="2" coveredelements="2"/>
        </class>
        <line num="17" type="method" name="voidFunction" visibility="public" complexity="1" crap="1" count="1"/>
        <line num="21" type="stmt" count="1"/>
        <metrics loc="24" ncloc="15" classes="1" methods="1" coveredmethods="1" conditionals="0" coveredconditionals="0" statements="1" coveredstatements="1" elements="2" coveredelements="2"/>
      </file>
      <file name="/var/www/html/valksor/src/Valksor/Functions/Php/Traits/_VoidObject.php">
        <class name="Valksor\Functions\Php\Traits\_VoidObject" namespace="Valksor\Functions\Php\Traits">
          <metrics complexity="2" methods="1" coveredmethods="1" conditionals="0" coveredconditionals="0" statements="5" coveredstatements="5" elements="6" coveredelements="6"/>
        </class>
        <line num="17" type="method" name="voidObject" visibility="public" complexity="2" crap="2" count="1"/>
        <line num="22" type="stmt" count="1"/>
        <line num="24" type="stmt" count="1"/>
        <line num="25" type="stmt" count="1"/>
        <line num="27" type="stmt" count="1"/>
        <line num="30" type="stmt" count="1"/>
        <metrics loc="33" ncloc="24" classes="1" methods="1" coveredmethods="1" conditionals="0" coveredconditionals="0" statements="5" coveredstatements="5" elements="6" coveredelements="6"/>
      </file>
    </package>
    <metrics files="34" loc="1312" ncloc="972" classes="31" methods="32" coveredmethods="27" conditionals="0" coveredconditionals="0" statements="202" coveredstatements="193" elements="234" coveredelements="220"/>
  </project>
</coverage>
