<?xml version="1.0" encoding="UTF-8"?>
<!DOCTYPE coverage SYSTEM "http://cobertura.sourceforge.net/xml/coverage-04.dtd">
<coverage line-rate="0.95544554455446" branch-rate="0" lines-covered="193" lines-valid="202" branches-covered="0" branches-valid="0" complexity="100" version="0.4" timestamp="0">
  <sources>
    <source>/var/www/html/valksor/src/Valksor/Functions/Php</source>
  </sources>
  <packages>
    <package name="Exception/PhpException.php" line-rate="0" branch-rate="0" complexity="0">
      <classes>
        <class name="Valksor\Functions\Php\Exception\PhpException" filename="Exception/PhpException.php" line-rate="0" branch-rate="0" complexity="0">
          <methods/>
          <lines/>
        </class>
      </classes>
    </package>
    <package name="Exception/SystemCompatibilityException.php" line-rate="0" branch-rate="0" complexity="0">
      <classes>
        <class name="Valksor\Functions\Php\Exception\SystemCompatibilityException" filename="Exception/SystemCompatibilityException.php" line-rate="0" branch-rate="0" complexity="0">
          <methods/>
          <lines/>
        </class>
      </classes>
    </package>
    <package name="Functions.php" line-rate="0" branch-rate="0" complexity="0">
      <classes>
        <class name="Valksor\Functions\Php\Functions" filename="Functions.php" line-rate="0" branch-rate="0" complexity="0">
          <methods/>
          <lines/>
        </class>
      </classes>
    </package>
    <package name="Traits/_Array.php" line-rate="1" branch-rate="0" complexity="3">
      <classes>
        <class name="Valksor\Functions\Php\Traits\_Array" filename="Traits/_Array.php" line-rate="1" branch-rate="0" complexity="3">
          <methods>
            <method name="array" signature="array|object $input" line-rate="1" branch-rate="0" complexity="3">
              <lines>
                <line number="22" hits="2"/>
                <line number="23" hits="1"/>
                <line number="25" hits="1"/>
                <line number="26" hits="1"/>
                <line number="28" hits="1"/>
                <line number="31" hits="1"/>
                <line number="34" hits="1"/>
              </lines>
            </method>
          </methods>
          <lines>
            <line number="22" hits="2"/>
            <line number="23" hits="1"/>
            <line number="25" hits="1"/>
            <line number="26" hits="1"/>
            <line number="28" hits="1"/>
            <line number="31" hits="1"/>
            <line number="34" hits="1"/>
          </lines>
        </class>
      </classes>
    </package>
    <package name="Traits/_ArrayFromObject.php" line-rate="1" branch-rate="0" complexity="3">
      <classes>
        <class name="Valksor\Functions\Php\Traits\_ArrayFromObject" filename="Traits/_ArrayFromObject.php" line-rate="1" branch-rate="0" complexity="3">
          <methods>
            <method name="arrayFromObject" signature="object $object" line-rate="1" branch-rate="0" complexity="3">
              <lines>
                <line number="22" hits="2"/>
                <line number="24" hits="2"/>
                <line number="26" hits="2"/>
                <line number="27" hits="2"/>
                <line number="29" hits="2"/>
                <line number="32" hits="2"/>
                <line number="33" hits="2"/>
                <line number="36" hits="2"/>
              </lines>
            </method>
          </methods>
          <lines>
            <line number="22" hits="2"/>
            <line number="24" hits="2"/>
            <line number="26" hits="2"/>
            <line number="27" hits="2"/>
            <line number="29" hits="2"/>
            <line number="32" hits="2"/>
            <line number="33" hits="2"/>
            <line number="36" hits="2"/>
          </lines>
        </class>
      </classes>
    </package>
    <package name="Traits/_AttributeExists.php" line-rate="1" branch-rate="0" complexity="1">
      <classes>
        <class name="Valksor\Functions\Php\Traits\_AttributeExists" filename="Traits/_AttributeExists.php" line-rate="1" branch-rate="0" complexity="1">
          <methods>
            <method name="attributeExists" signature="ReflectionMethod $reflectionMethod, string $filterClass" line-rate="1" branch-rate="0" complexity="1">
              <lines>
                <line number="23" hits="1"/>
              </lines>
            </method>
          </methods>
          <lines>
            <line number="23" hits="1"/>
          </lines>
        </class>
      </classes>
    </package>
    <package name="Traits/_Bind.php" line-rate="1" branch-rate="0" complexity="1">
      <classes>
        <class name="Valksor\Functions\Php\Traits\_Bind" filename="Traits/_Bind.php" line-rate="1" branch-rate="0" complexity="1">
          <methods>
            <method name="bind" signature="callable $function, object $clone" line-rate="1" branch-rate="0" complexity="1">
              <lines>
                <line number="23" hits="21"/>
              </lines>
            </method>
          </methods>
          <lines>
            <line number="23" hits="21"/>
          </lines>
        </class>
      </classes>
    </package>
    <package name="Traits/_Boolval.php" line-rate="1" branch-rate="0" complexity="5">
      <classes>
        <class name="Valksor\Functions\Php\Traits\_Boolval" filename="Traits/_Boolval.php" line-rate="1" branch-rate="0" complexity="5">
          <methods>
            <method name="boolval" signature="mixed $value" line-rate="1" branch-rate="0" complexity="5">
              <lines>
                <line number="24" hits="1"/>
                <line number="25" hits="1"/>
                <line number="28" hits="1"/>
                <line number="30" hits="1"/>
                <line number="31" hits="1"/>
                <line number="32" hits="1"/>
                <line number="33" hits="1"/>
                <line number="34" hits="1"/>
              </lines>
            </method>
          </methods>
          <lines>
            <line number="24" hits="1"/>
            <line number="25" hits="1"/>
            <line number="28" hits="1"/>
            <line number="30" hits="1"/>
            <line number="31" hits="1"/>
            <line number="32" hits="1"/>
            <line number="33" hits="1"/>
            <line number="34" hits="1"/>
          </lines>
        </class>
      </classes>
    </package>
    <package name="Traits/_Call.php" line-rate="1" branch-rate="0" complexity="2">
      <classes>
        <class name="Valksor\Functions\Php\Traits\_Call" filename="Traits/_Call.php" line-rate="1" branch-rate="0" complexity="2">
          <methods>
            <method name="call" signature="mixed $value, string $function, $arguments" line-rate="1" branch-rate="0" complexity="2">
              <lines>
                <line number="24" hits="1"/>
                <line number="26" hits="1"/>
                <line number="28" hits="1"/>
                <line number="29" hits="1"/>
                <line number="31" hits="1"/>
                <line number="34" hits="1"/>
              </lines>
            </method>
          </methods>
          <lines>
            <line number="24" hits="1"/>
            <line number="26" hits="1"/>
            <line number="28" hits="1"/>
            <line number="29" hits="1"/>
            <line number="31" hits="1"/>
            <line number="34" hits="1"/>
          </lines>
        </class>
      </classes>
    </package>
    <package name="Traits/_CallObject.php" line-rate="1" branch-rate="0" complexity="2">
      <classes>
        <class name="Valksor\Functions\Php\Traits\_CallObject" filename="Traits/_CallObject.php" line-rate="1" branch-rate="0" complexity="2">
          <methods>
            <method name="callObject" signature="mixed $value, object $object, string $function, $arguments" line-rate="1" branch-rate="0" complexity="2">
              <lines>
                <line number="25" hits="1"/>
                <line number="27" hits="1"/>
                <line number="29" hits="1"/>
                <line number="30" hits="1"/>
                <line number="32" hits="1"/>
                <line number="35" hits="1"/>
              </lines>
            </method>
          </methods>
          <lines>
            <line number="25" hits="1"/>
            <line number="27" hits="1"/>
            <line number="29" hits="1"/>
            <line number="30" hits="1"/>
            <line number="32" hits="1"/>
            <line number="35" hits="1"/>
          </lines>
        </class>
      </classes>
    </package>
    <package name="Traits/_ClassConstants.php" line-rate="1" branch-rate="0" complexity="3">
      <classes>
        <class name="Valksor\Functions\Php\Traits\_ClassConstants" filename="Traits/_ClassConstants.php" line-rate="1" branch-rate="0" complexity="3">
          <methods>
            <method name="classConstants" signature="string $class" line-rate="1" branch-rate="0" complexity="3">
              <lines>
                <line number="30" hits="3"/>
                <line number="32" hits="3"/>
                <line number="33" hits="2"/>
                <line number="35" hits="2"/>
                <line number="39" hits="3"/>
                <line number="40" hits="1"/>
                <line number="41" hits="1"/>
              </lines>
            </method>
          </methods>
          <lines>
            <line number="30" hits="3"/>
            <line number="32" hits="3"/>
            <line number="33" hits="2"/>
            <line number="35" hits="2"/>
            <line number="39" hits="3"/>
            <line number="40" hits="1"/>
            <line number="41" hits="1"/>
          </lines>
        </class>
      </classes>
    </package>
    <package name="Traits/_ClassConstantsValues.php" line-rate="1" branch-rate="0" complexity="2">
      <classes>
        <class name="Valksor\Functions\Php\Traits\_ClassConstantsValues" filename="Traits/_ClassConstantsValues.php" line-rate="1" branch-rate="0" complexity="2">
          <methods>
            <method name="classConstantsValues" signature="string $class" line-rate="1" branch-rate="0" complexity="2">
              <lines>
                <line number="29" hits="1"/>
                <line number="31" hits="1"/>
                <line number="32" hits="1"/>
                <line number="34" hits="1"/>
                <line number="37" hits="1"/>
              </lines>
            </method>
          </methods>
          <lines>
            <line number="29" hits="1"/>
            <line number="31" hits="1"/>
            <line number="32" hits="1"/>
            <line number="34" hits="1"/>
            <line number="37" hits="1"/>
          </lines>
        </class>
      </classes>
    </package>
    <package name="Traits/_ClassImplements.php" line-rate="1" branch-rate="0" complexity="3">
      <classes>
        <class name="Valksor\Functions\Php\Traits\_ClassImplements" filename="Traits/_ClassImplements.php" line-rate="1" branch-rate="0" complexity="3">
          <methods>
            <method name="classImplements" signature="string $class, string $interface" line-rate="1" branch-rate="0" complexity="3">
              <lines>
                <line number="26" hits="1"/>
              </lines>
            </method>
          </methods>
          <lines>
            <line number="26" hits="1"/>
          </lines>
        </class>
      </classes>
    </package>
    <package name="Traits/_ClassMethods.php" line-rate="1" branch-rate="0" complexity="2">
      <classes>
        <class name="Valksor\Functions\Php\Traits\_ClassMethods" filename="Traits/_ClassMethods.php" line-rate="1" branch-rate="0" complexity="2">
          <methods>
            <method name="classMethods" signature="string $class, ?string $parent" line-rate="1" branch-rate="0" complexity="2">
              <lines>
                <line number="24" hits="2"/>
                <line number="26" hits="2"/>
                <line number="27" hits="1"/>
                <line number="30" hits="1"/>
              </lines>
            </method>
          </methods>
          <lines>
            <line number="24" hits="2"/>
            <line number="26" hits="2"/>
            <line number="27" hits="1"/>
            <line number="30" hits="1"/>
          </lines>
        </class>
      </classes>
    </package>
    <package name="Traits/_FilteredMethods.php" line-rate="1" branch-rate="0" complexity="8">
      <classes>
        <class name="Valksor\Functions\Php\Traits\_FilteredMethods" filename="Traits/_FilteredMethods.php" line-rate="1" branch-rate="0" complexity="8">
          <methods>
            <method name="definition" signature="string $class, string $name, bool $isStatic" line-rate="1" branch-rate="0" complexity="2">
              <lines>
                <line number="26" hits="2"/>
                <line number="27" hits="1"/>
                <line number="30" hits="2"/>
              </lines>
            </method>
            <method name="filteredMethods" signature="string $class, ?string $filterClass" line-rate="1" branch-rate="0" complexity="6">
              <lines>
                <line number="37" hits="2"/>
                <line number="39" hits="2"/>
                <line number="40" hits="1"/>
                <line number="45" hits="1"/>
                <line number="49" hits="2"/>
                <line number="50" hits="1"/>
                <line number="51" hits="1"/>
                <line number="54" hits="1"/>
                <line number="56" hits="1"/>
                <line number="57" hits="1"/>
                <line number="58" hits="1"/>
                <line number="62" hits="1"/>
              </lines>
            </method>
          </methods>
          <lines>
            <line number="26" hits="2"/>
            <line number="27" hits="1"/>
            <line number="30" hits="2"/>
            <line number="37" hits="2"/>
            <line number="39" hits="2"/>
            <line number="40" hits="1"/>
            <line number="45" hits="1"/>
            <line number="49" hits="2"/>
            <line number="50" hits="1"/>
            <line number="51" hits="1"/>
            <line number="54" hits="1"/>
            <line number="56" hits="1"/>
            <line number="57" hits="1"/>
            <line number="58" hits="1"/>
            <line number="62" hits="1"/>
          </lines>
        </class>
      </classes>
    </package>
    <package name="Traits/_Get.php" line-rate="1" branch-rate="0" complexity="6">
      <classes>
        <class name="Valksor\Functions\Php\Traits\_Get" filename="Traits/_Get.php" line-rate="1" branch-rate="0" complexity="6">
          <methods>
            <method name="get" signature="object $object, string $property, bool $throwOnUnInitialized, mixed $arguments" line-rate="1" branch-rate="0" complexity="6">
              <lines>
                <line number="34" hits="10"/>
                <line number="35" hits="1"/>
                <line number="36" hits="1"/>
                <line number="39" hits="9"/>
                <line number="40" hits="2"/>
                <line number="41" hits="1"/>
                <line number="44" hits="1"/>
                <line number="47" hits="7"/>
                <line number="49" hits="7"/>
                <line number="50" hits="3"/>
                <line number="53" hits="3"/>
                <line number="57" hits="7"/>
                <line number="58" hits="1"/>
                <line number="62" hits="1"/>
              </lines>
            </method>
          </methods>
          <lines>
            <line number="34" hits="10"/>
            <line number="35" hits="1"/>
            <line number="36" hits="1"/>
            <line number="39" hits="9"/>
            <line number="40" hits="2"/>
            <line number="41" hits="1"/>
            <line number="44" hits="1"/>
            <line number="47" hits="7"/>
            <line number="49" hits="7"/>
            <line number="50" hits="3"/>
            <line number="53" hits="3"/>
            <line number="57" hits="7"/>
            <line number="58" hits="1"/>
            <line number="62" hits="1"/>
          </lines>
        </class>
      </classes>
    </package>
    <package name="Traits/_GetNonStatic.php" line-rate="1" branch-rate="0" complexity="4">
      <classes>
        <class name="Valksor\Functions\Php\Traits\_GetNonStatic" filename="Traits/_GetNonStatic.php" line-rate="1" branch-rate="0" complexity="4">
          <methods>
            <method name="getNonStatic" signature="object $object, string $property, mixed $arguments" line-rate="1" branch-rate="0" complexity="4">
              <lines>
                <line number="32" hits="9"/>
                <line number="33" hits="9"/>
                <line number="35" hits="2"/>
                <line number="36" hits="2"/>
                <line number="39" hits="7"/>
                <line number="41" hits="7"/>
                <line number="42" hits="2"/>
                <line number="44" hits="2"/>
                <line number="47" hits="7"/>
              </lines>
            </method>
          </methods>
          <lines>
            <line number="32" hits="9"/>
            <line number="33" hits="9"/>
            <line number="35" hits="2"/>
            <line number="36" hits="2"/>
            <line number="39" hits="7"/>
            <line number="41" hits="7"/>
            <line number="42" hits="2"/>
            <line number="44" hits="2"/>
            <line number="47" hits="7"/>
          </lines>
        </class>
      </classes>
    </package>
    <package name="Traits/_GetReflection.php" line-rate="0.75" branch-rate="0" complexity="3">
      <classes>
        <class name="Valksor\Functions\Php\Traits\_GetReflection" filename="Traits/_GetReflection.php" line-rate="0.75" branch-rate="0" complexity="3">
          <methods>
            <method name="getReflection" signature="object|string $objectOrClass" line-rate="0.75" branch-rate="0" complexity="3">
              <lines>
                <line number="29" hits="9"/>
                <line number="31" hits="5"/>
                <line number="32" hits="0"/>
                <line number="35" hits="5"/>
              </lines>
            </method>
          </methods>
          <lines>
            <line number="29" hits="9"/>
            <line number="31" hits="5"/>
            <line number="32" hits="0"/>
            <line number="35" hits="5"/>
          </lines>
        </class>
      </classes>
    </package>
    <package name="Traits/_GetStatic.php" line-rate="0.875" branch-rate="0" complexity="4">
      <classes>
        <class name="Valksor\Functions\Php\Traits\_GetStatic" filename="Traits/_GetStatic.php" line-rate="0.875" branch-rate="0" complexity="4">
          <methods>
            <method name="getStatic" signature="object $object, string $property, mixed $arguments" line-rate="0.875" branch-rate="0" complexity="4">
              <lines>
                <line number="31" hits="4"/>
                <line number="33" hits="4"/>
                <line number="34" hits="2"/>
                <line number="36" hits="2"/>
                <line number="40" hits="4"/>
                <line number="41" hits="4"/>
                <line number="43" hits="0"/>
                <line number="47" hits="1"/>
              </lines>
            </method>
          </methods>
          <lines>
            <line number="31" hits="4"/>
            <line number="33" hits="4"/>
            <line number="34" hits="2"/>
            <line number="36" hits="2"/>
            <line number="40" hits="4"/>
            <line number="41" hits="4"/>
            <line number="43" hits="0"/>
            <line number="47" hits="1"/>
          </lines>
        </class>
      </classes>
    </package>
    <package name="Traits/_IsBool.php" line-rate="1" branch-rate="0" complexity="2">
      <classes>
        <class name="Valksor\Functions\Php\Traits\_IsBool" filename="Traits/_IsBool.php" line-rate="1" branch-rate="0" complexity="2">
          <methods>
            <method name="isBool" signature="mixed $value" line-rate="1" branch-rate="0" complexity="2">
              <lines>
                <line number="24" hits="1"/>
                <line number="25" hits="1"/>
                <line number="28" hits="1"/>
              </lines>
            </method>
          </methods>
          <lines>
            <line number="24" hits="1"/>
            <line number="25" hits="1"/>
            <line number="28" hits="1"/>
          </lines>
        </class>
      </classes>
    </package>
    <package name="Traits/_Namespace.php" line-rate="1" branch-rate="0" complexity="3">
      <classes>
        <class name="Valksor\Functions\Php\Traits\_Namespace" filename="Traits/_Namespace.php" line-rate="1" branch-rate="0" complexity="3">
          <methods>
            <method name="namespace" signature="string $class" line-rate="1" branch-rate="0" complexity="3">
              <lines>
                <line number="22" hits="2"/>
                <line number="24" hits="2"/>
                <line number="25" hits="1"/>
                <line number="27" hits="1"/>
                <line number="31" hits="2"/>
                <line number="32" hits="1"/>
                <line number="33" hits="1"/>
              </lines>
            </method>
          </methods>
          <lines>
            <line number="22" hits="2"/>
            <line number="24" hits="2"/>
            <line number="25" hits="1"/>
            <line number="27" hits="1"/>
            <line number="31" hits="2"/>
            <line number="32" hits="1"/>
            <line number="33" hits="1"/>
          </lines>
        </class>
      </classes>
    </package>
    <package name="Traits/_Parameter.php" line-rate="1" branch-rate="0" complexity="3">
      <classes>
        <class name="Valksor\Functions\Php\Traits\_Parameter" filename="Traits/_Parameter.php" line-rate="1" branch-rate="0" complexity="3">
          <methods>
            <method name="parameter" signature="array|object $variable, mixed $key" line-rate="1" branch-rate="0" complexity="3">
              <lines>
                <line number="23" hits="3"/>
                <line number="24" hits="1"/>
                <line number="27" hits="2"/>
                <line number="29" hits="2"/>
                <line number="30" hits="1"/>
                <line number="32" hits="1"/>
                <line number="35" hits="2"/>
              </lines>
            </method>
          </methods>
          <lines>
            <line number="23" hits="3"/>
            <line number="24" hits="1"/>
            <line number="27" hits="2"/>
            <line number="29" hits="2"/>
            <line number="30" hits="1"/>
            <line number="32" hits="1"/>
            <line number="35" hits="2"/>
          </lines>
        </class>
      </classes>
    </package>
    <package name="Traits/_Randomizer.php" line-rate="0" branch-rate="0" complexity="1">
      <classes>
        <class name="Valksor\Functions\Php\Traits\_Randomizer" filename="Traits/_Randomizer.php" line-rate="0" branch-rate="0" complexity="1">
          <methods>
            <method name="randomizer" signature="" line-rate="0" branch-rate="0" complexity="1">
              <lines>
                <line number="25" hits="0"/>
              </lines>
            </method>
          </methods>
          <lines>
            <line number="25" hits="0"/>
          </lines>
        </class>
      </classes>
    </package>
    <package name="Traits/_Return.php" line-rate="1" branch-rate="0" complexity="2">
      <classes>
        <class name="Valksor\Functions\Php\Traits\_Return" filename="Traits/_Return.php" line-rate="1" branch-rate="0" complexity="2">
          <methods>
            <method name="return" signature="callable $function, object $clone, mixed $arguments" line-rate="1" branch-rate="0" complexity="2">
              <lines>
                <line number="22" hits="13"/>
                <line number="24" hits="13"/>
                <line number="25" hits="3"/>
                <line number="27" hits="3"/>
                <line number="30" hits="13"/>
              </lines>
            </method>
          </methods>
          <lines>
            <line number="22" hits="13"/>
            <line number="24" hits="13"/>
            <line number="25" hits="3"/>
            <line number="27" hits="3"/>
            <line number="30" hits="13"/>
          </lines>
        </class>
      </classes>
    </package>
    <package name="Traits/_ReturnFunction.php" line-rate="1" branch-rate="0" complexity="2">
      <classes>
        <class name="Valksor\Functions\Php\Traits\_ReturnFunction" filename="Traits/_ReturnFunction.php" line-rate="1" branch-rate="0" complexity="2">
          <methods>
            <method name="returnFunction" signature="string $function, $arguments" line-rate="1" branch-rate="0" complexity="2">
              <lines>
                <line number="23" hits="3"/>
                <line number="24" hits="1"/>
                <line number="27" hits="2"/>
              </lines>
            </method>
          </methods>
          <lines>
            <line number="23" hits="3"/>
            <line number="24" hits="1"/>
            <line number="27" hits="2"/>
          </lines>
        </class>
      </classes>
    </package>
    <package name="Traits/_ReturnObject.php" line-rate="1" branch-rate="0" complexity="2">
      <classes>
        <class name="Valksor\Functions\Php\Traits\_ReturnObject" filename="Traits/_ReturnObject.php" line-rate="1" branch-rate="0" complexity="2">
          <methods>
            <method name="returnObject" signature="object $object, string $function, mixed $arguments" line-rate="1" branch-rate="0" complexity="2">
              <lines>
                <line number="22" hits="3"/>
                <line number="24" hits="3"/>
                <line number="25" hits="2"/>
                <line number="27" hits="2"/>
                <line number="30" hits="3"/>
              </lines>
            </method>
          </methods>
          <lines>
            <line number="22" hits="3"/>
            <line number="24" hits="3"/>
            <line number="25" hits="2"/>
            <line number="27" hits="2"/>
            <line number="30" hits="3"/>
          </lines>
        </class>
      </classes>
    </package>
    <package name="Traits/_Set.php" line-rate="1" branch-rate="0" complexity="4">
      <classes>
        <class name="Valksor\Functions\Php\Traits\_Set" filename="Traits/_Set.php" line-rate="1" branch-rate="0" complexity="4">
          <methods>
            <method name="set" signature="object $object, string $property, mixed $value" line-rate="1" branch-rate="0" complexity="4">
              <lines>
                <line number="33" hits="3"/>
                <line number="34" hits="1"/>
                <line number="35" hits="1"/>
                <line number="38" hits="2"/>
                <line number="40" hits="2"/>
                <line number="41" hits="1"/>
                <line number="44" hits="1"/>
                <line number="48" hits="2"/>
                <line number="49" hits="1"/>
                <line number="53" hits="1"/>
              </lines>
            </method>
          </methods>
          <lines>
            <line number="33" hits="3"/>
            <line number="34" hits="1"/>
            <line number="35" hits="1"/>
            <line number="38" hits="2"/>
            <line number="40" hits="2"/>
            <line number="41" hits="1"/>
            <line number="44" hits="1"/>
            <line number="48" hits="2"/>
            <line number="49" hits="1"/>
            <line number="53" hits="1"/>
          </lines>
        </class>
      </classes>
    </package>
    <package name="Traits/_SetNonStatic.php" line-rate="1" branch-rate="0" complexity="4">
      <classes>
        <class name="Valksor\Functions\Php\Traits\_SetNonStatic" filename="Traits/_SetNonStatic.php" line-rate="1" branch-rate="0" complexity="4">
          <methods>
            <method name="setNonStatic" signature="object $object, string $property, mixed $value" line-rate="1" branch-rate="0" complexity="4">
              <lines>
                <line number="32" hits="3"/>
                <line number="33" hits="3"/>
                <line number="35" hits="1"/>
                <line number="36" hits="1"/>
                <line number="39" hits="3"/>
                <line number="41" hits="3"/>
                <line number="42" hits="2"/>
                <line number="44" hits="2"/>
                <line number="47" hits="3"/>
                <line number="48" hits="3"/>
                <line number="49" hits="3"/>
                <line number="51" hits="3"/>
              </lines>
            </method>
          </methods>
          <lines>
            <line number="32" hits="3"/>
            <line number="33" hits="3"/>
            <line number="35" hits="1"/>
            <line number="36" hits="1"/>
            <line number="39" hits="3"/>
            <line number="41" hits="3"/>
            <line number="42" hits="2"/>
            <line number="44" hits="2"/>
            <line number="47" hits="3"/>
            <line number="48" hits="3"/>
            <line number="49" hits="3"/>
            <line number="51" hits="3"/>
          </lines>
        </class>
      </classes>
    </package>
    <package name="Traits/_SetStatic.php" line-rate="0.88888888888889" branch-rate="0" complexity="4">
      <classes>
        <class name="Valksor\Functions\Php\Traits\_SetStatic" filename="Traits/_SetStatic.php" line-rate="0.88888888888889" branch-rate="0" complexity="4">
          <methods>
            <method name="setStatic" signature="object $object, string $property, mixed $value" line-rate="0.88888888888889" branch-rate="0" complexity="4">
              <lines>
                <line number="31" hits="6"/>
                <line number="33" hits="6"/>
                <line number="34" hits="2"/>
                <line number="36" hits="2"/>
                <line number="40" hits="6"/>
                <line number="41" hits="5"/>
                <line number="43" hits="6"/>
                <line number="45" hits="0"/>
                <line number="49" hits="1"/>
              </lines>
            </method>
          </methods>
          <lines>
            <line number="31" hits="6"/>
            <line number="33" hits="6"/>
            <line number="34" hits="2"/>
            <line number="36" hits="2"/>
            <line number="40" hits="6"/>
            <line number="41" hits="5"/>
            <line number="43" hits="6"/>
            <line number="45" hits="0"/>
            <line number="49" hits="1"/>
          </lines>
        </class>
      </classes>
    </package>
    <package name="Traits/_ShortName.php" line-rate="1" branch-rate="0" complexity="3">
      <classes>
        <class name="Valksor\Functions\Php\Traits\_ShortName" filename="Traits/_ShortName.php" line-rate="1" branch-rate="0" complexity="3">
          <methods>
            <method name="shortName" signature="string $class" line-rate="1" branch-rate="0" complexity="3">
              <lines>
                <line number="22" hits="2"/>
                <line number="24" hits="2"/>
                <line number="25" hits="1"/>
                <line number="27" hits="1"/>
                <line number="31" hits="2"/>
                <line number="32" hits="1"/>
                <line number="36" hits="1"/>
              </lines>
            </method>
          </methods>
          <lines>
            <line number="22" hits="2"/>
            <line number="24" hits="2"/>
            <line number="25" hits="1"/>
            <line number="27" hits="1"/>
            <line number="31" hits="2"/>
            <line number="32" hits="1"/>
            <line number="36" hits="1"/>
          </lines>
        </class>
      </classes>
    </package>
    <package name="Traits/_SystemInfo.php" line-rate="0.72222222222222" branch-rate="0" complexity="13">
      <classes>
        <class name="Valksor\Functions\Php\Traits\_SystemInfo" filename="Traits/_SystemInfo.php" line-rate="0.72222222222222" branch-rate="0" complexity="13">
          <methods>
            <method name="systemInfo" signature="" line-rate="0.72222222222222" branch-rate="0" complexity="13">
              <lines>
                <line number="27" hits="4"/>
                <line number="29" hits="4"/>
                <line number="30" hits="0"/>
                <line number="31" hits="0"/>
                <line number="32" hits="4"/>
                <line number="33" hits="0"/>
                <line number="34" hits="4"/>
                <line number="36" hits="4"/>
                <line number="37" hits="4"/>
                <line number="38" hits="4"/>
                <line number="39" hits="0"/>
                <line number="40" hits="0"/>
                <line number="41" hits="4"/>
                <line number="43" hits="4"/>
                <line number="44" hits="4"/>
                <line number="45" hits="4"/>
                <line number="46" hits="4"/>
                <line number="47" hits="4"/>
              </lines>
            </method>
          </methods>
          <lines>
            <line number="27" hits="4"/>
            <line number="29" hits="4"/>
            <line number="30" hits="0"/>
            <line number="31" hits="0"/>
            <line number="32" hits="4"/>
            <line number="33" hits="0"/>
            <line number="34" hits="4"/>
            <line number="36" hits="4"/>
            <line number="37" hits="4"/>
            <line number="38" hits="4"/>
            <line number="39" hits="0"/>
            <line number="40" hits="0"/>
            <line number="41" hits="4"/>
            <line number="43" hits="4"/>
            <line number="44" hits="4"/>
            <line number="45" hits="4"/>
            <line number="46" hits="4"/>
            <line number="47" hits="4"/>
          </lines>
        </class>
      </classes>
    </package>
    <package name="Traits/_Void.php" line-rate="1" branch-rate="0" complexity="2">
      <classes>
        <class name="Valksor\Functions\Php\Traits\_Void" filename="Traits/_Void.php" line-rate="1" branch-rate="0" complexity="2">
          <methods>
            <method name="void" signature="callable $function, object $clone, mixed $arguments" line-rate="1" branch-rate="0" complexity="2">
              <lines>
                <line number="22" hits="8"/>
                <line number="24" hits="8"/>
                <line number="25" hits="2"/>
                <line number="27" hits="2"/>
                <line number="30" hits="8"/>
              </lines>
            </method>
          </methods>
          <lines>
            <line number="22" hits="8"/>
            <line number="24" hits="8"/>
            <line number="25" hits="2"/>
            <line number="27" hits="2"/>
            <line number="30" hits="8"/>
          </lines>
        </class>
      </classes>
    </package>
    <package name="Traits/_VoidFunction.php" line-rate="1" branch-rate="0" complexity="1">
      <classes>
        <class name="Valksor\Functions\Php\Traits\_VoidFunction" filename="Traits/_VoidFunction.php" line-rate="1" branch-rate="0" complexity="1">
          <methods>
            <method name="voidFunction" signature="string $function, mixed $arguments" line-rate="1" branch-rate="0" complexity="1">
              <lines>
                <line number="21" hits="1"/>
              </lines>
            </method>
          </methods>
          <lines>
            <line number="21" hits="1"/>
          </lines>
        </class>
      </classes>
    </package>
    <package name="Traits/_VoidObject.php" line-rate="1" branch-rate="0" complexity="2">
      <classes>
        <class name="Valksor\Functions\Php\Traits\_VoidObject" filename="Traits/_VoidObject.php" line-rate="1" branch-rate="0" complexity="2">
          <methods>
            <method name="voidObject" signature="object $object, string $function, mixed $arguments" line-rate="1" branch-rate="0" complexity="2">
              <lines>
                <line number="22" hits="1"/>
                <line number="24" hits="1"/>
                <line number="25" hits="1"/>
                <line number="27" hits="1"/>
                <line number="30" hits="1"/>
              </lines>
            </method>
          </methods>
          <lines>
            <line number="22" hits="1"/>
            <line number="24" hits="1"/>
            <line number="25" hits="1"/>
            <line number="27" hits="1"/>
            <line number="30" hits="1"/>
          </lines>
        </class>
      </classes>
    </package>
  </packages>
</coverage>
