<?xml version="1.0" encoding="UTF-8"?>
<testsuites>
  <testsuite name="/var/www/html/valksor/src/Valksor/Functions/Php/phpunit.xml" tests="62" assertions="119" errors="0" failures="0" skipped="0" time="0.001000">
    <testsuite name="Php Functions" tests="62" assertions="119" errors="0" failures="0" skipped="0" time="0.001000">
      <testsuite name="Valksor\Functions\Php\Tests\PhpTest" file="/var/www/html/valksor/src/Valksor/Functions/Php/Tests/PhpTest.php" tests="62" assertions="119" errors="0" failures="0" skipped="0" time="0.001000">
        <testcase name="testArrayConvertsArraysToArray" file="/var/www/html/valksor/src/Valksor/Functions/Php/Tests/PhpTest.php" line="33" class="Valksor\Functions\Php\Tests\PhpTest" classname="Valksor.Functions.Php.Tests.PhpTest" assertions="1" time="0.001000"/>
        <testcase name="testArrayConvertsObjectsToArray" file="/var/www/html/valksor/src/Valksor/Functions/Php/Tests/PhpTest.php" line="44" class="Valksor\Functions\Php\Tests\PhpTest" classname="Valksor.Functions.Php.Tests.PhpTest" assertions="2" time="0.001000"/>
        <testcase name="testArrayFromObjectUsesReflection" file="/var/www/html/valksor/src/Valksor/Functions/Php/Tests/PhpTest.php" line="57" class="Valksor\Functions\Php\Tests\PhpTest" classname="Valksor.Functions.Php.Tests.PhpTest" assertions="3" time="0.001000"/>
        <testcase name="testAttributeExistsChecksReflection" file="/var/www/html/valksor/src/Valksor/Functions/Php/Tests/PhpTest.php" line="77" class="Valksor\Functions\Php\Tests\PhpTest" classname="Valksor.Functions.Php.Tests.PhpTest" assertions="1" time="0.001000"/>
        <testcase name="testBindClosuresToObject" file="/var/www/html/valksor/src/Valksor/Functions/Php/Tests/PhpTest.php" line="86" class="Valksor\Functions\Php\Tests\PhpTest" classname="Valksor.Functions.Php.Tests.PhpTest" assertions="1" time="0.001000"/>
        <testcase name="testBoolvalConvertsValues" file="/var/www/html/valksor/src/Valksor/Functions/Php/Tests/PhpTest.php" line="102" class="Valksor\Functions\Php\Tests\PhpTest" classname="Valksor.Functions.Php.Tests.PhpTest" assertions="9" time="0.001000"/>
        <testcase name="testCallObjectWithPrependedArguments" file="/var/www/html/valksor/src/Valksor/Functions/Php/Tests/PhpTest.php" line="116" class="Valksor\Functions\Php\Tests\PhpTest" classname="Valksor.Functions.Php.Tests.PhpTest" assertions="1" time="0.001000"/>
        <testcase name="testCallWithPrependedArguments" file="/var/www/html/valksor/src/Valksor/Functions/Php/Tests/PhpTest.php" line="135" class="Valksor\Functions\Php\Tests\PhpTest" classname="Valksor.Functions.Php.Tests.PhpTest" assertions="1" time="0.001000"/>
        <testcase name="testClassConstantsReturnsConstants" file="/var/www/html/valksor/src/Valksor/Functions/Php/Tests/PhpTest.php" line="144" class="Valksor\Functions\Php\Tests\PhpTest" classname="Valksor.Functions.Php.Tests.PhpTest" assertions="1" time="0.001000"/>
        <testcase name="testClassConstantsThrowsOnInvalidClass" file="/var/www/html/valksor/src/Valksor/Functions/Php/Tests/PhpTest.php" line="151" class="Valksor\Functions\Php\Tests\PhpTest" classname="Valksor.Functions.Php.Tests.PhpTest" assertions="1" time="0.001000"/>
        <testcase name="testClassConstantsValuesReturnsValues" file="/var/www/html/valksor/src/Valksor/Functions/Php/Tests/PhpTest.php" line="158" class="Valksor\Functions\Php\Tests\PhpTest" classname="Valksor.Functions.Php.Tests.PhpTest" assertions="1" time="0.001000"/>
        <testcase name="testClassImplementsChecksInterfaces" file="/var/www/html/valksor/src/Valksor/Functions/Php/Tests/PhpTest.php" line="167" class="Valksor\Functions\Php\Tests\PhpTest" classname="Valksor.Functions.Php.Tests.PhpTest" assertions="2" time="0.001000"/>
        <testcase name="testClassMethodsReturnsMethods" file="/var/www/html/valksor/src/Valksor/Functions/Php/Tests/PhpTest.php" line="177" class="Valksor\Functions\Php\Tests\PhpTest" classname="Valksor.Functions.Php.Tests.PhpTest" assertions="2" time="0.001000"/>
        <testcase name="testClassMethodsWithParentFilter" file="/var/www/html/valksor/src/Valksor/Functions/Php/Tests/PhpTest.php" line="185" class="Valksor\Functions\Php\Tests\PhpTest" classname="Valksor.Functions.Php.Tests.PhpTest" assertions="3" time="0.001000"/>
        <testcase name="testDefinitionCreatesMethodDefinition" file="/var/www/html/valksor/src/Valksor/Functions/Php/Tests/PhpTest.php" line="200" class="Valksor\Functions\Php\Tests\PhpTest" classname="Valksor.Functions.Php.Tests.PhpTest" assertions="4" time="0.001000"/>
        <testcase name="testFilteredMethodsFiltersAndConvertsToSnakeCase" file="/var/www/html/valksor/src/Valksor/Functions/Php/Tests/PhpTest.php" line="223" class="Valksor\Functions\Php\Tests\PhpTest" classname="Valksor.Functions.Php.Tests.PhpTest" assertions="1" time="0.001000"/>
        <testcase name="testFilteredMethodsWithInvalidClass" file="/var/www/html/valksor/src/Valksor/Functions/Php/Tests/PhpTest.php" line="250" class="Valksor\Functions\Php\Tests\PhpTest" classname="Valksor.Functions.Php.Tests.PhpTest" assertions="1" time="0.001000"/>
        <testcase name="testGetMethodDirectly" file="/var/www/html/valksor/src/Valksor/Functions/Php/Tests/PhpTest.php" line="257" class="Valksor\Functions\Php\Tests\PhpTest" classname="Valksor.Functions.Php.Tests.PhpTest" assertions="1" time="0.001000"/>
        <testcase name="testGetNonStaticReturnsNonStaticProperty" file="/var/www/html/valksor/src/Valksor/Functions/Php/Tests/PhpTest.php" line="269" class="Valksor\Functions\Php\Tests\PhpTest" classname="Valksor.Functions.Php.Tests.PhpTest" assertions="1" time="0.001000"/>
        <testcase name="testGetNonStaticThrowsOnStaticProperty" file="/var/www/html/valksor/src/Valksor/Functions/Php/Tests/PhpTest.php" line="280" class="Valksor\Functions\Php\Tests\PhpTest" classname="Valksor.Functions.Php.Tests.PhpTest" assertions="2" time="0.001000"/>
        <testcase name="testGetReflectionResolvesDoctrineProxyToParentClass" file="/var/www/html/valksor/src/Valksor/Functions/Php/Tests/PhpTest.php" line="292" class="Valksor\Functions\Php\Tests\PhpTest" classname="Valksor.Functions.Php.Tests.PhpTest" assertions="1" time="0.001000"/>
        <testcase name="testGetReturnsNullForUninitializedProperty" file="/var/www/html/valksor/src/Valksor/Functions/Php/Tests/PhpTest.php" line="317" class="Valksor\Functions\Php\Tests\PhpTest" classname="Valksor.Functions.Php.Tests.PhpTest" assertions="1" time="0.001000"/>
        <testcase name="testGetReturnsPropertyValue" file="/var/www/html/valksor/src/Valksor/Functions/Php/Tests/PhpTest.php" line="330" class="Valksor\Functions\Php\Tests\PhpTest" classname="Valksor.Functions.Php.Tests.PhpTest" assertions="1" time="0.001000"/>
        <testcase name="testGetStaticMethodDirectly" file="/var/www/html/valksor/src/Valksor/Functions/Php/Tests/PhpTest.php" line="341" class="Valksor\Functions\Php\Tests\PhpTest" classname="Valksor.Functions.Php.Tests.PhpTest" assertions="1" time="0.001000"/>
        <testcase name="testGetStaticReturnsStaticProperty" file="/var/www/html/valksor/src/Valksor/Functions/Php/Tests/PhpTest.php" line="353" class="Valksor\Functions\Php\Tests\PhpTest" classname="Valksor.Functions.Php.Tests.PhpTest" assertions="1" time="0.001000"/>
        <testcase name="testGetStaticThrowsOnNonStaticProperty" file="/var/www/html/valksor/src/Valksor/Functions/Php/Tests/PhpTest.php" line="364" class="Valksor\Functions\Php\Tests\PhpTest" classname="Valksor.Functions.Php.Tests.PhpTest" assertions="2" time="0.001000"/>
        <testcase name="testGetStaticThrowsWhenPropertyDoesNotExist" file="/var/www/html/valksor/src/Valksor/Functions/Php/Tests/PhpTest.php" line="376" class="Valksor\Functions\Php\Tests\PhpTest" classname="Valksor.Functions.Php.Tests.PhpTest" assertions="2" time="0.001000"/>
        <testcase name="testGetThrowsForUninitializedPropertyWhenRequested" file="/var/www/html/valksor/src/Valksor/Functions/Php/Tests/PhpTest.php" line="387" class="Valksor\Functions\Php\Tests\PhpTest" classname="Valksor.Functions.Php.Tests.PhpTest" assertions="2" time="0.001000"/>
        <testcase name="testGetThrowsOnInvalidProperty" file="/var/www/html/valksor/src/Valksor/Functions/Php/Tests/PhpTest.php" line="399" class="Valksor\Functions\Php\Tests\PhpTest" classname="Valksor.Functions.Php.Tests.PhpTest" assertions="2" time="0.001000"/>
        <testcase name="testIsBoolChecksBooleanValues" file="/var/www/html/valksor/src/Valksor/Functions/Php/Tests/PhpTest.php" line="411" class="Valksor\Functions\Php\Tests\PhpTest" classname="Valksor.Functions.Php.Tests.PhpTest" assertions="14" time="0.001000"/>
        <testcase name="testNamespaceReturnsBackslashForInvalidClass" file="/var/www/html/valksor/src/Valksor/Functions/Php/Tests/PhpTest.php" line="430" class="Valksor\Functions\Php\Tests\PhpTest" classname="Valksor.Functions.Php.Tests.PhpTest" assertions="1" time="0.001000"/>
        <testcase name="testNamespaceReturnsNamespace" file="/var/www/html/valksor/src/Valksor/Functions/Php/Tests/PhpTest.php" line="439" class="Valksor\Functions\Php\Tests\PhpTest" classname="Valksor.Functions.Php.Tests.PhpTest" assertions="1" time="0.001000"/>
        <testcase name="testNormalizeSystemInfoDarwinArm64" file="/var/www/html/valksor/src/Valksor/Functions/Php/Tests/PhpTest.php" line="446" class="Valksor\Functions\Php\Tests\PhpTest" classname="Valksor.Functions.Php.Tests.PhpTest" assertions="3" time="0.001000"/>
        <testcase name="testNormalizeSystemInfoLinux386" file="/var/www/html/valksor/src/Valksor/Functions/Php/Tests/PhpTest.php" line="455" class="Valksor\Functions\Php\Tests\PhpTest" classname="Valksor.Functions.Php.Tests.PhpTest" assertions="3" time="0.001000"/>
        <testcase name="testNormalizeSystemInfoThrowsOnUnsupportedArch" file="/var/www/html/valksor/src/Valksor/Functions/Php/Tests/PhpTest.php" line="464" class="Valksor\Functions\Php\Tests\PhpTest" classname="Valksor.Functions.Php.Tests.PhpTest" assertions="2" time="0.001000"/>
        <testcase name="testNormalizeSystemInfoThrowsOnUnsupportedOs" file="/var/www/html/valksor/src/Valksor/Functions/Php/Tests/PhpTest.php" line="472" class="Valksor\Functions\Php\Tests\PhpTest" classname="Valksor.Functions.Php.Tests.PhpTest" assertions="2" time="0.001000"/>
        <testcase name="testNormalizeSystemInfoWindowsAmd64" file="/var/www/html/valksor/src/Valksor/Functions/Php/Tests/PhpTest.php" line="480" class="Valksor\Functions\Php\Tests\PhpTest" classname="Valksor.Functions.Php.Tests.PhpTest" assertions="3" time="0.001000"/>
        <testcase name="testParameterReturnsArrayParameter" file="/var/www/html/valksor/src/Valksor/Functions/Php/Tests/PhpTest.php" line="491" class="Valksor\Functions\Php\Tests\PhpTest" classname="Valksor.Functions.Php.Tests.PhpTest" assertions="1" time="0.001000"/>
        <testcase name="testParameterReturnsNullForMissingKey" file="/var/www/html/valksor/src/Valksor/Functions/Php/Tests/PhpTest.php" line="500" class="Valksor\Functions\Php\Tests\PhpTest" classname="Valksor.Functions.Php.Tests.PhpTest" assertions="1" time="0.001000"/>
        <testcase name="testParameterReturnsObjectParameter" file="/var/www/html/valksor/src/Valksor/Functions/Php/Tests/PhpTest.php" line="514" class="Valksor\Functions\Php\Tests\PhpTest" classname="Valksor.Functions.Php.Tests.PhpTest" assertions="1" time="0.001000"/>
        <testcase name="testRandomizerCreatesInstance" file="/var/www/html/valksor/src/Valksor/Functions/Php/Tests/PhpTest.php" line="527" class="Valksor\Functions\Php\Tests\PhpTest" classname="Valksor.Functions.Php.Tests.PhpTest" assertions="1" time="0.001000"/>
        <testcase name="testReturnFunctionCallsFunctionByName" file="/var/www/html/valksor/src/Valksor/Functions/Php/Tests/PhpTest.php" line="534" class="Valksor\Functions\Php\Tests\PhpTest" classname="Valksor.Functions.Php.Tests.PhpTest" assertions="1" time="0.001000"/>
        <testcase name="testReturnFunctionThrowsForNonExistentFunction" file="/var/www/html/valksor/src/Valksor/Functions/Php/Tests/PhpTest.php" line="541" class="Valksor\Functions\Php\Tests\PhpTest" classname="Valksor.Functions.Php.Tests.PhpTest" assertions="1" time="0.001000"/>
        <testcase name="testReturnObjectCallsObjectMethod" file="/var/www/html/valksor/src/Valksor/Functions/Php/Tests/PhpTest.php" line="551" class="Valksor\Functions\Php\Tests\PhpTest" classname="Valksor.Functions.Php.Tests.PhpTest" assertions="1" time="0.001000"/>
        <testcase name="testReturnObjectThrowsForNonExistentMethod" file="/var/www/html/valksor/src/Valksor/Functions/Php/Tests/PhpTest.php" line="565" class="Valksor\Functions\Php\Tests\PhpTest" classname="Valksor.Functions.Php.Tests.PhpTest" assertions="1" time="0.001000"/>
        <testcase name="testSetHandlesStaticAndNonStaticProperties" file="/var/www/html/valksor/src/Valksor/Functions/Php/Tests/PhpTest.php" line="574" class="Valksor\Functions\Php\Tests\PhpTest" classname="Valksor.Functions.Php.Tests.PhpTest" assertions="4" time="0.001000"/>
        <testcase name="testSetNonStaticPropertyValue" file="/var/www/html/valksor/src/Valksor/Functions/Php/Tests/PhpTest.php" line="592" class="Valksor\Functions\Php\Tests\PhpTest" classname="Valksor.Functions.Php.Tests.PhpTest" assertions="1" time="0.001000"/>
        <testcase name="testSetPropertyValue" file="/var/www/html/valksor/src/Valksor/Functions/Php/Tests/PhpTest.php" line="603" class="Valksor\Functions\Php\Tests\PhpTest" classname="Valksor.Functions.Php.Tests.PhpTest" assertions="1" time="0.001000"/>
        <testcase name="testSetStaticMethodDirectly" file="/var/www/html/valksor/src/Valksor/Functions/Php/Tests/PhpTest.php" line="614" class="Valksor\Functions\Php\Tests\PhpTest" classname="Valksor.Functions.Php.Tests.PhpTest" assertions="2" time="0.001000"/>
        <testcase name="testSetStaticPropertyValue" file="/var/www/html/valksor/src/Valksor/Functions/Php/Tests/PhpTest.php" line="627" class="Valksor\Functions\Php\Tests\PhpTest" classname="Valksor.Functions.Php.Tests.PhpTest" assertions="1" time="0.001000"/>
        <testcase name="testSetStaticReturnsObject" file="/var/www/html/valksor/src/Valksor/Functions/Php/Tests/PhpTest.php" line="638" class="Valksor\Functions\Php\Tests\PhpTest" classname="Valksor.Functions.Php.Tests.PhpTest" assertions="2" time="0.001000"/>
        <testcase name="testSetStaticThrowsOnNonStaticProperty" file="/var/www/html/valksor/src/Valksor/Functions/Php/Tests/PhpTest.php" line="650" class="Valksor\Functions\Php\Tests\PhpTest" classname="Valksor.Functions.Php.Tests.PhpTest" assertions="2" time="0.001000"/>
        <testcase name="testSetStaticThrowsWhenPropertyDoesNotExist" file="/var/www/html/valksor/src/Valksor/Functions/Php/Tests/PhpTest.php" line="662" class="Valksor\Functions\Php\Tests\PhpTest" classname="Valksor.Functions.Php.Tests.PhpTest" assertions="2" time="0.001000"/>
        <testcase name="testSetThrowsOnInvalidProperty" file="/var/www/html/valksor/src/Valksor/Functions/Php/Tests/PhpTest.php" line="673" class="Valksor\Functions\Php\Tests\PhpTest" classname="Valksor.Functions.Php.Tests.PhpTest" assertions="2" time="0.001000"/>
        <testcase name="testShortNameReturnsClassNameForInvalidClass" file="/var/www/html/valksor/src/Valksor/Functions/Php/Tests/PhpTest.php" line="685" class="Valksor\Functions\Php\Tests\PhpTest" classname="Valksor.Functions.Php.Tests.PhpTest" assertions="1" time="0.001000"/>
        <testcase name="testShortNameReturnsShortName" file="/var/www/html/valksor/src/Valksor/Functions/Php/Tests/PhpTest.php" line="692" class="Valksor\Functions\Php\Tests\PhpTest" classname="Valksor.Functions.Php.Tests.PhpTest" assertions="1" time="0.001000"/>
        <testcase name="testSystemInfoDirectCall" file="/var/www/html/valksor/src/Valksor/Functions/Php/Tests/PhpTest.php" line="699" class="Valksor\Functions\Php\Tests\PhpTest" classname="Valksor.Functions.Php.Tests.PhpTest" assertions="2" time="0.001000"/>
        <testcase name="testSystemInfoExtensionIsCorrectForWindows" file="/var/www/html/valksor/src/Valksor/Functions/Php/Tests/PhpTest.php" line="708" class="Valksor\Functions\Php\Tests\PhpTest" classname="Valksor.Functions.Php.Tests.PhpTest" assertions="1" time="0.001000"/>
        <testcase name="testSystemInfoReturnsCorrectInfo" file="/var/www/html/valksor/src/Valksor/Functions/Php/Tests/PhpTest.php" line="722" class="Valksor\Functions\Php\Tests\PhpTest" classname="Valksor.Functions.Php.Tests.PhpTest" assertions="5" time="0.001000"/>
        <testcase name="testUncoveredMethodsDirectly" file="/var/www/html/valksor/src/Valksor/Functions/Php/Tests/PhpTest.php" line="733" class="Valksor\Functions\Php\Tests\PhpTest" classname="Valksor.Functions.Php.Tests.PhpTest" assertions="1" time="0.001000"/>
        <testcase name="testVoidFunctionCallsFunctionWithoutReturn" file="/var/www/html/valksor/src/Valksor/Functions/Php/Tests/PhpTest.php" line="750" class="Valksor\Functions\Php\Tests\PhpTest" classname="Valksor.Functions.Php.Tests.PhpTest" assertions="1" time="0.001000"/>
        <testcase name="testVoidObjectCallsObjectMethodWithoutReturn" file="/var/www/html/valksor/src/Valksor/Functions/Php/Tests/PhpTest.php" line="758" class="Valksor\Functions\Php\Tests\PhpTest" classname="Valksor.Functions.Php.Tests.PhpTest" assertions="1" time="0.001000"/>
      </testsuite>
    </testsuite>
  </testsuite>
</testsuites>
