<?xml version="1.0" encoding="UTF-8"?>
<testsuites>
  <testsuite name="/var/www/html/valksor/src/Valksor/Functions/Php/phpunit.xml" tests="54" assertions="100" errors="0" failures="0" skipped="1" time="0.001000">
    <testsuite name="Php Functions" tests="54" assertions="100" errors="0" failures="0" skipped="1" time="0.001000">
      <testsuite name="Valksor\Functions\Php\Tests\PhpTest" file="/var/www/html/valksor/src/Valksor/Functions/Php/Tests/PhpTest.php" tests="54" assertions="100" errors="0" failures="0" skipped="1" time="0.001000">
        <testcase name="testArrayConvertsArraysToArray" file="/var/www/html/valksor/src/Valksor/Functions/Php/Tests/PhpTest.php" line="43" class="Valksor\Functions\Php\Tests\PhpTest" classname="Valksor.Functions.Php.Tests.PhpTest" assertions="1" time="0.001000"/>
        <testcase name="testArrayConvertsObjectsToArray" file="/var/www/html/valksor/src/Valksor/Functions/Php/Tests/PhpTest.php" line="54" class="Valksor\Functions\Php\Tests\PhpTest" classname="Valksor.Functions.Php.Tests.PhpTest" assertions="2" time="0.001000"/>
        <testcase name="testArrayFromObjectUsesReflection" file="/var/www/html/valksor/src/Valksor/Functions/Php/Tests/PhpTest.php" line="67" class="Valksor\Functions\Php\Tests\PhpTest" classname="Valksor.Functions.Php.Tests.PhpTest" assertions="3" time="0.001000"/>
        <testcase name="testAttributeExistsChecksReflection" file="/var/www/html/valksor/src/Valksor/Functions/Php/Tests/PhpTest.php" line="87" class="Valksor\Functions\Php\Tests\PhpTest" classname="Valksor.Functions.Php.Tests.PhpTest" assertions="1" time="0.001000"/>
        <testcase name="testBindClosuresToObject" file="/var/www/html/valksor/src/Valksor/Functions/Php/Tests/PhpTest.php" line="96" class="Valksor\Functions\Php\Tests\PhpTest" classname="Valksor.Functions.Php.Tests.PhpTest" assertions="1" time="0.001000"/>
        <testcase name="testBoolvalConvertsValues" file="/var/www/html/valksor/src/Valksor/Functions/Php/Tests/PhpTest.php" line="112" class="Valksor\Functions\Php\Tests\PhpTest" classname="Valksor.Functions.Php.Tests.PhpTest" assertions="9" time="0.001000"/>
        <testcase name="testCallObjectWithPrependedArguments" file="/var/www/html/valksor/src/Valksor/Functions/Php/Tests/PhpTest.php" line="126" class="Valksor\Functions\Php\Tests\PhpTest" classname="Valksor.Functions.Php.Tests.PhpTest" assertions="1" time="0.001000"/>
        <testcase name="testCallWithPrependedArguments" file="/var/www/html/valksor/src/Valksor/Functions/Php/Tests/PhpTest.php" line="145" class="Valksor\Functions\Php\Tests\PhpTest" classname="Valksor.Functions.Php.Tests.PhpTest" assertions="1" time="0.001000"/>
        <testcase name="testClassConstantsReturnsConstants" file="/var/www/html/valksor/src/Valksor/Functions/Php/Tests/PhpTest.php" line="154" class="Valksor\Functions\Php\Tests\PhpTest" classname="Valksor.Functions.Php.Tests.PhpTest" assertions="1" time="0.001000"/>
        <testcase name="testClassConstantsThrowsOnInvalidClass" file="/var/www/html/valksor/src/Valksor/Functions/Php/Tests/PhpTest.php" line="161" class="Valksor\Functions\Php\Tests\PhpTest" classname="Valksor.Functions.Php.Tests.PhpTest" assertions="1" time="0.001000"/>
        <testcase name="testClassConstantsValuesReturnsValues" file="/var/www/html/valksor/src/Valksor/Functions/Php/Tests/PhpTest.php" line="168" class="Valksor\Functions\Php\Tests\PhpTest" classname="Valksor.Functions.Php.Tests.PhpTest" assertions="1" time="0.001000"/>
        <testcase name="testClassImplementsChecksInterfaces" file="/var/www/html/valksor/src/Valksor/Functions/Php/Tests/PhpTest.php" line="177" class="Valksor\Functions\Php\Tests\PhpTest" classname="Valksor.Functions.Php.Tests.PhpTest" assertions="2" time="0.001000"/>
        <testcase name="testClassMethodsReturnsMethods" file="/var/www/html/valksor/src/Valksor/Functions/Php/Tests/PhpTest.php" line="187" class="Valksor\Functions\Php\Tests\PhpTest" classname="Valksor.Functions.Php.Tests.PhpTest" assertions="2" time="0.001000"/>
        <testcase name="testClassMethodsWithParentFilter" file="/var/www/html/valksor/src/Valksor/Functions/Php/Tests/PhpTest.php" line="195" class="Valksor\Functions\Php\Tests\PhpTest" classname="Valksor.Functions.Php.Tests.PhpTest" assertions="3" time="0.001000"/>
        <testcase name="testDefinitionCreatesMethodDefinition" file="/var/www/html/valksor/src/Valksor/Functions/Php/Tests/PhpTest.php" line="210" class="Valksor\Functions\Php\Tests\PhpTest" classname="Valksor.Functions.Php.Tests.PhpTest" assertions="4" time="0.001000"/>
        <testcase name="testFilteredMethodsFiltersAndConvertsToSnakeCase" file="/var/www/html/valksor/src/Valksor/Functions/Php/Tests/PhpTest.php" line="233" class="Valksor\Functions\Php\Tests\PhpTest" classname="Valksor.Functions.Php.Tests.PhpTest" assertions="1" time="0.001000"/>
        <testcase name="testFilteredMethodsWithInvalidClass" file="/var/www/html/valksor/src/Valksor/Functions/Php/Tests/PhpTest.php" line="260" class="Valksor\Functions\Php\Tests\PhpTest" classname="Valksor.Functions.Php.Tests.PhpTest" assertions="1" time="0.001000"/>
        <testcase name="testGetMethodDirectly" file="/var/www/html/valksor/src/Valksor/Functions/Php/Tests/PhpTest.php" line="267" class="Valksor\Functions\Php\Tests\PhpTest" classname="Valksor.Functions.Php.Tests.PhpTest" assertions="1" time="0.001000"/>
        <testcase name="testGetNonStaticReturnsNonStaticProperty" file="/var/www/html/valksor/src/Valksor/Functions/Php/Tests/PhpTest.php" line="279" class="Valksor\Functions\Php\Tests\PhpTest" classname="Valksor.Functions.Php.Tests.PhpTest" assertions="1" time="0.001000"/>
        <testcase name="testGetNonStaticThrowsOnStaticProperty" file="/var/www/html/valksor/src/Valksor/Functions/Php/Tests/PhpTest.php" line="290" class="Valksor\Functions\Php\Tests\PhpTest" classname="Valksor.Functions.Php.Tests.PhpTest" assertions="2" time="0.001000"/>
        <testcase name="testGetReturnsNullForUninitializedProperty" file="/var/www/html/valksor/src/Valksor/Functions/Php/Tests/PhpTest.php" line="302" class="Valksor\Functions\Php\Tests\PhpTest" classname="Valksor.Functions.Php.Tests.PhpTest" assertions="1" time="0.001000"/>
        <testcase name="testGetReturnsPropertyValue" file="/var/www/html/valksor/src/Valksor/Functions/Php/Tests/PhpTest.php" line="315" class="Valksor\Functions\Php\Tests\PhpTest" classname="Valksor.Functions.Php.Tests.PhpTest" assertions="1" time="0.001000"/>
        <testcase name="testGetStaticMethodDirectly" file="/var/www/html/valksor/src/Valksor/Functions/Php/Tests/PhpTest.php" line="326" class="Valksor\Functions\Php\Tests\PhpTest" classname="Valksor.Functions.Php.Tests.PhpTest" assertions="1" time="0.001000"/>
        <testcase name="testGetStaticReturnsStaticProperty" file="/var/www/html/valksor/src/Valksor/Functions/Php/Tests/PhpTest.php" line="338" class="Valksor\Functions\Php\Tests\PhpTest" classname="Valksor.Functions.Php.Tests.PhpTest" assertions="1" time="0.001000"/>
        <testcase name="testGetStaticThrowsOnNonStaticProperty" file="/var/www/html/valksor/src/Valksor/Functions/Php/Tests/PhpTest.php" line="349" class="Valksor\Functions\Php\Tests\PhpTest" classname="Valksor.Functions.Php.Tests.PhpTest" assertions="2" time="0.001000"/>
        <testcase name="testGetThrowsForUninitializedPropertyWhenRequested" file="/var/www/html/valksor/src/Valksor/Functions/Php/Tests/PhpTest.php" line="361" class="Valksor\Functions\Php\Tests\PhpTest" classname="Valksor.Functions.Php.Tests.PhpTest" assertions="2" time="0.001000"/>
        <testcase name="testGetThrowsOnInvalidProperty" file="/var/www/html/valksor/src/Valksor/Functions/Php/Tests/PhpTest.php" line="373" class="Valksor\Functions\Php\Tests\PhpTest" classname="Valksor.Functions.Php.Tests.PhpTest" assertions="2" time="0.001000"/>
        <testcase name="testIsBoolChecksBooleanValues" file="/var/www/html/valksor/src/Valksor/Functions/Php/Tests/PhpTest.php" line="385" class="Valksor\Functions\Php\Tests\PhpTest" classname="Valksor.Functions.Php.Tests.PhpTest" assertions="14" time="0.001000"/>
        <testcase name="testNamespaceReturnsBackslashForInvalidClass" file="/var/www/html/valksor/src/Valksor/Functions/Php/Tests/PhpTest.php" line="404" class="Valksor\Functions\Php\Tests\PhpTest" classname="Valksor.Functions.Php.Tests.PhpTest" assertions="1" time="0.001000"/>
        <testcase name="testNamespaceReturnsNamespace" file="/var/www/html/valksor/src/Valksor/Functions/Php/Tests/PhpTest.php" line="413" class="Valksor\Functions\Php\Tests\PhpTest" classname="Valksor.Functions.Php.Tests.PhpTest" assertions="1" time="0.001000"/>
        <testcase name="testParameterReturnsArrayParameter" file="/var/www/html/valksor/src/Valksor/Functions/Php/Tests/PhpTest.php" line="422" class="Valksor\Functions\Php\Tests\PhpTest" classname="Valksor.Functions.Php.Tests.PhpTest" assertions="1" time="0.001000"/>
        <testcase name="testParameterReturnsNullForMissingKey" file="/var/www/html/valksor/src/Valksor/Functions/Php/Tests/PhpTest.php" line="431" class="Valksor\Functions\Php\Tests\PhpTest" classname="Valksor.Functions.Php.Tests.PhpTest" assertions="1" time="0.001000"/>
        <testcase name="testParameterReturnsObjectParameter" file="/var/www/html/valksor/src/Valksor/Functions/Php/Tests/PhpTest.php" line="445" class="Valksor\Functions\Php\Tests\PhpTest" classname="Valksor.Functions.Php.Tests.PhpTest" assertions="1" time="0.001000"/>
        <testcase name="testRandomizerCreatesInstance" file="/var/www/html/valksor/src/Valksor/Functions/Php/Tests/PhpTest.php" line="458" class="Valksor\Functions\Php\Tests\PhpTest" classname="Valksor.Functions.Php.Tests.PhpTest" assertions="0" time="0.001000">
          <skipped/>
        </testcase>
        <testcase name="testReturnFunctionCallsFunctionByName" file="/var/www/html/valksor/src/Valksor/Functions/Php/Tests/PhpTest.php" line="470" class="Valksor\Functions\Php\Tests\PhpTest" classname="Valksor.Functions.Php.Tests.PhpTest" assertions="1" time="0.001000"/>
        <testcase name="testReturnFunctionThrowsForNonExistentFunction" file="/var/www/html/valksor/src/Valksor/Functions/Php/Tests/PhpTest.php" line="477" class="Valksor\Functions\Php\Tests\PhpTest" classname="Valksor.Functions.Php.Tests.PhpTest" assertions="1" time="0.001000"/>
        <testcase name="testReturnObjectCallsObjectMethod" file="/var/www/html/valksor/src/Valksor/Functions/Php/Tests/PhpTest.php" line="487" class="Valksor\Functions\Php\Tests\PhpTest" classname="Valksor.Functions.Php.Tests.PhpTest" assertions="1" time="0.001000"/>
        <testcase name="testReturnObjectThrowsForNonExistentMethod" file="/var/www/html/valksor/src/Valksor/Functions/Php/Tests/PhpTest.php" line="501" class="Valksor\Functions\Php\Tests\PhpTest" classname="Valksor.Functions.Php.Tests.PhpTest" assertions="1" time="0.001000"/>
        <testcase name="testSetHandlesStaticAndNonStaticProperties" file="/var/www/html/valksor/src/Valksor/Functions/Php/Tests/PhpTest.php" line="510" class="Valksor\Functions\Php\Tests\PhpTest" classname="Valksor.Functions.Php.Tests.PhpTest" assertions="4" time="0.001000"/>
        <testcase name="testSetNonStaticPropertyValue" file="/var/www/html/valksor/src/Valksor/Functions/Php/Tests/PhpTest.php" line="528" class="Valksor\Functions\Php\Tests\PhpTest" classname="Valksor.Functions.Php.Tests.PhpTest" assertions="1" time="0.001000"/>
        <testcase name="testSetPropertyValue" file="/var/www/html/valksor/src/Valksor/Functions/Php/Tests/PhpTest.php" line="539" class="Valksor\Functions\Php\Tests\PhpTest" classname="Valksor.Functions.Php.Tests.PhpTest" assertions="1" time="0.001000"/>
        <testcase name="testSetStaticMethodDirectly" file="/var/www/html/valksor/src/Valksor/Functions/Php/Tests/PhpTest.php" line="550" class="Valksor\Functions\Php\Tests\PhpTest" classname="Valksor.Functions.Php.Tests.PhpTest" assertions="2" time="0.001000"/>
        <testcase name="testSetStaticPropertyValue" file="/var/www/html/valksor/src/Valksor/Functions/Php/Tests/PhpTest.php" line="563" class="Valksor\Functions\Php\Tests\PhpTest" classname="Valksor.Functions.Php.Tests.PhpTest" assertions="1" time="0.001000"/>
        <testcase name="testSetStaticReturnsObject" file="/var/www/html/valksor/src/Valksor/Functions/Php/Tests/PhpTest.php" line="574" class="Valksor\Functions\Php\Tests\PhpTest" classname="Valksor.Functions.Php.Tests.PhpTest" assertions="2" time="0.001000"/>
        <testcase name="testSetStaticThrowsOnNonStaticProperty" file="/var/www/html/valksor/src/Valksor/Functions/Php/Tests/PhpTest.php" line="586" class="Valksor\Functions\Php\Tests\PhpTest" classname="Valksor.Functions.Php.Tests.PhpTest" assertions="2" time="0.001000"/>
        <testcase name="testSetThrowsOnInvalidProperty" file="/var/www/html/valksor/src/Valksor/Functions/Php/Tests/PhpTest.php" line="598" class="Valksor\Functions\Php\Tests\PhpTest" classname="Valksor.Functions.Php.Tests.PhpTest" assertions="2" time="0.001000"/>
        <testcase name="testShortNameReturnsClassNameForInvalidClass" file="/var/www/html/valksor/src/Valksor/Functions/Php/Tests/PhpTest.php" line="610" class="Valksor\Functions\Php\Tests\PhpTest" classname="Valksor.Functions.Php.Tests.PhpTest" assertions="1" time="0.001000"/>
        <testcase name="testShortNameReturnsShortName" file="/var/www/html/valksor/src/Valksor/Functions/Php/Tests/PhpTest.php" line="617" class="Valksor\Functions\Php\Tests\PhpTest" classname="Valksor.Functions.Php.Tests.PhpTest" assertions="1" time="0.001000"/>
        <testcase name="testSystemInfoDirectCall" file="/var/www/html/valksor/src/Valksor/Functions/Php/Tests/PhpTest.php" line="624" class="Valksor\Functions\Php\Tests\PhpTest" classname="Valksor.Functions.Php.Tests.PhpTest" assertions="2" time="0.001000"/>
        <testcase name="testSystemInfoExtensionIsCorrectForWindows" file="/var/www/html/valksor/src/Valksor/Functions/Php/Tests/PhpTest.php" line="633" class="Valksor\Functions\Php\Tests\PhpTest" classname="Valksor.Functions.Php.Tests.PhpTest" assertions="1" time="0.001000"/>
        <testcase name="testSystemInfoReturnsCorrectInfo" file="/var/www/html/valksor/src/Valksor/Functions/Php/Tests/PhpTest.php" line="647" class="Valksor\Functions\Php\Tests\PhpTest" classname="Valksor.Functions.Php.Tests.PhpTest" assertions="5" time="0.001000"/>
        <testcase name="testUncoveredMethodsDirectly" file="/var/www/html/valksor/src/Valksor/Functions/Php/Tests/PhpTest.php" line="658" class="Valksor\Functions\Php\Tests\PhpTest" classname="Valksor.Functions.Php.Tests.PhpTest" assertions="1" time="0.001000"/>
        <testcase name="testVoidFunctionCallsFunctionWithoutReturn" file="/var/www/html/valksor/src/Valksor/Functions/Php/Tests/PhpTest.php" line="675" class="Valksor\Functions\Php\Tests\PhpTest" classname="Valksor.Functions.Php.Tests.PhpTest" assertions="1" time="0.001000"/>
        <testcase name="testVoidObjectCallsObjectMethodWithoutReturn" file="/var/www/html/valksor/src/Valksor/Functions/Php/Tests/PhpTest.php" line="683" class="Valksor\Functions\Php\Tests\PhpTest" classname="Valksor.Functions.Php.Tests.PhpTest" assertions="1" time="0.001000"/>
      </testsuite>
    </testsuite>
  </testsuite>
</testsuites>
