<?xml version="1.0" encoding="UTF-8"?>
<!DOCTYPE coverage SYSTEM "http://cobertura.sourceforge.net/xml/coverage-04.dtd">
<coverage line-rate="0.78618421052632" branch-rate="0" lines-covered="478" lines-valid="608" branches-covered="0" branches-valid="0" complexity="217" version="0.4" timestamp="0">
  <sources>
    <source>/var/www/html/valksor/src/Valksor/Bundle</source>
  </sources>
  <packages>
    <package name="Command/AbstractCommand.php" line-rate="1" branch-rate="0" complexity="8">
      <classes>
        <class name="Valksor\Bundle\Command\AbstractCommand" filename="Command/AbstractCommand.php" line-rate="1" branch-rate="0" complexity="8">
          <methods>
            <method name="__construct" signature="ParameterBagInterface $parameterBag" line-rate="1" branch-rate="0" complexity="1">
              <lines>
                <line number="30" hits="5"/>
                <line number="31" hits="5"/>
              </lines>
            </method>
            <method name="createSymfonyStyle" signature="InputInterface $input, OutputInterface $output" line-rate="1" branch-rate="0" complexity="1">
              <lines>
                <line number="41" hits="2"/>
              </lines>
            </method>
            <method name="getAppsDir" signature="" line-rate="1" branch-rate="0" complexity="1">
              <lines>
                <line number="46" hits="2"/>
                <line number="48" hits="2"/>
              </lines>
            </method>
            <method name="getInfrastructureDir" signature="" line-rate="1" branch-rate="0" complexity="1">
              <lines>
                <line number="53" hits="1"/>
                <line number="55" hits="1"/>
              </lines>
            </method>
            <method name="handleCommandError" signature="string $message, ?SymfonyStyle $io" line-rate="1" branch-rate="0" complexity="1">
              <lines>
                <line number="62" hits="1"/>
                <line number="64" hits="1"/>
              </lines>
            </method>
            <method name="handleCommandSuccess" signature="string $message, ?SymfonyStyle $io" line-rate="1" branch-rate="0" complexity="1">
              <lines>
                <line number="74" hits="2"/>
                <line number="76" hits="2"/>
              </lines>
            </method>
            <method name="isProductionEnvironment" signature="" line-rate="1" branch-rate="0" complexity="1">
              <lines>
                <line number="81" hits="1"/>
              </lines>
            </method>
            <method name="resolveProjectRoot" signature="" line-rate="1" branch-rate="0" complexity="1">
              <lines>
                <line number="86" hits="2"/>
              </lines>
            </method>
          </methods>
          <lines>
            <line number="30" hits="5"/>
            <line number="31" hits="5"/>
            <line number="41" hits="2"/>
            <line number="46" hits="2"/>
            <line number="48" hits="2"/>
            <line number="53" hits="1"/>
            <line number="55" hits="1"/>
            <line number="62" hits="1"/>
            <line number="64" hits="1"/>
            <line number="74" hits="2"/>
            <line number="76" hits="2"/>
            <line number="81" hits="1"/>
            <line number="86" hits="2"/>
          </lines>
        </class>
      </classes>
    </package>
    <package name="Command/AutoloadGenerateCommand.php" line-rate="0.925" branch-rate="0" complexity="8">
      <classes>
        <class name="Valksor\Bundle\Command\AutoloadGenerateCommand" filename="Command/AutoloadGenerateCommand.php" line-rate="0.925" branch-rate="0" complexity="8">
          <methods>
            <method name="__invoke" signature="InputInterface $input, OutputInterface $output" line-rate="0.925" branch-rate="0" complexity="8">
              <lines>
                <line number="44" hits="1"/>
                <line number="47" hits="1"/>
                <line number="48" hits="1"/>
                <line number="50" hits="1"/>
                <line number="51" hits="1"/>
                <line number="52" hits="1"/>
                <line number="53" hits="1"/>
                <line number="54" hits="1"/>
                <line number="55" hits="1"/>
                <line number="57" hits="1"/>
                <line number="58" hits="1"/>
                <line number="59" hits="1"/>
                <line number="60" hits="1"/>
                <line number="65" hits="1"/>
                <line number="67" hits="1"/>
                <line number="68" hits="1"/>
                <line number="70" hits="1"/>
                <line number="71" hits="1"/>
                <line number="72" hits="1"/>
                <line number="74" hits="1"/>
                <line number="75" hits="1"/>
                <line number="76" hits="1"/>
                <line number="77" hits="1"/>
                <line number="78" hits="1"/>
                <line number="79" hits="1"/>
                <line number="80" hits="1"/>
                <line number="81" hits="1"/>
                <line number="82" hits="1"/>
                <line number="83" hits="1"/>
                <line number="84" hits="1"/>
                <line number="85" hits="1"/>
                <line number="87" hits="1"/>
                <line number="89" hits="1"/>
                <line number="90" hits="0"/>
                <line number="93" hits="1"/>
                <line number="95" hits="1"/>
                <line number="96" hits="1"/>
                <line number="99" hits="1"/>
                <line number="100" hits="0"/>
                <line number="101" hits="0"/>
              </lines>
            </method>
          </methods>
          <lines>
            <line number="44" hits="1"/>
            <line number="47" hits="1"/>
            <line number="48" hits="1"/>
            <line number="50" hits="1"/>
            <line number="51" hits="1"/>
            <line number="52" hits="1"/>
            <line number="53" hits="1"/>
            <line number="54" hits="1"/>
            <line number="55" hits="1"/>
            <line number="57" hits="1"/>
            <line number="58" hits="1"/>
            <line number="59" hits="1"/>
            <line number="60" hits="1"/>
            <line number="65" hits="1"/>
            <line number="67" hits="1"/>
            <line number="68" hits="1"/>
            <line number="70" hits="1"/>
            <line number="71" hits="1"/>
            <line number="72" hits="1"/>
            <line number="74" hits="1"/>
            <line number="75" hits="1"/>
            <line number="76" hits="1"/>
            <line number="77" hits="1"/>
            <line number="78" hits="1"/>
            <line number="79" hits="1"/>
            <line number="80" hits="1"/>
            <line number="81" hits="1"/>
            <line number="82" hits="1"/>
            <line number="83" hits="1"/>
            <line number="84" hits="1"/>
            <line number="85" hits="1"/>
            <line number="87" hits="1"/>
            <line number="89" hits="1"/>
            <line number="90" hits="0"/>
            <line number="93" hits="1"/>
            <line number="95" hits="1"/>
            <line number="96" hits="1"/>
            <line number="99" hits="1"/>
            <line number="100" hits="0"/>
            <line number="101" hits="0"/>
          </lines>
        </class>
      </classes>
    </package>
    <package name="Console/AbstractConsoleEntrypoint.php" line-rate="0.953125" branch-rate="0" complexity="25">
      <classes>
        <class name="Valksor\Bundle\Console\AbstractConsoleEntrypoint" filename="Console/AbstractConsoleEntrypoint.php" line-rate="0.953125" branch-rate="0" complexity="25">
          <methods>
            <method name="create" signature="string $projectDir" line-rate="0.92" branch-rate="0" complexity="7">
              <lines>
                <line number="56" hits="6"/>
                <line number="57" hits="4"/>
                <line number="59" hits="3"/>
                <line number="60" hits="3"/>
                <line number="61" hits="3"/>
                <line number="62" hits="3"/>
                <line number="64" hits="3"/>
                <line number="67" hits="3"/>
                <line number="68" hits="2"/>
                <line number="71" hits="2"/>
                <line number="72" hits="1"/>
                <line number="73" hits="1"/>
                <line number="74" hits="1"/>
                <line number="75" hits="1"/>
                <line number="76" hits="1"/>
                <line number="77" hits="1"/>
                <line number="78" hits="1"/>
                <line number="81" hits="1"/>
                <line number="82" hits="1"/>
                <line number="85" hits="0"/>
                <line number="86" hits="1"/>
                <line number="87" hits="1"/>
                <line number="89" hits="0"/>
                <line number="92" hits="1"/>
                <line number="93" hits="3"/>
              </lines>
            </method>
            <method name="createApplication" signature="string $appId, array $context, string $projectDir" line-rate="1" branch-rate="0" complexity="1">
              <lines>
                <line number="129" hits="1"/>
                <line number="130" hits="1"/>
                <line number="131" hits="1"/>
                <line number="132" hits="1"/>
                <line number="133" hits="1"/>
                <line number="134" hits="1"/>
                <line number="135" hits="1"/>
                <line number="136" hits="1"/>
                <line number="137" hits="1"/>
                <line number="138" hits="1"/>
                <line number="141" hits="1"/>
                <line number="142" hits="1"/>
                <line number="143" hits="1"/>
                <line number="145" hits="1"/>
              </lines>
            </method>
            <method name="discoverApps" signature="string $projectDir" line-rate="1" branch-rate="0" complexity="6">
              <lines>
                <line number="156" hits="4"/>
                <line number="157" hits="4"/>
                <line number="159" hits="4"/>
                <line number="160" hits="4"/>
                <line number="161" hits="4"/>
                <line number="162" hits="3"/>
                <line number="167" hits="4"/>
              </lines>
            </method>
            <method name="resolveAppAlias" signature="string $alias, array $availableApps" line-rate="1" branch-rate="0" complexity="5">
              <lines>
                <line number="181" hits="3"/>
                <line number="183" hits="3"/>
                <line number="184" hits="3"/>
                <line number="186" hits="3"/>
                <line number="187" hits="3"/>
                <line number="191" hits="3"/>
                <line number="192" hits="2"/>
                <line number="195" hits="2"/>
                <line number="196" hits="1"/>
                <line number="200" hits="1"/>
              </lines>
            </method>
            <method name="validateConfiguration" signature="" line-rate="0.75" branch-rate="0" complexity="3">
              <lines>
                <line number="210" hits="4"/>
                <line number="211" hits="1"/>
                <line number="214" hits="3"/>
                <line number="215" hits="0"/>
              </lines>
            </method>
            <method name="validateDependencies" signature="string $projectDir" line-rate="1" branch-rate="0" complexity="3">
              <lines>
                <line number="227" hits="6"/>
                <line number="228" hits="1"/>
                <line number="231" hits="5"/>
                <line number="232" hits="1"/>
              </lines>
            </method>
          </methods>
          <lines>
            <line number="56" hits="6"/>
            <line number="57" hits="4"/>
            <line number="59" hits="3"/>
            <line number="60" hits="3"/>
            <line number="61" hits="3"/>
            <line number="62" hits="3"/>
            <line number="64" hits="3"/>
            <line number="67" hits="3"/>
            <line number="68" hits="2"/>
            <line number="71" hits="2"/>
            <line number="72" hits="1"/>
            <line number="73" hits="1"/>
            <line number="74" hits="1"/>
            <line number="75" hits="1"/>
            <line number="76" hits="1"/>
            <line number="77" hits="1"/>
            <line number="78" hits="1"/>
            <line number="81" hits="1"/>
            <line number="82" hits="1"/>
            <line number="85" hits="0"/>
            <line number="86" hits="1"/>
            <line number="87" hits="1"/>
            <line number="89" hits="0"/>
            <line number="92" hits="1"/>
            <line number="93" hits="3"/>
            <line number="129" hits="1"/>
            <line number="130" hits="1"/>
            <line number="131" hits="1"/>
            <line number="132" hits="1"/>
            <line number="133" hits="1"/>
            <line number="134" hits="1"/>
            <line number="135" hits="1"/>
            <line number="136" hits="1"/>
            <line number="137" hits="1"/>
            <line number="138" hits="1"/>
            <line number="141" hits="1"/>
            <line number="142" hits="1"/>
            <line number="143" hits="1"/>
            <line number="145" hits="1"/>
            <line number="156" hits="4"/>
            <line number="157" hits="4"/>
            <line number="159" hits="4"/>
            <line number="160" hits="4"/>
            <line number="161" hits="4"/>
            <line number="162" hits="3"/>
            <line number="167" hits="4"/>
            <line number="181" hits="3"/>
            <line number="183" hits="3"/>
            <line number="184" hits="3"/>
            <line number="186" hits="3"/>
            <line number="187" hits="3"/>
            <line number="191" hits="3"/>
            <line number="192" hits="2"/>
            <line number="195" hits="2"/>
            <line number="196" hits="1"/>
            <line number="200" hits="1"/>
            <line number="210" hits="4"/>
            <line number="211" hits="1"/>
            <line number="214" hits="3"/>
            <line number="215" hits="0"/>
            <line number="227" hits="6"/>
            <line number="228" hits="1"/>
            <line number="231" hits="5"/>
            <line number="232" hits="1"/>
          </lines>
        </class>
      </classes>
    </package>
    <package name="Console/MultiAppApplication.php" line-rate="0.35" branch-rate="0" complexity="13">
      <classes>
        <class name="Valksor\Bundle\Console\MultiAppApplication" filename="Console/MultiAppApplication.php" line-rate="0.35" branch-rate="0" complexity="13">
          <methods>
            <method name="__construct" signature="array $availableApps, array $context, string $projectDir, ?string $appsDir, ?string $infrastructureDir" line-rate="1" branch-rate="0" complexity="1">
              <lines>
                <line number="43" hits="2"/>
                <line number="44" hits="2"/>
                <line number="45" hits="2"/>
                <line number="46" hits="2"/>
                <line number="47" hits="2"/>
                <line number="48" hits="2"/>
                <line number="49" hits="2"/>
                <line number="50" hits="2"/>
                <line number="51" hits="2"/>
                <line number="52" hits="2"/>
                <line number="53" hits="2"/>
                <line number="54" hits="2"/>
                <line number="55" hits="2"/>
                <line number="56" hits="2"/>
              </lines>
            </method>
            <method name="doRun" signature="InputInterface $input, OutputInterface $output" line-rate="0.13333333333333" branch-rate="0" complexity="11">
              <lines>
                <line number="66" hits="1"/>
                <line number="67" hits="1"/>
                <line number="69" hits="1"/>
                <line number="70" hits="1"/>
                <line number="71" hits="1"/>
                <line number="73" hits="1"/>
                <line number="76" hits="0"/>
                <line number="78" hits="0"/>
                <line number="79" hits="0"/>
                <line number="82" hits="0"/>
                <line number="83" hits="0"/>
                <line number="84" hits="0"/>
                <line number="85" hits="0"/>
                <line number="86" hits="0"/>
                <line number="87" hits="0"/>
                <line number="88" hits="0"/>
                <line number="89" hits="0"/>
                <line number="90" hits="0"/>
                <line number="91" hits="0"/>
                <line number="92" hits="0"/>
                <line number="93" hits="0"/>
                <line number="94" hits="0"/>
                <line number="97" hits="0"/>
                <line number="98" hits="0"/>
                <line number="101" hits="0"/>
                <line number="102" hits="0"/>
                <line number="105" hits="0"/>
                <line number="106" hits="0"/>
                <line number="109" hits="0"/>
                <line number="110" hits="0"/>
                <line number="114" hits="0"/>
                <line number="116" hits="0"/>
                <line number="118" hits="0"/>
                <line number="121" hits="0"/>
                <line number="122" hits="0"/>
                <line number="123" hits="0"/>
                <line number="125" hits="0"/>
                <line number="127" hits="0"/>
                <line number="128" hits="0"/>
                <line number="129" hits="0"/>
                <line number="132" hits="0"/>
                <line number="135" hits="0"/>
                <line number="136" hits="0"/>
                <line number="138" hits="0"/>
                <line number="141" hits="0"/>
              </lines>
            </method>
            <method name="alias" signature="string $appId" line-rate="1" branch-rate="0" complexity="1">
              <lines>
                <line number="156" hits="1"/>
              </lines>
            </method>
          </methods>
          <lines>
            <line number="43" hits="2"/>
            <line number="44" hits="2"/>
            <line number="45" hits="2"/>
            <line number="46" hits="2"/>
            <line number="47" hits="2"/>
            <line number="48" hits="2"/>
            <line number="49" hits="2"/>
            <line number="50" hits="2"/>
            <line number="51" hits="2"/>
            <line number="52" hits="2"/>
            <line number="53" hits="2"/>
            <line number="54" hits="2"/>
            <line number="55" hits="2"/>
            <line number="56" hits="2"/>
            <line number="66" hits="1"/>
            <line number="67" hits="1"/>
            <line number="69" hits="1"/>
            <line number="70" hits="1"/>
            <line number="71" hits="1"/>
            <line number="73" hits="1"/>
            <line number="76" hits="0"/>
            <line number="78" hits="0"/>
            <line number="79" hits="0"/>
            <line number="82" hits="0"/>
            <line number="83" hits="0"/>
            <line number="84" hits="0"/>
            <line number="85" hits="0"/>
            <line number="86" hits="0"/>
            <line number="87" hits="0"/>
            <line number="88" hits="0"/>
            <line number="89" hits="0"/>
            <line number="90" hits="0"/>
            <line number="91" hits="0"/>
            <line number="92" hits="0"/>
            <line number="93" hits="0"/>
            <line number="94" hits="0"/>
            <line number="97" hits="0"/>
            <line number="98" hits="0"/>
            <line number="101" hits="0"/>
            <line number="102" hits="0"/>
            <line number="105" hits="0"/>
            <line number="106" hits="0"/>
            <line number="109" hits="0"/>
            <line number="110" hits="0"/>
            <line number="114" hits="0"/>
            <line number="116" hits="0"/>
            <line number="118" hits="0"/>
            <line number="121" hits="0"/>
            <line number="122" hits="0"/>
            <line number="123" hits="0"/>
            <line number="125" hits="0"/>
            <line number="127" hits="0"/>
            <line number="128" hits="0"/>
            <line number="129" hits="0"/>
            <line number="132" hits="0"/>
            <line number="135" hits="0"/>
            <line number="136" hits="0"/>
            <line number="138" hits="0"/>
            <line number="141" hits="0"/>
            <line number="156" hits="1"/>
          </lines>
        </class>
      </classes>
    </package>
    <package name="Constants/BundleContext.php" line-rate="0" branch-rate="0" complexity="0">
      <classes>
        <class name="Valksor\Bundle\Constants\BundleContext" filename="Constants/BundleContext.php" line-rate="0" branch-rate="0" complexity="0">
          <methods/>
          <lines/>
        </class>
      </classes>
    </package>
    <package name="DependencyInjection/AbstractDependencyConfiguration.php" line-rate="0.82352941176471" branch-rate="0" complexity="9">
      <classes>
        <class name="Valksor\Bundle\DependencyInjection\AbstractDependencyConfiguration" filename="DependencyInjection/AbstractDependencyConfiguration.php" line-rate="0.82352941176471" branch-rate="0" complexity="9">
          <methods>
            <method name="addSection" signature="ArrayNodeDefinition $rootNode, callable $enableIfStandalone, string $component" line-rate="1" branch-rate="0" complexity="1">
              <lines>
                <line number="33" hits="1"/>
                <line number="34" hits="1"/>
                <line number="35" hits="1"/>
                <line number="36" hits="1"/>
                <line number="37" hits="1"/>
              </lines>
            </method>
            <method name="autoDiscover" signature="" line-rate="0" branch-rate="0" complexity="1">
              <lines>
                <line number="42" hits="0"/>
              </lines>
            </method>
            <method name="build" signature="ContainerBuilder $container" line-rate="1" branch-rate="0" complexity="1">
              <lines>
                <line number="48" hits="1"/>
              </lines>
            </method>
            <method name="registerConfiguration" signature="ContainerConfigurator $container, ContainerBuilder $builder, string $component" line-rate="1" branch-rate="0" complexity="3">
              <lines>
                <line number="55" hits="2"/>
                <line number="57" hits="2"/>
                <line number="58" hits="1"/>
                <line number="60" hits="1"/>
                <line number="63" hits="2"/>
                <line number="65" hits="2"/>
                <line number="66" hits="2"/>
              </lines>
            </method>
            <method name="registerPreConfiguration" signature="ContainerConfigurator $container, ContainerBuilder $builder, string $component" line-rate="1" branch-rate="0" complexity="1">
              <lines>
                <line number="75" hits="2"/>
              </lines>
            </method>
            <method name="usesDoctrine" signature="" line-rate="0" branch-rate="0" complexity="1">
              <lines>
                <line number="79" hits="0"/>
              </lines>
            </method>
            <method name="mergeConfig" signature="ContainerBuilder $builder, string $extension" line-rate="0" branch-rate="0" complexity="1">
              <lines>
                <line number="89" hits="0"/>
              </lines>
            </method>
          </methods>
          <lines>
            <line number="33" hits="1"/>
            <line number="34" hits="1"/>
            <line number="35" hits="1"/>
            <line number="36" hits="1"/>
            <line number="37" hits="1"/>
            <line number="42" hits="0"/>
            <line number="48" hits="1"/>
            <line number="55" hits="2"/>
            <line number="57" hits="2"/>
            <line number="58" hits="1"/>
            <line number="60" hits="1"/>
            <line number="63" hits="2"/>
            <line number="65" hits="2"/>
            <line number="66" hits="2"/>
            <line number="75" hits="2"/>
            <line number="79" hits="0"/>
            <line number="89" hits="0"/>
          </lines>
        </class>
      </classes>
    </package>
    <package name="DependencyInjection/Dependency.php" line-rate="0" branch-rate="0" complexity="0">
      <classes/>
    </package>
    <package name="DependencyInjection/ValksorConfiguration.php" line-rate="1" branch-rate="0" complexity="6">
      <classes>
        <class name="Valksor\Bundle\DependencyInjection\ValksorConfiguration" filename="DependencyInjection/ValksorConfiguration.php" line-rate="1" branch-rate="0" complexity="6">
          <methods>
            <method name="addSection" signature="ArrayNodeDefinition $rootNode, callable $enableIfStandalone, string $component" line-rate="1" branch-rate="0" complexity="1">
              <lines>
                <line number="26" hits="1"/>
                <line number="27" hits="1"/>
                <line number="28" hits="1"/>
                <line number="29" hits="1"/>
                <line number="30" hits="1"/>
                <line number="31" hits="1"/>
                <line number="32" hits="1"/>
                <line number="33" hits="1"/>
                <line number="34" hits="1"/>
                <line number="35" hits="1"/>
                <line number="36" hits="1"/>
                <line number="37" hits="1"/>
                <line number="38" hits="1"/>
                <line number="39" hits="1"/>
                <line number="40" hits="1"/>
                <line number="41" hits="1"/>
                <line number="42" hits="1"/>
                <line number="43" hits="1"/>
                <line number="44" hits="1"/>
                <line number="45" hits="1"/>
                <line number="46" hits="1"/>
                <line number="47" hits="1"/>
                <line number="48" hits="1"/>
                <line number="49" hits="1"/>
                <line number="50" hits="1"/>
                <line number="51" hits="1"/>
                <line number="52" hits="1"/>
                <line number="53" hits="1"/>
              </lines>
            </method>
            <method name="registerGlobalMigrations" signature="ContainerConfigurator $container, ContainerBuilder $builder" line-rate="1" branch-rate="0" complexity="3">
              <lines>
                <line number="60" hits="1"/>
                <line number="61" hits="1"/>
                <line number="62" hits="1"/>
                <line number="63" hits="1"/>
                <line number="64" hits="1"/>
                <line number="65" hits="1"/>
                <line number="66" hits="1"/>
              </lines>
            </method>
            <method name="registerPreConfiguration" signature="ContainerConfigurator $container, ContainerBuilder $builder, string $component" line-rate="1" branch-rate="0" complexity="2">
              <lines>
                <line number="76" hits="2"/>
                <line number="77" hits="2"/>
                <line number="78" hits="2"/>
                <line number="79" hits="2"/>
              </lines>
            </method>
          </methods>
          <lines>
            <line number="26" hits="1"/>
            <line number="27" hits="1"/>
            <line number="28" hits="1"/>
            <line number="29" hits="1"/>
            <line number="30" hits="1"/>
            <line number="31" hits="1"/>
            <line number="32" hits="1"/>
            <line number="33" hits="1"/>
            <line number="34" hits="1"/>
            <line number="35" hits="1"/>
            <line number="36" hits="1"/>
            <line number="37" hits="1"/>
            <line number="38" hits="1"/>
            <line number="39" hits="1"/>
            <line number="40" hits="1"/>
            <line number="41" hits="1"/>
            <line number="42" hits="1"/>
            <line number="43" hits="1"/>
            <line number="44" hits="1"/>
            <line number="45" hits="1"/>
            <line number="46" hits="1"/>
            <line number="47" hits="1"/>
            <line number="48" hits="1"/>
            <line number="49" hits="1"/>
            <line number="50" hits="1"/>
            <line number="51" hits="1"/>
            <line number="52" hits="1"/>
            <line number="53" hits="1"/>
            <line number="60" hits="1"/>
            <line number="61" hits="1"/>
            <line number="62" hits="1"/>
            <line number="63" hits="1"/>
            <line number="64" hits="1"/>
            <line number="65" hits="1"/>
            <line number="66" hits="1"/>
            <line number="76" hits="2"/>
            <line number="77" hits="2"/>
            <line number="78" hits="2"/>
            <line number="79" hits="2"/>
          </lines>
        </class>
      </classes>
    </package>
    <package name="Kernel/AbstractKernel.php" line-rate="0.96296296296296" branch-rate="0" complexity="40">
      <classes>
        <class name="Valksor\Bundle\Kernel\AbstractKernel" filename="Kernel/AbstractKernel.php" line-rate="0.96296296296296" branch-rate="0" complexity="40">
          <methods>
            <method name="__construct" signature="string $environment, bool $debug, string $id" line-rate="0.75" branch-rate="0" complexity="3">
              <lines>
                <line number="52" hits="8"/>
                <line number="53" hits="8"/>
                <line number="55" hits="8"/>
                <line number="56" hits="0"/>
                <line number="59" hits="8"/>
                <line number="60" hits="0"/>
                <line number="63" hits="8"/>
                <line number="66" hits="8"/>
              </lines>
            </method>
            <method name="getAppConfigDir" signature="" line-rate="1" branch-rate="0" complexity="1">
              <lines>
                <line number="71" hits="6"/>
              </lines>
            </method>
            <method name="getCacheDir" signature="" line-rate="1" branch-rate="0" complexity="1">
              <lines>
                <line number="76" hits="2"/>
              </lines>
            </method>
            <method name="getConfigDir" signature="" line-rate="1" branch-rate="0" complexity="1">
              <lines>
                <line number="81" hits="2"/>
              </lines>
            </method>
            <method name="getLogDir" signature="" line-rate="1" branch-rate="0" complexity="1">
              <lines>
                <line number="86" hits="2"/>
              </lines>
            </method>
            <method name="registerBundles" signature="" line-rate="1" branch-rate="0" complexity="3">
              <lines>
                <line number="91" hits="1"/>
                <line number="92" hits="1"/>
                <line number="93" hits="1"/>
              </lines>
            </method>
            <method name="configureContainer" signature="ContainerConfigurator $container" line-rate="1" branch-rate="0" complexity="1">
              <lines>
                <line number="101" hits="1"/>
                <line number="102" hits="1"/>
                <line number="105" hits="1"/>
                <line number="106" hits="1"/>
                <line number="107" hits="1"/>
                <line number="109" hits="1"/>
                <line number="110" hits="1"/>
                <line number="111" hits="1"/>
                <line number="112" hits="1"/>
                <line number="113" hits="1"/>
              </lines>
            </method>
            <method name="configureRoutes" signature="RoutingConfigurator $routes" line-rate="1" branch-rate="0" complexity="1">
              <lines>
                <line number="119" hits="1"/>
                <line number="120" hits="1"/>
                <line number="122" hits="1"/>
                <line number="124" hits="1"/>
                <line number="125" hits="1"/>
                <line number="126" hits="1"/>
              </lines>
            </method>
            <method name="getKernelParameters" signature="" line-rate="1" branch-rate="0" complexity="1">
              <lines>
                <line number="134" hits="1"/>
                <line number="135" hits="1"/>
                <line number="136" hits="1"/>
                <line number="137" hits="1"/>
              </lines>
            </method>
            <method name="getAllBundles" signature="" line-rate="1" branch-rate="0" complexity="4">
              <lines>
                <line number="145" hits="3"/>
                <line number="146" hits="1"/>
                <line number="149" hits="3"/>
                <line number="151" hits="3"/>
                <line number="153" hits="3"/>
                <line number="154" hits="3"/>
                <line number="155" hits="3"/>
                <line number="158" hits="3"/>
                <line number="160" hits="3"/>
                <line number="161" hits="1"/>
                <line number="162" hits="1"/>
                <line number="165" hits="3"/>
              </lines>
            </method>
            <method name="hasOverride" signature="string $dir, string $base" line-rate="1" branch-rate="0" complexity="1">
              <lines>
                <line number="172" hits="3"/>
              </lines>
            </method>
            <method name="importConfig" signature="string $filename, ContainerConfigurator $container, bool $check" line-rate="1" branch-rate="0" complexity="3">
              <lines>
                <line number="180" hits="1"/>
                <line number="182" hits="1"/>
                <line number="183" hits="1"/>
              </lines>
            </method>
            <method name="importDirConfigsWithOverride" signature="string $infrastructureDir, string $appDir, ContainerConfigurator $container" line-rate="1" branch-rate="0" complexity="2">
              <lines>
                <line number="192" hits="1"/>
                <line number="193" hits="1"/>
              </lines>
            </method>
            <method name="importDirRoutesWithOverride" signature="string $infrastructureDir, string $appDir, RoutingConfigurator $routes" line-rate="1" branch-rate="0" complexity="2">
              <lines>
                <line number="202" hits="1"/>
                <line number="203" hits="1"/>
              </lines>
            </method>
            <method name="importInfrastructurePackagesWithOverride" signature="string $infrastructureConfigDir, string $appConfigDir, ContainerConfigurator $container" line-rate="1" branch-rate="0" complexity="1">
              <lines>
                <line number="212" hits="1"/>
                <line number="213" hits="1"/>
                <line number="214" hits="1"/>
                <line number="215" hits="1"/>
                <line number="216" hits="1"/>
                <line number="218" hits="1"/>
                <line number="219" hits="1"/>
                <line number="220" hits="1"/>
                <line number="221" hits="1"/>
                <line number="222" hits="1"/>
              </lines>
            </method>
            <method name="importInfrastructureRoutesWithOverride" signature="string $infrastructureConfigDir, string $appConfigDir, RoutingConfigurator $routes" line-rate="0.92307692307692" branch-rate="0" complexity="3">
              <lines>
                <line number="230" hits="1"/>
                <line number="231" hits="1"/>
                <line number="232" hits="1"/>
                <line number="233" hits="1"/>
                <line number="234" hits="1"/>
                <line number="236" hits="1"/>
                <line number="237" hits="1"/>
                <line number="238" hits="1"/>
                <line number="239" hits="1"/>
                <line number="240" hits="1"/>
                <line number="242" hits="1"/>
                <line number="244" hits="1"/>
                <line number="245" hits="0"/>
              </lines>
            </method>
            <method name="importRoutes" signature="string $filename, RoutingConfigurator $routes, bool $check" line-rate="1" branch-rate="0" complexity="3">
              <lines>
                <line number="254" hits="1"/>
                <line number="256" hits="1"/>
                <line number="257" hits="1"/>
              </lines>
            </method>
            <method name="listInfrastructureFilesWithOverride" signature="string $infrastructureDir, string $appDir" line-rate="0.90909090909091" branch-rate="0" complexity="5">
              <lines>
                <line number="272" hits="3"/>
                <line number="273" hits="0"/>
                <line number="276" hits="3"/>
                <line number="277" hits="3"/>
                <line number="279" hits="3"/>
                <line number="281" hits="3"/>
                <line number="282" hits="3"/>
                <line number="284" hits="3"/>
                <line number="285" hits="3"/>
                <line number="287" hits="3"/>
                <line number="290" hits="3"/>
              </lines>
            </method>
            <method name="loadAppEnvironmentFiles" signature="" line-rate="1" branch-rate="0" complexity="3">
              <lines>
                <line number="310" hits="8"/>
                <line number="311" hits="8"/>
                <line number="312" hits="8"/>
                <line number="314" hits="8"/>
                <line number="315" hits="8"/>
                <line number="316" hits="8"/>
                <line number="317" hits="8"/>
                <line number="318" hits="8"/>
                <line number="319" hits="8"/>
                <line number="320" hits="8"/>
                <line number="321" hits="8"/>
                <line number="322" hits="8"/>
                <line number="323" hits="8"/>
                <line number="325" hits="8"/>
                <line number="326" hits="8"/>
                <line number="327" hits="1"/>
              </lines>
            </method>
          </methods>
          <lines>
            <line number="52" hits="8"/>
            <line number="53" hits="8"/>
            <line number="55" hits="8"/>
            <line number="56" hits="0"/>
            <line number="59" hits="8"/>
            <line number="60" hits="0"/>
            <line number="63" hits="8"/>
            <line number="66" hits="8"/>
            <line number="71" hits="6"/>
            <line number="76" hits="2"/>
            <line number="81" hits="2"/>
            <line number="86" hits="2"/>
            <line number="91" hits="1"/>
            <line number="92" hits="1"/>
            <line number="93" hits="1"/>
            <line number="101" hits="1"/>
            <line number="102" hits="1"/>
            <line number="105" hits="1"/>
            <line number="106" hits="1"/>
            <line number="107" hits="1"/>
            <line number="109" hits="1"/>
            <line number="110" hits="1"/>
            <line number="111" hits="1"/>
            <line number="112" hits="1"/>
            <line number="113" hits="1"/>
            <line number="119" hits="1"/>
            <line number="120" hits="1"/>
            <line number="122" hits="1"/>
            <line number="124" hits="1"/>
            <line number="125" hits="1"/>
            <line number="126" hits="1"/>
            <line number="134" hits="1"/>
            <line number="135" hits="1"/>
            <line number="136" hits="1"/>
            <line number="137" hits="1"/>
            <line number="145" hits="3"/>
            <line number="146" hits="1"/>
            <line number="149" hits="3"/>
            <line number="151" hits="3"/>
            <line number="153" hits="3"/>
            <line number="154" hits="3"/>
            <line number="155" hits="3"/>
            <line number="158" hits="3"/>
            <line number="160" hits="3"/>
            <line number="161" hits="1"/>
            <line number="162" hits="1"/>
            <line number="165" hits="3"/>
            <line number="172" hits="3"/>
            <line number="180" hits="1"/>
            <line number="182" hits="1"/>
            <line number="183" hits="1"/>
            <line number="192" hits="1"/>
            <line number="193" hits="1"/>
            <line number="202" hits="1"/>
            <line number="203" hits="1"/>
            <line number="212" hits="1"/>
            <line number="213" hits="1"/>
            <line number="214" hits="1"/>
            <line number="215" hits="1"/>
            <line number="216" hits="1"/>
            <line number="218" hits="1"/>
            <line number="219" hits="1"/>
            <line number="220" hits="1"/>
            <line number="221" hits="1"/>
            <line number="222" hits="1"/>
            <line number="230" hits="1"/>
            <line number="231" hits="1"/>
            <line number="232" hits="1"/>
            <line number="233" hits="1"/>
            <line number="234" hits="1"/>
            <line number="236" hits="1"/>
            <line number="237" hits="1"/>
            <line number="238" hits="1"/>
            <line number="239" hits="1"/>
            <line number="240" hits="1"/>
            <line number="242" hits="1"/>
            <line number="244" hits="1"/>
            <line number="245" hits="0"/>
            <line number="254" hits="1"/>
            <line number="256" hits="1"/>
            <line number="257" hits="1"/>
            <line number="272" hits="3"/>
            <line number="273" hits="0"/>
            <line number="276" hits="3"/>
            <line number="277" hits="3"/>
            <line number="279" hits="3"/>
            <line number="281" hits="3"/>
            <line number="282" hits="3"/>
            <line number="284" hits="3"/>
            <line number="285" hits="3"/>
            <line number="287" hits="3"/>
            <line number="290" hits="3"/>
            <line number="310" hits="8"/>
            <line number="311" hits="8"/>
            <line number="312" hits="8"/>
            <line number="314" hits="8"/>
            <line number="315" hits="8"/>
            <line number="316" hits="8"/>
            <line number="317" hits="8"/>
            <line number="318" hits="8"/>
            <line number="319" hits="8"/>
            <line number="320" hits="8"/>
            <line number="321" hits="8"/>
            <line number="322" hits="8"/>
            <line number="323" hits="8"/>
            <line number="325" hits="8"/>
            <line number="326" hits="8"/>
            <line number="327" hits="1"/>
          </lines>
        </class>
      </classes>
    </package>
    <package name="Runtime/AppContextResolver.php" line-rate="0.94186046511628" branch-rate="0" complexity="31">
      <classes>
        <class name="Valksor\Bundle\Runtime\AppContextResolver" filename="Runtime/AppContextResolver.php" line-rate="0.94186046511628" branch-rate="0" complexity="31">
          <methods>
            <method name="isDebugEnabled" signature="array $context" line-rate="1" branch-rate="0" complexity="1">
              <lines>
                <line number="45" hits="4"/>
              </lines>
            </method>
            <method name="resolve" signature="array $context, string $projectDir, string $appId, ?string $appsDir, ?string $infrastructureDir" line-rate="0.98571428571429" branch-rate="0" complexity="21">
              <lines>
                <line number="62" hits="5"/>
                <line number="63" hits="5"/>
                <line number="64" hits="5"/>
                <line number="65" hits="5"/>
                <line number="67" hits="5"/>
                <line number="69" hits="5"/>
                <line number="70" hits="5"/>
                <line number="71" hits="5"/>
                <line number="74" hits="5"/>
                <line number="75" hits="5"/>
                <line number="78" hits="1"/>
                <line number="79" hits="5"/>
                <line number="81" hits="5"/>
                <line number="82" hits="5"/>
                <line number="83" hits="1"/>
                <line number="85" hits="5"/>
                <line number="87" hits="5"/>
                <line number="88" hits="5"/>
                <line number="89" hits="5"/>
                <line number="90" hits="5"/>
                <line number="91" hits="5"/>
                <line number="92" hits="5"/>
                <line number="94" hits="5"/>
                <line number="96" hits="5"/>
                <line number="97" hits="5"/>
                <line number="100" hits="5"/>
                <line number="102" hits="5"/>
                <line number="103" hits="4"/>
                <line number="105" hits="4"/>
                <line number="106" hits="4"/>
                <line number="109" hits="4"/>
                <line number="110" hits="3"/>
                <line number="112" hits="1"/>
                <line number="115" hits="1"/>
                <line number="118" hits="5"/>
                <line number="119" hits="5"/>
                <line number="120" hits="5"/>
                <line number="121" hits="5"/>
                <line number="122" hits="5"/>
                <line number="123" hits="5"/>
                <line number="124" hits="5"/>
                <line number="125" hits="5"/>
                <line number="126" hits="5"/>
                <line number="127" hits="5"/>
                <line number="129" hits="5"/>
                <line number="131" hits="5"/>
                <line number="132" hits="5"/>
                <line number="135" hits="5"/>
                <line number="136" hits="4"/>
                <line number="138" hits="1"/>
                <line number="141" hits="5"/>
                <line number="142" hits="4"/>
                <line number="145" hits="5"/>
                <line number="147" hits="5"/>
                <line number="148" hits="5"/>
                <line number="149" hits="0"/>
                <line number="152" hits="5"/>
                <line number="154" hits="5"/>
                <line number="155" hits="5"/>
                <line number="157" hits="5"/>
                <line number="160" hits="5"/>
                <line number="161" hits="5"/>
                <line number="164" hits="5"/>
                <line number="165" hits="5"/>
                <line number="166" hits="5"/>
                <line number="168" hits="5"/>
                <line number="170" hits="5"/>
                <line number="171" hits="5"/>
                <line number="173" hits="5"/>
                <line number="176" hits="5"/>
              </lines>
            </method>
            <method name="normalizeDebugValue" signature="string $value" line-rate="1" branch-rate="0" complexity="2">
              <lines>
                <line number="182" hits="5"/>
              </lines>
            </method>
            <method name="toBool" signature="mixed $value" line-rate="0.71428571428571" branch-rate="0" complexity="7">
              <lines>
                <line number="188" hits="6"/>
                <line number="189" hits="0"/>
                <line number="192" hits="6"/>
                <line number="193" hits="6"/>
                <line number="196" hits="1"/>
                <line number="197" hits="0"/>
                <line number="200" hits="1"/>
                <line number="202" hits="1"/>
                <line number="203" hits="0"/>
                <line number="206" hits="1"/>
                <line number="207" hits="1"/>
                <line number="210" hits="1"/>
                <line number="211" hits="1"/>
                <line number="214" hits="0"/>
              </lines>
            </method>
          </methods>
          <lines>
            <line number="45" hits="4"/>
            <line number="62" hits="5"/>
            <line number="63" hits="5"/>
            <line number="64" hits="5"/>
            <line number="65" hits="5"/>
            <line number="67" hits="5"/>
            <line number="69" hits="5"/>
            <line number="70" hits="5"/>
            <line number="71" hits="5"/>
            <line number="74" hits="5"/>
            <line number="75" hits="5"/>
            <line number="78" hits="1"/>
            <line number="79" hits="5"/>
            <line number="81" hits="5"/>
            <line number="82" hits="5"/>
            <line number="83" hits="1"/>
            <line number="85" hits="5"/>
            <line number="87" hits="5"/>
            <line number="88" hits="5"/>
            <line number="89" hits="5"/>
            <line number="90" hits="5"/>
            <line number="91" hits="5"/>
            <line number="92" hits="5"/>
            <line number="94" hits="5"/>
            <line number="96" hits="5"/>
            <line number="97" hits="5"/>
            <line number="100" hits="5"/>
            <line number="102" hits="5"/>
            <line number="103" hits="4"/>
            <line number="105" hits="4"/>
            <line number="106" hits="4"/>
            <line number="109" hits="4"/>
            <line number="110" hits="3"/>
            <line number="112" hits="1"/>
            <line number="115" hits="1"/>
            <line number="118" hits="5"/>
            <line number="119" hits="5"/>
            <line number="120" hits="5"/>
            <line number="121" hits="5"/>
            <line number="122" hits="5"/>
            <line number="123" hits="5"/>
            <line number="124" hits="5"/>
            <line number="125" hits="5"/>
            <line number="126" hits="5"/>
            <line number="127" hits="5"/>
            <line number="129" hits="5"/>
            <line number="131" hits="5"/>
            <line number="132" hits="5"/>
            <line number="135" hits="5"/>
            <line number="136" hits="4"/>
            <line number="138" hits="1"/>
            <line number="141" hits="5"/>
            <line number="142" hits="4"/>
            <line number="145" hits="5"/>
            <line number="147" hits="5"/>
            <line number="148" hits="5"/>
            <line number="149" hits="0"/>
            <line number="152" hits="5"/>
            <line number="154" hits="5"/>
            <line number="155" hits="5"/>
            <line number="157" hits="5"/>
            <line number="160" hits="5"/>
            <line number="161" hits="5"/>
            <line number="164" hits="5"/>
            <line number="165" hits="5"/>
            <line number="166" hits="5"/>
            <line number="168" hits="5"/>
            <line number="170" hits="5"/>
            <line number="171" hits="5"/>
            <line number="173" hits="5"/>
            <line number="176" hits="5"/>
            <line number="182" hits="5"/>
            <line number="188" hits="6"/>
            <line number="189" hits="0"/>
            <line number="192" hits="6"/>
            <line number="193" hits="6"/>
            <line number="196" hits="1"/>
            <line number="197" hits="0"/>
            <line number="200" hits="1"/>
            <line number="202" hits="1"/>
            <line number="203" hits="0"/>
            <line number="206" hits="1"/>
            <line number="207" hits="1"/>
            <line number="210" hits="1"/>
            <line number="211" hits="1"/>
            <line number="214" hits="0"/>
          </lines>
        </class>
      </classes>
    </package>
    <package name="Traits/_GetClassFromFile.php" line-rate="0.9" branch-rate="0" complexity="10">
      <classes>
        <class name="Valksor\Bundle\Traits\_GetClassFromFile" filename="Traits/_GetClassFromFile.php" line-rate="0.9" branch-rate="0" complexity="10">
          <methods>
            <method name="getClassFromFile" signature="?string $file, MemoizeCache $memoize" line-rate="0.9" branch-rate="0" complexity="10">
              <lines>
                <line number="34" hits="1"/>
                <line number="35" hits="1"/>
                <line number="38" hits="1"/>
                <line number="39" hits="1"/>
                <line number="40" hits="1"/>
                <line number="42" hits="1"/>
                <line number="43" hits="1"/>
                <line number="44" hits="1"/>
                <line number="45" hits="1"/>
                <line number="46" hits="1"/>
                <line number="48" hits="1"/>
                <line number="53" hits="1"/>
                <line number="54" hits="1"/>
                <line number="55" hits="1"/>
                <line number="56" hits="1"/>
                <line number="59" hits="1"/>
                <line number="60" hits="1"/>
                <line number="63" hits="0"/>
                <line number="68" hits="0"/>
                <line number="69" hits="1"/>
              </lines>
            </method>
          </methods>
          <lines>
            <line number="34" hits="1"/>
            <line number="35" hits="1"/>
            <line number="38" hits="1"/>
            <line number="39" hits="1"/>
            <line number="40" hits="1"/>
            <line number="42" hits="1"/>
            <line number="43" hits="1"/>
            <line number="44" hits="1"/>
            <line number="45" hits="1"/>
            <line number="46" hits="1"/>
            <line number="48" hits="1"/>
            <line number="53" hits="1"/>
            <line number="54" hits="1"/>
            <line number="55" hits="1"/>
            <line number="56" hits="1"/>
            <line number="59" hits="1"/>
            <line number="60" hits="1"/>
            <line number="63" hits="0"/>
            <line number="68" hits="0"/>
            <line number="69" hits="1"/>
          </lines>
        </class>
      </classes>
    </package>
    <package name="Traits/_LoadReflection.php" line-rate="1" branch-rate="0" complexity="3">
      <classes>
        <class name="Valksor\Bundle\Traits\_LoadReflection" filename="Traits/_LoadReflection.php" line-rate="1" branch-rate="0" complexity="3">
          <methods>
            <method name="loadReflection" signature="object|string $objectOrClass, MemoizeCache $memoize" line-rate="1" branch-rate="0" complexity="3">
              <lines>
                <line number="34" hits="1"/>
                <line number="36" hits="1"/>
                <line number="37" hits="1"/>
                <line number="40" hits="1"/>
                <line number="42" hits="1"/>
                <line number="43" hits="1"/>
                <line number="45" hits="1"/>
                <line number="48" hits="1"/>
                <line number="49" hits="1"/>
                <line number="51" hits="1"/>
              </lines>
            </method>
          </methods>
          <lines>
            <line number="34" hits="1"/>
            <line number="36" hits="1"/>
            <line number="37" hits="1"/>
            <line number="40" hits="1"/>
            <line number="42" hits="1"/>
            <line number="43" hits="1"/>
            <line number="45" hits="1"/>
            <line number="48" hits="1"/>
            <line number="49" hits="1"/>
            <line number="51" hits="1"/>
          </lines>
        </class>
      </classes>
    </package>
    <package name="ValksorBundle.php" line-rate="0.52980132450331" branch-rate="0" complexity="64">
      <classes>
        <class name="Valksor\Bundle\ValksorBundle" filename="ValksorBundle.php" line-rate="0.52980132450331" branch-rate="0" complexity="64">
          <methods>
            <method name="boot" signature="" line-rate="0" branch-rate="0" complexity="1">
              <lines>
                <line number="76" hits="0"/>
                <line number="77" hits="0"/>
              </lines>
            </method>
            <method name="build" signature="ContainerBuilder $container" line-rate="0.92307692307692" branch-rate="0" complexity="5">
              <lines>
                <line number="86" hits="1"/>
                <line number="88" hits="1"/>
                <line number="89" hits="1"/>
                <line number="92" hits="1"/>
                <line number="95" hits="1"/>
                <line number="96" hits="1"/>
                <line number="98" hits="1"/>
                <line number="99" hits="0"/>
                <line number="103" hits="1"/>
                <line number="104" hits="1"/>
                <line number="105" hits="1"/>
                <line number="106" hits="1"/>
                <line number="109" hits="1"/>
              </lines>
            </method>
            <method name="configure" signature="DefinitionConfigurator $definition" line-rate="0.84210526315789" branch-rate="0" complexity="5">
              <lines>
                <line number="119" hits="1"/>
                <line number="120" hits="1"/>
                <line number="122" hits="1"/>
                <line number="124" hits="1"/>
                <line number="125" hits="1"/>
                <line number="128" hits="1"/>
                <line number="131" hits="1"/>
                <line number="132" hits="0"/>
                <line number="133" hits="0"/>
                <line number="135" hits="0"/>
                <line number="136" hits="1"/>
                <line number="138" hits="1"/>
                <line number="140" hits="1"/>
                <line number="141" hits="1"/>
                <line number="143" hits="1"/>
                <line number="144" hits="1"/>
                <line number="145" hits="1"/>
                <line number="146" hits="1"/>
                <line number="147" hits="1"/>
              </lines>
            </method>
            <method name="loadExtension" signature="array $config, ContainerConfigurator $container, ContainerBuilder $builder" line-rate="1" branch-rate="0" complexity="4">
              <lines>
                <line number="161" hits="2"/>
                <line number="163" hits="2"/>
                <line number="164" hits="1"/>
                <line number="168" hits="1"/>
                <line number="171" hits="2"/>
                <line number="172" hits="2"/>
                <line number="175" hits="2"/>
                <line number="176" hits="2"/>
                <line number="177" hits="1"/>
                <line number="178" hits="2"/>
                <line number="181" hits="2"/>
              </lines>
            </method>
            <method name="prependExtension" signature="ContainerConfigurator $container, ContainerBuilder $builder" line-rate="0.94444444444444" branch-rate="0" complexity="7">
              <lines>
                <line number="191" hits="2"/>
                <line number="193" hits="2"/>
                <line number="195" hits="2"/>
                <line number="197" hits="2"/>
                <line number="198" hits="1"/>
                <line number="201" hits="1"/>
                <line number="204" hits="2"/>
                <line number="205" hits="2"/>
                <line number="207" hits="2"/>
                <line number="208" hits="0"/>
                <line number="212" hits="2"/>
                <line number="213" hits="2"/>
                <line number="214" hits="2"/>
                <line number="215" hits="2"/>
                <line number="216" hits="2"/>
                <line number="219" hits="2"/>
                <line number="221" hits="2"/>
                <line number="222" hits="1"/>
              </lines>
            </method>
            <method name="getConfig" signature="string $package, ContainerBuilder $builder" line-rate="1" branch-rate="0" complexity="1">
              <lines>
                <line number="233" hits="1"/>
              </lines>
            </method>
            <method name="p" signature="ContainerBuilder $builder, string $component, string $parameter" line-rate="1" branch-rate="0" complexity="1">
              <lines>
                <line number="241" hits="8"/>
              </lines>
            </method>
            <method name="callback" signature="string $component, array $componentData, callable $callback, ?ContainerBuilder $builder" line-rate="0.95" branch-rate="0" complexity="10">
              <lines>
                <line number="253" hits="11"/>
                <line number="255" hits="11"/>
                <line number="256" hits="1"/>
                <line number="259" hits="1"/>
                <line number="262" hits="11"/>
                <line number="264" hits="11"/>
                <line number="265" hits="1"/>
                <line number="268" hits="10"/>
                <line number="269" hits="1"/>
                <line number="272" hits="9"/>
                <line number="274" hits="9"/>
                <line number="275" hits="0"/>
                <line number="278" hits="9"/>
                <line number="280" hits="9"/>
                <line number="281" hits="9"/>
                <line number="283" hits="7"/>
                <line number="285" hits="5"/>
                <line number="286" hits="5"/>
                <line number="288" hits="2"/>
                <line number="292" hits="6"/>
              </lines>
            </method>
            <method name="discoverComponents" signature="" line-rate="0.057142857142857" branch-rate="0" complexity="15">
              <lines>
                <line number="303" hits="7"/>
                <line number="304" hits="7"/>
                <line number="307" hits="0"/>
                <line number="308" hits="0"/>
                <line number="310" hits="0"/>
                <line number="312" hits="0"/>
                <line number="314" hits="0"/>
                <line number="315" hits="0"/>
                <line number="317" hits="0"/>
                <line number="320" hits="0"/>
                <line number="321" hits="0"/>
                <line number="322" hits="0"/>
                <line number="325" hits="0"/>
                <line number="326" hits="0"/>
                <line number="327" hits="0"/>
                <line number="328" hits="0"/>
                <line number="331" hits="0"/>
                <line number="334" hits="0"/>
                <line number="335" hits="0"/>
                <line number="336" hits="0"/>
                <line number="339" hits="0"/>
                <line number="340" hits="0"/>
                <line number="343" hits="0"/>
                <line number="344" hits="0"/>
                <line number="346" hits="0"/>
                <line number="347" hits="0"/>
                <line number="351" hits="0"/>
                <line number="352" hits="0"/>
                <line number="353" hits="0"/>
                <line number="356" hits="0"/>
                <line number="357" hits="0"/>
                <line number="358" hits="0"/>
                <line number="359" hits="0"/>
                <line number="364" hits="0"/>
                <line number="366" hits="0"/>
              </lines>
            </method>
            <method name="findConfigurationClasses" signature="string $directory, string $namespacePrefix" line-rate="0" branch-rate="0" complexity="7">
              <lines>
                <line number="376" hits="0"/>
                <line number="378" hits="0"/>
                <line number="379" hits="0"/>
                <line number="382" hits="0"/>
                <line number="383" hits="0"/>
                <line number="384" hits="0"/>
                <line number="386" hits="0"/>
                <line number="387" hits="0"/>
                <line number="388" hits="0"/>
                <line number="391" hits="0"/>
                <line number="393" hits="0"/>
                <line number="394" hits="0"/>
                <line number="397" hits="0"/>
                <line number="398" hits="0"/>
                <line number="399" hits="0"/>
                <line number="401" hits="0"/>
              </lines>
            </method>
            <method name="findProjectRoot" signature="" line-rate="0" branch-rate="0" complexity="7">
              <lines>
                <line number="412" hits="0"/>
                <line number="413" hits="0"/>
                <line number="416" hits="0"/>
                <line number="418" hits="0"/>
                <line number="420" hits="0"/>
                <line number="421" hits="0"/>
                <line number="423" hits="0"/>
                <line number="426" hits="0"/>
                <line number="428" hits="0"/>
                <line number="429" hits="0"/>
                <line number="431" hits="0"/>
                <line number="432" hits="0"/>
                <line number="435" hits="0"/>
                <line number="438" hits="0"/>
              </lines>
            </method>
            <method name="memoize" signature="" line-rate="1" branch-rate="0" complexity="1">
              <lines>
                <line number="443" hits="1"/>
              </lines>
            </method>
          </methods>
          <lines>
            <line number="76" hits="0"/>
            <line number="77" hits="0"/>
            <line number="86" hits="1"/>
            <line number="88" hits="1"/>
            <line number="89" hits="1"/>
            <line number="92" hits="1"/>
            <line number="95" hits="1"/>
            <line number="96" hits="1"/>
            <line number="98" hits="1"/>
            <line number="99" hits="0"/>
            <line number="103" hits="1"/>
            <line number="104" hits="1"/>
            <line number="105" hits="1"/>
            <line number="106" hits="1"/>
            <line number="109" hits="1"/>
            <line number="119" hits="1"/>
            <line number="120" hits="1"/>
            <line number="122" hits="1"/>
            <line number="124" hits="1"/>
            <line number="125" hits="1"/>
            <line number="128" hits="1"/>
            <line number="131" hits="1"/>
            <line number="132" hits="0"/>
            <line number="133" hits="0"/>
            <line number="135" hits="0"/>
            <line number="136" hits="1"/>
            <line number="138" hits="1"/>
            <line number="140" hits="1"/>
            <line number="141" hits="1"/>
            <line number="143" hits="1"/>
            <line number="144" hits="1"/>
            <line number="145" hits="1"/>
            <line number="146" hits="1"/>
            <line number="147" hits="1"/>
            <line number="161" hits="2"/>
            <line number="163" hits="2"/>
            <line number="164" hits="1"/>
            <line number="168" hits="1"/>
            <line number="171" hits="2"/>
            <line number="172" hits="2"/>
            <line number="175" hits="2"/>
            <line number="176" hits="2"/>
            <line number="177" hits="1"/>
            <line number="178" hits="2"/>
            <line number="181" hits="2"/>
            <line number="191" hits="2"/>
            <line number="193" hits="2"/>
            <line number="195" hits="2"/>
            <line number="197" hits="2"/>
            <line number="198" hits="1"/>
            <line number="201" hits="1"/>
            <line number="204" hits="2"/>
            <line number="205" hits="2"/>
            <line number="207" hits="2"/>
            <line number="208" hits="0"/>
            <line number="212" hits="2"/>
            <line number="213" hits="2"/>
            <line number="214" hits="2"/>
            <line number="215" hits="2"/>
            <line number="216" hits="2"/>
            <line number="219" hits="2"/>
            <line number="221" hits="2"/>
            <line number="222" hits="1"/>
            <line number="233" hits="1"/>
            <line number="241" hits="8"/>
            <line number="253" hits="11"/>
            <line number="255" hits="11"/>
            <line number="256" hits="1"/>
            <line number="259" hits="1"/>
            <line number="262" hits="11"/>
            <line number="264" hits="11"/>
            <line number="265" hits="1"/>
            <line number="268" hits="10"/>
            <line number="269" hits="1"/>
            <line number="272" hits="9"/>
            <line number="274" hits="9"/>
            <line number="275" hits="0"/>
            <line number="278" hits="9"/>
            <line number="280" hits="9"/>
            <line number="281" hits="9"/>
            <line number="283" hits="7"/>
            <line number="285" hits="5"/>
            <line number="286" hits="5"/>
            <line number="288" hits="2"/>
            <line number="292" hits="6"/>
            <line number="303" hits="7"/>
            <line number="304" hits="7"/>
            <line number="307" hits="0"/>
            <line number="308" hits="0"/>
            <line number="310" hits="0"/>
            <line number="312" hits="0"/>
            <line number="314" hits="0"/>
            <line number="315" hits="0"/>
            <line number="317" hits="0"/>
            <line number="320" hits="0"/>
            <line number="321" hits="0"/>
            <line number="322" hits="0"/>
            <line number="325" hits="0"/>
            <line number="326" hits="0"/>
            <line number="327" hits="0"/>
            <line number="328" hits="0"/>
            <line number="331" hits="0"/>
            <line number="334" hits="0"/>
            <line number="335" hits="0"/>
            <line number="336" hits="0"/>
            <line number="339" hits="0"/>
            <line number="340" hits="0"/>
            <line number="343" hits="0"/>
            <line number="344" hits="0"/>
            <line number="346" hits="0"/>
            <line number="347" hits="0"/>
            <line number="351" hits="0"/>
            <line number="352" hits="0"/>
            <line number="353" hits="0"/>
            <line number="356" hits="0"/>
            <line number="357" hits="0"/>
            <line number="358" hits="0"/>
            <line number="359" hits="0"/>
            <line number="364" hits="0"/>
            <line number="366" hits="0"/>
            <line number="376" hits="0"/>
            <line number="378" hits="0"/>
            <line number="379" hits="0"/>
            <line number="382" hits="0"/>
            <line number="383" hits="0"/>
            <line number="384" hits="0"/>
            <line number="386" hits="0"/>
            <line number="387" hits="0"/>
            <line number="388" hits="0"/>
            <line number="391" hits="0"/>
            <line number="393" hits="0"/>
            <line number="394" hits="0"/>
            <line number="397" hits="0"/>
            <line number="398" hits="0"/>
            <line number="399" hits="0"/>
            <line number="401" hits="0"/>
            <line number="412" hits="0"/>
            <line number="413" hits="0"/>
            <line number="416" hits="0"/>
            <line number="418" hits="0"/>
            <line number="420" hits="0"/>
            <line number="421" hits="0"/>
            <line number="423" hits="0"/>
            <line number="426" hits="0"/>
            <line number="428" hits="0"/>
            <line number="429" hits="0"/>
            <line number="431" hits="0"/>
            <line number="432" hits="0"/>
            <line number="435" hits="0"/>
            <line number="438" hits="0"/>
            <line number="443" hits="1"/>
          </lines>
        </class>
      </classes>
    </package>
  </packages>
</coverage>
