<?xml version="1.0" encoding="UTF-8"?>
<testsuites>
  <testsuite name="/var/www/html/valksor/src/Valksor/Bundle/phpunit.xml" tests="43" assertions="104" errors="0" failures="0" skipped="0" time="0.000000">
    <testsuite name="Valksor Bundle" tests="43" assertions="104" errors="0" failures="0" skipped="0" time="0.000000">
      <testsuite name="Valksor\Bundle\Tests\Command\AbstractCommandTest" file="/var/www/html/valksor/src/Valksor/Bundle/Tests/Command/AbstractCommandTest.php" tests="4" assertions="8" errors="0" failures="0" skipped="0" time="0.000000">
        <testcase name="testCreateSymfonyStyleUsesProvidedStreams" file="/var/www/html/valksor/src/Valksor/Bundle/Tests/Command/AbstractCommandTest.php" line="26" class="Valksor\Bundle\Tests\Command\AbstractCommandTest" classname="Valksor.Bundle.Tests.Command.AbstractCommandTest" assertions="0" time="0.000000"/>
        <testcase name="testDirectoryHelpersResolveAgainstProjectRoot" file="/var/www/html/valksor/src/Valksor/Bundle/Tests/Command/AbstractCommandTest.php" line="41" class="Valksor\Bundle\Tests\Command\AbstractCommandTest" classname="Valksor.Bundle.Tests.Command.AbstractCommandTest" assertions="2" time="0.000000"/>
        <testcase name="testHandleCommandSuccessAndFailureWriteMessages" file="/var/www/html/valksor/src/Valksor/Bundle/Tests/Command/AbstractCommandTest.php" line="59" class="Valksor\Bundle\Tests\Command\AbstractCommandTest" classname="Valksor.Bundle.Tests.Command.AbstractCommandTest" assertions="4" time="0.000000"/>
        <testcase name="testIsProductionEnvironmentDefaultsToProd" file="/var/www/html/valksor/src/Valksor/Bundle/Tests/Command/AbstractCommandTest.php" line="86" class="Valksor\Bundle\Tests\Command\AbstractCommandTest" classname="Valksor.Bundle.Tests.Command.AbstractCommandTest" assertions="2" time="0.000000"/>
      </testsuite>
      <testsuite name="Valksor\Bundle\Tests\Command\AutoloadGenerateCommandTest" file="/var/www/html/valksor/src/Valksor/Bundle/Tests/Command/AutoloadGenerateCommandTest.php" tests="1" assertions="6" errors="0" failures="0" skipped="0" time="0.000000">
        <testcase name="testExecuteGeneratesAutoloadFileAndOutputsMappings" file="/var/www/html/valksor/src/Valksor/Bundle/Tests/Command/AutoloadGenerateCommandTest.php" line="35" class="Valksor\Bundle\Tests\Command\AutoloadGenerateCommandTest" classname="Valksor.Bundle.Tests.Command.AutoloadGenerateCommandTest" assertions="6" time="0.000000"/>
      </testsuite>
      <testsuite name="Valksor\Bundle\Tests\Console\AbstractConsoleEntrypointTest" file="/var/www/html/valksor/src/Valksor/Bundle/Tests/Console/AbstractConsoleEntrypointTest.php" tests="10" assertions="21" errors="0" failures="0" skipped="0" time="0.000000">
        <testcase name="testCreateReturnsMultiAppApplicationWhenNoIdProvided" file="/var/www/html/valksor/src/Valksor/Bundle/Tests/Console/AbstractConsoleEntrypointTest.php" line="43" class="Valksor\Bundle\Tests\Console\AbstractConsoleEntrypointTest" classname="Valksor.Bundle.Tests.Console.AbstractConsoleEntrypointTest" assertions="3" time="0.000000"/>
        <testcase name="testCreateReturnsSingleAppApplication" file="/var/www/html/valksor/src/Valksor/Bundle/Tests/Console/AbstractConsoleEntrypointTest.php" line="68" class="Valksor\Bundle\Tests\Console\AbstractConsoleEntrypointTest" classname="Valksor.Bundle.Tests.Console.AbstractConsoleEntrypointTest" assertions="3" time="0.000000"/>
        <testcase name="testCreateThrowsWhenConfigurationMissing" file="/var/www/html/valksor/src/Valksor/Bundle/Tests/Console/AbstractConsoleEntrypointTest.php" line="94" class="Valksor\Bundle\Tests\Console\AbstractConsoleEntrypointTest" classname="Valksor.Bundle.Tests.Console.AbstractConsoleEntrypointTest" assertions="2" time="0.000000"/>
        <testcase name="testCreateThrowsWhenDependenciesMissing" file="/var/www/html/valksor/src/Valksor/Bundle/Tests/Console/AbstractConsoleEntrypointTest.php" line="102" class="Valksor\Bundle\Tests\Console\AbstractConsoleEntrypointTest" classname="Valksor.Bundle.Tests.Console.AbstractConsoleEntrypointTest" assertions="2" time="0.000000"/>
        <testcase name="testCreateThrowsWhenNoApplicationsFound" file="/var/www/html/valksor/src/Valksor/Bundle/Tests/Console/AbstractConsoleEntrypointTest.php" line="113" class="Valksor\Bundle\Tests\Console\AbstractConsoleEntrypointTest" classname="Valksor.Bundle.Tests.Console.AbstractConsoleEntrypointTest" assertions="2" time="0.000000"/>
        <testcase name="testCreateThrowsWhenRuntimeMissing" file="/var/www/html/valksor/src/Valksor/Bundle/Tests/Console/AbstractConsoleEntrypointTest.php" line="136" class="Valksor\Bundle\Tests\Console\AbstractConsoleEntrypointTest" classname="Valksor.Bundle.Tests.Console.AbstractConsoleEntrypointTest" assertions="2" time="0.000000"/>
        <testcase name="testDiscoverAppsReturnsSortedDirectories" file="/var/www/html/valksor/src/Valksor/Bundle/Tests/Console/AbstractConsoleEntrypointTest.php" line="147" class="Valksor\Bundle\Tests\Console\AbstractConsoleEntrypointTest" classname="Valksor.Bundle.Tests.Console.AbstractConsoleEntrypointTest" assertions="1" time="0.000000"/>
        <testcase name="testMultiAppApplicationHandlesListCommand" file="/var/www/html/valksor/src/Valksor/Bundle/Tests/Console/AbstractConsoleEntrypointTest.php" line="156" class="Valksor\Bundle\Tests\Console\AbstractConsoleEntrypointTest" classname="Valksor.Bundle.Tests.Console.AbstractConsoleEntrypointTest" assertions="3" time="0.000000"/>
        <testcase name="testResolveAppAliasMatchesUniqueAlias" file="/var/www/html/valksor/src/Valksor/Bundle/Tests/Console/AbstractConsoleEntrypointTest.php" line="182" class="Valksor\Bundle\Tests\Console\AbstractConsoleEntrypointTest" classname="Valksor.Bundle.Tests.Console.AbstractConsoleEntrypointTest" assertions="2" time="0.000000"/>
        <testcase name="testResolveAppAliasThrowsWhenAliasAmbiguous" file="/var/www/html/valksor/src/Valksor/Bundle/Tests/Console/AbstractConsoleEntrypointTest.php" line="189" class="Valksor\Bundle\Tests\Console\AbstractConsoleEntrypointTest" classname="Valksor.Bundle.Tests.Console.AbstractConsoleEntrypointTest" assertions="1" time="0.000000"/>
      </testsuite>
      <testsuite name="Valksor\Bundle\Tests\Constants\BundleContextTest" file="/var/www/html/valksor/src/Valksor/Bundle/Tests/Constants/BundleContextTest.php" tests="1" assertions="4" errors="0" failures="0" skipped="0" time="0.000000">
        <testcase name="testEnumValuesAreStable" file="/var/www/html/valksor/src/Valksor/Bundle/Tests/Constants/BundleContextTest.php" line="20" class="Valksor\Bundle\Tests\Constants\BundleContextTest" classname="Valksor.Bundle.Tests.Constants.BundleContextTest" assertions="4" time="0.000000"/>
      </testsuite>
      <testsuite name="Valksor\Bundle\Tests\Kernel\AbstractKernelTest" file="/var/www/html/valksor/src/Valksor/Bundle/Tests/Kernel/AbstractKernelTest.php" tests="8" assertions="16" errors="0" failures="0" skipped="0" time="0.000000">
        <testcase name="testConfigureContainerImportsInfrastructureAndAppConfigs" file="/var/www/html/valksor/src/Valksor/Bundle/Tests/Kernel/AbstractKernelTest.php" line="46" class="Valksor\Bundle\Tests\Kernel\AbstractKernelTest" classname="Valksor.Bundle.Tests.Kernel.AbstractKernelTest" assertions="1" time="0.000000"/>
        <testcase name="testConfigureRoutesRespectsOverrides" file="/var/www/html/valksor/src/Valksor/Bundle/Tests/Kernel/AbstractKernelTest.php" line="81" class="Valksor\Bundle\Tests\Kernel\AbstractKernelTest" classname="Valksor.Bundle.Tests.Kernel.AbstractKernelTest" assertions="1" time="0.000000"/>
        <testcase name="testDirectoryHelpersRespectServerOverrides" file="/var/www/html/valksor/src/Valksor/Bundle/Tests/Kernel/AbstractKernelTest.php" line="116" class="Valksor\Bundle\Tests\Kernel\AbstractKernelTest" classname="Valksor.Bundle.Tests.Kernel.AbstractKernelTest" assertions="4" time="0.000000"/>
        <testcase name="testGetAllBundlesMergesInfrastructureAndAppDefinitions" file="/var/www/html/valksor/src/Valksor/Bundle/Tests/Kernel/AbstractKernelTest.php" line="132" class="Valksor\Bundle\Tests\Kernel\AbstractKernelTest" classname="Valksor.Bundle.Tests.Kernel.AbstractKernelTest" assertions="3" time="0.000000"/>
        <testcase name="testGetKernelParametersIncludesBundlesDefinition" file="/var/www/html/valksor/src/Valksor/Bundle/Tests/Kernel/AbstractKernelTest.php" line="151" class="Valksor\Bundle\Tests\Kernel\AbstractKernelTest" classname="Valksor.Bundle.Tests.Kernel.AbstractKernelTest" assertions="2" time="0.000000"/>
        <testcase name="testListInfrastructureFilesWithOverrideSkipsOverriddenFiles" file="/var/www/html/valksor/src/Valksor/Bundle/Tests/Kernel/AbstractKernelTest.php" line="166" class="Valksor\Bundle\Tests\Kernel\AbstractKernelTest" classname="Valksor.Bundle.Tests.Kernel.AbstractKernelTest" assertions="2" time="0.000000"/>
        <testcase name="testLoadAppEnvironmentFilesRespectsPrecedence" file="/var/www/html/valksor/src/Valksor/Bundle/Tests/Kernel/AbstractKernelTest.php" line="185" class="Valksor\Bundle\Tests\Kernel\AbstractKernelTest" classname="Valksor.Bundle.Tests.Kernel.AbstractKernelTest" assertions="2" time="0.000000"/>
        <testcase name="testRegisterBundlesFiltersByEnvironment" file="/var/www/html/valksor/src/Valksor/Bundle/Tests/Kernel/AbstractKernelTest.php" line="209" class="Valksor\Bundle\Tests\Kernel\AbstractKernelTest" classname="Valksor.Bundle.Tests.Kernel.AbstractKernelTest" assertions="1" time="0.000000"/>
      </testsuite>
      <testsuite name="Valksor\Bundle\Tests\Runtime\AppContextResolverTest" file="/var/www/html/valksor/src/Valksor/Bundle/Tests/Runtime/AppContextResolverTest.php" tests="3" assertions="12" errors="0" failures="0" skipped="0" time="0.000000">
        <testcase name="testIsDebugEnabledSupportsVariousRepresentations" file="/var/www/html/valksor/src/Valksor/Bundle/Tests/Runtime/AppContextResolverTest.php" line="35" class="Valksor\Bundle\Tests\Runtime\AppContextResolverTest" classname="Valksor.Bundle.Tests.Runtime.AppContextResolverTest" assertions="4" time="0.000000"/>
        <testcase name="testResolveAppliesEnvironmentOverridesFromFiles" file="/var/www/html/valksor/src/Valksor/Bundle/Tests/Runtime/AppContextResolverTest.php" line="43" class="Valksor\Bundle\Tests\Runtime\AppContextResolverTest" classname="Valksor.Bundle.Tests.Runtime.AppContextResolverTest" assertions="6" time="0.000000"/>
        <testcase name="testResolveDefaultsToProdWhenContextIsDev" file="/var/www/html/valksor/src/Valksor/Bundle/Tests/Runtime/AppContextResolverTest.php" line="70" class="Valksor\Bundle\Tests\Runtime\AppContextResolverTest" classname="Valksor.Bundle.Tests.Runtime.AppContextResolverTest" assertions="2" time="0.000000"/>
      </testsuite>
      <testsuite name="Valksor\Bundle\Tests\Traits\TraitsTest" file="/var/www/html/valksor/src/Valksor/Bundle/Tests/Traits/TraitsTest.php" tests="2" assertions="5" errors="0" failures="0" skipped="0" time="0.000000">
        <testcase name="testGetClassFromFileParsesClassName" file="/var/www/html/valksor/src/Valksor/Bundle/Tests/Traits/TraitsTest.php" line="27" class="Valksor\Bundle\Tests\Traits\TraitsTest" classname="Valksor.Bundle.Tests.Traits.TraitsTest" assertions="3" time="0.000000"/>
        <testcase name="testLoadReflectionCachesInstances" file="/var/www/html/valksor/src/Valksor/Bundle/Tests/Traits/TraitsTest.php" line="49" class="Valksor\Bundle\Tests\Traits\TraitsTest" classname="Valksor.Bundle.Tests.Traits.TraitsTest" assertions="2" time="0.000000"/>
      </testsuite>
      <testsuite name="Valksor\Bundle\Tests\ValksorBundleTest" file="/var/www/html/valksor/src/Valksor/Bundle/Tests/ValksorBundleTest.php" tests="14" assertions="32" errors="0" failures="0" skipped="0" time="0.000000">
        <testcase name="testBuildInvokesTrackingDependency" file="/var/www/html/valksor/src/Valksor/Bundle/Tests/ValksorBundleTest.php" line="60" class="Valksor\Bundle\Tests\ValksorBundleTest" classname="Valksor.Bundle.Tests.ValksorBundleTest" assertions="1" time="0.000000"/>
        <testcase name="testCallbackRunsWhenComponentEnabled" file="/var/www/html/valksor/src/Valksor/Bundle/Tests/ValksorBundleTest.php" line="78" class="Valksor\Bundle\Tests\ValksorBundleTest" classname="Valksor.Bundle.Tests.ValksorBundleTest" assertions="4" time="0.000000"/>
        <testcase name="testCallbackSkipsWhenClassIsMissing" file="/var/www/html/valksor/src/Valksor/Bundle/Tests/ValksorBundleTest.php" line="105" class="Valksor\Bundle\Tests\ValksorBundleTest" classname="Valksor.Bundle.Tests.ValksorBundleTest" assertions="1" time="0.000000"/>
        <testcase name="testCallbackSkipsWhenComponentDisabled" file="/var/www/html/valksor/src/Valksor/Bundle/Tests/ValksorBundleTest.php" line="129" class="Valksor\Bundle\Tests\ValksorBundleTest" classname="Valksor.Bundle.Tests.ValksorBundleTest" assertions="1" time="0.000000"/>
        <testcase name="testCallbackSkipsWhenComponentUnavailable" file="/var/www/html/valksor/src/Valksor/Bundle/Tests/ValksorBundleTest.php" line="153" class="Valksor\Bundle\Tests\ValksorBundleTest" classname="Valksor.Bundle.Tests.ValksorBundleTest" assertions="1" time="0.000000"/>
        <testcase name="testCallbackSkipsWhenEnabledFlagNotBoolean" file="/var/www/html/valksor/src/Valksor/Bundle/Tests/ValksorBundleTest.php" line="177" class="Valksor\Bundle\Tests\ValksorBundleTest" classname="Valksor.Bundle.Tests.ValksorBundleTest" assertions="1" time="0.000000"/>
        <testcase name="testConfigureInvokesAddSectionOnTrackingDependency" file="/var/www/html/valksor/src/Valksor/Bundle/Tests/ValksorBundleTest.php" line="201" class="Valksor\Bundle\Tests\ValksorBundleTest" classname="Valksor.Bundle.Tests.ValksorBundleTest" assertions="1" time="0.000000"/>
        <testcase name="testDiscoverComponentsReturnsCachedValue" file="/var/www/html/valksor/src/Valksor/Bundle/Tests/ValksorBundleTest.php" line="231" class="Valksor\Bundle\Tests\ValksorBundleTest" classname="Valksor.Bundle.Tests.ValksorBundleTest" assertions="1" time="0.000000"/>
        <testcase name="testGetConfigAndParameterHelpers" file="/var/www/html/valksor/src/Valksor/Bundle/Tests/ValksorBundleTest.php" line="249" class="Valksor\Bundle\Tests\ValksorBundleTest" classname="Valksor.Bundle.Tests.ValksorBundleTest" assertions="2" time="0.000000"/>
        <testcase name="testLoadExtensionRegistersComponentConfiguration" file="/var/www/html/valksor/src/Valksor/Bundle/Tests/ValksorBundleTest.php" line="279" class="Valksor\Bundle\Tests\ValksorBundleTest" classname="Valksor.Bundle.Tests.ValksorBundleTest" assertions="5" time="0.000000"/>
        <testcase name="testLoadExtensionSkipsComponentWhenDisabled" file="/var/www/html/valksor/src/Valksor/Bundle/Tests/ValksorBundleTest.php" line="310" class="Valksor\Bundle\Tests\ValksorBundleTest" classname="Valksor.Bundle.Tests.ValksorBundleTest" assertions="3" time="0.000000"/>
        <testcase name="testMemoizeCreatesMemoizeCacheInstances" file="/var/www/html/valksor/src/Valksor/Bundle/Tests/ValksorBundleTest.php" line="341" class="Valksor\Bundle\Tests\ValksorBundleTest" classname="Valksor.Bundle.Tests.ValksorBundleTest" assertions="2" time="0.000000"/>
        <testcase name="testPrependExtensionRegistersPreConfigurationAndGlobalMigrations" file="/var/www/html/valksor/src/Valksor/Bundle/Tests/ValksorBundleTest.php" line="356" class="Valksor\Bundle\Tests\ValksorBundleTest" classname="Valksor.Bundle.Tests.ValksorBundleTest" assertions="6" time="0.000000"/>
        <testcase name="testPrependExtensionSkipsGlobalMigrationsWhenDoctrineUnused" file="/var/www/html/valksor/src/Valksor/Bundle/Tests/ValksorBundleTest.php" line="393" class="Valksor\Bundle\Tests\ValksorBundleTest" classname="Valksor.Bundle.Tests.ValksorBundleTest" assertions="3" time="0.000000"/>
      </testsuite>
    </testsuite>
  </testsuite>
</testsuites>
