<?xml version="1.0" encoding="UTF-8"?>
<testsuites>
  <testsuite name="/var/www/html/valksor/src/Valksor/Component/FormType/HoneyPot/phpunit.xml" tests="14" assertions="57" errors="0" failures="0" skipped="0" time="0.001000">
    <testsuite name="FormType: HoneyPot Component" tests="14" assertions="57" errors="0" failures="0" skipped="0" time="0.001000">
      <testsuite name="Valksor\Component\FormType\HoneyPot\Tests\DependencyInjection\CompilerPass\TwigCompilerPassTest" file="/var/www/html/valksor/src/Valksor/Component/FormType/HoneyPot/Tests/DependencyInjection/CompilerPass/TwigCompilerPassTest.php" tests="4" assertions="19" errors="0" failures="0" skipped="0" time="0.001000">
        <testcase name="testProcessDoesNothingWhenTwigFormResourcesParameterMissing" file="/var/www/html/valksor/src/Valksor/Component/FormType/HoneyPot/Tests/DependencyInjection/CompilerPass/TwigCompilerPassTest.php" line="17" class="Valksor\Component\FormType\HoneyPot\Tests\DependencyInjection\CompilerPass\TwigCompilerPassTest" classname="Valksor.Component.FormType.HoneyPot.Tests.DependencyInjection.CompilerPass.TwigCompilerPassTest" assertions="2" time="0.001000"/>
        <testcase name="testProcessDoesNothingWhenTwigLoaderDefinitionMissing" file="/var/www/html/valksor/src/Valksor/Component/FormType/HoneyPot/Tests/DependencyInjection/CompilerPass/TwigCompilerPassTest.php" line="31" class="Valksor\Component\FormType\HoneyPot\Tests\DependencyInjection\CompilerPass\TwigCompilerPassTest" classname="Valksor.Component.FormType.HoneyPot.Tests.DependencyInjection.CompilerPass.TwigCompilerPassTest" assertions="3" time="0.001000"/>
        <testcase name="testProcessAddsTwigPathAndFormResources" file="/var/www/html/valksor/src/Valksor/Component/FormType/HoneyPot/Tests/DependencyInjection/CompilerPass/TwigCompilerPassTest.php" line="50" class="Valksor\Component\FormType\HoneyPot\Tests\DependencyInjection\CompilerPass\TwigCompilerPassTest" classname="Valksor.Component.FormType.HoneyPot.Tests.DependencyInjection.CompilerPass.TwigCompilerPassTest" assertions="10" time="0.001000"/>
        <testcase name="testProcessHandlesEmptyFormResources" file="/var/www/html/valksor/src/Valksor/Component/FormType/HoneyPot/Tests/DependencyInjection/CompilerPass/TwigCompilerPassTest.php" line="97" class="Valksor\Component\FormType\HoneyPot\Tests\DependencyInjection\CompilerPass\TwigCompilerPassTest" classname="Valksor.Component.FormType.HoneyPot.Tests.DependencyInjection.CompilerPass.TwigCompilerPassTest" assertions="4" time="0.001000"/>
      </testsuite>
      <testsuite name="Valksor\Component\FormType\HoneyPot\Tests\Form\Extension\HoneyPotExtensionTest" file="/var/www/html/valksor/src/Valksor/Component/FormType/HoneyPot/Tests/Form/Extension/HoneyPotExtensionTest.php" tests="10" assertions="38" errors="0" failures="0" skipped="0" time="0.001000">
        <testcase name="testGetExtendedTypesReturnsFormType" file="/var/www/html/valksor/src/Valksor/Component/FormType/HoneyPot/Tests/Form/Extension/HoneyPotExtensionTest.php" line="26" class="Valksor\Component\FormType\HoneyPot\Tests\Form\Extension\HoneyPotExtensionTest" classname="Valksor.Component.FormType.HoneyPot.Tests.Form.Extension.HoneyPotExtensionTest" assertions="1" time="0.001000"/>
        <testcase name="testConfigureOptionsSetsDefaults" file="/var/www/html/valksor/src/Valksor/Component/FormType/HoneyPot/Tests/Form/Extension/HoneyPotExtensionTest.php" line="33" class="Valksor\Component\FormType\HoneyPot\Tests\Form\Extension\HoneyPotExtensionTest" classname="Valksor.Component.FormType.HoneyPot.Tests.Form.Extension.HoneyPotExtensionTest" assertions="3" time="0.001000"/>
        <testcase name="testConfigureOptionsAllowsCustomValues" file="/var/www/html/valksor/src/Valksor/Component/FormType/HoneyPot/Tests/Form/Extension/HoneyPotExtensionTest.php" line="45" class="Valksor\Component\FormType\HoneyPot\Tests\Form\Extension\HoneyPotExtensionTest" classname="Valksor.Component.FormType.HoneyPot.Tests.Form.Extension.HoneyPotExtensionTest" assertions="3" time="0.001000"/>
        <testcase name="testBuildFormDoesNothingWhenHoneypotDisabled" file="/var/www/html/valksor/src/Valksor/Component/FormType/HoneyPot/Tests/Form/Extension/HoneyPotExtensionTest.php" line="61" class="Valksor\Component\FormType\HoneyPot\Tests\Form\Extension\HoneyPotExtensionTest" classname="Valksor.Component.FormType.HoneyPot.Tests.Form.Extension.HoneyPotExtensionTest" assertions="1" time="0.001000"/>
        <testcase name="testBuildFormAddsHoneypotFieldWhenEnabled" file="/var/www/html/valksor/src/Valksor/Component/FormType/HoneyPot/Tests/Form/Extension/HoneyPotExtensionTest.php" line="72" class="Valksor\Component\FormType\HoneyPot\Tests\Form\Extension\HoneyPotExtensionTest" classname="Valksor.Component.FormType.HoneyPot.Tests.Form.Extension.HoneyPotExtensionTest" assertions="6" time="0.001000"/>
        <testcase name="testBuildFormAddsCustomFieldName" file="/var/www/html/valksor/src/Valksor/Component/FormType/HoneyPot/Tests/Form/Extension/HoneyPotExtensionTest.php" line="103" class="Valksor\Component\FormType\HoneyPot\Tests\Form\Extension\HoneyPotExtensionTest" classname="Valksor.Component.FormType.HoneyPot.Tests.Form.Extension.HoneyPotExtensionTest" assertions="4" time="0.001000"/>
        <testcase name="testPreSubmitListenerDoesNothingWhenHoneypotEmpty" file="/var/www/html/valksor/src/Valksor/Component/FormType/HoneyPot/Tests/Form/Extension/HoneyPotExtensionTest.php" line="125" class="Valksor\Component\FormType\HoneyPot\Tests\Form\Extension\HoneyPotExtensionTest" classname="Valksor.Component.FormType.HoneyPot.Tests.Form.Extension.HoneyPotExtensionTest" assertions="4" time="0.001000"/>
        <testcase name="testPreSubmitListenerThrowsExceptionWhenHoneypotFilled" file="/var/www/html/valksor/src/Valksor/Component/FormType/HoneyPot/Tests/Form/Extension/HoneyPotExtensionTest.php" line="153" class="Valksor\Component\FormType\HoneyPot\Tests\Form\Extension\HoneyPotExtensionTest" classname="Valksor.Component.FormType.HoneyPot.Tests.Form.Extension.HoneyPotExtensionTest" assertions="6" time="0.001000"/>
        <testcase name="testPreSubmitListenerHandlesNullRequest" file="/var/www/html/valksor/src/Valksor/Component/FormType/HoneyPot/Tests/Form/Extension/HoneyPotExtensionTest.php" line="203" class="Valksor\Component\FormType\HoneyPot\Tests\Form\Extension\HoneyPotExtensionTest" classname="Valksor.Component.FormType.HoneyPot.Tests.Form.Extension.HoneyPotExtensionTest" assertions="6" time="0.001000"/>
        <testcase name="testPreSubmitListenerDoesNothingWhenDataIsNotArray" file="/var/www/html/valksor/src/Valksor/Component/FormType/HoneyPot/Tests/Form/Extension/HoneyPotExtensionTest.php" line="236" class="Valksor\Component\FormType\HoneyPot\Tests\Form\Extension\HoneyPotExtensionTest" classname="Valksor.Component.FormType.HoneyPot.Tests.Form.Extension.HoneyPotExtensionTest" assertions="4" time="0.001000"/>
      </testsuite>
    </testsuite>
  </testsuite>
</testsuites>
