<?xml version="1.0" encoding="UTF-8"?>
<testsuites>
  <testsuite name="" tests="23" assertions="41" errors="0" failures="0" skipped="0" time="0.000000">
    <testsuite name="Valksor\Component\DoctrineTools\Tests\Doctrine\DBAL\Type\UTCDateImmutableTypeTest" file="/var/www/html/valksor/src/Valksor/Component/DoctrineTools/Tests/Doctrine/DBAL/Type/UTCDateImmutableTypeTest.php" tests="1" assertions="3" errors="0" failures="0" skipped="0" time="0.000000">
      <testcase name="testConvertToPhpValueCreatesUtcImmutable" class="Valksor\Component\DoctrineTools\Tests\Doctrine\DBAL\Type\UTCDateImmutableTypeTest" classname="Valksor.Component.DoctrineTools.Tests.Doctrine.DBAL.Type.UTCDateImmutableTypeTest" file="/var/www/html/valksor/src/Valksor/Component/DoctrineTools/Tests/Doctrine/DBAL/Type/UTCDateImmutableTypeTest.php" line="55" assertions="3" time="0.000000"/>
    </testsuite>
    <testsuite name="Valksor\Component\DoctrineTools\Tests\Doctrine\DBAL\Type\UTCDateTimeImmutableTypeTest" file="/var/www/html/valksor/src/Valksor/Component/DoctrineTools/Tests/Doctrine/DBAL/Type/UTCDateTimeImmutableTypeTest.php" tests="1" assertions="3" errors="0" failures="0" skipped="0" time="0.000000">
      <testcase name="testConvertToPhpValueReturnsUtcImmutable" class="Valksor\Component\DoctrineTools\Tests\Doctrine\DBAL\Type\UTCDateTimeImmutableTypeTest" classname="Valksor.Component.DoctrineTools.Tests.Doctrine.DBAL.Type.UTCDateTimeImmutableTypeTest" file="/var/www/html/valksor/src/Valksor/Component/DoctrineTools/Tests/Doctrine/DBAL/Type/UTCDateTimeImmutableTypeTest.php" line="55" assertions="3" time="0.000000"/>
    </testsuite>
    <testsuite name="Valksor\Component\DoctrineTools\Tests\Doctrine\DBAL\Type\UTCDateTimeTypeTest" file="/var/www/html/valksor/src/Valksor/Component/DoctrineTools/Tests/Doctrine/DBAL/Type/UTCDateTimeTypeTest.php" tests="1" assertions="3" errors="0" failures="0" skipped="0" time="0.000000">
      <testcase name="testConvertToPhpValueReturnsUtcDateTime" class="Valksor\Component\DoctrineTools\Tests\Doctrine\DBAL\Type\UTCDateTimeTypeTest" classname="Valksor.Component.DoctrineTools.Tests.Doctrine.DBAL.Type.UTCDateTimeTypeTest" file="/var/www/html/valksor/src/Valksor/Component/DoctrineTools/Tests/Doctrine/DBAL/Type/UTCDateTimeTypeTest.php" line="55" assertions="3" time="0.000000"/>
    </testsuite>
    <testsuite name="Valksor\Component\DoctrineTools\Tests\Doctrine\DBAL\Type\UTCDateTypeTest" file="/var/www/html/valksor/src/Valksor/Component/DoctrineTools/Tests/Doctrine/DBAL/Type/UTCDateTypeTest.php" tests="1" assertions="1" errors="0" failures="0" skipped="0" time="0.000000">
      <testcase name="testConvertToPhpValueRejectsInvalidFormat" class="Valksor\Component\DoctrineTools\Tests\Doctrine\DBAL\Type\UTCDateTypeTest" classname="Valksor.Component.DoctrineTools.Tests.Doctrine.DBAL.Type.UTCDateTypeTest" file="/var/www/html/valksor/src/Valksor/Component/DoctrineTools/Tests/Doctrine/DBAL/Type/UTCDateTypeTest.php" line="72" assertions="1" time="0.000000"/>
    </testsuite>
    <testsuite name="Valksor\Component\DoctrineTools\Tests\Doctrine\Migrations\VersionComparatorWithoutNamespaceTest" file="/var/www/html/valksor/src/Valksor/Component/DoctrineTools/Tests/Doctrine/Migrations/VersionComparatorWithoutNamespaceTest.php" tests="1" assertions="1" errors="0" failures="0" skipped="0" time="0.000000">
      <testcase name="testCompareIgnoresNamespacePrefix" class="Valksor\Component\DoctrineTools\Tests\Doctrine\Migrations\VersionComparatorWithoutNamespaceTest" classname="Valksor.Component.DoctrineTools.Tests.Doctrine.Migrations.VersionComparatorWithoutNamespaceTest" file="/var/www/html/valksor/src/Valksor/Component/DoctrineTools/Tests/Doctrine/Migrations/VersionComparatorWithoutNamespaceTest.php" line="24" assertions="1" time="0.000000"/>
    </testsuite>
    <testsuite name="Valksor\Component\DoctrineTools\Tests\EventSubscriber\DoctrineMigrationsFilterTest" file="/var/www/html/valksor/src/Valksor/Component/DoctrineTools/Tests/EventSubscriber/DoctrineMigrationsFilterTest.php" tests="1" assertions="1" errors="0" failures="0" skipped="0" time="0.000000">
      <testcase name="testHandlesDoctrineAbstractAssets" class="Valksor\Component\DoctrineTools\Tests\EventSubscriber\DoctrineMigrationsFilterTest" classname="Valksor.Component.DoctrineTools.Tests.EventSubscriber.DoctrineMigrationsFilterTest" file="/var/www/html/valksor/src/Valksor/Component/DoctrineTools/Tests/EventSubscriber/DoctrineMigrationsFilterTest.php" line="42" assertions="1" time="0.000000"/>
    </testsuite>
    <testsuite name="Valksor\Component\DoctrineTools\Tests\Normalizer\UTCDateTimeNormalizerTest" file="/var/www/html/valksor/src/Valksor/Component/DoctrineTools/Tests/Normalizer/UTCDateTimeNormalizerTest.php" tests="2" assertions="4" errors="0" failures="0" skipped="0" time="0.000000">
      <testcase name="testSupportedTypesExposeUtcDateTimeImmutable" class="Valksor\Component\DoctrineTools\Tests\Normalizer\UTCDateTimeNormalizerTest" classname="Valksor.Component.DoctrineTools.Tests.Normalizer.UTCDateTimeNormalizerTest" file="/var/www/html/valksor/src/Valksor/Component/DoctrineTools/Tests/Normalizer/UTCDateTimeNormalizerTest.php" line="57" assertions="2" time="0.000000"/>
      <testcase name="testSupportsNormalizationOnlyForUtcDateTimeImmutable" class="Valksor\Component\DoctrineTools\Tests\Normalizer\UTCDateTimeNormalizerTest" classname="Valksor.Component.DoctrineTools.Tests.Normalizer.UTCDateTimeNormalizerTest" file="/var/www/html/valksor/src/Valksor/Component/DoctrineTools/Tests/Normalizer/UTCDateTimeNormalizerTest.php" line="73" assertions="2" time="0.000000"/>
    </testsuite>
    <testsuite name="Valksor\Component\DoctrineTools\Tests\UTCDateTimeImmutableTest" file="/var/www/html/valksor/src/Valksor/Component/DoctrineTools/Tests/UTCDateTimeImmutableTest.php" tests="1" assertions="2" errors="0" failures="0" skipped="0" time="0.000000">
      <testcase name="testConstructorInitializesUtcTimezone" class="Valksor\Component\DoctrineTools\Tests\UTCDateTimeImmutableTest" classname="Valksor.Component.DoctrineTools.Tests.UTCDateTimeImmutableTest" file="/var/www/html/valksor/src/Valksor/Component/DoctrineTools/Tests/UTCDateTimeImmutableTest.php" line="27" assertions="2" time="0.000000"/>
    </testsuite>
  </testsuite>
</testsuites>
