<?xml version="1.0" encoding="UTF-8"?>
<coverage generated="0">
  <project timestamp="0" name="Clover Coverage">
    <package name="Valksor\Functions\Preg\Exception">
      <file name="/var/www/html/valksor/src/Valksor/Functions/Preg/Exception/PregException.php">
        <class name="Valksor\Functions\Preg\Exception\PregException" namespace="Valksor\Functions\Preg\Exception">
          <metrics complexity="0" methods="0" coveredmethods="0" conditionals="0" coveredconditionals="0" statements="0" coveredstatements="0" elements="0" coveredelements="0"/>
        </class>
        <metrics loc="20" ncloc="11" classes="0" methods="0" coveredmethods="0" conditionals="0" coveredconditionals="0" statements="0" coveredstatements="0" elements="0" coveredelements="0"/>
      </file>
      <file name="/var/www/html/valksor/src/Valksor/Functions/Preg/Exception/PregExecutionException.php">
        <class name="Valksor\Functions\Preg\Exception\PregExecutionException" namespace="Valksor\Functions\Preg\Exception">
          <metrics complexity="0" methods="0" coveredmethods="0" conditionals="0" coveredconditionals="0" statements="0" coveredstatements="0" elements="0" coveredelements="0"/>
        </class>
        <metrics loc="18" ncloc="9" classes="0" methods="0" coveredmethods="0" conditionals="0" coveredconditionals="0" statements="0" coveredstatements="0" elements="0" coveredelements="0"/>
      </file>
      <file name="/var/www/html/valksor/src/Valksor/Functions/Preg/Exception/PregPatternException.php">
        <class name="Valksor\Functions\Preg\Exception\PregPatternException" namespace="Valksor\Functions\Preg\Exception">
          <metrics complexity="0" methods="0" coveredmethods="0" conditionals="0" coveredconditionals="0" statements="0" coveredstatements="0" elements="0" coveredelements="0"/>
        </class>
        <metrics loc="18" ncloc="9" classes="0" methods="0" coveredmethods="0" conditionals="0" coveredconditionals="0" statements="0" coveredstatements="0" elements="0" coveredelements="0"/>
      </file>
    </package>
    <package name="Valksor\Functions\Preg">
      <file name="/var/www/html/valksor/src/Valksor/Functions/Preg/Functions.php">
        <class name="Valksor\Functions\Preg\Functions" namespace="Valksor\Functions\Preg">
          <metrics complexity="0" methods="0" coveredmethods="0" conditionals="0" coveredconditionals="0" statements="0" coveredstatements="0" elements="0" coveredelements="0"/>
        </class>
        <metrics loc="26" ncloc="17" classes="0" methods="0" coveredmethods="0" conditionals="0" coveredconditionals="0" statements="0" coveredstatements="0" elements="0" coveredelements="0"/>
      </file>
      <file name="/var/www/html/valksor/src/Valksor/Functions/Preg/SkipErrorHandler.php">
        <class name="Valksor\Functions\Preg\SkipErrorHandler" namespace="Valksor\Functions\Preg">
          <metrics complexity="3" methods="2" coveredmethods="2" conditionals="0" coveredconditionals="0" statements="11" coveredstatements="11" elements="13" coveredelements="13"/>
        </class>
        <line num="22" type="method" name="__construct" visibility="private" complexity="1" crap="1" count="1"/>
        <line num="24" type="stmt" count="1"/>
        <line num="26" type="method" name="execute" visibility="public" complexity="2" crap="2" count="2"/>
        <line num="29" type="stmt" count="2"/>
        <line num="31" type="stmt" count="2"/>
        <line num="32" type="stmt" count="1"/>
        <line num="34" type="stmt" count="1"/>
        <line num="35" type="stmt" count="2"/>
        <line num="38" type="stmt" count="2"/>
        <line num="40" type="stmt" count="2"/>
        <line num="43" type="stmt" count="2"/>
        <line num="44" type="stmt" count="1"/>
        <line num="47" type="stmt" count="1"/>
        <metrics loc="50" ncloc="41" classes="1" methods="2" coveredmethods="2" conditionals="0" coveredconditionals="0" statements="11" coveredstatements="11" elements="13" coveredelements="13"/>
      </file>
    </package>
    <package name="Valksor\Functions\Preg\Traits">
      <file name="/var/www/html/valksor/src/Valksor/Functions/Preg/Traits/_AddUtf8Modifier.php">
        <class name="Valksor\Functions\Preg\Traits\_AddUtf8Modifier" namespace="Valksor\Functions\Preg\Traits">
          <metrics complexity="2" methods="1" coveredmethods="1" conditionals="0" coveredconditionals="0" statements="4" coveredstatements="4" elements="5" coveredelements="5"/>
        </class>
        <line num="19" type="method" name="addUtf8Modifier" visibility="public" complexity="2" crap="2" count="77"/>
        <line num="22" type="stmt" count="77"/>
        <line num="24" type="stmt" count="77"/>
        <line num="25" type="stmt" count="6"/>
        <line num="28" type="stmt" count="71"/>
        <metrics loc="31" ncloc="22" classes="1" methods="1" coveredmethods="1" conditionals="0" coveredconditionals="0" statements="4" coveredstatements="4" elements="5" coveredelements="5"/>
      </file>
      <file name="/var/www/html/valksor/src/Valksor/Functions/Preg/Traits/_Match.php">
        <class name="Valksor\Functions\Preg\Traits\_Match" namespace="Valksor\Functions\Preg\Traits">
          <metrics complexity="6" methods="1" coveredmethods="1" conditionals="0" coveredconditionals="0" statements="11" coveredstatements="11" elements="12" coveredelements="12"/>
        </class>
        <line num="23" type="method" name="match" visibility="public" complexity="6" crap="6" count="14"/>
        <line num="30" type="stmt" count="14"/>
        <line num="32" type="stmt" count="14"/>
        <line num="33" type="stmt" count="1"/>
        <line num="37" type="stmt" count="1"/>
        <line num="40" type="stmt" count="14"/>
        <line num="42" type="stmt" count="14"/>
        <line num="43" type="stmt" count="12"/>
        <line num="46" type="stmt" count="2"/>
        <line num="48" type="stmt" count="2"/>
        <line num="49" type="stmt" count="1"/>
        <line num="52" type="stmt" count="1"/>
        <metrics loc="55" ncloc="46" classes="1" methods="1" coveredmethods="1" conditionals="0" coveredconditionals="0" statements="11" coveredstatements="11" elements="12" coveredelements="12"/>
      </file>
      <file name="/var/www/html/valksor/src/Valksor/Functions/Preg/Traits/_MatchAll.php">
        <class name="Valksor\Functions\Preg\Traits\_MatchAll" namespace="Valksor\Functions\Preg\Traits">
          <metrics complexity="6" methods="1" coveredmethods="1" conditionals="0" coveredconditionals="0" statements="11" coveredstatements="11" elements="12" coveredelements="12"/>
        </class>
        <line num="24" type="method" name="matchAll" visibility="public" complexity="6" crap="6" count="13"/>
        <line num="31" type="stmt" count="13"/>
        <line num="33" type="stmt" count="13"/>
        <line num="34" type="stmt" count="1"/>
        <line num="38" type="stmt" count="1"/>
        <line num="41" type="stmt" count="13"/>
        <line num="43" type="stmt" count="13"/>
        <line num="44" type="stmt" count="11"/>
        <line num="47" type="stmt" count="2"/>
        <line num="49" type="stmt" count="2"/>
        <line num="50" type="stmt" count="1"/>
        <line num="53" type="stmt" count="1"/>
        <metrics loc="56" ncloc="47" classes="1" methods="1" coveredmethods="1" conditionals="0" coveredconditionals="0" statements="11" coveredstatements="11" elements="12" coveredelements="12"/>
      </file>
      <file name="/var/www/html/valksor/src/Valksor/Functions/Preg/Traits/_NewPregException.php">
        <class name="Valksor\Functions\Preg\Traits\_NewPregException" namespace="Valksor\Functions\Preg\Traits">
          <metrics complexity="4" methods="1" coveredmethods="1" conditionals="0" coveredconditionals="0" statements="23" coveredstatements="23" elements="24" coveredelements="24"/>
        </class>
        <line num="26" type="method" name="newPregException" visibility="public" complexity="4" crap="4" count="7"/>
        <line num="32" type="stmt" count="7"/>
        <line num="33" type="stmt" count="7"/>
        <line num="35" type="stmt" count="7"/>
        <line num="37" type="stmt" count="7"/>
        <line num="38" type="stmt" count="1"/>
        <line num="41" type="stmt" count="6"/>
        <line num="43" type="stmt" count="6"/>
        <line num="44" type="stmt" count="6"/>
        <line num="45" type="stmt" count="6"/>
        <line num="46" type="stmt" count="6"/>
        <line num="47" type="stmt" count="6"/>
        <line num="49" type="stmt" count="6"/>
        <line num="50" type="stmt" count="6"/>
        <line num="51" type="stmt" count="6"/>
        <line num="52" type="stmt" count="6"/>
        <line num="53" type="stmt" count="7"/>
        <line num="55" type="stmt" count="7"/>
        <line num="56" type="stmt" count="1"/>
        <line num="58" type="stmt" count="1"/>
        <line num="59" type="stmt" count="1"/>
        <line num="62" type="stmt" count="1"/>
        <line num="64" type="stmt" count="1"/>
        <line num="67" type="stmt" count="6"/>
        <metrics loc="70" ncloc="61" classes="1" methods="1" coveredmethods="1" conditionals="0" coveredconditionals="0" statements="23" coveredstatements="23" elements="24" coveredelements="24"/>
      </file>
      <file name="/var/www/html/valksor/src/Valksor/Functions/Preg/Traits/_RemoveUtf8Modifier.php">
        <class name="Valksor\Functions\Preg\Traits\_RemoveUtf8Modifier" namespace="Valksor\Functions\Preg\Traits">
          <metrics complexity="4" methods="1" coveredmethods="1" conditionals="0" coveredconditionals="0" statements="9" coveredstatements="9" elements="10" coveredelements="10"/>
        </class>
        <line num="22" type="method" name="removeUtf8Modifier" visibility="public" complexity="4" crap="4" count="25"/>
        <line num="25" type="stmt" count="25"/>
        <line num="26" type="stmt" count="2"/>
        <line num="29" type="stmt" count="23"/>
        <line num="30" type="stmt" count="23"/>
        <line num="32" type="stmt" count="23"/>
        <line num="33" type="stmt" count="23"/>
        <line num="35" type="stmt" count="23"/>
        <line num="36" type="stmt" count="5"/>
        <line num="39" type="stmt" count="18"/>
        <metrics loc="42" ncloc="33" classes="1" methods="1" coveredmethods="1" conditionals="0" coveredconditionals="0" statements="9" coveredstatements="9" elements="10" coveredelements="10"/>
      </file>
      <file name="/var/www/html/valksor/src/Valksor/Functions/Preg/Traits/_Replace.php">
        <class name="Valksor\Functions\Preg\Traits\_Replace" namespace="Valksor\Functions\Preg\Traits">
          <metrics complexity="6" methods="1" coveredmethods="1" conditionals="0" coveredconditionals="0" statements="11" coveredstatements="11" elements="12" coveredelements="12"/>
        </class>
        <line num="23" type="method" name="replace" visibility="public" complexity="6" crap="6" count="13"/>
        <line num="30" type="stmt" count="13"/>
        <line num="32" type="stmt" count="13"/>
        <line num="33" type="stmt" count="1"/>
        <line num="37" type="stmt" count="1"/>
        <line num="40" type="stmt" count="13"/>
        <line num="42" type="stmt" count="13"/>
        <line num="43" type="stmt" count="10"/>
        <line num="46" type="stmt" count="3"/>
        <line num="48" type="stmt" count="3"/>
        <line num="49" type="stmt" count="1"/>
        <line num="52" type="stmt" count="2"/>
        <metrics loc="55" ncloc="46" classes="1" methods="1" coveredmethods="1" conditionals="0" coveredconditionals="0" statements="11" coveredstatements="11" elements="12" coveredelements="12"/>
      </file>
      <file name="/var/www/html/valksor/src/Valksor/Functions/Preg/Traits/_ReplaceCallback.php">
        <class name="Valksor\Functions\Preg\Traits\_ReplaceCallback" namespace="Valksor\Functions\Preg\Traits">
          <metrics complexity="6" methods="1" coveredmethods="1" conditionals="0" coveredconditionals="0" statements="11" coveredstatements="11" elements="12" coveredelements="12"/>
        </class>
        <line num="23" type="method" name="replaceCallback" visibility="public" complexity="6" crap="6" count="14"/>
        <line num="30" type="stmt" count="14"/>
        <line num="32" type="stmt" count="14"/>
        <line num="33" type="stmt" count="1"/>
        <line num="37" type="stmt" count="1"/>
        <line num="40" type="stmt" count="14"/>
        <line num="42" type="stmt" count="14"/>
        <line num="43" type="stmt" count="12"/>
        <line num="46" type="stmt" count="2"/>
        <line num="48" type="stmt" count="2"/>
        <line num="49" type="stmt" count="1"/>
        <line num="52" type="stmt" count="1"/>
        <metrics loc="55" ncloc="46" classes="1" methods="1" coveredmethods="1" conditionals="0" coveredconditionals="0" statements="11" coveredstatements="11" elements="12" coveredelements="12"/>
      </file>
      <file name="/var/www/html/valksor/src/Valksor/Functions/Preg/Traits/_Split.php">
        <class name="Valksor\Functions\Preg\Traits\_Split" namespace="Valksor\Functions\Preg\Traits">
          <metrics complexity="6" methods="1" coveredmethods="1" conditionals="0" coveredconditionals="0" statements="11" coveredstatements="11" elements="12" coveredelements="12"/>
        </class>
        <line num="23" type="method" name="split" visibility="public" complexity="6" crap="6" count="12"/>
        <line num="29" type="stmt" count="12"/>
        <line num="31" type="stmt" count="12"/>
        <line num="32" type="stmt" count="1"/>
        <line num="36" type="stmt" count="1"/>
        <line num="39" type="stmt" count="12"/>
        <line num="41" type="stmt" count="12"/>
        <line num="42" type="stmt" count="10"/>
        <line num="45" type="stmt" count="2"/>
        <line num="47" type="stmt" count="2"/>
        <line num="48" type="stmt" count="1"/>
        <line num="51" type="stmt" count="1"/>
        <metrics loc="54" ncloc="45" classes="1" methods="1" coveredmethods="1" conditionals="0" coveredconditionals="0" statements="11" coveredstatements="11" elements="12" coveredelements="12"/>
      </file>
    </package>
    <metrics files="13" loc="550" ncloc="433" classes="9" methods="10" coveredmethods="10" conditionals="0" coveredconditionals="0" statements="102" coveredstatements="102" elements="112" coveredelements="112"/>
  </project>
</coverage>
