<?xml version="1.0" encoding="UTF-8"?>
<!DOCTYPE coverage SYSTEM "http://cobertura.sourceforge.net/xml/coverage-04.dtd">
<coverage line-rate="1" branch-rate="0" lines-covered="102" lines-valid="102" branches-covered="0" branches-valid="0" complexity="43" version="0.4" timestamp="0">
  <sources>
    <source>/var/www/html/valksor/src/Valksor/Functions/Preg</source>
  </sources>
  <packages>
    <package name="Exception/PregException.php" line-rate="0" branch-rate="0" complexity="0">
      <classes>
        <class name="Valksor\Functions\Preg\Exception\PregException" filename="Exception/PregException.php" line-rate="0" branch-rate="0" complexity="0">
          <methods/>
          <lines/>
        </class>
      </classes>
    </package>
    <package name="Exception/PregExecutionException.php" line-rate="0" branch-rate="0" complexity="0">
      <classes>
        <class name="Valksor\Functions\Preg\Exception\PregExecutionException" filename="Exception/PregExecutionException.php" line-rate="0" branch-rate="0" complexity="0">
          <methods/>
          <lines/>
        </class>
      </classes>
    </package>
    <package name="Exception/PregPatternException.php" line-rate="0" branch-rate="0" complexity="0">
      <classes>
        <class name="Valksor\Functions\Preg\Exception\PregPatternException" filename="Exception/PregPatternException.php" line-rate="0" branch-rate="0" complexity="0">
          <methods/>
          <lines/>
        </class>
      </classes>
    </package>
    <package name="Functions.php" line-rate="0" branch-rate="0" complexity="0">
      <classes>
        <class name="Valksor\Functions\Preg\Functions" filename="Functions.php" line-rate="0" branch-rate="0" complexity="0">
          <methods/>
          <lines/>
        </class>
      </classes>
    </package>
    <package name="SkipErrorHandler.php" line-rate="1" branch-rate="0" complexity="3">
      <classes>
        <class name="Valksor\Functions\Preg\SkipErrorHandler" filename="SkipErrorHandler.php" line-rate="1" branch-rate="0" complexity="3">
          <methods>
            <method name="__construct" signature="" line-rate="1" branch-rate="0" complexity="1">
              <lines>
                <line number="24" hits="1"/>
              </lines>
            </method>
            <method name="execute" signature="callable $callback" line-rate="1" branch-rate="0" complexity="2">
              <lines>
                <line number="29" hits="2"/>
                <line number="31" hits="2"/>
                <line number="32" hits="1"/>
                <line number="34" hits="1"/>
                <line number="35" hits="2"/>
                <line number="38" hits="2"/>
                <line number="40" hits="2"/>
                <line number="43" hits="2"/>
                <line number="44" hits="1"/>
                <line number="47" hits="1"/>
              </lines>
            </method>
          </methods>
          <lines>
            <line number="24" hits="1"/>
            <line number="29" hits="2"/>
            <line number="31" hits="2"/>
            <line number="32" hits="1"/>
            <line number="34" hits="1"/>
            <line number="35" hits="2"/>
            <line number="38" hits="2"/>
            <line number="40" hits="2"/>
            <line number="43" hits="2"/>
            <line number="44" hits="1"/>
            <line number="47" hits="1"/>
          </lines>
        </class>
      </classes>
    </package>
    <package name="Traits/_AddUtf8Modifier.php" line-rate="1" branch-rate="0" complexity="2">
      <classes>
        <class name="Valksor\Functions\Preg\Traits\_AddUtf8Modifier" filename="Traits/_AddUtf8Modifier.php" line-rate="1" branch-rate="0" complexity="2">
          <methods>
            <method name="addUtf8Modifier" signature="array|string $pattern" line-rate="1" branch-rate="0" complexity="2">
              <lines>
                <line number="22" hits="77"/>
                <line number="24" hits="77"/>
                <line number="25" hits="6"/>
                <line number="28" hits="71"/>
              </lines>
            </method>
          </methods>
          <lines>
            <line number="22" hits="77"/>
            <line number="24" hits="77"/>
            <line number="25" hits="6"/>
            <line number="28" hits="71"/>
          </lines>
        </class>
      </classes>
    </package>
    <package name="Traits/_Match.php" line-rate="1" branch-rate="0" complexity="6">
      <classes>
        <class name="Valksor\Functions\Preg\Traits\_Match" filename="Traits/_Match.php" line-rate="1" branch-rate="0" complexity="6">
          <methods>
            <method name="match" signature="string $pattern, string $subject, ?array $matches, int $flags, int $offset" line-rate="1" branch-rate="0" complexity="6">
              <lines>
                <line number="30" hits="14"/>
                <line number="32" hits="14"/>
                <line number="33" hits="1"/>
                <line number="37" hits="1"/>
                <line number="40" hits="14"/>
                <line number="42" hits="14"/>
                <line number="43" hits="12"/>
                <line number="46" hits="2"/>
                <line number="48" hits="2"/>
                <line number="49" hits="1"/>
                <line number="52" hits="1"/>
              </lines>
            </method>
          </methods>
          <lines>
            <line number="30" hits="14"/>
            <line number="32" hits="14"/>
            <line number="33" hits="1"/>
            <line number="37" hits="1"/>
            <line number="40" hits="14"/>
            <line number="42" hits="14"/>
            <line number="43" hits="12"/>
            <line number="46" hits="2"/>
            <line number="48" hits="2"/>
            <line number="49" hits="1"/>
            <line number="52" hits="1"/>
          </lines>
        </class>
      </classes>
    </package>
    <package name="Traits/_MatchAll.php" line-rate="1" branch-rate="0" complexity="6">
      <classes>
        <class name="Valksor\Functions\Preg\Traits\_MatchAll" filename="Traits/_MatchAll.php" line-rate="1" branch-rate="0" complexity="6">
          <methods>
            <method name="matchAll" signature="string $pattern, string $subject, ?array $matches, int $flags, int $offset" line-rate="1" branch-rate="0" complexity="6">
              <lines>
                <line number="31" hits="13"/>
                <line number="33" hits="13"/>
                <line number="34" hits="1"/>
                <line number="38" hits="1"/>
                <line number="41" hits="13"/>
                <line number="43" hits="13"/>
                <line number="44" hits="11"/>
                <line number="47" hits="2"/>
                <line number="49" hits="2"/>
                <line number="50" hits="1"/>
                <line number="53" hits="1"/>
              </lines>
            </method>
          </methods>
          <lines>
            <line number="31" hits="13"/>
            <line number="33" hits="13"/>
            <line number="34" hits="1"/>
            <line number="38" hits="1"/>
            <line number="41" hits="13"/>
            <line number="43" hits="13"/>
            <line number="44" hits="11"/>
            <line number="47" hits="2"/>
            <line number="49" hits="2"/>
            <line number="50" hits="1"/>
            <line number="53" hits="1"/>
          </lines>
        </class>
      </classes>
    </package>
    <package name="Traits/_NewPregException.php" line-rate="1" branch-rate="0" complexity="4">
      <classes>
        <class name="Valksor\Functions\Preg\Traits\_NewPregException" filename="Traits/_NewPregException.php" line-rate="1" branch-rate="0" complexity="4">
          <methods>
            <method name="newPregException" signature="int $error, string $errorMsg, string $method, array|string $pattern" line-rate="1" branch-rate="0" complexity="4">
              <lines>
                <line number="32" hits="7"/>
                <line number="33" hits="7"/>
                <line number="35" hits="7"/>
                <line number="37" hits="7"/>
                <line number="38" hits="1"/>
                <line number="41" hits="6"/>
                <line number="43" hits="6"/>
                <line number="44" hits="6"/>
                <line number="45" hits="6"/>
                <line number="46" hits="6"/>
                <line number="47" hits="6"/>
                <line number="49" hits="6"/>
                <line number="50" hits="6"/>
                <line number="51" hits="6"/>
                <line number="52" hits="6"/>
                <line number="53" hits="7"/>
                <line number="55" hits="7"/>
                <line number="56" hits="1"/>
                <line number="58" hits="1"/>
                <line number="59" hits="1"/>
                <line number="62" hits="1"/>
                <line number="64" hits="1"/>
                <line number="67" hits="6"/>
              </lines>
            </method>
          </methods>
          <lines>
            <line number="32" hits="7"/>
            <line number="33" hits="7"/>
            <line number="35" hits="7"/>
            <line number="37" hits="7"/>
            <line number="38" hits="1"/>
            <line number="41" hits="6"/>
            <line number="43" hits="6"/>
            <line number="44" hits="6"/>
            <line number="45" hits="6"/>
            <line number="46" hits="6"/>
            <line number="47" hits="6"/>
            <line number="49" hits="6"/>
            <line number="50" hits="6"/>
            <line number="51" hits="6"/>
            <line number="52" hits="6"/>
            <line number="53" hits="7"/>
            <line number="55" hits="7"/>
            <line number="56" hits="1"/>
            <line number="58" hits="1"/>
            <line number="59" hits="1"/>
            <line number="62" hits="1"/>
            <line number="64" hits="1"/>
            <line number="67" hits="6"/>
          </lines>
        </class>
      </classes>
    </package>
    <package name="Traits/_RemoveUtf8Modifier.php" line-rate="1" branch-rate="0" complexity="4">
      <classes>
        <class name="Valksor\Functions\Preg\Traits\_RemoveUtf8Modifier" filename="Traits/_RemoveUtf8Modifier.php" line-rate="1" branch-rate="0" complexity="4">
          <methods>
            <method name="removeUtf8Modifier" signature="array|string $pattern" line-rate="1" branch-rate="0" complexity="4">
              <lines>
                <line number="25" hits="25"/>
                <line number="26" hits="2"/>
                <line number="29" hits="23"/>
                <line number="30" hits="23"/>
                <line number="32" hits="23"/>
                <line number="33" hits="23"/>
                <line number="35" hits="23"/>
                <line number="36" hits="5"/>
                <line number="39" hits="18"/>
              </lines>
            </method>
          </methods>
          <lines>
            <line number="25" hits="25"/>
            <line number="26" hits="2"/>
            <line number="29" hits="23"/>
            <line number="30" hits="23"/>
            <line number="32" hits="23"/>
            <line number="33" hits="23"/>
            <line number="35" hits="23"/>
            <line number="36" hits="5"/>
            <line number="39" hits="18"/>
          </lines>
        </class>
      </classes>
    </package>
    <package name="Traits/_Replace.php" line-rate="1" branch-rate="0" complexity="6">
      <classes>
        <class name="Valksor\Functions\Preg\Traits\_Replace" filename="Traits/_Replace.php" line-rate="1" branch-rate="0" complexity="6">
          <methods>
            <method name="replace" signature="array|string $pattern, string $replacement, $subject, int $limit, ?int $count" line-rate="1" branch-rate="0" complexity="6">
              <lines>
                <line number="30" hits="13"/>
                <line number="32" hits="13"/>
                <line number="33" hits="1"/>
                <line number="37" hits="1"/>
                <line number="40" hits="13"/>
                <line number="42" hits="13"/>
                <line number="43" hits="10"/>
                <line number="46" hits="3"/>
                <line number="48" hits="3"/>
                <line number="49" hits="1"/>
                <line number="52" hits="2"/>
              </lines>
            </method>
          </methods>
          <lines>
            <line number="30" hits="13"/>
            <line number="32" hits="13"/>
            <line number="33" hits="1"/>
            <line number="37" hits="1"/>
            <line number="40" hits="13"/>
            <line number="42" hits="13"/>
            <line number="43" hits="10"/>
            <line number="46" hits="3"/>
            <line number="48" hits="3"/>
            <line number="49" hits="1"/>
            <line number="52" hits="2"/>
          </lines>
        </class>
      </classes>
    </package>
    <package name="Traits/_ReplaceCallback.php" line-rate="1" branch-rate="0" complexity="6">
      <classes>
        <class name="Valksor\Functions\Preg\Traits\_ReplaceCallback" filename="Traits/_ReplaceCallback.php" line-rate="1" branch-rate="0" complexity="6">
          <methods>
            <method name="replaceCallback" signature="array|string $pattern, callable $callback, string $subject, int $limit, ?int $count" line-rate="1" branch-rate="0" complexity="6">
              <lines>
                <line number="30" hits="14"/>
                <line number="32" hits="14"/>
                <line number="33" hits="1"/>
                <line number="37" hits="1"/>
                <line number="40" hits="14"/>
                <line number="42" hits="14"/>
                <line number="43" hits="12"/>
                <line number="46" hits="2"/>
                <line number="48" hits="2"/>
                <line number="49" hits="1"/>
                <line number="52" hits="1"/>
              </lines>
            </method>
          </methods>
          <lines>
            <line number="30" hits="14"/>
            <line number="32" hits="14"/>
            <line number="33" hits="1"/>
            <line number="37" hits="1"/>
            <line number="40" hits="14"/>
            <line number="42" hits="14"/>
            <line number="43" hits="12"/>
            <line number="46" hits="2"/>
            <line number="48" hits="2"/>
            <line number="49" hits="1"/>
            <line number="52" hits="1"/>
          </lines>
        </class>
      </classes>
    </package>
    <package name="Traits/_Split.php" line-rate="1" branch-rate="0" complexity="6">
      <classes>
        <class name="Valksor\Functions\Preg\Traits\_Split" filename="Traits/_Split.php" line-rate="1" branch-rate="0" complexity="6">
          <methods>
            <method name="split" signature="string $pattern, string $subject, int $limit, int $flags" line-rate="1" branch-rate="0" complexity="6">
              <lines>
                <line number="29" hits="12"/>
                <line number="31" hits="12"/>
                <line number="32" hits="1"/>
                <line number="36" hits="1"/>
                <line number="39" hits="12"/>
                <line number="41" hits="12"/>
                <line number="42" hits="10"/>
                <line number="45" hits="2"/>
                <line number="47" hits="2"/>
                <line number="48" hits="1"/>
                <line number="51" hits="1"/>
              </lines>
            </method>
          </methods>
          <lines>
            <line number="29" hits="12"/>
            <line number="31" hits="12"/>
            <line number="32" hits="1"/>
            <line number="36" hits="1"/>
            <line number="39" hits="12"/>
            <line number="41" hits="12"/>
            <line number="42" hits="10"/>
            <line number="45" hits="2"/>
            <line number="47" hits="2"/>
            <line number="48" hits="1"/>
            <line number="51" hits="1"/>
          </lines>
        </class>
      </classes>
    </package>
  </packages>
</coverage>
