<?xml version="1.0" encoding="UTF-8"?>
<testsuites>
  <testsuite name="/var/www/html/valksor/src/Valksor/Functions/Preg/phpunit.xml" tests="91" assertions="120" errors="0" failures="0" skipped="0" time="0.001000">
    <testsuite name="Preg Functions" tests="91" assertions="120" errors="0" failures="0" skipped="0" time="0.001000">
      <testsuite name="Valksor\Functions\Preg\Tests\PregTest" file="/var/www/html/valksor/src/Valksor/Functions/Preg/Tests/PregTest.php" tests="91" assertions="120" errors="0" failures="0" skipped="0" time="0.001000">
        <testcase name="testAddRemoveUtf8ModifierRoundTrip" file="/var/www/html/valksor/src/Valksor/Functions/Preg/Tests/PregTest.php" line="31" class="Valksor\Functions\Preg\Tests\PregTest" classname="Valksor.Functions.Preg.Tests.PregTest" assertions="1" time="0.001000"/>
        <testcase name="testAddRemoveUtf8ModifierRoundTripWithArray" file="/var/www/html/valksor/src/Valksor/Functions/Preg/Tests/PregTest.php" line="40" class="Valksor\Functions\Preg\Tests\PregTest" classname="Valksor.Functions.Preg.Tests.PregTest" assertions="1" time="0.001000"/>
        <testcase name="testAddRemoveUtf8ModifierRoundTripWithModifiers" file="/var/www/html/valksor/src/Valksor/Functions/Preg/Tests/PregTest.php" line="49" class="Valksor\Functions\Preg\Tests\PregTest" classname="Valksor.Functions.Preg.Tests.PregTest" assertions="1" time="0.001000"/>
        <testcase name="testAddUtf8ModifierArray" file="/var/www/html/valksor/src/Valksor/Functions/Preg/Tests/PregTest.php" line="58" class="Valksor\Functions\Preg\Tests\PregTest" classname="Valksor.Functions.Preg.Tests.PregTest" assertions="1" time="0.001000"/>
        <testcase name="testAddUtf8ModifierEmptyString" file="/var/www/html/valksor/src/Valksor/Functions/Preg/Tests/PregTest.php" line="65" class="Valksor\Functions\Preg\Tests\PregTest" classname="Valksor.Functions.Preg.Tests.PregTest" assertions="1" time="0.001000"/>
        <testcase name="testAddUtf8ModifierReturnsArrayForArray" file="/var/www/html/valksor/src/Valksor/Functions/Preg/Tests/PregTest.php" line="72" class="Valksor\Functions\Preg\Tests\PregTest" classname="Valksor.Functions.Preg.Tests.PregTest" assertions="1" time="0.001000"/>
        <testcase name="testAddUtf8ModifierReturnsStringForString" file="/var/www/html/valksor/src/Valksor/Functions/Preg/Tests/PregTest.php" line="79" class="Valksor\Functions\Preg\Tests\PregTest" classname="Valksor.Functions.Preg.Tests.PregTest" assertions="1" time="0.001000"/>
        <testcase name="testAddUtf8ModifierString" file="/var/www/html/valksor/src/Valksor/Functions/Preg/Tests/PregTest.php" line="89" class="Valksor\Functions\Preg\Tests\PregTest" classname="Valksor.Functions.Preg.Tests.PregTest" assertions="1" time="0.001000"/>
        <testcase name="testAddUtf8ModifierWithArrayContainingExistingModifiers" file="/var/www/html/valksor/src/Valksor/Functions/Preg/Tests/PregTest.php" line="96" class="Valksor\Functions\Preg\Tests\PregTest" classname="Valksor.Functions.Preg.Tests.PregTest" assertions="1" time="0.001000"/>
        <testcase name="testAddUtf8ModifierWithExistingModifiers" file="/var/www/html/valksor/src/Valksor/Functions/Preg/Tests/PregTest.php" line="103" class="Valksor\Functions\Preg\Tests\PregTest" classname="Valksor.Functions.Preg.Tests.PregTest" assertions="1" time="0.001000"/>
        <testcase name="testExceptionWithArrayPatterns" file="/var/www/html/valksor/src/Valksor/Functions/Preg/Tests/PregTest.php" line="110" class="Valksor\Functions\Preg\Tests\PregTest" classname="Valksor.Functions.Preg.Tests.PregTest" assertions="1" time="0.001000"/>
        <testcase name="testMatchAllMethodSignature" file="/var/www/html/valksor/src/Valksor/Functions/Preg/Tests/PregTest.php" line="117" class="Valksor\Functions\Preg\Tests\PregTest" classname="Valksor.Functions.Preg.Tests.PregTest" assertions="3" time="0.001000"/>
        <testcase name="testMatchAllReturnsCountForSuccessfulMatches" file="/var/www/html/valksor/src/Valksor/Functions/Preg/Tests/PregTest.php" line="126" class="Valksor\Functions\Preg\Tests\PregTest" classname="Valksor.Functions.Preg.Tests.PregTest" assertions="2" time="0.001000"/>
        <testcase name="testMatchAllReturnsInt" file="/var/www/html/valksor/src/Valksor/Functions/Preg/Tests/PregTest.php" line="135" class="Valksor\Functions\Preg\Tests\PregTest" classname="Valksor.Functions.Preg.Tests.PregTest" assertions="1" time="0.001000"/>
        <testcase name="testMatchAllReturnsZeroForNoMatches" file="/var/www/html/valksor/src/Valksor/Functions/Preg/Tests/PregTest.php" line="142" class="Valksor\Functions\Preg\Tests\PregTest" classname="Valksor.Functions.Preg.Tests.PregTest" assertions="2" time="0.001000"/>
        <testcase name="testMatchAllUtf8FallbackToNonUtf8" file="/var/www/html/valksor/src/Valksor/Functions/Preg/Tests/PregTest.php" line="151" class="Valksor\Functions\Preg\Tests\PregTest" classname="Valksor.Functions.Preg.Tests.PregTest" assertions="1" time="0.001000"/>
        <testcase name="testMatchAllWithComplexPattern" file="/var/www/html/valksor/src/Valksor/Functions/Preg/Tests/PregTest.php" line="162" class="Valksor\Functions\Preg\Tests\PregTest" classname="Valksor.Functions.Preg.Tests.PregTest" assertions="2" time="0.001000"/>
        <testcase name="testMatchAllWithEmptySubject" file="/var/www/html/valksor/src/Valksor/Functions/Preg/Tests/PregTest.php" line="171" class="Valksor\Functions\Preg\Tests\PregTest" classname="Valksor.Functions.Preg.Tests.PregTest" assertions="2" time="0.001000"/>
        <testcase name="testMatchAllWithFlags" file="/var/www/html/valksor/src/Valksor/Functions/Preg/Tests/PregTest.php" line="180" class="Valksor\Functions\Preg\Tests\PregTest" classname="Valksor.Functions.Preg.Tests.PregTest" assertions="5" time="0.001000"/>
        <testcase name="testMatchAllWithInvalidRegex" file="/var/www/html/valksor/src/Valksor/Functions/Preg/Tests/PregTest.php" line="192" class="Valksor\Functions\Preg\Tests\PregTest" classname="Valksor.Functions.Preg.Tests.PregTest" assertions="1" time="0.001000"/>
        <testcase name="testMatchAllWithLargeInput" file="/var/www/html/valksor/src/Valksor/Functions/Preg/Tests/PregTest.php" line="198" class="Valksor\Functions\Preg\Tests\PregTest" classname="Valksor.Functions.Preg.Tests.PregTest" assertions="1" time="0.001000"/>
        <testcase name="testMatchAllWithOffset" file="/var/www/html/valksor/src/Valksor/Functions/Preg/Tests/PregTest.php" line="207" class="Valksor\Functions\Preg\Tests\PregTest" classname="Valksor.Functions.Preg.Tests.PregTest" assertions="2" time="0.001000"/>
        <testcase name="testMatchAllWithUnicodeCharacters" file="/var/www/html/valksor/src/Valksor/Functions/Preg/Tests/PregTest.php" line="216" class="Valksor\Functions\Preg\Tests\PregTest" classname="Valksor.Functions.Preg.Tests.PregTest" assertions="1" time="0.001000"/>
        <testcase name="testMatchMethodSignature" file="/var/www/html/valksor/src/Valksor/Functions/Preg/Tests/PregTest.php" line="225" class="Valksor\Functions\Preg\Tests\PregTest" classname="Valksor.Functions.Preg.Tests.PregTest" assertions="2" time="0.001000"/>
        <testcase name="testMatchReturnsBoolean" file="/var/www/html/valksor/src/Valksor/Functions/Preg/Tests/PregTest.php" line="234" class="Valksor\Functions\Preg\Tests\PregTest" classname="Valksor.Functions.Preg.Tests.PregTest" assertions="1" time="0.001000"/>
        <testcase name="testMatchReturnsFalseForNoMatch" file="/var/www/html/valksor/src/Valksor/Functions/Preg/Tests/PregTest.php" line="241" class="Valksor\Functions\Preg\Tests\PregTest" classname="Valksor.Functions.Preg.Tests.PregTest" assertions="1" time="0.001000"/>
        <testcase name="testMatchReturnsTrueForSuccessfulMatch" file="/var/www/html/valksor/src/Valksor/Functions/Preg/Tests/PregTest.php" line="251" class="Valksor\Functions\Preg\Tests\PregTest" classname="Valksor.Functions.Preg.Tests.PregTest" assertions="1" time="0.001000"/>
        <testcase name="testMatchUtf8FallbackToNonUtf8" file="/var/www/html/valksor/src/Valksor/Functions/Preg/Tests/PregTest.php" line="260" class="Valksor\Functions\Preg\Tests\PregTest" classname="Valksor.Functions.Preg.Tests.PregTest" assertions="1" time="0.001000"/>
        <testcase name="testMatchWithComplexPattern" file="/var/www/html/valksor/src/Valksor/Functions/Preg/Tests/PregTest.php" line="272" class="Valksor\Functions\Preg\Tests\PregTest" classname="Valksor.Functions.Preg.Tests.PregTest" assertions="2" time="0.001000"/>
        <testcase name="testMatchWithEmptySubject" file="/var/www/html/valksor/src/Valksor/Functions/Preg/Tests/PregTest.php" line="281" class="Valksor\Functions\Preg\Tests\PregTest" classname="Valksor.Functions.Preg.Tests.PregTest" assertions="2" time="0.001000"/>
        <testcase name="testMatchWithFlags" file="/var/www/html/valksor/src/Valksor/Functions/Preg/Tests/PregTest.php" line="290" class="Valksor\Functions\Preg\Tests\PregTest" classname="Valksor.Functions.Preg.Tests.PregTest" assertions="4" time="0.001000"/>
        <testcase name="testMatchWithInvalidRegex" file="/var/www/html/valksor/src/Valksor/Functions/Preg/Tests/PregTest.php" line="302" class="Valksor\Functions\Preg\Tests\PregTest" classname="Valksor.Functions.Preg.Tests.PregTest" assertions="1" time="0.001000"/>
        <testcase name="testMatchWithLargeInput" file="/var/www/html/valksor/src/Valksor/Functions/Preg/Tests/PregTest.php" line="309" class="Valksor\Functions\Preg\Tests\PregTest" classname="Valksor.Functions.Preg.Tests.PregTest" assertions="1" time="0.001000"/>
        <testcase name="testMatchWithMatchesReference" file="/var/www/html/valksor/src/Valksor/Functions/Preg/Tests/PregTest.php" line="317" class="Valksor\Functions\Preg\Tests\PregTest" classname="Valksor.Functions.Preg.Tests.PregTest" assertions="2" time="0.001000"/>
        <testcase name="testMatchWithOffset" file="/var/www/html/valksor/src/Valksor/Functions/Preg/Tests/PregTest.php" line="326" class="Valksor\Functions\Preg\Tests\PregTest" classname="Valksor.Functions.Preg.Tests.PregTest" assertions="2" time="0.001000"/>
        <testcase name="testMatchWithUnicodeCharacters" file="/var/www/html/valksor/src/Valksor/Functions/Preg/Tests/PregTest.php" line="339" class="Valksor\Functions\Preg\Tests\PregTest" classname="Valksor.Functions.Preg.Tests.PregTest" assertions="1" time="0.001000"/>
        <testcase name="testNewPregExceptionReturnsUnknownErrorForValidPattern" file="/var/www/html/valksor/src/Valksor/Functions/Preg/Tests/PregTest.php" line="346" class="Valksor\Functions\Preg\Tests\PregTest" classname="Valksor.Functions.Preg.Tests.PregTest" assertions="2" time="0.001000"/>
        <testcase name="testRemoveUtf8ModifierArray" file="/var/www/html/valksor/src/Valksor/Functions/Preg/Tests/PregTest.php" line="361" class="Valksor\Functions\Preg\Tests\PregTest" classname="Valksor.Functions.Preg.Tests.PregTest" assertions="1" time="0.001000"/>
        <testcase name="testRemoveUtf8ModifierEmptyString" file="/var/www/html/valksor/src/Valksor/Functions/Preg/Tests/PregTest.php" line="368" class="Valksor\Functions\Preg\Tests\PregTest" classname="Valksor.Functions.Preg.Tests.PregTest" assertions="1" time="0.001000"/>
        <testcase name="testRemoveUtf8ModifierNoUtf8Modifier" file="/var/www/html/valksor/src/Valksor/Functions/Preg/Tests/PregTest.php" line="375" class="Valksor\Functions\Preg\Tests\PregTest" classname="Valksor.Functions.Preg.Tests.PregTest" assertions="1" time="0.001000"/>
        <testcase name="testRemoveUtf8ModifierReturnsArrayForArray" file="/var/www/html/valksor/src/Valksor/Functions/Preg/Tests/PregTest.php" line="382" class="Valksor\Functions\Preg\Tests\PregTest" classname="Valksor.Functions.Preg.Tests.PregTest" assertions="1" time="0.001000"/>
        <testcase name="testRemoveUtf8ModifierReturnsStringForString" file="/var/www/html/valksor/src/Valksor/Functions/Preg/Tests/PregTest.php" line="389" class="Valksor\Functions\Preg\Tests\PregTest" classname="Valksor.Functions.Preg.Tests.PregTest" assertions="1" time="0.001000"/>
        <testcase name="testRemoveUtf8ModifierString" file="/var/www/html/valksor/src/Valksor/Functions/Preg/Tests/PregTest.php" line="397" class="Valksor\Functions\Preg\Tests\PregTest" classname="Valksor.Functions.Preg.Tests.PregTest" assertions="1" time="0.001000"/>
        <testcase name="testRemoveUtf8ModifierWithArrayContainingMultipleModifiers" file="/var/www/html/valksor/src/Valksor/Functions/Preg/Tests/PregTest.php" line="404" class="Valksor\Functions\Preg\Tests\PregTest" classname="Valksor.Functions.Preg.Tests.PregTest" assertions="1" time="0.001000"/>
        <testcase name="testRemoveUtf8ModifierWithEmptyArray" file="/var/www/html/valksor/src/Valksor/Functions/Preg/Tests/PregTest.php" line="412" class="Valksor\Functions\Preg\Tests\PregTest" classname="Valksor.Functions.Preg.Tests.PregTest" assertions="1" time="0.001000"/>
        <testcase name="testRemoveUtf8ModifierWithEmptyString" file="/var/www/html/valksor/src/Valksor/Functions/Preg/Tests/PregTest.php" line="418" class="Valksor\Functions\Preg\Tests\PregTest" classname="Valksor.Functions.Preg.Tests.PregTest" assertions="1" time="0.001000"/>
        <testcase name="testRemoveUtf8ModifierWithMultipleModifiers" file="/var/www/html/valksor/src/Valksor/Functions/Preg/Tests/PregTest.php" line="424" class="Valksor\Functions\Preg\Tests\PregTest" classname="Valksor.Functions.Preg.Tests.PregTest" assertions="1" time="0.001000"/>
        <testcase name="testReplaceArrayPattern" file="/var/www/html/valksor/src/Valksor/Functions/Preg/Tests/PregTest.php" line="431" class="Valksor\Functions\Preg\Tests\PregTest" classname="Valksor.Functions.Preg.Tests.PregTest" assertions="1" time="0.001000"/>
        <testcase name="testReplaceCallback" file="/var/www/html/valksor/src/Valksor/Functions/Preg/Tests/PregTest.php" line="441" class="Valksor\Functions\Preg\Tests\PregTest" classname="Valksor.Functions.Preg.Tests.PregTest" assertions="1" time="0.001000"/>
        <testcase name="testReplaceCallbackMethodSignature" file="/var/www/html/valksor/src/Valksor/Functions/Preg/Tests/PregTest.php" line="449" class="Valksor\Functions\Preg\Tests\PregTest" classname="Valksor.Functions.Preg.Tests.PregTest" assertions="1" time="0.001000"/>
        <testcase name="testReplaceCallbackReturnsString" file="/var/www/html/valksor/src/Valksor/Functions/Preg/Tests/PregTest.php" line="455" class="Valksor\Functions\Preg\Tests\PregTest" classname="Valksor.Functions.Preg.Tests.PregTest" assertions="1" time="0.001000"/>
        <testcase name="testReplaceCallbackUtf8FallbackToNonUtf8" file="/var/www/html/valksor/src/Valksor/Functions/Preg/Tests/PregTest.php" line="462" class="Valksor\Functions\Preg\Tests\PregTest" classname="Valksor.Functions.Preg.Tests.PregTest" assertions="1" time="0.001000"/>
        <testcase name="testReplaceCallbackWithArrayPattern" file="/var/www/html/valksor/src/Valksor/Functions/Preg/Tests/PregTest.php" line="473" class="Valksor\Functions\Preg\Tests\PregTest" classname="Valksor.Functions.Preg.Tests.PregTest" assertions="1" time="0.001000"/>
        <testcase name="testReplaceCallbackWithComplexPattern" file="/var/www/html/valksor/src/Valksor/Functions/Preg/Tests/PregTest.php" line="481" class="Valksor\Functions\Preg\Tests\PregTest" classname="Valksor.Functions.Preg.Tests.PregTest" assertions="1" time="0.001000"/>
        <testcase name="testReplaceCallbackWithCount" file="/var/www/html/valksor/src/Valksor/Functions/Preg/Tests/PregTest.php" line="489" class="Valksor\Functions\Preg\Tests\PregTest" classname="Valksor.Functions.Preg.Tests.PregTest" assertions="2" time="0.001000"/>
        <testcase name="testReplaceCallbackWithEmptySubject" file="/var/www/html/valksor/src/Valksor/Functions/Preg/Tests/PregTest.php" line="499" class="Valksor\Functions\Preg\Tests\PregTest" classname="Valksor.Functions.Preg.Tests.PregTest" assertions="1" time="0.001000"/>
        <testcase name="testReplaceCallbackWithInvalidRegex" file="/var/www/html/valksor/src/Valksor/Functions/Preg/Tests/PregTest.php" line="507" class="Valksor\Functions\Preg\Tests\PregTest" classname="Valksor.Functions.Preg.Tests.PregTest" assertions="1" time="0.001000"/>
        <testcase name="testReplaceCallbackWithLargeInput" file="/var/www/html/valksor/src/Valksor/Functions/Preg/Tests/PregTest.php" line="513" class="Valksor\Functions\Preg\Tests\PregTest" classname="Valksor.Functions.Preg.Tests.PregTest" assertions="1" time="0.001000"/>
        <testcase name="testReplaceCallbackWithLimit" file="/var/www/html/valksor/src/Valksor/Functions/Preg/Tests/PregTest.php" line="522" class="Valksor\Functions\Preg\Tests\PregTest" classname="Valksor.Functions.Preg.Tests.PregTest" assertions="1" time="0.001000"/>
        <testcase name="testReplaceCallbackWithUnicodeCharacters" file="/var/www/html/valksor/src/Valksor/Functions/Preg/Tests/PregTest.php" line="530" class="Valksor\Functions\Preg\Tests\PregTest" classname="Valksor.Functions.Preg.Tests.PregTest" assertions="1" time="0.001000"/>
        <testcase name="testReplaceMethodSignature" file="/var/www/html/valksor/src/Valksor/Functions/Preg/Tests/PregTest.php" line="538" class="Valksor\Functions\Preg\Tests\PregTest" classname="Valksor.Functions.Preg.Tests.PregTest" assertions="1" time="0.001000"/>
        <testcase name="testReplaceReturnsString" file="/var/www/html/valksor/src/Valksor/Functions/Preg/Tests/PregTest.php" line="544" class="Valksor\Functions\Preg\Tests\PregTest" classname="Valksor.Functions.Preg.Tests.PregTest" assertions="1" time="0.001000"/>
        <testcase name="testReplaceStringPattern" file="/var/www/html/valksor/src/Valksor/Functions/Preg/Tests/PregTest.php" line="552" class="Valksor\Functions\Preg\Tests\PregTest" classname="Valksor.Functions.Preg.Tests.PregTest" assertions="1" time="0.001000"/>
        <testcase name="testReplaceUtf8FallbackToNonUtf8" file="/var/www/html/valksor/src/Valksor/Functions/Preg/Tests/PregTest.php" line="559" class="Valksor\Functions\Preg\Tests\PregTest" classname="Valksor.Functions.Preg.Tests.PregTest" assertions="1" time="0.001000"/>
        <testcase name="testReplaceWithComplexPattern" file="/var/www/html/valksor/src/Valksor/Functions/Preg/Tests/PregTest.php" line="570" class="Valksor\Functions\Preg\Tests\PregTest" classname="Valksor.Functions.Preg.Tests.PregTest" assertions="1" time="0.001000"/>
        <testcase name="testReplaceWithCount" file="/var/www/html/valksor/src/Valksor/Functions/Preg/Tests/PregTest.php" line="582" class="Valksor\Functions\Preg\Tests\PregTest" classname="Valksor.Functions.Preg.Tests.PregTest" assertions="2" time="0.001000"/>
        <testcase name="testReplaceWithEmptySubject" file="/var/www/html/valksor/src/Valksor/Functions/Preg/Tests/PregTest.php" line="591" class="Valksor\Functions\Preg\Tests\PregTest" classname="Valksor.Functions.Preg.Tests.PregTest" assertions="1" time="0.001000"/>
        <testcase name="testReplaceWithInvalidRegex" file="/var/www/html/valksor/src/Valksor/Functions/Preg/Tests/PregTest.php" line="598" class="Valksor\Functions\Preg\Tests\PregTest" classname="Valksor.Functions.Preg.Tests.PregTest" assertions="1" time="0.001000"/>
        <testcase name="testReplaceWithLargeInput" file="/var/www/html/valksor/src/Valksor/Functions/Preg/Tests/PregTest.php" line="604" class="Valksor\Functions\Preg\Tests\PregTest" classname="Valksor.Functions.Preg.Tests.PregTest" assertions="1" time="0.001000"/>
        <testcase name="testReplaceWithLimit" file="/var/www/html/valksor/src/Valksor/Functions/Preg/Tests/PregTest.php" line="612" class="Valksor\Functions\Preg\Tests\PregTest" classname="Valksor.Functions.Preg.Tests.PregTest" assertions="1" time="0.001000"/>
        <testcase name="testReplaceWithUnicodeCharacters" file="/var/www/html/valksor/src/Valksor/Functions/Preg/Tests/PregTest.php" line="619" class="Valksor\Functions\Preg\Tests\PregTest" classname="Valksor.Functions.Preg.Tests.PregTest" assertions="1" time="0.001000"/>
        <testcase name="testSkipErrorHandlerConstructorCanBeInvokedViaBoundClosure" file="/var/www/html/valksor/src/Valksor/Functions/Preg/Tests/PregTest.php" line="626" class="Valksor\Functions\Preg\Tests\PregTest" classname="Valksor.Functions.Preg.Tests.PregTest" assertions="1" time="0.001000"/>
        <testcase name="testSkipErrorHandlerExecuteReturnsCallbackResult" file="/var/www/html/valksor/src/Valksor/Functions/Preg/Tests/PregTest.php" line="633" class="Valksor\Functions\Preg\Tests\PregTest" classname="Valksor.Functions.Preg.Tests.PregTest" assertions="1" time="0.001000"/>
        <testcase name="testSkipErrorHandlerExecuteThrowsWhenErrorCaptured" file="/var/www/html/valksor/src/Valksor/Functions/Preg/Tests/PregTest.php" line="640" class="Valksor\Functions\Preg\Tests\PregTest" classname="Valksor.Functions.Preg.Tests.PregTest" assertions="1" time="0.001000"/>
        <testcase name="testSplitMethodSignature" file="/var/www/html/valksor/src/Valksor/Functions/Preg/Tests/PregTest.php" line="649" class="Valksor\Functions\Preg\Tests\PregTest" classname="Valksor.Functions.Preg.Tests.PregTest" assertions="1" time="0.001000"/>
        <testcase name="testSplitReturnsArray" file="/var/www/html/valksor/src/Valksor/Functions/Preg/Tests/PregTest.php" line="656" class="Valksor\Functions\Preg\Tests\PregTest" classname="Valksor.Functions.Preg.Tests.PregTest" assertions="1" time="0.001000"/>
        <testcase name="testSplitUtf8FallbackToNonUtf8" file="/var/www/html/valksor/src/Valksor/Functions/Preg/Tests/PregTest.php" line="663" class="Valksor\Functions\Preg\Tests\PregTest" classname="Valksor.Functions.Preg.Tests.PregTest" assertions="1" time="0.001000"/>
        <testcase name="testSplitWithComplexPattern" file="/var/www/html/valksor/src/Valksor/Functions/Preg/Tests/PregTest.php" line="673" class="Valksor\Functions\Preg\Tests\PregTest" classname="Valksor.Functions.Preg.Tests.PregTest" assertions="1" time="0.001000"/>
        <testcase name="testSplitWithEmptySubject" file="/var/www/html/valksor/src/Valksor/Functions/Preg/Tests/PregTest.php" line="680" class="Valksor\Functions\Preg\Tests\PregTest" classname="Valksor.Functions.Preg.Tests.PregTest" assertions="1" time="0.001000"/>
        <testcase name="testSplitWithFlags" file="/var/www/html/valksor/src/Valksor/Functions/Preg/Tests/PregTest.php" line="687" class="Valksor\Functions\Preg\Tests\PregTest" classname="Valksor.Functions.Preg.Tests.PregTest" assertions="1" time="0.001000"/>
        <testcase name="testSplitWithInvalidRegex" file="/var/www/html/valksor/src/Valksor/Functions/Preg/Tests/PregTest.php" line="694" class="Valksor\Functions\Preg\Tests\PregTest" classname="Valksor.Functions.Preg.Tests.PregTest" assertions="1" time="0.001000"/>
        <testcase name="testSplitWithLargeInput" file="/var/www/html/valksor/src/Valksor/Functions/Preg/Tests/PregTest.php" line="700" class="Valksor\Functions\Preg\Tests\PregTest" classname="Valksor.Functions.Preg.Tests.PregTest" assertions="2" time="0.001000"/>
        <testcase name="testSplitWithLimit" file="/var/www/html/valksor/src/Valksor/Functions/Preg/Tests/PregTest.php" line="710" class="Valksor\Functions\Preg\Tests\PregTest" classname="Valksor.Functions.Preg.Tests.PregTest" assertions="1" time="0.001000"/>
        <testcase name="testSplitWithMultipleDelimiters" file="/var/www/html/valksor/src/Valksor/Functions/Preg/Tests/PregTest.php" line="717" class="Valksor\Functions\Preg\Tests\PregTest" classname="Valksor.Functions.Preg.Tests.PregTest" assertions="1" time="0.001000"/>
        <testcase name="testSplitWithUnicodeCharacters" file="/var/www/html/valksor/src/Valksor/Functions/Preg/Tests/PregTest.php" line="724" class="Valksor\Functions\Preg\Tests\PregTest" classname="Valksor.Functions.Preg.Tests.PregTest" assertions="1" time="0.001000"/>
        <testcase name="testStaticHelperClassIsCreatedInMatch" file="/var/www/html/valksor/src/Valksor/Functions/Preg/Tests/PregTest.php" line="732" class="Valksor\Functions\Preg\Tests\PregTest" classname="Valksor.Functions.Preg.Tests.PregTest" assertions="2" time="0.001000"/>
        <testcase name="testStaticHelperClassIsCreatedInMatchAll" file="/var/www/html/valksor/src/Valksor/Functions/Preg/Tests/PregTest.php" line="742" class="Valksor\Functions\Preg\Tests\PregTest" classname="Valksor.Functions.Preg.Tests.PregTest" assertions="2" time="0.001000"/>
        <testcase name="testStaticHelperClassIsCreatedInReplace" file="/var/www/html/valksor/src/Valksor/Functions/Preg/Tests/PregTest.php" line="751" class="Valksor\Functions\Preg\Tests\PregTest" classname="Valksor.Functions.Preg.Tests.PregTest" assertions="2" time="0.001000"/>
        <testcase name="testStaticHelperClassIsCreatedInReplaceCallback" file="/var/www/html/valksor/src/Valksor/Functions/Preg/Tests/PregTest.php" line="760" class="Valksor\Functions\Preg\Tests\PregTest" classname="Valksor.Functions.Preg.Tests.PregTest" assertions="2" time="0.001000"/>
        <testcase name="testStaticHelperClassIsCreatedInSplit" file="/var/www/html/valksor/src/Valksor/Functions/Preg/Tests/PregTest.php" line="769" class="Valksor\Functions\Preg\Tests\PregTest" classname="Valksor.Functions.Preg.Tests.PregTest" assertions="2" time="0.001000"/>
        <testcase name="testStaticHelperClassIsCreatedInUtf8Modifiers" file="/var/www/html/valksor/src/Valksor/Functions/Preg/Tests/PregTest.php" line="778" class="Valksor\Functions\Preg\Tests\PregTest" classname="Valksor.Functions.Preg.Tests.PregTest" assertions="2" time="0.001000"/>
      </testsuite>
    </testsuite>
  </testsuite>
</testsuites>
