<?xml version="1.0" encoding="UTF-8"?>
<testsuites>
  <testsuite name="/var/www/html/valksor/src/Valksor/Functions/Memoize/phpunit.xml" tests="41" assertions="70" errors="0" failures="0" skipped="0" time="0.000000">
    <testsuite name="Memoize Functions" tests="41" assertions="70" errors="0" failures="0" skipped="0" time="0.000000">
      <testsuite name="Valksor\Functions\Memoize\Tests\MemoizeCacheTest" file="/var/www/html/valksor/src/Valksor/Functions/Memoize/Tests/MemoizeCacheTest.php" tests="6" assertions="11" errors="0" failures="0" skipped="0" time="0.000000">
        <testcase name="testMemoizeCacheClassExists" file="/var/www/html/valksor/src/Valksor/Functions/Memoize/Tests/MemoizeCacheTest.php" line="29" class="Valksor\Functions\Memoize\Tests\MemoizeCacheTest" classname="Valksor.Functions.Memoize.Tests.MemoizeCacheTest" assertions="2" time="0.000000"/>
        <testcase name="testMemoizeCacheHasAutoconfigureAttribute" file="/var/www/html/valksor/src/Valksor/Functions/Memoize/Tests/MemoizeCacheTest.php" line="37" class="Valksor\Functions\Memoize\Tests\MemoizeCacheTest" classname="Valksor.Functions.Memoize.Tests.MemoizeCacheTest" assertions="3" time="0.000000"/>
        <testcase name="testMemoizeCacheHasSameFunctionalityAsMemoize" file="/var/www/html/valksor/src/Valksor/Functions/Memoize/Tests/MemoizeCacheTest.php" line="54" class="Valksor\Functions\Memoize\Tests\MemoizeCacheTest" classname="Valksor.Functions.Memoize.Tests.MemoizeCacheTest" assertions="1" time="0.000000"/>
        <testcase name="testMemoizeCacheRefreshFunctionality" file="/var/www/html/valksor/src/Valksor/Functions/Memoize/Tests/MemoizeCacheTest.php" line="65" class="Valksor\Functions\Memoize\Tests\MemoizeCacheTest" classname="Valksor.Functions.Memoize.Tests.MemoizeCacheTest" assertions="2" time="0.000000"/>
        <testcase name="testMemoizeCacheValueMethodWorks" file="/var/www/html/valksor/src/Valksor/Functions/Memoize/Tests/MemoizeCacheTest.php" line="83" class="Valksor\Functions\Memoize\Tests\MemoizeCacheTest" classname="Valksor.Functions.Memoize.Tests.MemoizeCacheTest" assertions="1" time="0.000000"/>
        <testcase name="testMemoizeCacheWithSubKeys" file="/var/www/html/valksor/src/Valksor/Functions/Memoize/Tests/MemoizeCacheTest.php" line="94" class="Valksor\Functions\Memoize\Tests\MemoizeCacheTest" classname="Valksor.Functions.Memoize.Tests.MemoizeCacheTest" assertions="2" time="0.000000"/>
      </testsuite>
      <testsuite name="Valksor\Functions\Memoize\Tests\MemoizeTest" file="/var/www/html/valksor/src/Valksor/Functions/Memoize/Tests/MemoizeTest.php" tests="35" assertions="59" errors="0" failures="0" skipped="0" time="0.000000">
        <testcase name="testMemoizeCreatesIntermediateLevels" file="/var/www/html/valksor/src/Valksor/Functions/Memoize/Tests/MemoizeTest.php" line="24" class="Valksor\Functions\Memoize\Tests\MemoizeTest" classname="Valksor.Functions.Memoize.Tests.MemoizeTest" assertions="3" time="0.000000"/>
        <testcase name="testMemoizeCreatesNestedStructureFromScratch" file="/var/www/html/valksor/src/Valksor/Functions/Memoize/Tests/MemoizeTest.php" line="49" class="Valksor\Functions\Memoize\Tests\MemoizeTest" classname="Valksor.Functions.Memoize.Tests.MemoizeTest" assertions="2" time="0.000000"/>
        <testcase name="testMemoizeExecutesCallbackAndReturnsValue" file="/var/www/html/valksor/src/Valksor/Functions/Memoize/Tests/MemoizeTest.php" line="72" class="Valksor\Functions\Memoize\Tests\MemoizeTest" classname="Valksor.Functions.Memoize.Tests.MemoizeTest" assertions="1" time="0.000000"/>
        <testcase name="testMemoizeInitializesContextWhenNull" file="/var/www/html/valksor/src/Valksor/Functions/Memoize/Tests/MemoizeTest.php" line="83" class="Valksor\Functions\Memoize\Tests\MemoizeTest" classname="Valksor.Functions.Memoize.Tests.MemoizeTest" assertions="1" time="0.000000"/>
        <testcase name="testMemoizeOverwritesValueWhenRefreshIsTrue" file="/var/www/html/valksor/src/Valksor/Functions/Memoize/Tests/MemoizeTest.php" line="95" class="Valksor\Functions\Memoize\Tests\MemoizeTest" classname="Valksor.Functions.Memoize.Tests.MemoizeTest" assertions="3" time="0.000000"/>
        <testcase name="testMemoizeReturnsCachedValueOnSubsequentCalls" file="/var/www/html/valksor/src/Valksor/Functions/Memoize/Tests/MemoizeTest.php" line="117" class="Valksor\Functions\Memoize\Tests\MemoizeTest" classname="Valksor.Functions.Memoize.Tests.MemoizeTest" assertions="4" time="0.000000"/>
        <testcase name="testMemoizeSubKeysAreIsolated" file="/var/www/html/valksor/src/Valksor/Functions/Memoize/Tests/MemoizeTest.php" line="136" class="Valksor\Functions\Memoize\Tests\MemoizeTest" classname="Valksor.Functions.Memoize.Tests.MemoizeTest" assertions="2" time="0.000000"/>
        <testcase name="testMemoizeWithArrayReturn" file="/var/www/html/valksor/src/Valksor/Functions/Memoize/Tests/MemoizeTest.php" line="148" class="Valksor\Functions\Memoize\Tests\MemoizeTest" classname="Valksor.Functions.Memoize.Tests.MemoizeTest" assertions="2" time="0.000000"/>
        <testcase name="testMemoizeWithBooleanFalseReturn" file="/var/www/html/valksor/src/Valksor/Functions/Memoize/Tests/MemoizeTest.php" line="161" class="Valksor\Functions\Memoize\Tests\MemoizeTest" classname="Valksor.Functions.Memoize.Tests.MemoizeTest" assertions="3" time="0.000000"/>
        <testcase name="testMemoizeWithDifferentContextsAreIsolated" file="/var/www/html/valksor/src/Valksor/Functions/Memoize/Tests/MemoizeTest.php" line="188" class="Valksor\Functions\Memoize\Tests\MemoizeTest" classname="Valksor.Functions.Memoize.Tests.MemoizeTest" assertions="2" time="0.000000"/>
        <testcase name="testMemoizeWithDifferentKeysExecutesSeparateCallbacks" file="/var/www/html/valksor/src/Valksor/Functions/Memoize/Tests/MemoizeTest.php" line="200" class="Valksor\Functions\Memoize\Tests\MemoizeTest" classname="Valksor.Functions.Memoize.Tests.MemoizeTest" assertions="2" time="0.000000"/>
        <testcase name="testMemoizeWithEmptyStringAsKey" file="/var/www/html/valksor/src/Valksor/Functions/Memoize/Tests/MemoizeTest.php" line="212" class="Valksor\Functions\Memoize\Tests\MemoizeTest" classname="Valksor.Functions.Memoize.Tests.MemoizeTest" assertions="2" time="0.000000"/>
        <testcase name="testMemoizeWithIntReturn" file="/var/www/html/valksor/src/Valksor/Functions/Memoize/Tests/MemoizeTest.php" line="228" class="Valksor\Functions\Memoize\Tests\MemoizeTest" classname="Valksor.Functions.Memoize.Tests.MemoizeTest" assertions="2" time="0.000000"/>
        <testcase name="testMemoizeWithIntegerKey" file="/var/www/html/valksor/src/Valksor/Functions/Memoize/Tests/MemoizeTest.php" line="244" class="Valksor\Functions\Memoize\Tests\MemoizeTest" classname="Valksor.Functions.Memoize.Tests.MemoizeTest" assertions="1" time="0.000000"/>
        <testcase name="testMemoizeWithMultipleSubKeys" file="/var/www/html/valksor/src/Valksor/Functions/Memoize/Tests/MemoizeTest.php" line="255" class="Valksor\Functions\Memoize\Tests\MemoizeTest" classname="Valksor.Functions.Memoize.Tests.MemoizeTest" assertions="1" time="0.000000"/>
        <testcase name="testMemoizeWithNullReturn" file="/var/www/html/valksor/src/Valksor/Functions/Memoize/Tests/MemoizeTest.php" line="270" class="Valksor\Functions\Memoize\Tests\MemoizeTest" classname="Valksor.Functions.Memoize.Tests.MemoizeTest" assertions="1" time="0.000000"/>
        <testcase name="testMemoizeWithObjectReturn" file="/var/www/html/valksor/src/Valksor/Functions/Memoize/Tests/MemoizeTest.php" line="281" class="Valksor\Functions\Memoize\Tests\MemoizeTest" classname="Valksor.Functions.Memoize.Tests.MemoizeTest" assertions="2" time="0.000000"/>
        <testcase name="testMemoizeWithRefreshForcesCallbackExecution" file="/var/www/html/valksor/src/Valksor/Functions/Memoize/Tests/MemoizeTest.php" line="300" class="Valksor\Functions\Memoize\Tests\MemoizeTest" classname="Valksor.Functions.Memoize.Tests.MemoizeTest" assertions="6" time="0.000000"/>
        <testcase name="testMemoizeWithSingleSubKey" file="/var/www/html/valksor/src/Valksor/Functions/Memoize/Tests/MemoizeTest.php" line="328" class="Valksor\Functions\Memoize\Tests\MemoizeTest" classname="Valksor.Functions.Memoize.Tests.MemoizeTest" assertions="1" time="0.000000"/>
        <testcase name="testMemoizeWithStringKey" file="/var/www/html/valksor/src/Valksor/Functions/Memoize/Tests/MemoizeTest.php" line="341" class="Valksor\Functions\Memoize\Tests\MemoizeTest" classname="Valksor.Functions.Memoize.Tests.MemoizeTest" assertions="1" time="0.000000"/>
        <testcase name="testMemoizeWithStringReturn" file="/var/www/html/valksor/src/Valksor/Functions/Memoize/Tests/MemoizeTest.php" line="356" class="Valksor\Functions\Memoize\Tests\MemoizeTest" classname="Valksor.Functions.Memoize.Tests.MemoizeTest" assertions="2" time="0.000000"/>
        <testcase name="testMemoizeWithZeroAsKey" file="/var/www/html/valksor/src/Valksor/Functions/Memoize/Tests/MemoizeTest.php" line="368" class="Valksor\Functions\Memoize\Tests\MemoizeTest" classname="Valksor.Functions.Memoize.Tests.MemoizeTest" assertions="2" time="0.000000"/>
        <testcase name="testValueInitializesContextWhenRetrieving" file="/var/www/html/valksor/src/Valksor/Functions/Memoize/Tests/MemoizeTest.php" line="384" class="Valksor\Functions\Memoize\Tests\MemoizeTest" classname="Valksor.Functions.Memoize.Tests.MemoizeTest" assertions="1" time="0.000000"/>
        <testcase name="testValueRetrievesExistingCachedValue" file="/var/www/html/valksor/src/Valksor/Functions/Memoize/Tests/MemoizeTest.php" line="396" class="Valksor\Functions\Memoize\Tests\MemoizeTest" classname="Valksor.Functions.Memoize.Tests.MemoizeTest" assertions="1" time="0.000000"/>
        <testcase name="testValueReturnsDefaultForNonExistentContext" file="/var/www/html/valksor/src/Valksor/Functions/Memoize/Tests/MemoizeTest.php" line="407" class="Valksor\Functions\Memoize\Tests\MemoizeTest" classname="Valksor.Functions.Memoize.Tests.MemoizeTest" assertions="1" time="0.000000"/>
        <testcase name="testValueReturnsDefaultForNonExistentKey" file="/var/www/html/valksor/src/Valksor/Functions/Memoize/Tests/MemoizeTest.php" line="414" class="Valksor\Functions\Memoize\Tests\MemoizeTest" classname="Valksor.Functions.Memoize.Tests.MemoizeTest" assertions="1" time="0.000000"/>
        <testcase name="testValueReturnsDefaultForNonExistentSubKey" file="/var/www/html/valksor/src/Valksor/Functions/Memoize/Tests/MemoizeTest.php" line="421" class="Valksor\Functions\Memoize\Tests\MemoizeTest" classname="Valksor.Functions.Memoize.Tests.MemoizeTest" assertions="1" time="0.000000"/>
        <testcase name="testValueReturnsNullDefaultWhenNotSpecified" file="/var/www/html/valksor/src/Valksor/Functions/Memoize/Tests/MemoizeTest.php" line="432" class="Valksor\Functions\Memoize\Tests\MemoizeTest" classname="Valksor.Functions.Memoize.Tests.MemoizeTest" assertions="1" time="0.000000"/>
        <testcase name="testValueWithArrayDefault" file="/var/www/html/valksor/src/Valksor/Functions/Memoize/Tests/MemoizeTest.php" line="439" class="Valksor\Functions\Memoize\Tests\MemoizeTest" classname="Valksor.Functions.Memoize.Tests.MemoizeTest" assertions="1" time="0.000000"/>
        <testcase name="testValueWithEmptySubKeysArray" file="/var/www/html/valksor/src/Valksor/Functions/Memoize/Tests/MemoizeTest.php" line="447" class="Valksor\Functions\Memoize\Tests\MemoizeTest" classname="Valksor.Functions.Memoize.Tests.MemoizeTest" assertions="1" time="0.000000"/>
        <testcase name="testValueWithIntDefault" file="/var/www/html/valksor/src/Valksor/Functions/Memoize/Tests/MemoizeTest.php" line="458" class="Valksor\Functions\Memoize\Tests\MemoizeTest" classname="Valksor.Functions.Memoize.Tests.MemoizeTest" assertions="1" time="0.000000"/>
        <testcase name="testValueWithIntermediatePathThatDoesntExist" file="/var/www/html/valksor/src/Valksor/Functions/Memoize/Tests/MemoizeTest.php" line="465" class="Valksor\Functions\Memoize\Tests\MemoizeTest" classname="Valksor.Functions.Memoize.Tests.MemoizeTest" assertions="1" time="0.000000"/>
        <testcase name="testValueWithMultipleSubKeys" file="/var/www/html/valksor/src/Valksor/Functions/Memoize/Tests/MemoizeTest.php" line="476" class="Valksor\Functions\Memoize\Tests\MemoizeTest" classname="Valksor.Functions.Memoize.Tests.MemoizeTest" assertions="1" time="0.000000"/>
        <testcase name="testValueWithSingleSubKey" file="/var/www/html/valksor/src/Valksor/Functions/Memoize/Tests/MemoizeTest.php" line="499" class="Valksor\Functions\Memoize\Tests\MemoizeTest" classname="Valksor.Functions.Memoize.Tests.MemoizeTest" assertions="1" time="0.000000"/>
        <testcase name="testValueWithStringDefault" file="/var/www/html/valksor/src/Valksor/Functions/Memoize/Tests/MemoizeTest.php" line="514" class="Valksor\Functions\Memoize\Tests\MemoizeTest" classname="Valksor.Functions.Memoize.Tests.MemoizeTest" assertions="1" time="0.000000"/>
      </testsuite>
    </testsuite>
  </testsuite>
</testsuites>
