<?xml version="1.0" encoding="UTF-8"?>
<testsuites>
  <testsuite name="/var/www/html/valksor/src/Valksor/Functions/Pagination/phpunit.xml" tests="56" assertions="76" errors="0" failures="0" skipped="0" time="0.000000">
    <testsuite name="Pagination Functions" tests="56" assertions="76" errors="0" failures="0" skipped="0" time="0.000000">
      <testsuite name="Valksor\Functions\Pagination\Tests\PaginationTest" file="/var/www/html/valksor/src/Valksor/Functions/Pagination/Tests/PaginationTest.php" tests="56" assertions="76" errors="0" failures="0" skipped="0" time="0.000000">
        <testcase name="testBoundaryWhereCurrentEqualsBreakpoint" file="/var/www/html/valksor/src/Valksor/Functions/Pagination/Tests/PaginationTest.php" line="26" class="Valksor\Functions\Pagination\Tests\PaginationTest" classname="Valksor.Functions.Pagination.Tests.PaginationTest" assertions="1" time="0.000000"/>
        <testcase name="testBoundaryWhereCurrentEqualsBreakpointFromEnd" file="/var/www/html/valksor/src/Valksor/Functions/Pagination/Tests/PaginationTest.php" line="33" class="Valksor\Functions\Pagination\Tests\PaginationTest" classname="Valksor.Functions.Pagination.Tests.PaginationTest" assertions="1" time="0.000000"/>
        <testcase name="testBoundaryWithCurrentAtQuarterPoint" file="/var/www/html/valksor/src/Valksor/Functions/Pagination/Tests/PaginationTest.php" line="40" class="Valksor\Functions\Pagination\Tests\PaginationTest" classname="Valksor.Functions.Pagination.Tests.PaginationTest" assertions="1" time="0.000000"/>
        <testcase name="testBoundaryWithCurrentAtThreeQuarterPoint" file="/var/www/html/valksor/src/Valksor/Functions/Pagination/Tests/PaginationTest.php" line="47" class="Valksor\Functions\Pagination\Tests\PaginationTest" classname="Valksor.Functions.Pagination.Tests.PaginationTest" assertions="1" time="0.000000"/>
        <testcase name="testBoundaryWithTotalExactlyTwiceVisible" file="/var/www/html/valksor/src/Valksor/Functions/Pagination/Tests/PaginationTest.php" line="54" class="Valksor\Functions\Pagination\Tests\PaginationTest" classname="Valksor.Functions.Pagination.Tests.PaginationTest" assertions="1" time="0.000000"/>
        <testcase name="testBoundaryWithTotalJustAboveVisible" file="/var/www/html/valksor/src/Valksor/Functions/Pagination/Tests/PaginationTest.php" line="61" class="Valksor\Functions\Pagination\Tests\PaginationTest" classname="Valksor.Functions.Pagination.Tests.PaginationTest" assertions="1" time="0.000000"/>
        <testcase name="testDoubleOmittedWithCurrentInMiddle" file="/var/www/html/valksor/src/Valksor/Functions/Pagination/Tests/PaginationTest.php" line="69" class="Valksor\Functions\Pagination\Tests\PaginationTest" classname="Valksor.Functions.Pagination.Tests.PaginationTest" assertions="1" time="0.000000"/>
        <testcase name="testDoubleOmittedWithCurrentSlightlyLeftOfMiddle" file="/var/www/html/valksor/src/Valksor/Functions/Pagination/Tests/PaginationTest.php" line="76" class="Valksor\Functions\Pagination\Tests\PaginationTest" classname="Valksor.Functions.Pagination.Tests.PaginationTest" assertions="1" time="0.000000"/>
        <testcase name="testDoubleOmittedWithCurrentSlightlyRightOfMiddle" file="/var/www/html/valksor/src/Valksor/Functions/Pagination/Tests/PaginationTest.php" line="83" class="Valksor\Functions\Pagination\Tests\PaginationTest" classname="Valksor.Functions.Pagination.Tests.PaginationTest" assertions="1" time="0.000000"/>
        <testcase name="testEvenVisibleWithOddTotal" file="/var/www/html/valksor/src/Valksor/Functions/Pagination/Tests/PaginationTest.php" line="90" class="Valksor\Functions\Pagination\Tests\PaginationTest" classname="Valksor.Functions.Pagination.Tests.PaginationTest" assertions="1" time="0.000000"/>
        <testcase name="testLargePageNumbersWithCurrentInMiddle" file="/var/www/html/valksor/src/Valksor/Functions/Pagination/Tests/PaginationTest.php" line="97" class="Valksor\Functions\Pagination\Tests\PaginationTest" classname="Valksor.Functions.Pagination.Tests.PaginationTest" assertions="1" time="0.000000"/>
        <testcase name="testLargePageNumbersWithCurrentNearEnd" file="/var/www/html/valksor/src/Valksor/Functions/Pagination/Tests/PaginationTest.php" line="104" class="Valksor\Functions\Pagination\Tests\PaginationTest" classname="Valksor.Functions.Pagination.Tests.PaginationTest" assertions="1" time="0.000000"/>
        <testcase name="testLargePageNumbersWithCurrentNearStart" file="/var/www/html/valksor/src/Valksor/Functions/Pagination/Tests/PaginationTest.php" line="112" class="Valksor\Functions\Pagination\Tests\PaginationTest" classname="Valksor.Functions.Pagination.Tests.PaginationTest" assertions="1" time="0.000000"/>
        <testcase name="testOddVisibleWithEvenTotal" file="/var/www/html/valksor/src/Valksor/Functions/Pagination/Tests/PaginationTest.php" line="120" class="Valksor\Functions\Pagination\Tests\PaginationTest" classname="Valksor.Functions.Pagination.Tests.PaginationTest" assertions="1" time="0.000000"/>
        <testcase name="testPaginateThrowsExceptionForCurrentAboveTotal" file="/var/www/html/valksor/src/Valksor/Functions/Pagination/Tests/PaginationTest.php" line="127" class="Valksor\Functions\Pagination\Tests\PaginationTest" classname="Valksor.Functions.Pagination.Tests.PaginationTest" assertions="2" time="0.000000"/>
        <testcase name="testPaginateThrowsExceptionForInvalidIndicatorWithinRange" file="/var/www/html/valksor/src/Valksor/Functions/Pagination/Tests/PaginationTest.php" line="135" class="Valksor\Functions\Pagination\Tests\PaginationTest" classname="Valksor.Functions.Pagination.Tests.PaginationTest" assertions="2" time="0.000000"/>
        <testcase name="testPaginateThrowsExceptionForNegativeCurrent" file="/var/www/html/valksor/src/Valksor/Functions/Pagination/Tests/PaginationTest.php" line="143" class="Valksor\Functions\Pagination\Tests\PaginationTest" classname="Valksor.Functions.Pagination.Tests.PaginationTest" assertions="2" time="0.000000"/>
        <testcase name="testPaginateThrowsExceptionForNegativeTotal" file="/var/www/html/valksor/src/Valksor/Functions/Pagination/Tests/PaginationTest.php" line="151" class="Valksor\Functions\Pagination\Tests\PaginationTest" classname="Valksor.Functions.Pagination.Tests.PaginationTest" assertions="2" time="0.000000"/>
        <testcase name="testPaginateThrowsExceptionForVisibleBelowMinimum" file="/var/www/html/valksor/src/Valksor/Functions/Pagination/Tests/PaginationTest.php" line="159" class="Valksor\Functions\Pagination\Tests\PaginationTest" classname="Valksor.Functions.Pagination.Tests.PaginationTest" assertions="2" time="0.000000"/>
        <testcase name="testPaginateThrowsExceptionForZeroCurrent" file="/var/www/html/valksor/src/Valksor/Functions/Pagination/Tests/PaginationTest.php" line="167" class="Valksor\Functions\Pagination\Tests\PaginationTest" classname="Valksor.Functions.Pagination.Tests.PaginationTest" assertions="2" time="0.000000"/>
        <testcase name="testPaginateThrowsExceptionForZeroTotal" file="/var/www/html/valksor/src/Valksor/Functions/Pagination/Tests/PaginationTest.php" line="175" class="Valksor\Functions\Pagination\Tests\PaginationTest" classname="Valksor.Functions.Pagination.Tests.PaginationTest" assertions="2" time="0.000000"/>
        <testcase name="testPaginateWithCurrentPageFirst" file="/var/www/html/valksor/src/Valksor/Functions/Pagination/Tests/PaginationTest.php" line="183" class="Valksor\Functions\Pagination\Tests\PaginationTest" classname="Valksor.Functions.Pagination.Tests.PaginationTest" assertions="1" time="0.000000"/>
        <testcase name="testPaginateWithCurrentPageInMiddle" file="/var/www/html/valksor/src/Valksor/Functions/Pagination/Tests/PaginationTest.php" line="190" class="Valksor\Functions\Pagination\Tests\PaginationTest" classname="Valksor.Functions.Pagination.Tests.PaginationTest" assertions="1" time="0.000000"/>
        <testcase name="testPaginateWithCurrentPageLast" file="/var/www/html/valksor/src/Valksor/Functions/Pagination/Tests/PaginationTest.php" line="197" class="Valksor\Functions\Pagination\Tests\PaginationTest" classname="Valksor.Functions.Pagination.Tests.PaginationTest" assertions="1" time="0.000000"/>
        <testcase name="testPaginateWithCurrentPageNearEnd" file="/var/www/html/valksor/src/Valksor/Functions/Pagination/Tests/PaginationTest.php" line="204" class="Valksor\Functions\Pagination\Tests\PaginationTest" classname="Valksor.Functions.Pagination.Tests.PaginationTest" assertions="1" time="0.000000"/>
        <testcase name="testPaginateWithCurrentPageNearStart" file="/var/www/html/valksor/src/Valksor/Functions/Pagination/Tests/PaginationTest.php" line="211" class="Valksor\Functions\Pagination\Tests\PaginationTest" classname="Valksor.Functions.Pagination.Tests.PaginationTest" assertions="1" time="0.000000"/>
        <testcase name="testPaginateWithCustomIndicator" file="/var/www/html/valksor/src/Valksor/Functions/Pagination/Tests/PaginationTest.php" line="218" class="Valksor\Functions\Pagination\Tests\PaginationTest" classname="Valksor.Functions.Pagination.Tests.PaginationTest" assertions="1" time="0.000000"/>
        <testcase name="testPaginateWithDefaultIndicator" file="/var/www/html/valksor/src/Valksor/Functions/Pagination/Tests/PaginationTest.php" line="225" class="Valksor\Functions\Pagination\Tests\PaginationTest" classname="Valksor.Functions.Pagination.Tests.PaginationTest" assertions="1" time="0.000000"/>
        <testcase name="testPaginateWithHighPositiveIndicator" file="/var/www/html/valksor/src/Valksor/Functions/Pagination/Tests/PaginationTest.php" line="232" class="Valksor\Functions\Pagination\Tests\PaginationTest" classname="Valksor.Functions.Pagination.Tests.PaginationTest" assertions="1" time="0.000000"/>
        <testcase name="testPaginateWithIndicatorAtFirstPage" file="/var/www/html/valksor/src/Valksor/Functions/Pagination/Tests/PaginationTest.php" line="239" class="Valksor\Functions\Pagination\Tests\PaginationTest" classname="Valksor.Functions.Pagination.Tests.PaginationTest" assertions="2" time="0.000000"/>
        <testcase name="testPaginateWithIndicatorAtLastPage" file="/var/www/html/valksor/src/Valksor/Functions/Pagination/Tests/PaginationTest.php" line="247" class="Valksor\Functions\Pagination\Tests\PaginationTest" classname="Valksor.Functions.Pagination.Tests.PaginationTest" assertions="2" time="0.000000"/>
        <testcase name="testPaginateWithMinimumVisible" file="/var/www/html/valksor/src/Valksor/Functions/Pagination/Tests/PaginationTest.php" line="257" class="Valksor\Functions\Pagination\Tests\PaginationTest" classname="Valksor.Functions.Pagination.Tests.PaginationTest" assertions="1" time="0.000000"/>
        <testcase name="testPaginateWithNegativeIndicator" file="/var/www/html/valksor/src/Valksor/Functions/Pagination/Tests/PaginationTest.php" line="264" class="Valksor\Functions\Pagination\Tests\PaginationTest" classname="Valksor.Functions.Pagination.Tests.PaginationTest" assertions="1" time="0.000000"/>
        <testcase name="testPaginateWithSmallRange" file="/var/www/html/valksor/src/Valksor/Functions/Pagination/Tests/PaginationTest.php" line="271" class="Valksor\Functions\Pagination\Tests\PaginationTest" classname="Valksor.Functions.Pagination.Tests.PaginationTest" assertions="1" time="0.000000"/>
        <testcase name="testPaginateWithTotalEqualsVisible" file="/var/www/html/valksor/src/Valksor/Functions/Pagination/Tests/PaginationTest.php" line="278" class="Valksor\Functions\Pagination\Tests\PaginationTest" classname="Valksor.Functions.Pagination.Tests.PaginationTest" assertions="1" time="0.000000"/>
        <testcase name="testPaginateWithTotalLessThanVisible" file="/var/www/html/valksor/src/Valksor/Functions/Pagination/Tests/PaginationTest.php" line="287" class="Valksor\Functions\Pagination\Tests\PaginationTest" classname="Valksor.Functions.Pagination.Tests.PaginationTest" assertions="1" time="0.000000"/>
        <testcase name="testPaginateWithZeroIndicator" file="/var/www/html/valksor/src/Valksor/Functions/Pagination/Tests/PaginationTest.php" line="294" class="Valksor\Functions\Pagination\Tests\PaginationTest" classname="Valksor.Functions.Pagination.Tests.PaginationTest" assertions="1" time="0.000000"/>
        <testcase name="testPaginationResultContainsOnlyNumeric" file="/var/www/html/valksor/src/Valksor/Functions/Pagination/Tests/PaginationTest.php" line="301" class="Valksor\Functions\Pagination\Tests\PaginationTest" classname="Valksor.Functions.Pagination.Tests.PaginationTest" assertions="7" time="0.000000"/>
        <testcase name="testPaginationResultIsArray" file="/var/www/html/valksor/src/Valksor/Functions/Pagination/Tests/PaginationTest.php" line="308" class="Valksor\Functions\Pagination\Tests\PaginationTest" classname="Valksor.Functions.Pagination.Tests.PaginationTest" assertions="1" time="0.000000"/>
        <testcase name="testPaginationStateDoesNotPersistBetweenCalls" file="/var/www/html/valksor/src/Valksor/Functions/Pagination/Tests/PaginationTest.php" line="315" class="Valksor\Functions\Pagination\Tests\PaginationTest" classname="Valksor.Functions.Pagination.Tests.PaginationTest" assertions="2" time="0.000000"/>
        <testcase name="testPaginationWithSameParametersReturnsSameResult" file="/var/www/html/valksor/src/Valksor/Functions/Pagination/Tests/PaginationTest.php" line="324" class="Valksor\Functions\Pagination\Tests\PaginationTest" classname="Valksor.Functions.Pagination.Tests.PaginationTest" assertions="1" time="0.000000"/>
        <testcase name="testSingleOmittedNearEndWithCurrentPage17" file="/var/www/html/valksor/src/Valksor/Functions/Pagination/Tests/PaginationTest.php" line="333" class="Valksor\Functions\Pagination\Tests\PaginationTest" classname="Valksor.Functions.Pagination.Tests.PaginationTest" assertions="1" time="0.000000"/>
        <testcase name="testSingleOmittedNearEndWithCurrentPage18" file="/var/www/html/valksor/src/Valksor/Functions/Pagination/Tests/PaginationTest.php" line="340" class="Valksor\Functions\Pagination\Tests\PaginationTest" classname="Valksor.Functions.Pagination.Tests.PaginationTest" assertions="1" time="0.000000"/>
        <testcase name="testSingleOmittedNearEndWithCurrentPage19" file="/var/www/html/valksor/src/Valksor/Functions/Pagination/Tests/PaginationTest.php" line="347" class="Valksor\Functions\Pagination\Tests\PaginationTest" classname="Valksor.Functions.Pagination.Tests.PaginationTest" assertions="1" time="0.000000"/>
        <testcase name="testSingleOmittedNearEndWithCurrentPage20" file="/var/www/html/valksor/src/Valksor/Functions/Pagination/Tests/PaginationTest.php" line="354" class="Valksor\Functions\Pagination\Tests\PaginationTest" classname="Valksor.Functions.Pagination.Tests.PaginationTest" assertions="1" time="0.000000"/>
        <testcase name="testSingleOmittedNearStartWithCurrentPage1" file="/var/www/html/valksor/src/Valksor/Functions/Pagination/Tests/PaginationTest.php" line="364" class="Valksor\Functions\Pagination\Tests\PaginationTest" classname="Valksor.Functions.Pagination.Tests.PaginationTest" assertions="1" time="0.000000"/>
        <testcase name="testSingleOmittedNearStartWithCurrentPage2" file="/var/www/html/valksor/src/Valksor/Functions/Pagination/Tests/PaginationTest.php" line="371" class="Valksor\Functions\Pagination\Tests\PaginationTest" classname="Valksor.Functions.Pagination.Tests.PaginationTest" assertions="1" time="0.000000"/>
        <testcase name="testSingleOmittedNearStartWithCurrentPage3" file="/var/www/html/valksor/src/Valksor/Functions/Pagination/Tests/PaginationTest.php" line="378" class="Valksor\Functions\Pagination\Tests\PaginationTest" classname="Valksor.Functions.Pagination.Tests.PaginationTest" assertions="1" time="0.000000"/>
        <testcase name="testSingleOmittedNearStartWithCurrentPage4" file="/var/www/html/valksor/src/Valksor/Functions/Pagination/Tests/PaginationTest.php" line="385" class="Valksor\Functions\Pagination\Tests\PaginationTest" classname="Valksor.Functions.Pagination.Tests.PaginationTest" assertions="1" time="0.000000"/>
        <testcase name="testWithCurrentExactlyAtVisibleHalf" file="/var/www/html/valksor/src/Valksor/Functions/Pagination/Tests/PaginationTest.php" line="393" class="Valksor\Functions\Pagination\Tests\PaginationTest" classname="Valksor.Functions.Pagination.Tests.PaginationTest" assertions="1" time="0.000000"/>
        <testcase name="testWithCurrentJustAboveVisibleHalf" file="/var/www/html/valksor/src/Valksor/Functions/Pagination/Tests/PaginationTest.php" line="400" class="Valksor\Functions\Pagination\Tests\PaginationTest" classname="Valksor.Functions.Pagination.Tests.PaginationTest" assertions="1" time="0.000000"/>
        <testcase name="testWithEvenVisibleCount" file="/var/www/html/valksor/src/Valksor/Functions/Pagination/Tests/PaginationTest.php" line="407" class="Valksor\Functions\Pagination\Tests\PaginationTest" classname="Valksor.Functions.Pagination.Tests.PaginationTest" assertions="1" time="0.000000"/>
        <testcase name="testWithHighVisibleAndLargeTotal" file="/var/www/html/valksor/src/Valksor/Functions/Pagination/Tests/PaginationTest.php" line="414" class="Valksor\Functions\Pagination\Tests\PaginationTest" classname="Valksor.Functions.Pagination.Tests.PaginationTest" assertions="5" time="0.000000"/>
        <testcase name="testWithHighVisibleCount" file="/var/www/html/valksor/src/Valksor/Functions/Pagination/Tests/PaginationTest.php" line="424" class="Valksor\Functions\Pagination\Tests\PaginationTest" classname="Valksor.Functions.Pagination.Tests.PaginationTest" assertions="1" time="0.000000"/>
        <testcase name="testWithMinimumVisibleAndLargeTotal" file="/var/www/html/valksor/src/Valksor/Functions/Pagination/Tests/PaginationTest.php" line="432" class="Valksor\Functions\Pagination\Tests\PaginationTest" classname="Valksor.Functions.Pagination.Tests.PaginationTest" assertions="1" time="0.000000"/>
        <testcase name="testWithOddVisibleCount" file="/var/www/html/valksor/src/Valksor/Functions/Pagination/Tests/PaginationTest.php" line="440" class="Valksor\Functions\Pagination\Tests\PaginationTest" classname="Valksor.Functions.Pagination.Tests.PaginationTest" assertions="1" time="0.000000"/>
      </testsuite>
    </testsuite>
  </testsuite>
</testsuites>
