<?xml version="1.0" encoding="UTF-8"?>
<coverage generated="0">
  <project timestamp="0" name="Clover Coverage">
    <package name="Valksor\Functions\Date">
      <file name="/var/www/html/valksor/src/Valksor/Functions/Date/Functions.php">
        <class name="Valksor\Functions\Date\Functions" namespace="Valksor\Functions\Date">
          <metrics complexity="0" methods="0" coveredmethods="0" conditionals="0" coveredconditionals="0" statements="0" coveredstatements="0" elements="0" coveredelements="0"/>
        </class>
        <metrics loc="48" ncloc="39" classes="0" methods="0" coveredmethods="0" conditionals="0" coveredconditionals="0" statements="0" coveredstatements="0" elements="0" coveredelements="0"/>
      </file>
    </package>
    <package name="Valksor\Functions\Date\Traits">
      <file name="/var/www/html/valksor/src/Valksor/Functions/Date/Traits/_CalculateEaster.php">
        <class name="Valksor\Functions\Date\Traits\_CalculateEaster" namespace="Valksor\Functions\Date\Traits">
          <metrics complexity="1" methods="1" coveredmethods="1" conditionals="0" coveredconditionals="0" statements="15" coveredstatements="15" elements="16" coveredelements="16"/>
        </class>
        <line num="19" type="method" name="calculateEaster" visibility="public" complexity="1" crap="1" count="4"/>
        <line num="26" type="stmt" count="4"/>
        <line num="29" type="stmt" count="4"/>
        <line num="30" type="stmt" count="4"/>
        <line num="33" type="stmt" count="4"/>
        <line num="34" type="stmt" count="4"/>
        <line num="37" type="stmt" count="4"/>
        <line num="38" type="stmt" count="4"/>
        <line num="41" type="stmt" count="4"/>
        <line num="44" type="stmt" count="4"/>
        <line num="45" type="stmt" count="4"/>
        <line num="48" type="stmt" count="4"/>
        <line num="51" type="stmt" count="4"/>
        <line num="54" type="stmt" count="4"/>
        <line num="55" type="stmt" count="4"/>
        <line num="57" type="stmt" count="4"/>
        <metrics loc="60" ncloc="40" classes="1" methods="1" coveredmethods="1" conditionals="0" coveredconditionals="0" statements="15" coveredstatements="15" elements="16" coveredelements="16"/>
      </file>
      <file name="/var/www/html/valksor/src/Valksor/Functions/Date/Traits/_CalculateMothersDay.php">
        <class name="Valksor\Functions\Date\Traits\_CalculateMothersDay" namespace="Valksor\Functions\Date\Traits">
          <metrics complexity="2" methods="1" coveredmethods="1" conditionals="0" coveredconditionals="0" statements="5" coveredstatements="5" elements="6" coveredelements="6"/>
        </class>
        <line num="23" type="method" name="calculateMothersDay" visibility="public" complexity="2" crap="2" count="6"/>
        <line num="27" type="stmt" count="6"/>
        <line num="30" type="stmt" count="6"/>
        <line num="31" type="stmt" count="6"/>
        <line num="35" type="stmt" count="6"/>
        <line num="37" type="stmt" count="6"/>
        <metrics loc="40" ncloc="25" classes="1" methods="1" coveredmethods="1" conditionals="0" coveredconditionals="0" statements="5" coveredstatements="5" elements="6" coveredelements="6"/>
      </file>
      <file name="/var/www/html/valksor/src/Valksor/Functions/Date/Traits/_Date.php">
        <class name="Valksor\Functions\Date\Traits\_Date" namespace="Valksor\Functions\Date\Traits">
          <metrics complexity="3" methods="1" coveredmethods="1" conditionals="0" coveredconditionals="0" statements="3" coveredstatements="3" elements="4" coveredelements="4"/>
        </class>
        <line num="24" type="method" name="date" visibility="public" complexity="3" crap="3" count="5"/>
        <line num="28" type="stmt" count="5"/>
        <line num="29" type="stmt" count="3"/>
        <line num="32" type="stmt" count="2"/>
        <metrics loc="35" ncloc="23" classes="1" methods="1" coveredmethods="1" conditionals="0" coveredconditionals="0" statements="3" coveredstatements="3" elements="4" coveredelements="4"/>
      </file>
      <file name="/var/www/html/valksor/src/Valksor/Functions/Date/Traits/_DateNullable.php">
        <class name="Valksor\Functions\Date\Traits\_DateNullable" namespace="Valksor\Functions\Date\Traits">
          <metrics complexity="4" methods="1" coveredmethods="1" conditionals="0" coveredconditionals="0" statements="3" coveredstatements="3" elements="4" coveredelements="4"/>
        </class>
        <line num="20" type="method" name="dateNullable" visibility="public" complexity="4" crap="4" count="5"/>
        <line num="24" type="stmt" count="5"/>
        <line num="25" type="stmt" count="3"/>
        <line num="28" type="stmt" count="2"/>
        <metrics loc="31" ncloc="22" classes="1" methods="1" coveredmethods="1" conditionals="0" coveredconditionals="0" statements="3" coveredstatements="3" elements="4" coveredelements="4"/>
      </file>
      <file name="/var/www/html/valksor/src/Valksor/Functions/Date/Traits/_DateWithoutFormat.php">
        <class name="Valksor\Functions\Date\Traits\_DateWithoutFormat" namespace="Valksor\Functions\Date\Traits">
          <metrics complexity="4" methods="1" coveredmethods="1" conditionals="0" coveredconditionals="0" statements="10" coveredstatements="10" elements="11" coveredelements="11"/>
        </class>
        <line num="27" type="method" name="dateWithoutFormat" visibility="public" complexity="4" crap="4" count="5"/>
        <line num="31" type="stmt" count="5"/>
        <line num="33" type="stmt" count="5"/>
        <line num="34" type="stmt" count="1"/>
        <line num="36" type="stmt" count="1"/>
        <line num="39" type="stmt" count="5"/>
        <line num="41" type="stmt" count="5"/>
        <line num="42" type="stmt" count="5"/>
        <line num="44" type="stmt" count="5"/>
        <line num="45" type="stmt" count="4"/>
        <line num="49" type="stmt" count="1"/>
        <metrics loc="52" ncloc="40" classes="1" methods="1" coveredmethods="1" conditionals="0" coveredconditionals="0" statements="10" coveredstatements="10" elements="11" coveredelements="11"/>
      </file>
      <file name="/var/www/html/valksor/src/Valksor/Functions/Date/Traits/_ExcelDate.php">
        <class name="Valksor\Functions\Date\Traits\_ExcelDate" namespace="Valksor\Functions\Date\Traits">
          <metrics complexity="4" methods="1" coveredmethods="1" conditionals="0" coveredconditionals="0" statements="11" coveredstatements="11" elements="12" coveredelements="12"/>
        </class>
        <line num="21" type="method" name="excelDate" visibility="public" complexity="4" crap="4" count="5"/>
        <line num="25" type="stmt" count="5"/>
        <line num="27" type="stmt" count="5"/>
        <line num="28" type="stmt" count="4"/>
        <line num="29" type="stmt" count="4"/>
        <line num="31" type="stmt" count="4"/>
        <line num="33" type="stmt" count="4"/>
        <line num="34" type="stmt" count="1"/>
        <line num="36" type="stmt" count="1"/>
        <line num="39" type="stmt" count="4"/>
        <line num="40" type="stmt" count="4"/>
        <line num="44" type="stmt" count="1"/>
        <metrics loc="47" ncloc="38" classes="1" methods="1" coveredmethods="1" conditionals="0" coveredconditionals="0" statements="11" coveredstatements="11" elements="12" coveredelements="12"/>
      </file>
      <file name="/var/www/html/valksor/src/Valksor/Functions/Date/Traits/_FormatDate.php">
        <class name="Valksor\Functions\Date\Traits\_FormatDate" namespace="Valksor\Functions\Date\Traits">
          <metrics complexity="2" methods="1" coveredmethods="1" conditionals="0" coveredconditionals="0" statements="3" coveredstatements="3" elements="4" coveredelements="4"/>
        </class>
        <line num="20" type="method" name="formatDate" visibility="public" complexity="2" crap="2" count="5"/>
        <line num="24" type="stmt" count="5"/>
        <line num="25" type="stmt" count="4"/>
        <line num="28" type="stmt" count="1"/>
        <metrics loc="31" ncloc="22" classes="1" methods="1" coveredmethods="1" conditionals="0" coveredconditionals="0" statements="3" coveredstatements="3" elements="4" coveredelements="4"/>
      </file>
      <file name="/var/www/html/valksor/src/Valksor/Functions/Date/Traits/_FromUnixTimestamp.php">
        <class name="Valksor\Functions\Date\Traits\_FromUnixTimestamp" namespace="Valksor\Functions\Date\Traits">
          <metrics complexity="1" methods="1" coveredmethods="1" conditionals="0" coveredconditionals="0" statements="1" coveredstatements="1" elements="2" coveredelements="2"/>
        </class>
        <line num="24" type="method" name="fromUnixTimestamp" visibility="public" complexity="1" crap="1" count="5"/>
        <line num="28" type="stmt" count="5"/>
        <metrics loc="31" ncloc="19" classes="1" methods="1" coveredmethods="1" conditionals="0" coveredconditionals="0" statements="1" coveredstatements="1" elements="2" coveredelements="2"/>
      </file>
      <file name="/var/www/html/valksor/src/Valksor/Functions/Date/Traits/_IsLeapYear.php">
        <class name="Valksor\Functions\Date\Traits\_IsLeapYear" namespace="Valksor\Functions\Date\Traits">
          <metrics complexity="3" methods="1" coveredmethods="1" conditionals="0" coveredconditionals="0" statements="1" coveredstatements="1" elements="2" coveredelements="2"/>
        </class>
        <line num="17" type="method" name="isLeapYear" visibility="public" complexity="3" crap="3" count="4"/>
        <line num="20" type="stmt" count="4"/>
        <metrics loc="23" ncloc="14" classes="1" methods="1" coveredmethods="1" conditionals="0" coveredconditionals="0" statements="1" coveredstatements="1" elements="2" coveredelements="2"/>
      </file>
      <file name="/var/www/html/valksor/src/Valksor/Functions/Date/Traits/_TimeFormat.php">
        <class name="Valksor\Functions\Date\Traits\_TimeFormat" namespace="Valksor\Functions\Date\Traits">
          <metrics complexity="10" methods="1" coveredmethods="1" conditionals="0" coveredconditionals="0" statements="15" coveredstatements="15" elements="16" coveredelements="16"/>
        </class>
        <line num="26" type="method" name="format" visibility="public" complexity="10" crap="10" count="7"/>
        <line num="30" type="stmt" count="7"/>
        <line num="31" type="stmt" count="7"/>
        <line num="33" type="stmt" count="7"/>
        <line num="34" type="stmt" count="7"/>
        <line num="35" type="stmt" count="6"/>
        <line num="37" type="stmt" count="6"/>
        <line num="38" type="stmt" count="6"/>
        <line num="39" type="stmt" count="1"/>
        <line num="40" type="stmt" count="5"/>
        <line num="41" type="stmt" count="6"/>
        <line num="44" type="stmt" count="6"/>
        <line num="48" type="stmt" count="7"/>
        <line num="49" type="stmt" count="1"/>
        <line num="50" type="stmt" count="7"/>
        <line num="51" type="stmt" count="7"/>
        <metrics loc="54" ncloc="42" classes="1" methods="1" coveredmethods="1" conditionals="0" coveredconditionals="0" statements="15" coveredstatements="15" elements="16" coveredelements="16"/>
      </file>
      <file name="/var/www/html/valksor/src/Valksor/Functions/Date/Traits/_ValidateDate.php">
        <class name="Valksor\Functions\Date\Traits\_ValidateDate" namespace="Valksor\Functions\Date\Traits">
          <metrics complexity="6" methods="1" coveredmethods="1" conditionals="0" coveredconditionals="0" statements="26" coveredstatements="26" elements="27" coveredelements="27"/>
        </class>
        <line num="21" type="method" name="validateDate" visibility="public" complexity="6" crap="6" count="7"/>
        <line num="24" type="stmt" count="7"/>
        <line num="26" type="stmt" count="7"/>
        <line num="27" type="stmt" count="1"/>
        <line num="29" type="stmt" count="1"/>
        <line num="32" type="stmt" count="7"/>
        <line num="33" type="stmt" count="7"/>
        <line num="34" type="stmt" count="7"/>
        <line num="36" type="stmt" count="7"/>
        <line num="37" type="stmt" count="2"/>
        <line num="40" type="stmt" count="5"/>
        <line num="41" type="stmt" count="5"/>
        <line num="42" type="stmt" count="5"/>
        <line num="43" type="stmt" count="5"/>
        <line num="44" type="stmt" count="5"/>
        <line num="45" type="stmt" count="5"/>
        <line num="46" type="stmt" count="5"/>
        <line num="47" type="stmt" count="5"/>
        <line num="48" type="stmt" count="5"/>
        <line num="49" type="stmt" count="5"/>
        <line num="50" type="stmt" count="5"/>
        <line num="51" type="stmt" count="5"/>
        <line num="52" type="stmt" count="5"/>
        <line num="53" type="stmt" count="5"/>
        <line num="55" type="stmt" count="5"/>
        <line num="56" type="stmt" count="4"/>
        <line num="59" type="stmt" count="5"/>
        <metrics loc="62" ncloc="53" classes="1" methods="1" coveredmethods="1" conditionals="0" coveredconditionals="0" statements="26" coveredstatements="26" elements="27" coveredelements="27"/>
      </file>
      <file name="/var/www/html/valksor/src/Valksor/Functions/Date/Traits/_ValidateDateBasic.php">
        <class name="Valksor\Functions\Date\Traits\_ValidateDateBasic" namespace="Valksor\Functions\Date\Traits">
          <metrics complexity="2" methods="1" coveredmethods="1" conditionals="0" coveredconditionals="0" statements="2" coveredstatements="2" elements="3" coveredelements="3"/>
        </class>
        <line num="20" type="method" name="validateDateBasic" visibility="public" complexity="2" crap="2" count="9"/>
        <line num="24" type="stmt" count="9"/>
        <line num="26" type="stmt" count="9"/>
        <metrics loc="29" ncloc="20" classes="1" methods="1" coveredmethods="1" conditionals="0" coveredconditionals="0" statements="2" coveredstatements="2" elements="3" coveredelements="3"/>
      </file>
    </package>
    <metrics files="13" loc="543" ncloc="397" classes="12" methods="12" coveredmethods="12" conditionals="0" coveredconditionals="0" statements="95" coveredstatements="95" elements="107" coveredelements="107"/>
  </project>
</coverage>
