<?xml version="1.0" encoding="UTF-8"?>
<testsuites>
  <testsuite name="/var/www/html/valksor/src/Valksor/Functions/Date/phpunit.xml" tests="63" assertions="190" errors="0" failures="0" skipped="0" time="0.001000">
    <testsuite name="Date Functions" tests="63" assertions="190" errors="0" failures="0" skipped="0" time="0.001000">
      <testsuite name="Valksor\Functions\Date\Tests\DateTest" file="/var/www/html/valksor/src/Valksor/Functions/Date/Tests/DateTest.php" tests="63" assertions="190" errors="0" failures="0" skipped="0" time="0.001000">
        <testcase name="testCalculateEasterWithDifferentCenturies" file="/var/www/html/valksor/src/Valksor/Functions/Date/Tests/DateTest.php" line="26" class="Valksor\Functions\Date\Tests\DateTest" classname="Valksor.Functions.Date.Tests.DateTest" assertions="3" time="0.001000"/>
        <testcase name="testCalculateEasterWithEarlyYears" file="/var/www/html/valksor/src/Valksor/Functions/Date/Tests/DateTest.php" line="39" class="Valksor\Functions\Date\Tests\DateTest" classname="Valksor.Functions.Date.Tests.DateTest" assertions="4" time="0.001000"/>
        <testcase name="testCalculateEasterWithKnownDates" file="/var/www/html/valksor/src/Valksor/Functions/Date/Tests/DateTest.php" line="55" class="Valksor\Functions\Date\Tests\DateTest" classname="Valksor.Functions.Date.Tests.DateTest" assertions="8" time="0.001000"/>
        <testcase name="testCalculateEasterWithLeapYear" file="/var/www/html/valksor/src/Valksor/Functions/Date/Tests/DateTest.php" line="75" class="Valksor\Functions\Date\Tests\DateTest" classname="Valksor.Functions.Date.Tests.DateTest" assertions="2" time="0.001000"/>
        <testcase name="testCalculateMothersDayReturnsDateTime" file="/var/www/html/valksor/src/Valksor/Functions/Date/Tests/DateTest.php" line="86" class="Valksor\Functions\Date\Tests\DateTest" classname="Valksor.Functions.Date.Tests.DateTest" assertions="2" time="0.001000"/>
        <testcase name="testCalculateMothersDayWithDifferentYears" file="/var/www/html/valksor/src/Valksor/Functions/Date/Tests/DateTest.php" line="97" class="Valksor\Functions\Date\Tests\DateTest" classname="Valksor.Functions.Date.Tests.DateTest" assertions="49" time="0.001000"/>
        <testcase name="testCalculateMothersDayWithEarlyYears" file="/var/www/html/valksor/src/Valksor/Functions/Date/Tests/DateTest.php" line="117" class="Valksor\Functions\Date\Tests\DateTest" classname="Valksor.Functions.Date.Tests.DateTest" assertions="4" time="0.001000"/>
        <testcase name="testCalculateMothersDayWithFutureYears" file="/var/www/html/valksor/src/Valksor/Functions/Date/Tests/DateTest.php" line="132" class="Valksor\Functions\Date\Tests\DateTest" classname="Valksor.Functions.Date.Tests.DateTest" assertions="4" time="0.001000"/>
        <testcase name="testCalculateMothersDayWithKnownDates" file="/var/www/html/valksor/src/Valksor/Functions/Date/Tests/DateTest.php" line="151" class="Valksor\Functions\Date\Tests\DateTest" classname="Valksor.Functions.Date.Tests.DateTest" assertions="9" time="0.001000"/>
        <testcase name="testCalculateMothersDayWithLeapYear" file="/var/www/html/valksor/src/Valksor/Functions/Date/Tests/DateTest.php" line="173" class="Valksor\Functions\Date\Tests\DateTest" classname="Valksor.Functions.Date.Tests.DateTest" assertions="2" time="0.001000"/>
        <testcase name="testDateNullableWithDifferentFormats" file="/var/www/html/valksor/src/Valksor/Functions/Date/Tests/DateTest.php" line="181" class="Valksor\Functions\Date\Tests\DateTest" classname="Valksor.Functions.Date.Tests.DateTest" assertions="2" time="0.001000"/>
        <testcase name="testDateNullableWithInvalidDateReturnsNull" file="/var/www/html/valksor/src/Valksor/Functions/Date/Tests/DateTest.php" line="189" class="Valksor\Functions\Date\Tests\DateTest" classname="Valksor.Functions.Date.Tests.DateTest" assertions="1" time="0.001000"/>
        <testcase name="testDateNullableWithNullDateReturnsNull" file="/var/www/html/valksor/src/Valksor/Functions/Date/Tests/DateTest.php" line="196" class="Valksor\Functions\Date\Tests\DateTest" classname="Valksor.Functions.Date.Tests.DateTest" assertions="1" time="0.001000"/>
        <testcase name="testDateNullableWithNullFormatReturnsNull" file="/var/www/html/valksor/src/Valksor/Functions/Date/Tests/DateTest.php" line="203" class="Valksor\Functions\Date\Tests\DateTest" classname="Valksor.Functions.Date.Tests.DateTest" assertions="1" time="0.001000"/>
        <testcase name="testDateNullableWithValidDateAndFormat" file="/var/www/html/valksor/src/Valksor/Functions/Date/Tests/DateTest.php" line="214" class="Valksor\Functions\Date\Tests\DateTest" classname="Valksor.Functions.Date.Tests.DateTest" assertions="2" time="0.001000"/>
        <testcase name="testDateWithDifferentFormats" file="/var/www/html/valksor/src/Valksor/Functions/Date/Tests/DateTest.php" line="222" class="Valksor\Functions\Date\Tests\DateTest" classname="Valksor.Functions.Date.Tests.DateTest" assertions="1" time="0.001000"/>
        <testcase name="testDateWithInvalidDateThrowsException" file="/var/www/html/valksor/src/Valksor/Functions/Date/Tests/DateTest.php" line="229" class="Valksor\Functions\Date\Tests\DateTest" classname="Valksor.Functions.Date.Tests.DateTest" assertions="2" time="0.001000"/>
        <testcase name="testDateWithNullDateThrowsException" file="/var/www/html/valksor/src/Valksor/Functions/Date/Tests/DateTest.php" line="237" class="Valksor\Functions\Date\Tests\DateTest" classname="Valksor.Functions.Date.Tests.DateTest" assertions="2" time="0.001000"/>
        <testcase name="testDateWithNullFormatThrowsException" file="/var/www/html/valksor/src/Valksor/Functions/Date/Tests/DateTest.php" line="245" class="Valksor\Functions\Date\Tests\DateTest" classname="Valksor.Functions.Date.Tests.DateTest" assertions="2" time="0.001000"/>
        <testcase name="testDateWithValidDateAndFormat" file="/var/www/html/valksor/src/Valksor/Functions/Date/Tests/DateTest.php" line="257" class="Valksor\Functions\Date\Tests\DateTest" classname="Valksor.Functions.Date.Tests.DateTest" assertions="1" time="0.001000"/>
        <testcase name="testDateWithoutFormatWithCustomGuess" file="/var/www/html/valksor/src/Valksor/Functions/Date/Tests/DateTest.php" line="264" class="Valksor\Functions\Date\Tests\DateTest" classname="Valksor.Functions.Date.Tests.DateTest" assertions="2" time="0.001000"/>
        <testcase name="testDateWithoutFormatWithEmptyGuesses" file="/var/www/html/valksor/src/Valksor/Functions/Date/Tests/DateTest.php" line="272" class="Valksor\Functions\Date\Tests\DateTest" classname="Valksor.Functions.Date.Tests.DateTest" assertions="1" time="0.001000"/>
        <testcase name="testDateWithoutFormatWithISODate" file="/var/www/html/valksor/src/Valksor/Functions/Date/Tests/DateTest.php" line="284" class="Valksor\Functions\Date\Tests\DateTest" classname="Valksor.Functions.Date.Tests.DateTest" assertions="2" time="0.001000"/>
        <testcase name="testDateWithoutFormatWithInvalidDateReturnsString" file="/var/www/html/valksor/src/Valksor/Functions/Date/Tests/DateTest.php" line="293" class="Valksor\Functions\Date\Tests\DateTest" classname="Valksor.Functions.Date.Tests.DateTest" assertions="2" time="0.001000"/>
        <testcase name="testDateWithoutFormatWithMultipleGuesses" file="/var/www/html/valksor/src/Valksor/Functions/Date/Tests/DateTest.php" line="302" class="Valksor\Functions\Date\Tests\DateTest" classname="Valksor.Functions.Date.Tests.DateTest" assertions="2" time="0.001000"/>
        <testcase name="testExcelDateWithBaseTimestamp" file="/var/www/html/valksor/src/Valksor/Functions/Date/Tests/DateTest.php" line="310" class="Valksor\Functions\Date\Tests\DateTest" classname="Valksor.Functions.Date.Tests.DateTest" assertions="2" time="0.001000"/>
        <testcase name="testExcelDateWithCustomFormat" file="/var/www/html/valksor/src/Valksor/Functions/Date/Tests/DateTest.php" line="319" class="Valksor\Functions\Date\Tests\DateTest" classname="Valksor.Functions.Date.Tests.DateTest" assertions="1" time="0.001000"/>
        <testcase name="testExcelDateWithLargeTimestamp" file="/var/www/html/valksor/src/Valksor/Functions/Date/Tests/DateTest.php" line="326" class="Valksor\Functions\Date\Tests\DateTest" classname="Valksor.Functions.Date.Tests.DateTest" assertions="1" time="0.001000"/>
        <testcase name="testExcelDateWithTimestampBelowBase" file="/var/www/html/valksor/src/Valksor/Functions/Date/Tests/DateTest.php" line="334" class="Valksor\Functions\Date\Tests\DateTest" classname="Valksor.Functions.Date.Tests.DateTest" assertions="1" time="0.001000"/>
        <testcase name="testExcelDateWithValidTimestamp" file="/var/www/html/valksor/src/Valksor/Functions/Date/Tests/DateTest.php" line="347" class="Valksor\Functions\Date\Tests\DateTest" classname="Valksor.Functions.Date.Tests.DateTest" assertions="2" time="0.001000"/>
        <testcase name="testFormatDateWithDateTime" file="/var/www/html/valksor/src/Valksor/Functions/Date/Tests/DateTest.php" line="356" class="Valksor\Functions\Date\Tests\DateTest" classname="Valksor.Functions.Date.Tests.DateTest" assertions="2" time="0.001000"/>
        <testcase name="testFormatDateWithDifferentInputFormat" file="/var/www/html/valksor/src/Valksor/Functions/Date/Tests/DateTest.php" line="364" class="Valksor\Functions\Date\Tests\DateTest" classname="Valksor.Functions.Date.Tests.DateTest" assertions="2" time="0.001000"/>
        <testcase name="testFormatDateWithInvalidDateReturnsFalse" file="/var/www/html/valksor/src/Valksor/Functions/Date/Tests/DateTest.php" line="372" class="Valksor\Functions\Date\Tests\DateTest" classname="Valksor.Functions.Date.Tests.DateTest" assertions="1" time="0.001000"/>
        <testcase name="testFormatDateWithLeapYear" file="/var/www/html/valksor/src/Valksor/Functions/Date/Tests/DateTest.php" line="379" class="Valksor\Functions\Date\Tests\DateTest" classname="Valksor.Functions.Date.Tests.DateTest" assertions="2" time="0.001000"/>
        <testcase name="testFormatDateWithValidDate" file="/var/www/html/valksor/src/Valksor/Functions/Date/Tests/DateTest.php" line="391" class="Valksor\Functions\Date\Tests\DateTest" classname="Valksor.Functions.Date.Tests.DateTest" assertions="2" time="0.001000"/>
        <testcase name="testFormatTimeAsArray" file="/var/www/html/valksor/src/Valksor/Functions/Date/Tests/DateTest.php" line="399" class="Valksor\Functions\Date\Tests\DateTest" classname="Valksor.Functions.Date.Tests.DateTest" assertions="7" time="0.001000"/>
        <testcase name="testFormatTimeAsString" file="/var/www/html/valksor/src/Valksor/Functions/Date/Tests/DateTest.php" line="417" class="Valksor\Functions\Date\Tests\DateTest" classname="Valksor.Functions.Date.Tests.DateTest" assertions="4" time="0.001000"/>
        <testcase name="testFormatTimePluralHandling" file="/var/www/html/valksor/src/Valksor/Functions/Date/Tests/DateTest.php" line="428" class="Valksor\Functions\Date\Tests\DateTest" classname="Valksor.Functions.Date.Tests.DateTest" assertions="3" time="0.001000"/>
        <testcase name="testFormatTimeWithFloat" file="/var/www/html/valksor/src/Valksor/Functions/Date/Tests/DateTest.php" line="439" class="Valksor\Functions\Date\Tests\DateTest" classname="Valksor.Functions.Date.Tests.DateTest" assertions="2" time="0.001000"/>
        <testcase name="testFormatTimeWithLargeValue" file="/var/www/html/valksor/src/Valksor/Functions/Date/Tests/DateTest.php" line="448" class="Valksor\Functions\Date\Tests\DateTest" classname="Valksor.Functions.Date.Tests.DateTest" assertions="2" time="0.001000"/>
        <testcase name="testFormatTimeWithOnlySeconds" file="/var/www/html/valksor/src/Valksor/Functions/Date/Tests/DateTest.php" line="457" class="Valksor\Functions\Date\Tests\DateTest" classname="Valksor.Functions.Date.Tests.DateTest" assertions="3" time="0.001000"/>
        <testcase name="testFormatTimeWithZero" file="/var/www/html/valksor/src/Valksor/Functions/Date/Tests/DateTest.php" line="466" class="Valksor\Functions\Date\Tests\DateTest" classname="Valksor.Functions.Date.Tests.DateTest" assertions="2" time="0.001000"/>
        <testcase name="testFromUnixTimestampWithCustomFormat" file="/var/www/html/valksor/src/Valksor/Functions/Date/Tests/DateTest.php" line="477" class="Valksor\Functions\Date\Tests\DateTest" classname="Valksor.Functions.Date.Tests.DateTest" assertions="1" time="0.001000"/>
        <testcase name="testFromUnixTimestampWithDefaultFormat" file="/var/www/html/valksor/src/Valksor/Functions/Date/Tests/DateTest.php" line="487" class="Valksor\Functions\Date\Tests\DateTest" classname="Valksor.Functions.Date.Tests.DateTest" assertions="2" time="0.001000"/>
        <testcase name="testFromUnixTimestampWithKnownValue" file="/var/www/html/valksor/src/Valksor/Functions/Date/Tests/DateTest.php" line="498" class="Valksor\Functions\Date\Tests\DateTest" classname="Valksor.Functions.Date.Tests.DateTest" assertions="2" time="0.001000"/>
        <testcase name="testFromUnixTimestampWithNegativeValue" file="/var/www/html/valksor/src/Valksor/Functions/Date/Tests/DateTest.php" line="510" class="Valksor\Functions\Date\Tests\DateTest" classname="Valksor.Functions.Date.Tests.DateTest" assertions="1" time="0.001000"/>
        <testcase name="testFromUnixTimestampWithZero" file="/var/www/html/valksor/src/Valksor/Functions/Date/Tests/DateTest.php" line="525" class="Valksor\Functions\Date\Tests\DateTest" classname="Valksor.Functions.Date.Tests.DateTest" assertions="2" time="0.001000"/>
        <testcase name="testIsLeapYearWithLeapYears" file="/var/www/html/valksor/src/Valksor/Functions/Date/Tests/DateTest.php" line="537" class="Valksor\Functions\Date\Tests\DateTest" classname="Valksor.Functions.Date.Tests.DateTest" assertions="7" time="0.001000"/>
        <testcase name="testIsLeapYearWithNegativeYears" file="/var/www/html/valksor/src/Valksor/Functions/Date/Tests/DateTest.php" line="551" class="Valksor\Functions\Date\Tests\DateTest" classname="Valksor.Functions.Date.Tests.DateTest" assertions="4" time="0.001000"/>
        <testcase name="testIsLeapYearWithNonLeapYears" file="/var/www/html/valksor/src/Valksor/Functions/Date/Tests/DateTest.php" line="560" class="Valksor\Functions\Date\Tests\DateTest" classname="Valksor.Functions.Date.Tests.DateTest" assertions="8" time="0.001000"/>
        <testcase name="testIsLeapYearWithZero" file="/var/www/html/valksor/src/Valksor/Functions/Date/Tests/DateTest.php" line="575" class="Valksor\Functions\Date\Tests\DateTest" classname="Valksor.Functions.Date.Tests.DateTest" assertions="1" time="0.001000"/>
        <testcase name="testValidateDateBasicWithDefaultFormat" file="/var/www/html/valksor/src/Valksor/Functions/Date/Tests/DateTest.php" line="581" class="Valksor\Functions\Date\Tests\DateTest" classname="Valksor.Functions.Date.Tests.DateTest" assertions="1" time="0.001000"/>
        <testcase name="testValidateDateBasicWithInvalidDate" file="/var/www/html/valksor/src/Valksor/Functions/Date/Tests/DateTest.php" line="588" class="Valksor\Functions\Date\Tests\DateTest" classname="Valksor.Functions.Date.Tests.DateTest" assertions="1" time="0.001000"/>
        <testcase name="testValidateDateBasicWithPartialMatch" file="/var/www/html/valksor/src/Valksor/Functions/Date/Tests/DateTest.php" line="595" class="Valksor\Functions\Date\Tests\DateTest" classname="Valksor.Functions.Date.Tests.DateTest" assertions="1" time="0.001000"/>
        <testcase name="testValidateDateBasicWithValidDate" file="/var/www/html/valksor/src/Valksor/Functions/Date/Tests/DateTest.php" line="607" class="Valksor\Functions\Date\Tests\DateTest" classname="Valksor.Functions.Date.Tests.DateTest" assertions="1" time="0.001000"/>
        <testcase name="testValidateDateBasicWithWrongFormat" file="/var/www/html/valksor/src/Valksor/Functions/Date/Tests/DateTest.php" line="614" class="Valksor\Functions\Date\Tests\DateTest" classname="Valksor.Functions.Date.Tests.DateTest" assertions="1" time="0.001000"/>
        <testcase name="testValidateDateWithInvalidDay" file="/var/www/html/valksor/src/Valksor/Functions/Date/Tests/DateTest.php" line="622" class="Valksor\Functions\Date\Tests\DateTest" classname="Valksor.Functions.Date.Tests.DateTest" assertions="1" time="0.001000"/>
        <testcase name="testValidateDateWithInvalidMonth" file="/var/www/html/valksor/src/Valksor/Functions/Date/Tests/DateTest.php" line="628" class="Valksor\Functions\Date\Tests\DateTest" classname="Valksor.Functions.Date.Tests.DateTest" assertions="1" time="0.001000"/>
        <testcase name="testValidateDateWithLeapYear" file="/var/www/html/valksor/src/Valksor/Functions/Date/Tests/DateTest.php" line="634" class="Valksor\Functions\Date\Tests\DateTest" classname="Valksor.Functions.Date.Tests.DateTest" assertions="1" time="0.001000"/>
        <testcase name="testValidateDateWithNonLeapYear" file="/var/www/html/valksor/src/Valksor/Functions/Date/Tests/DateTest.php" line="640" class="Valksor\Functions\Date\Tests\DateTest" classname="Valksor.Functions.Date.Tests.DateTest" assertions="1" time="0.001000"/>
        <testcase name="testValidateDateWithValidDate" file="/var/www/html/valksor/src/Valksor/Functions/Date/Tests/DateTest.php" line="652" class="Valksor\Functions\Date\Tests\DateTest" classname="Valksor.Functions.Date.Tests.DateTest" assertions="1" time="0.001000"/>
        <testcase name="testValidateDateWithZeroDay" file="/var/www/html/valksor/src/Valksor/Functions/Date/Tests/DateTest.php" line="658" class="Valksor\Functions\Date\Tests\DateTest" classname="Valksor.Functions.Date.Tests.DateTest" assertions="1" time="0.001000"/>
        <testcase name="testValidateDateWithZeroMonth" file="/var/www/html/valksor/src/Valksor/Functions/Date/Tests/DateTest.php" line="664" class="Valksor\Functions\Date\Tests\DateTest" classname="Valksor.Functions.Date.Tests.DateTest" assertions="1" time="0.001000"/>
      </testsuite>
    </testsuite>
  </testsuite>
</testsuites>
