<?xml version="1.0" encoding="UTF-8"?>
<testsuites>
  <testsuite name="/var/www/html/valksor/phpunit.xml" tests="910" assertions="2363" errors="0" failures="0" skipped="16" time="1.181560">
    <testsuite name="Valksor Complete" tests="910" assertions="2363" errors="0" failures="0" skipped="16" time="1.181560">
      <testsuite name="Valksor\Functions\Date\Tests\DateTest" file="/var/www/html/valksor/src/Valksor/Functions/Date/Tests/DateTest.php" tests="63" assertions="190" errors="0" failures="0" skipped="0" time="0.034667">
        <testcase name="testCalculateEasterWithDifferentCenturies" file="/var/www/html/valksor/src/Valksor/Functions/Date/Tests/DateTest.php" line="26" class="Valksor\Functions\Date\Tests\DateTest" classname="Valksor.Functions.Date.Tests.DateTest" assertions="3" time="0.006617"/>
        <testcase name="testCalculateEasterWithEarlyYears" file="/var/www/html/valksor/src/Valksor/Functions/Date/Tests/DateTest.php" line="39" class="Valksor\Functions\Date\Tests\DateTest" classname="Valksor.Functions.Date.Tests.DateTest" assertions="4" time="0.000315"/>
        <testcase name="testCalculateEasterWithKnownDates" file="/var/www/html/valksor/src/Valksor/Functions/Date/Tests/DateTest.php" line="55" class="Valksor\Functions\Date\Tests\DateTest" classname="Valksor.Functions.Date.Tests.DateTest" assertions="8" time="0.000325"/>
        <testcase name="testCalculateEasterWithLeapYear" file="/var/www/html/valksor/src/Valksor/Functions/Date/Tests/DateTest.php" line="75" class="Valksor\Functions\Date\Tests\DateTest" classname="Valksor.Functions.Date.Tests.DateTest" assertions="2" time="0.000282"/>
        <testcase name="testCalculateMothersDayReturnsDateTime" file="/var/www/html/valksor/src/Valksor/Functions/Date/Tests/DateTest.php" line="86" class="Valksor\Functions\Date\Tests\DateTest" classname="Valksor.Functions.Date.Tests.DateTest" assertions="2" time="0.000293"/>
        <testcase name="testCalculateMothersDayWithDifferentYears" file="/var/www/html/valksor/src/Valksor/Functions/Date/Tests/DateTest.php" line="97" class="Valksor\Functions\Date\Tests\DateTest" classname="Valksor.Functions.Date.Tests.DateTest" assertions="49" time="0.000621"/>
        <testcase name="testCalculateMothersDayWithEarlyYears" file="/var/www/html/valksor/src/Valksor/Functions/Date/Tests/DateTest.php" line="117" class="Valksor\Functions\Date\Tests\DateTest" classname="Valksor.Functions.Date.Tests.DateTest" assertions="4" time="0.000491"/>
        <testcase name="testCalculateMothersDayWithFutureYears" file="/var/www/html/valksor/src/Valksor/Functions/Date/Tests/DateTest.php" line="132" class="Valksor\Functions\Date\Tests\DateTest" classname="Valksor.Functions.Date.Tests.DateTest" assertions="4" time="0.000346"/>
        <testcase name="testCalculateMothersDayWithKnownDates" file="/var/www/html/valksor/src/Valksor/Functions/Date/Tests/DateTest.php" line="151" class="Valksor\Functions\Date\Tests\DateTest" classname="Valksor.Functions.Date.Tests.DateTest" assertions="9" time="0.000366"/>
        <testcase name="testCalculateMothersDayWithLeapYear" file="/var/www/html/valksor/src/Valksor/Functions/Date/Tests/DateTest.php" line="173" class="Valksor\Functions\Date\Tests\DateTest" classname="Valksor.Functions.Date.Tests.DateTest" assertions="2" time="0.000336"/>
        <testcase name="testDateNullableWithDifferentFormats" file="/var/www/html/valksor/src/Valksor/Functions/Date/Tests/DateTest.php" line="181" class="Valksor\Functions\Date\Tests\DateTest" classname="Valksor.Functions.Date.Tests.DateTest" assertions="2" time="0.000297"/>
        <testcase name="testDateNullableWithInvalidDateReturnsNull" file="/var/www/html/valksor/src/Valksor/Functions/Date/Tests/DateTest.php" line="189" class="Valksor\Functions\Date\Tests\DateTest" classname="Valksor.Functions.Date.Tests.DateTest" assertions="1" time="0.000269"/>
        <testcase name="testDateNullableWithNullDateReturnsNull" file="/var/www/html/valksor/src/Valksor/Functions/Date/Tests/DateTest.php" line="196" class="Valksor\Functions\Date\Tests\DateTest" classname="Valksor.Functions.Date.Tests.DateTest" assertions="1" time="0.000271"/>
        <testcase name="testDateNullableWithNullFormatReturnsNull" file="/var/www/html/valksor/src/Valksor/Functions/Date/Tests/DateTest.php" line="203" class="Valksor\Functions\Date\Tests\DateTest" classname="Valksor.Functions.Date.Tests.DateTest" assertions="1" time="0.000259"/>
        <testcase name="testDateNullableWithValidDateAndFormat" file="/var/www/html/valksor/src/Valksor/Functions/Date/Tests/DateTest.php" line="214" class="Valksor\Functions\Date\Tests\DateTest" classname="Valksor.Functions.Date.Tests.DateTest" assertions="2" time="0.000335"/>
        <testcase name="testDateWithDifferentFormats" file="/var/www/html/valksor/src/Valksor/Functions/Date/Tests/DateTest.php" line="222" class="Valksor\Functions\Date\Tests\DateTest" classname="Valksor.Functions.Date.Tests.DateTest" assertions="1" time="0.000282"/>
        <testcase name="testDateWithInvalidDateThrowsException" file="/var/www/html/valksor/src/Valksor/Functions/Date/Tests/DateTest.php" line="229" class="Valksor\Functions\Date\Tests\DateTest" classname="Valksor.Functions.Date.Tests.DateTest" assertions="2" time="0.000315"/>
        <testcase name="testDateWithNullDateThrowsException" file="/var/www/html/valksor/src/Valksor/Functions/Date/Tests/DateTest.php" line="237" class="Valksor\Functions\Date\Tests\DateTest" classname="Valksor.Functions.Date.Tests.DateTest" assertions="2" time="0.000271"/>
        <testcase name="testDateWithNullFormatThrowsException" file="/var/www/html/valksor/src/Valksor/Functions/Date/Tests/DateTest.php" line="245" class="Valksor\Functions\Date\Tests\DateTest" classname="Valksor.Functions.Date.Tests.DateTest" assertions="2" time="0.000310"/>
        <testcase name="testDateWithValidDateAndFormat" file="/var/www/html/valksor/src/Valksor/Functions/Date/Tests/DateTest.php" line="257" class="Valksor\Functions\Date\Tests\DateTest" classname="Valksor.Functions.Date.Tests.DateTest" assertions="1" time="0.000317"/>
        <testcase name="testDateWithoutFormatWithCustomGuess" file="/var/www/html/valksor/src/Valksor/Functions/Date/Tests/DateTest.php" line="264" class="Valksor\Functions\Date\Tests\DateTest" classname="Valksor.Functions.Date.Tests.DateTest" assertions="2" time="0.002270"/>
        <testcase name="testDateWithoutFormatWithEmptyGuesses" file="/var/www/html/valksor/src/Valksor/Functions/Date/Tests/DateTest.php" line="272" class="Valksor\Functions\Date\Tests\DateTest" classname="Valksor.Functions.Date.Tests.DateTest" assertions="1" time="0.000415"/>
        <testcase name="testDateWithoutFormatWithISODate" file="/var/www/html/valksor/src/Valksor/Functions/Date/Tests/DateTest.php" line="284" class="Valksor\Functions\Date\Tests\DateTest" classname="Valksor.Functions.Date.Tests.DateTest" assertions="2" time="0.000362"/>
        <testcase name="testDateWithoutFormatWithInvalidDateReturnsString" file="/var/www/html/valksor/src/Valksor/Functions/Date/Tests/DateTest.php" line="293" class="Valksor\Functions\Date\Tests\DateTest" classname="Valksor.Functions.Date.Tests.DateTest" assertions="2" time="0.000289"/>
        <testcase name="testDateWithoutFormatWithMultipleGuesses" file="/var/www/html/valksor/src/Valksor/Functions/Date/Tests/DateTest.php" line="302" class="Valksor\Functions\Date\Tests\DateTest" classname="Valksor.Functions.Date.Tests.DateTest" assertions="2" time="0.000333"/>
        <testcase name="testExcelDateWithBaseTimestamp" file="/var/www/html/valksor/src/Valksor/Functions/Date/Tests/DateTest.php" line="310" class="Valksor\Functions\Date\Tests\DateTest" classname="Valksor.Functions.Date.Tests.DateTest" assertions="2" time="0.000421"/>
        <testcase name="testExcelDateWithCustomFormat" file="/var/www/html/valksor/src/Valksor/Functions/Date/Tests/DateTest.php" line="319" class="Valksor\Functions\Date\Tests\DateTest" classname="Valksor.Functions.Date.Tests.DateTest" assertions="1" time="0.000326"/>
        <testcase name="testExcelDateWithLargeTimestamp" file="/var/www/html/valksor/src/Valksor/Functions/Date/Tests/DateTest.php" line="326" class="Valksor\Functions\Date\Tests\DateTest" classname="Valksor.Functions.Date.Tests.DateTest" assertions="1" time="0.000296"/>
        <testcase name="testExcelDateWithTimestampBelowBase" file="/var/www/html/valksor/src/Valksor/Functions/Date/Tests/DateTest.php" line="334" class="Valksor\Functions\Date\Tests\DateTest" classname="Valksor.Functions.Date.Tests.DateTest" assertions="1" time="0.000306"/>
        <testcase name="testExcelDateWithValidTimestamp" file="/var/www/html/valksor/src/Valksor/Functions/Date/Tests/DateTest.php" line="347" class="Valksor\Functions\Date\Tests\DateTest" classname="Valksor.Functions.Date.Tests.DateTest" assertions="2" time="0.000315"/>
        <testcase name="testFormatDateWithDateTime" file="/var/www/html/valksor/src/Valksor/Functions/Date/Tests/DateTest.php" line="356" class="Valksor\Functions\Date\Tests\DateTest" classname="Valksor.Functions.Date.Tests.DateTest" assertions="2" time="0.000267"/>
        <testcase name="testFormatDateWithDifferentInputFormat" file="/var/www/html/valksor/src/Valksor/Functions/Date/Tests/DateTest.php" line="364" class="Valksor\Functions\Date\Tests\DateTest" classname="Valksor.Functions.Date.Tests.DateTest" assertions="2" time="0.000293"/>
        <testcase name="testFormatDateWithInvalidDateReturnsFalse" file="/var/www/html/valksor/src/Valksor/Functions/Date/Tests/DateTest.php" line="372" class="Valksor\Functions\Date\Tests\DateTest" classname="Valksor.Functions.Date.Tests.DateTest" assertions="1" time="0.000290"/>
        <testcase name="testFormatDateWithLeapYear" file="/var/www/html/valksor/src/Valksor/Functions/Date/Tests/DateTest.php" line="379" class="Valksor\Functions\Date\Tests\DateTest" classname="Valksor.Functions.Date.Tests.DateTest" assertions="2" time="0.000304"/>
        <testcase name="testFormatDateWithValidDate" file="/var/www/html/valksor/src/Valksor/Functions/Date/Tests/DateTest.php" line="391" class="Valksor\Functions\Date\Tests\DateTest" classname="Valksor.Functions.Date.Tests.DateTest" assertions="2" time="0.000267"/>
        <testcase name="testFormatTimeAsArray" file="/var/www/html/valksor/src/Valksor/Functions/Date/Tests/DateTest.php" line="399" class="Valksor\Functions\Date\Tests\DateTest" classname="Valksor.Functions.Date.Tests.DateTest" assertions="7" time="0.000276"/>
        <testcase name="testFormatTimeAsString" file="/var/www/html/valksor/src/Valksor/Functions/Date/Tests/DateTest.php" line="417" class="Valksor\Functions\Date\Tests\DateTest" classname="Valksor.Functions.Date.Tests.DateTest" assertions="4" time="0.000298"/>
        <testcase name="testFormatTimePluralHandling" file="/var/www/html/valksor/src/Valksor/Functions/Date/Tests/DateTest.php" line="428" class="Valksor\Functions\Date\Tests\DateTest" classname="Valksor.Functions.Date.Tests.DateTest" assertions="3" time="0.000290"/>
        <testcase name="testFormatTimeWithFloat" file="/var/www/html/valksor/src/Valksor/Functions/Date/Tests/DateTest.php" line="439" class="Valksor\Functions\Date\Tests\DateTest" classname="Valksor.Functions.Date.Tests.DateTest" assertions="2" time="0.000277"/>
        <testcase name="testFormatTimeWithLargeValue" file="/var/www/html/valksor/src/Valksor/Functions/Date/Tests/DateTest.php" line="448" class="Valksor\Functions\Date\Tests\DateTest" classname="Valksor.Functions.Date.Tests.DateTest" assertions="2" time="0.000313"/>
        <testcase name="testFormatTimeWithOnlySeconds" file="/var/www/html/valksor/src/Valksor/Functions/Date/Tests/DateTest.php" line="457" class="Valksor\Functions\Date\Tests\DateTest" classname="Valksor.Functions.Date.Tests.DateTest" assertions="3" time="0.000278"/>
        <testcase name="testFormatTimeWithZero" file="/var/www/html/valksor/src/Valksor/Functions/Date/Tests/DateTest.php" line="466" class="Valksor\Functions\Date\Tests\DateTest" classname="Valksor.Functions.Date.Tests.DateTest" assertions="2" time="0.000280"/>
        <testcase name="testFromUnixTimestampWithCustomFormat" file="/var/www/html/valksor/src/Valksor/Functions/Date/Tests/DateTest.php" line="477" class="Valksor\Functions\Date\Tests\DateTest" classname="Valksor.Functions.Date.Tests.DateTest" assertions="1" time="0.000305"/>
        <testcase name="testFromUnixTimestampWithDefaultFormat" file="/var/www/html/valksor/src/Valksor/Functions/Date/Tests/DateTest.php" line="487" class="Valksor\Functions\Date\Tests\DateTest" classname="Valksor.Functions.Date.Tests.DateTest" assertions="2" time="0.000765"/>
        <testcase name="testFromUnixTimestampWithKnownValue" file="/var/www/html/valksor/src/Valksor/Functions/Date/Tests/DateTest.php" line="498" class="Valksor\Functions\Date\Tests\DateTest" classname="Valksor.Functions.Date.Tests.DateTest" assertions="2" time="0.000299"/>
        <testcase name="testFromUnixTimestampWithNegativeValue" file="/var/www/html/valksor/src/Valksor/Functions/Date/Tests/DateTest.php" line="510" class="Valksor\Functions\Date\Tests\DateTest" classname="Valksor.Functions.Date.Tests.DateTest" assertions="1" time="0.000306"/>
        <testcase name="testFromUnixTimestampWithZero" file="/var/www/html/valksor/src/Valksor/Functions/Date/Tests/DateTest.php" line="525" class="Valksor\Functions\Date\Tests\DateTest" classname="Valksor.Functions.Date.Tests.DateTest" assertions="2" time="0.000316"/>
        <testcase name="testIsLeapYearWithLeapYears" file="/var/www/html/valksor/src/Valksor/Functions/Date/Tests/DateTest.php" line="537" class="Valksor\Functions\Date\Tests\DateTest" classname="Valksor.Functions.Date.Tests.DateTest" assertions="7" time="0.000302"/>
        <testcase name="testIsLeapYearWithNegativeYears" file="/var/www/html/valksor/src/Valksor/Functions/Date/Tests/DateTest.php" line="551" class="Valksor\Functions\Date\Tests\DateTest" classname="Valksor.Functions.Date.Tests.DateTest" assertions="4" time="0.000263"/>
        <testcase name="testIsLeapYearWithNonLeapYears" file="/var/www/html/valksor/src/Valksor/Functions/Date/Tests/DateTest.php" line="560" class="Valksor\Functions\Date\Tests\DateTest" classname="Valksor.Functions.Date.Tests.DateTest" assertions="8" time="0.000286"/>
        <testcase name="testIsLeapYearWithZero" file="/var/www/html/valksor/src/Valksor/Functions/Date/Tests/DateTest.php" line="575" class="Valksor\Functions\Date\Tests\DateTest" classname="Valksor.Functions.Date.Tests.DateTest" assertions="1" time="0.000490"/>
        <testcase name="testValidateDateBasicWithDefaultFormat" file="/var/www/html/valksor/src/Valksor/Functions/Date/Tests/DateTest.php" line="581" class="Valksor\Functions\Date\Tests\DateTest" classname="Valksor.Functions.Date.Tests.DateTest" assertions="1" time="0.000345"/>
        <testcase name="testValidateDateBasicWithInvalidDate" file="/var/www/html/valksor/src/Valksor/Functions/Date/Tests/DateTest.php" line="588" class="Valksor\Functions\Date\Tests\DateTest" classname="Valksor.Functions.Date.Tests.DateTest" assertions="1" time="0.000668"/>
        <testcase name="testValidateDateBasicWithPartialMatch" file="/var/www/html/valksor/src/Valksor/Functions/Date/Tests/DateTest.php" line="595" class="Valksor\Functions\Date\Tests\DateTest" classname="Valksor.Functions.Date.Tests.DateTest" assertions="1" time="0.000416"/>
        <testcase name="testValidateDateBasicWithValidDate" file="/var/www/html/valksor/src/Valksor/Functions/Date/Tests/DateTest.php" line="607" class="Valksor\Functions\Date\Tests\DateTest" classname="Valksor.Functions.Date.Tests.DateTest" assertions="1" time="0.000533"/>
        <testcase name="testValidateDateBasicWithWrongFormat" file="/var/www/html/valksor/src/Valksor/Functions/Date/Tests/DateTest.php" line="614" class="Valksor\Functions\Date\Tests\DateTest" classname="Valksor.Functions.Date.Tests.DateTest" assertions="1" time="0.000339"/>
        <testcase name="testValidateDateWithInvalidDay" file="/var/www/html/valksor/src/Valksor/Functions/Date/Tests/DateTest.php" line="622" class="Valksor\Functions\Date\Tests\DateTest" classname="Valksor.Functions.Date.Tests.DateTest" assertions="1" time="0.004812"/>
        <testcase name="testValidateDateWithInvalidMonth" file="/var/www/html/valksor/src/Valksor/Functions/Date/Tests/DateTest.php" line="628" class="Valksor\Functions\Date\Tests\DateTest" classname="Valksor.Functions.Date.Tests.DateTest" assertions="1" time="0.000509"/>
        <testcase name="testValidateDateWithLeapYear" file="/var/www/html/valksor/src/Valksor/Functions/Date/Tests/DateTest.php" line="634" class="Valksor\Functions\Date\Tests\DateTest" classname="Valksor.Functions.Date.Tests.DateTest" assertions="1" time="0.000341"/>
        <testcase name="testValidateDateWithNonLeapYear" file="/var/www/html/valksor/src/Valksor/Functions/Date/Tests/DateTest.php" line="640" class="Valksor\Functions\Date\Tests\DateTest" classname="Valksor.Functions.Date.Tests.DateTest" assertions="1" time="0.000727"/>
        <testcase name="testValidateDateWithValidDate" file="/var/www/html/valksor/src/Valksor/Functions/Date/Tests/DateTest.php" line="652" class="Valksor\Functions\Date\Tests\DateTest" classname="Valksor.Functions.Date.Tests.DateTest" assertions="1" time="0.000398"/>
        <testcase name="testValidateDateWithZeroDay" file="/var/www/html/valksor/src/Valksor/Functions/Date/Tests/DateTest.php" line="658" class="Valksor\Functions\Date\Tests\DateTest" classname="Valksor.Functions.Date.Tests.DateTest" assertions="1" time="0.000295"/>
        <testcase name="testValidateDateWithZeroMonth" file="/var/www/html/valksor/src/Valksor/Functions/Date/Tests/DateTest.php" line="664" class="Valksor\Functions\Date\Tests\DateTest" classname="Valksor.Functions.Date.Tests.DateTest" assertions="1" time="0.000271"/>
      </testsuite>
      <testsuite name="Valksor\Functions\Handler\Tests\AbstractHandlerTest" file="/var/www/html/valksor/src/Valksor/Functions/Handler/Tests/AbstractHandlerTest.php" tests="15" assertions="18" errors="0" failures="0" skipped="0" time="0.005323">
        <testcase name="testChainProcessesRequestThroughMultipleHandlers" file="/var/www/html/valksor/src/Valksor/Functions/Handler/Tests/AbstractHandlerTest.php" line="27" class="Valksor\Functions\Handler\Tests\AbstractHandlerTest" classname="Valksor.Functions.Handler.Tests.AbstractHandlerTest" assertions="1" time="0.000215"/>
        <testcase name="testChainProcessesWithDifferentArgumentTypes" file="/var/www/html/valksor/src/Valksor/Functions/Handler/Tests/AbstractHandlerTest.php" line="39" class="Valksor\Functions\Handler\Tests\AbstractHandlerTest" classname="Valksor.Functions.Handler.Tests.AbstractHandlerTest" assertions="1" time="0.000246"/>
        <testcase name="testChainReturnsNullWhenNoHandlerCanProcess" file="/var/www/html/valksor/src/Valksor/Functions/Handler/Tests/AbstractHandlerTest.php" line="50" class="Valksor\Functions\Handler\Tests\AbstractHandlerTest" classname="Valksor.Functions.Handler.Tests.AbstractHandlerTest" assertions="1" time="0.000235"/>
        <testcase name="testChainStopsAtFirstHandlerThatReturnsValue" file="/var/www/html/valksor/src/Valksor/Functions/Handler/Tests/AbstractHandlerTest.php" line="62" class="Valksor\Functions\Handler\Tests\AbstractHandlerTest" classname="Valksor.Functions.Handler.Tests.AbstractHandlerTest" assertions="1" time="0.000211"/>
        <testcase name="testHandleDelegatesToNextHandler" file="/var/www/html/valksor/src/Valksor/Functions/Handler/Tests/AbstractHandlerTest.php" line="74" class="Valksor\Functions\Handler\Tests\AbstractHandlerTest" classname="Valksor.Functions.Handler.Tests.AbstractHandlerTest" assertions="1" time="0.000224"/>
        <testcase name="testHandlePassesArgumentsToNextHandler" file="/var/www/html/valksor/src/Valksor/Functions/Handler/Tests/AbstractHandlerTest.php" line="84" class="Valksor\Functions\Handler\Tests\AbstractHandlerTest" classname="Valksor.Functions.Handler.Tests.AbstractHandlerTest" assertions="1" time="0.000234"/>
        <testcase name="testHandleReturnsNullWhenNoNextHandler" file="/var/www/html/valksor/src/Valksor/Functions/Handler/Tests/AbstractHandlerTest.php" line="95" class="Valksor\Functions\Handler\Tests\AbstractHandlerTest" classname="Valksor.Functions.Handler.Tests.AbstractHandlerTest" assertions="1" time="0.001461"/>
        <testcase name="testHandlerCanDecideToProcessOrPass" file="/var/www/html/valksor/src/Valksor/Functions/Handler/Tests/AbstractHandlerTest.php" line="102" class="Valksor\Functions\Handler\Tests\AbstractHandlerTest" classname="Valksor.Functions.Handler.Tests.AbstractHandlerTest" assertions="2" time="0.001023"/>
        <testcase name="testHandlerReplacementInChain" file="/var/www/html/valksor/src/Valksor/Functions/Handler/Tests/AbstractHandlerTest.php" line="113" class="Valksor\Functions\Handler\Tests\AbstractHandlerTest" classname="Valksor.Functions.Handler.Tests.AbstractHandlerTest" assertions="1" time="0.000221"/>
        <testcase name="testHandlerWithNoArguments" file="/var/www/html/valksor/src/Valksor/Functions/Handler/Tests/AbstractHandlerTest.php" line="127" class="Valksor\Functions\Handler\Tests\AbstractHandlerTest" classname="Valksor.Functions.Handler.Tests.AbstractHandlerTest" assertions="1" time="0.000200"/>
        <testcase name="testLongChainOfHandlers" file="/var/www/html/valksor/src/Valksor/Functions/Handler/Tests/AbstractHandlerTest.php" line="137" class="Valksor\Functions\Handler\Tests\AbstractHandlerTest" classname="Valksor.Functions.Handler.Tests.AbstractHandlerTest" assertions="1" time="0.000222"/>
        <testcase name="testMultipleHandlersWithComplexLogic" file="/var/www/html/valksor/src/Valksor/Functions/Handler/Tests/AbstractHandlerTest.php" line="153" class="Valksor\Functions\Handler\Tests\AbstractHandlerTest" classname="Valksor.Functions.Handler.Tests.AbstractHandlerTest" assertions="3" time="0.000209"/>
        <testcase name="testNextCanBeChained" file="/var/www/html/valksor/src/Valksor/Functions/Handler/Tests/AbstractHandlerTest.php" line="167" class="Valksor\Functions\Handler\Tests\AbstractHandlerTest" classname="Valksor.Functions.Handler.Tests.AbstractHandlerTest" assertions="1" time="0.000211"/>
        <testcase name="testNextReturnsCurrentHandler" file="/var/www/html/valksor/src/Valksor/Functions/Handler/Tests/AbstractHandlerTest.php" line="178" class="Valksor\Functions\Handler\Tests\AbstractHandlerTest" classname="Valksor.Functions.Handler.Tests.AbstractHandlerTest" assertions="1" time="0.000196"/>
        <testcase name="testNextSetsNextHandler" file="/var/www/html/valksor/src/Valksor/Functions/Handler/Tests/AbstractHandlerTest.php" line="189" class="Valksor\Functions\Handler\Tests\AbstractHandlerTest" classname="Valksor.Functions.Handler.Tests.AbstractHandlerTest" assertions="1" time="0.000214"/>
      </testsuite>
      <testsuite name="Valksor\Functions\Handler\Tests\ChainTest" file="/var/www/html/valksor/src/Valksor/Functions/Handler/Tests/ChainTest.php" tests="25" assertions="30" errors="0" failures="0" skipped="0" time="0.007581">
        <testcase name="testChainPreservesTypeInformation" file="/var/www/html/valksor/src/Valksor/Functions/Handler/Tests/ChainTest.php" line="23" class="Valksor\Functions\Handler\Tests\ChainTest" classname="Valksor.Functions.Handler.Tests.ChainTest" assertions="3" time="0.000891"/>
        <testcase name="testComplexPipelineWithDataProcessing" file="/var/www/html/valksor/src/Valksor/Functions/Handler/Tests/ChainTest.php" line="35" class="Valksor\Functions\Handler\Tests\ChainTest" classname="Valksor.Functions.Handler.Tests.ChainTest" assertions="1" time="0.000269"/>
        <testcase name="testComplexPipelineWithStringManipulation" file="/var/www/html/valksor/src/Valksor/Functions/Handler/Tests/ChainTest.php" line="54" class="Valksor\Functions\Handler\Tests\ChainTest" classname="Valksor.Functions.Handler.Tests.ChainTest" assertions="1" time="0.000222"/>
        <testcase name="testConstructorWithArray" file="/var/www/html/valksor/src/Valksor/Functions/Handler/Tests/ChainTest.php" line="65" class="Valksor\Functions\Handler\Tests\ChainTest" classname="Valksor.Functions.Handler.Tests.ChainTest" assertions="1" time="0.000288"/>
        <testcase name="testConstructorWithInteger" file="/var/www/html/valksor/src/Valksor/Functions/Handler/Tests/ChainTest.php" line="72" class="Valksor\Functions\Handler\Tests\ChainTest" classname="Valksor.Functions.Handler.Tests.ChainTest" assertions="1" time="0.000806"/>
        <testcase name="testConstructorWithObject" file="/var/www/html/valksor/src/Valksor/Functions/Handler/Tests/ChainTest.php" line="78" class="Valksor\Functions\Handler\Tests\ChainTest" classname="Valksor.Functions.Handler.Tests.ChainTest" assertions="1" time="0.000283"/>
        <testcase name="testConstructorWithValue" file="/var/www/html/valksor/src/Valksor/Functions/Handler/Tests/ChainTest.php" line="87" class="Valksor\Functions\Handler\Tests\ChainTest" classname="Valksor.Functions.Handler.Tests.ChainTest" assertions="1" time="0.000216"/>
        <testcase name="testGetReturnsConstructorValue" file="/var/www/html/valksor/src/Valksor/Functions/Handler/Tests/ChainTest.php" line="95" class="Valksor\Functions\Handler\Tests\ChainTest" classname="Valksor.Functions.Handler.Tests.ChainTest" assertions="1" time="0.000218"/>
        <testcase name="testGetReturnsOfValue" file="/var/www/html/valksor/src/Valksor/Functions/Handler/Tests/ChainTest.php" line="101" class="Valksor\Functions\Handler\Tests\ChainTest" classname="Valksor.Functions.Handler.Tests.ChainTest" assertions="1" time="0.000201"/>
        <testcase name="testLongPipelineChain" file="/var/www/html/valksor/src/Valksor/Functions/Handler/Tests/ChainTest.php" line="107" class="Valksor\Functions\Handler\Tests\ChainTest" classname="Valksor.Functions.Handler.Tests.ChainTest" assertions="1" time="0.000225"/>
        <testcase name="testMultipleIndependentChains" file="/var/www/html/valksor/src/Valksor/Functions/Handler/Tests/ChainTest.php" line="121" class="Valksor\Functions\Handler\Tests\ChainTest" classname="Valksor.Functions.Handler.Tests.ChainTest" assertions="2" time="0.000243"/>
        <testcase name="testOfCreatesChainWithInteger" file="/var/www/html/valksor/src/Valksor/Functions/Handler/Tests/ChainTest.php" line="130" class="Valksor\Functions\Handler\Tests\ChainTest" classname="Valksor.Functions.Handler.Tests.ChainTest" assertions="1" time="0.000223"/>
        <testcase name="testOfCreatesChainWithNull" file="/var/www/html/valksor/src/Valksor/Functions/Handler/Tests/ChainTest.php" line="136" class="Valksor\Functions\Handler\Tests\ChainTest" classname="Valksor.Functions.Handler.Tests.ChainTest" assertions="1" time="0.000268"/>
        <testcase name="testOfCreatesChainWithValue" file="/var/www/html/valksor/src/Valksor/Functions/Handler/Tests/ChainTest.php" line="144" class="Valksor\Functions\Handler\Tests\ChainTest" classname="Valksor.Functions.Handler.Tests.ChainTest" assertions="1" time="0.000235"/>
        <testcase name="testPipeChangesType" file="/var/www/html/valksor/src/Valksor/Functions/Handler/Tests/ChainTest.php" line="150" class="Valksor\Functions\Handler\Tests\ChainTest" classname="Valksor.Functions.Handler.Tests.ChainTest" assertions="1" time="0.000254"/>
        <testcase name="testPipeDoesNotMutateOriginalChain" file="/var/www/html/valksor/src/Valksor/Functions/Handler/Tests/ChainTest.php" line="156" class="Valksor\Functions\Handler\Tests\ChainTest" classname="Valksor.Functions.Handler.Tests.ChainTest" assertions="1" time="0.000498"/>
        <testcase name="testPipeReturnsNewChainInstance" file="/var/www/html/valksor/src/Valksor/Functions/Handler/Tests/ChainTest.php" line="164" class="Valksor\Functions\Handler\Tests\ChainTest" classname="Valksor.Functions.Handler.Tests.ChainTest" assertions="3" time="0.000232"/>
        <testcase name="testPipeTransformsValue" file="/var/www/html/valksor/src/Valksor/Functions/Handler/Tests/ChainTest.php" line="176" class="Valksor\Functions\Handler\Tests\ChainTest" classname="Valksor.Functions.Handler.Tests.ChainTest" assertions="1" time="0.000340"/>
        <testcase name="testPipeWithArrayOperations" file="/var/www/html/valksor/src/Valksor/Functions/Handler/Tests/ChainTest.php" line="182" class="Valksor\Functions\Handler\Tests\ChainTest" classname="Valksor.Functions.Handler.Tests.ChainTest" assertions="1" time="0.000235"/>
        <testcase name="testPipeWithBoolean" file="/var/www/html/valksor/src/Valksor/Functions/Handler/Tests/ChainTest.php" line="190" class="Valksor\Functions\Handler\Tests\ChainTest" classname="Valksor.Functions.Handler.Tests.ChainTest" assertions="1" time="0.000222"/>
        <testcase name="testPipeWithCallableObject" file="/var/www/html/valksor/src/Valksor/Functions/Handler/Tests/ChainTest.php" line="200" class="Valksor\Functions\Handler\Tests\ChainTest" classname="Valksor.Functions.Handler.Tests.ChainTest" assertions="1" time="0.000211"/>
        <testcase name="testPipeWithMultipleOperations" file="/var/www/html/valksor/src/Valksor/Functions/Handler/Tests/ChainTest.php" line="214" class="Valksor\Functions\Handler\Tests\ChainTest" classname="Valksor.Functions.Handler.Tests.ChainTest" assertions="1" time="0.000209"/>
        <testcase name="testPipeWithNull" file="/var/www/html/valksor/src/Valksor/Functions/Handler/Tests/ChainTest.php" line="222" class="Valksor\Functions\Handler\Tests\ChainTest" classname="Valksor.Functions.Handler.Tests.ChainTest" assertions="1" time="0.000341"/>
        <testcase name="testPipeWithNumericOperations" file="/var/www/html/valksor/src/Valksor/Functions/Handler/Tests/ChainTest.php" line="228" class="Valksor\Functions\Handler\Tests\ChainTest" classname="Valksor.Functions.Handler.Tests.ChainTest" assertions="1" time="0.000232"/>
        <testcase name="testPipeWithObjectTransformation" file="/var/www/html/valksor/src/Valksor/Functions/Handler/Tests/ChainTest.php" line="237" class="Valksor\Functions\Handler\Tests\ChainTest" classname="Valksor.Functions.Handler.Tests.ChainTest" assertions="1" time="0.000220"/>
      </testsuite>
      <testsuite name="Valksor\Functions\Handler\Tests\FunctionHandlerTest" file="/var/www/html/valksor/src/Valksor/Functions/Handler/Tests/FunctionHandlerTest.php" tests="19" assertions="23" errors="0" failures="0" skipped="0" time="0.010072">
        <testcase name="testChainOfFunctionHandlers" file="/var/www/html/valksor/src/Valksor/Functions/Handler/Tests/FunctionHandlerTest.php" line="23" class="Valksor\Functions\Handler\Tests\FunctionHandlerTest" classname="Valksor.Functions.Handler.Tests.FunctionHandlerTest" assertions="1" time="0.005194"/>
        <testcase name="testChainPriorityWithNonNullResults" file="/var/www/html/valksor/src/Valksor/Functions/Handler/Tests/FunctionHandlerTest.php" line="39" class="Valksor\Functions\Handler\Tests\FunctionHandlerTest" classname="Valksor.Functions.Handler.Tests.FunctionHandlerTest" assertions="1" time="0.000273"/>
        <testcase name="testFunctionHandlerPreservesArgumentTypes" file="/var/www/html/valksor/src/Valksor/Functions/Handler/Tests/FunctionHandlerTest.php" line="52" class="Valksor\Functions\Handler\Tests\FunctionHandlerTest" classname="Valksor.Functions.Handler.Tests.FunctionHandlerTest" assertions="1" time="0.000217"/>
        <testcase name="testFunctionHandlerWithDifferentObjectInstances" file="/var/www/html/valksor/src/Valksor/Functions/Handler/Tests/FunctionHandlerTest.php" line="59" class="Valksor\Functions\Handler\Tests\FunctionHandlerTest" classname="Valksor.Functions.Handler.Tests.FunctionHandlerTest" assertions="2" time="0.000363"/>
        <testcase name="testFunctionHandlerWithObjectReturningObject" file="/var/www/html/valksor/src/Valksor/Functions/Handler/Tests/FunctionHandlerTest.php" line="71" class="Valksor\Functions\Handler\Tests\FunctionHandlerTest" classname="Valksor.Functions.Handler.Tests.FunctionHandlerTest" assertions="2" time="0.000310"/>
        <testcase name="testFunctionHandlerWithVariadicArguments" file="/var/www/html/valksor/src/Valksor/Functions/Handler/Tests/FunctionHandlerTest.php" line="80" class="Valksor\Functions\Handler\Tests\FunctionHandlerTest" classname="Valksor.Functions.Handler.Tests.FunctionHandlerTest" assertions="1" time="0.000596"/>
        <testcase name="testHandleExecutesGlobalFunction" file="/var/www/html/valksor/src/Valksor/Functions/Handler/Tests/FunctionHandlerTest.php" line="89" class="Valksor\Functions\Handler\Tests\FunctionHandlerTest" classname="Valksor.Functions.Handler.Tests.FunctionHandlerTest" assertions="1" time="0.000422"/>
        <testcase name="testHandleExecutesGlobalFunctionWithMultipleArguments" file="/var/www/html/valksor/src/Valksor/Functions/Handler/Tests/FunctionHandlerTest.php" line="95" class="Valksor\Functions\Handler\Tests\FunctionHandlerTest" classname="Valksor.Functions.Handler.Tests.FunctionHandlerTest" assertions="1" time="0.000260"/>
        <testcase name="testHandleExecutesGlobalFunctionWithNoArguments" file="/var/www/html/valksor/src/Valksor/Functions/Handler/Tests/FunctionHandlerTest.php" line="101" class="Valksor\Functions\Handler\Tests\FunctionHandlerTest" classname="Valksor.Functions.Handler.Tests.FunctionHandlerTest" assertions="1" time="0.000207"/>
        <testcase name="testHandleExecutesObjectMethod" file="/var/www/html/valksor/src/Valksor/Functions/Handler/Tests/FunctionHandlerTest.php" line="109" class="Valksor\Functions\Handler\Tests\FunctionHandlerTest" classname="Valksor.Functions.Handler.Tests.FunctionHandlerTest" assertions="1" time="0.000245"/>
        <testcase name="testHandleExecutesObjectMethodReturningArray" file="/var/www/html/valksor/src/Valksor/Functions/Handler/Tests/FunctionHandlerTest.php" line="116" class="Valksor\Functions\Handler\Tests\FunctionHandlerTest" classname="Valksor.Functions.Handler.Tests.FunctionHandlerTest" assertions="1" time="0.000245"/>
        <testcase name="testHandleExecutesObjectMethodWithArguments" file="/var/www/html/valksor/src/Valksor/Functions/Handler/Tests/FunctionHandlerTest.php" line="123" class="Valksor\Functions\Handler\Tests\FunctionHandlerTest" classname="Valksor.Functions.Handler.Tests.FunctionHandlerTest" assertions="1" time="0.000197"/>
        <testcase name="testHandleExecutesObjectMethodWithSingleArgument" file="/var/www/html/valksor/src/Valksor/Functions/Handler/Tests/FunctionHandlerTest.php" line="130" class="Valksor\Functions\Handler\Tests\FunctionHandlerTest" classname="Valksor.Functions.Handler.Tests.FunctionHandlerTest" assertions="1" time="0.000225"/>
        <testcase name="testHandleExecutesStrlen" file="/var/www/html/valksor/src/Valksor/Functions/Handler/Tests/FunctionHandlerTest.php" line="137" class="Valksor\Functions\Handler\Tests\FunctionHandlerTest" classname="Valksor.Functions.Handler.Tests.FunctionHandlerTest" assertions="1" time="0.000212"/>
        <testcase name="testHandleExecutesStrtolower" file="/var/www/html/valksor/src/Valksor/Functions/Handler/Tests/FunctionHandlerTest.php" line="143" class="Valksor\Functions\Handler\Tests\FunctionHandlerTest" classname="Valksor.Functions.Handler.Tests.FunctionHandlerTest" assertions="1" time="0.000232"/>
        <testcase name="testHandleWithNextHandlerWhenResultIsNotNull" file="/var/www/html/valksor/src/Valksor/Functions/Handler/Tests/FunctionHandlerTest.php" line="151" class="Valksor\Functions\Handler\Tests\FunctionHandlerTest" classname="Valksor.Functions.Handler.Tests.FunctionHandlerTest" assertions="1" time="0.000216"/>
        <testcase name="testHandleWithNextHandlerWhenResultIsNull" file="/var/www/html/valksor/src/Valksor/Functions/Handler/Tests/FunctionHandlerTest.php" line="163" class="Valksor\Functions\Handler\Tests\FunctionHandlerTest" classname="Valksor.Functions.Handler.Tests.FunctionHandlerTest" assertions="1" time="0.000230"/>
        <testcase name="testMultipleFunctionHandlersWithDifferentFunctions" file="/var/www/html/valksor/src/Valksor/Functions/Handler/Tests/FunctionHandlerTest.php" line="177" class="Valksor\Functions\Handler\Tests\FunctionHandlerTest" classname="Valksor.Functions.Handler.Tests.FunctionHandlerTest" assertions="2" time="0.000210"/>
        <testcase name="testStaticHelperIsCreatedOnce" file="/var/www/html/valksor/src/Valksor/Functions/Handler/Tests/FunctionHandlerTest.php" line="188" class="Valksor\Functions\Handler\Tests\FunctionHandlerTest" classname="Valksor.Functions.Handler.Tests.FunctionHandlerTest" assertions="2" time="0.000218"/>
      </testsuite>
      <testsuite name="Valksor\Functions\Iteration\Tests\IterationTest" file="/var/www/html/valksor/src/Valksor/Functions/Iteration/Tests/IterationTest.php" tests="28" assertions="58" errors="0" failures="0" skipped="0" time="0.042062">
        <testcase name="testAddElementIfNotExistsAddsAndKeepsUniqueValues" file="/var/www/html/valksor/src/Valksor/Functions/Iteration/Tests/IterationTest.php" line="36" class="Valksor\Functions\Iteration\Tests\IterationTest" classname="Valksor.Functions.Iteration.Tests.IterationTest" assertions="1" time="0.011619"/>
        <testcase name="testArrayFlipRecursiveFlipsAndKeepsNestedValues" file="/var/www/html/valksor/src/Valksor/Functions/Iteration/Tests/IterationTest.php" line="47" class="Valksor\Functions\Iteration\Tests\IterationTest" classname="Valksor.Functions.Iteration.Tests.IterationTest" assertions="3" time="0.000322"/>
        <testcase name="testArrayFlipRecursiveRejectsUnsupportedTypes" file="/var/www/html/valksor/src/Valksor/Functions/Iteration/Tests/IterationTest.php" line="63" class="Valksor\Functions\Iteration\Tests\IterationTest" classname="Valksor.Functions.Iteration.Tests.IterationTest" assertions="1" time="0.000281"/>
        <testcase name="testArrayIntersectKeyRecursiveMergesNestedKeys" file="/var/www/html/valksor/src/Valksor/Functions/Iteration/Tests/IterationTest.php" line="69" class="Valksor\Functions\Iteration\Tests\IterationTest" classname="Valksor.Functions.Iteration.Tests.IterationTest" assertions="1" time="0.000309"/>
        <testcase name="testArrayToStringConvertsNestedStructure" file="/var/www/html/valksor/src/Valksor/Functions/Iteration/Tests/IterationTest.php" line="91" class="Valksor\Functions\Iteration\Tests\IterationTest" classname="Valksor.Functions.Iteration.Tests.IterationTest" assertions="1" time="0.001065"/>
        <testcase name="testArrayToStringHandlesEmptyArray" file="/var/www/html/valksor/src/Valksor/Functions/Iteration/Tests/IterationTest.php" line="98" class="Valksor\Functions\Iteration\Tests\IterationTest" classname="Valksor.Functions.Iteration.Tests.IterationTest" assertions="1" time="0.000293"/>
        <testcase name="testArrayValuesFilteredSupportsPrefixAndSuffix" file="/var/www/html/valksor/src/Valksor/Functions/Iteration/Tests/IterationTest.php" line="103" class="Valksor\Functions\Iteration\Tests\IterationTest" classname="Valksor.Functions.Iteration.Tests.IterationTest" assertions="2" time="0.000520"/>
        <testcase name="testCasesTraitReturnsBackingValues" file="/var/www/html/valksor/src/Valksor/Functions/Iteration/Tests/IterationTest.php" line="115" class="Valksor\Functions\Iteration\Tests\IterationTest" classname="Valksor.Functions.Iteration.Tests.IterationTest" assertions="1" time="0.000344"/>
        <testcase name="testCasesTraitReturnsEmptyForNonEnum" file="/var/www/html/valksor/src/Valksor/Functions/Iteration/Tests/IterationTest.php" line="120" class="Valksor\Functions\Iteration\Tests\IterationTest" classname="Valksor.Functions.Iteration.Tests.IterationTest" assertions="1" time="0.000302"/>
        <testcase name="testFirstMatchAsStringReturnsExpectedMatch" file="/var/www/html/valksor/src/Valksor/Functions/Iteration/Tests/IterationTest.php" line="134" class="Valksor\Functions\Iteration\Tests\IterationTest" classname="Valksor.Functions.Iteration.Tests.IterationTest" assertions="2" time="0.000279"/>
        <testcase name="testHaveCommonElementsDetectsOverlap" file="/var/www/html/valksor/src/Valksor/Functions/Iteration/Tests/IterationTest.php" line="143" class="Valksor\Functions\Iteration\Tests\IterationTest" classname="Valksor.Functions.Iteration.Tests.IterationTest" assertions="2" time="0.000362"/>
        <testcase name="testIsAssociativeHonoursAllowList" file="/var/www/html/valksor/src/Valksor/Functions/Iteration/Tests/IterationTest.php" line="149" class="Valksor\Functions\Iteration\Tests\IterationTest" classname="Valksor.Functions.Iteration.Tests.IterationTest" assertions="4" time="0.000327"/>
        <testcase name="testIsEmptyRecursivelyChecksNestedArrays" file="/var/www/html/valksor/src/Valksor/Functions/Iteration/Tests/IterationTest.php" line="157" class="Valksor\Functions\Iteration\Tests\IterationTest" classname="Valksor.Functions.Iteration.Tests.IterationTest" assertions="2" time="0.000370"/>
        <testcase name="testIsMultiDimensionalDetectsNestedArrays" file="/var/www/html/valksor/src/Valksor/Functions/Iteration/Tests/IterationTest.php" line="163" class="Valksor\Functions\Iteration\Tests\IterationTest" classname="Valksor.Functions.Iteration.Tests.IterationTest" assertions="2" time="0.000288"/>
        <testcase name="testIsSortableHandlesArraysAndObjects" file="/var/www/html/valksor/src/Valksor/Functions/Iteration/Tests/IterationTest.php" line="169" class="Valksor\Functions\Iteration\Tests\IterationTest" classname="Valksor.Functions.Iteration.Tests.IterationTest" assertions="3" time="0.000353"/>
        <testcase name="testIsSortedAscendingIntsValidatesSequence" file="/var/www/html/valksor/src/Valksor/Functions/Iteration/Tests/IterationTest.php" line="180" class="Valksor\Functions\Iteration\Tests\IterationTest" classname="Valksor.Functions.Iteration.Tests.IterationTest" assertions="4" time="0.000967"/>
        <testcase name="testJsonDecodeParsesAndReportsErrors" file="/var/www/html/valksor/src/Valksor/Functions/Iteration/Tests/IterationTest.php" line="191" class="Valksor\Functions\Iteration\Tests\IterationTest" classname="Valksor.Functions.Iteration.Tests.IterationTest" assertions="2" time="0.000455"/>
        <testcase name="testJsonEncodeAppliesDefaultFlagsAndPrettyPrint" file="/var/www/html/valksor/src/Valksor/Functions/Iteration/Tests/IterationTest.php" line="203" class="Valksor\Functions\Iteration\Tests\IterationTest" classname="Valksor.Functions.Iteration.Tests.IterationTest" assertions="3" time="0.000338"/>
        <testcase name="testMakeMultiDimensionalWrapsScalars" file="/var/www/html/valksor/src/Valksor/Functions/Iteration/Tests/IterationTest.php" line="212" class="Valksor\Functions\Iteration\Tests\IterationTest" classname="Valksor.Functions.Iteration.Tests.IterationTest" assertions="2" time="0.000315"/>
        <testcase name="testMakeOneDimensionFlattensWithOptions" file="/var/www/html/valksor/src/Valksor/Functions/Iteration/Tests/IterationTest.php" line="220" class="Valksor\Functions\Iteration\Tests\IterationTest" classname="Valksor.Functions.Iteration.Tests.IterationTest" assertions="5" time="0.000330"/>
        <testcase name="testPickThrowsWhenRandomizerSeedInvalid" file="/var/www/html/valksor/src/Valksor/Functions/Iteration/Tests/IterationTest.php" line="265" class="Valksor\Functions\Iteration\Tests\IterationTest" classname="Valksor.Functions.Iteration.Tests.IterationTest" assertions="1" time="0.001908"/>
        <testcase name="testRecursiveKSortSortsNestedArrays" file="/var/www/html/valksor/src/Valksor/Functions/Iteration/Tests/IterationTest.php" line="271" class="Valksor\Functions\Iteration\Tests\IterationTest" classname="Valksor.Functions.Iteration.Tests.IterationTest" assertions="1" time="0.000333"/>
        <testcase name="testRemoveFromArrayRemovesValue" file="/var/www/html/valksor/src/Valksor/Functions/Iteration/Tests/IterationTest.php" line="279" class="Valksor\Functions\Iteration\Tests\IterationTest" classname="Valksor.Functions.Iteration.Tests.IterationTest" assertions="1" time="0.000327"/>
        <testcase name="testSwapArrayExchangesValuesWhenDifferent" file="/var/www/html/valksor/src/Valksor/Functions/Iteration/Tests/IterationTest.php" line="287" class="Valksor\Functions\Iteration\Tests\IterationTest" classname="Valksor.Functions.Iteration.Tests.IterationTest" assertions="2" time="0.000302"/>
        <testcase name="testUniqueMapRemovesDuplicateMaps" file="/var/www/html/valksor/src/Valksor/Functions/Iteration/Tests/IterationTest.php" line="298" class="Valksor\Functions\Iteration\Tests\IterationTest" classname="Valksor.Functions.Iteration.Tests.IterationTest" assertions="2" time="0.000493"/>
        <testcase name="testUniqueRespectsKeepKeysAndMultiDimensional" file="/var/www/html/valksor/src/Valksor/Functions/Iteration/Tests/IterationTest.php" line="307" class="Valksor\Functions\Iteration\Tests\IterationTest" classname="Valksor.Functions.Iteration.Tests.IterationTest" assertions="3" time="0.000305"/>
        <testcase name="testUnpackRecreatesNestedStructure" file="/var/www/html/valksor/src/Valksor/Functions/Iteration/Tests/IterationTest.php" line="316" class="Valksor\Functions\Iteration\Tests\IterationTest" classname="Valksor.Functions.Iteration.Tests.IterationTest" assertions="2" time="0.000343"/>
        <testcase name="testValueTraitRetrievesFromArrayAndObject" file="/var/www/html/valksor/src/Valksor/Functions/Iteration/Tests/IterationTest.php" line="325" class="Valksor\Functions\Iteration\Tests\IterationTest" classname="Valksor.Functions.Iteration.Tests.IterationTest" assertions="3" time="0.018613"/>
      </testsuite>
      <testsuite name="Valksor\Functions\Iteration\Tests\LazyTest" file="/var/www/html/valksor/src/Valksor/Functions/Iteration/Tests/LazyTest.php" tests="36" assertions="48" errors="0" failures="0" skipped="0" time="0.010173">
        <testcase name="testCallPassesArgumentsToCallable" file="/var/www/html/valksor/src/Valksor/Functions/Iteration/Tests/LazyTest.php" line="23" class="Valksor\Functions\Iteration\Tests\LazyTest" classname="Valksor.Functions.Iteration.Tests.LazyTest" assertions="1" time="0.000884"/>
        <testcase name="testCallPassesArgumentsToGetter" file="/var/www/html/valksor/src/Valksor/Functions/Iteration/Tests/LazyTest.php" line="32" class="Valksor\Functions\Iteration\Tests\LazyTest" classname="Valksor.Functions.Iteration.Tests.LazyTest" assertions="1" time="0.000350"/>
        <testcase name="testCallPrioritizesDirectMethodOverGetter" file="/var/www/html/valksor/src/Valksor/Functions/Iteration/Tests/LazyTest.php" line="41" class="Valksor\Functions\Iteration\Tests\LazyTest" classname="Valksor.Functions.Iteration.Tests.LazyTest" assertions="1" time="0.000286"/>
        <testcase name="testCallPrioritizesGetterOverIsser" file="/var/www/html/valksor/src/Valksor/Functions/Iteration/Tests/LazyTest.php" line="51" class="Valksor\Functions\Iteration\Tests\LazyTest" classname="Valksor.Functions.Iteration.Tests.LazyTest" assertions="1" time="0.000230"/>
        <testcase name="testCallPrioritizesIsserOverHasser" file="/var/www/html/valksor/src/Valksor/Functions/Iteration/Tests/LazyTest.php" line="61" class="Valksor\Functions\Iteration\Tests\LazyTest" classname="Valksor.Functions.Iteration.Tests.LazyTest" assertions="1" time="0.000499"/>
        <testcase name="testCallReturnsNullForNonCallableGetter" file="/var/www/html/valksor/src/Valksor/Functions/Iteration/Tests/LazyTest.php" line="71" class="Valksor\Functions\Iteration\Tests\LazyTest" classname="Valksor.Functions.Iteration.Tests.LazyTest" assertions="1" time="0.000344"/>
        <testcase name="testCallReturnsNullForNonCallableValue" file="/var/www/html/valksor/src/Valksor/Functions/Iteration/Tests/LazyTest.php" line="80" class="Valksor\Functions\Iteration\Tests\LazyTest" classname="Valksor.Functions.Iteration.Tests.LazyTest" assertions="1" time="0.000239"/>
        <testcase name="testCallReturnsNullForNonExistentMethod" file="/var/www/html/valksor/src/Valksor/Functions/Iteration/Tests/LazyTest.php" line="89" class="Valksor\Functions\Iteration\Tests\LazyTest" classname="Valksor.Functions.Iteration.Tests.LazyTest" assertions="1" time="0.000215"/>
        <testcase name="testCallWithDirectCallableInArray" file="/var/www/html/valksor/src/Valksor/Functions/Iteration/Tests/LazyTest.php" line="96" class="Valksor\Functions\Iteration\Tests\LazyTest" classname="Valksor.Functions.Iteration.Tests.LazyTest" assertions="1" time="0.000206"/>
        <testcase name="testCallWithEmptyMethodName" file="/var/www/html/valksor/src/Valksor/Functions/Iteration/Tests/LazyTest.php" line="105" class="Valksor\Functions\Iteration\Tests\LazyTest" classname="Valksor.Functions.Iteration.Tests.LazyTest" assertions="1" time="0.000218"/>
        <testcase name="testCallWithGetterPrefix" file="/var/www/html/valksor/src/Valksor/Functions/Iteration/Tests/LazyTest.php" line="116" class="Valksor\Functions\Iteration\Tests\LazyTest" classname="Valksor.Functions.Iteration.Tests.LazyTest" assertions="1" time="0.000219"/>
        <testcase name="testCallWithHasserPrefix" file="/var/www/html/valksor/src/Valksor/Functions/Iteration/Tests/LazyTest.php" line="125" class="Valksor\Functions\Iteration\Tests\LazyTest" classname="Valksor.Functions.Iteration.Tests.LazyTest" assertions="1" time="0.000242"/>
        <testcase name="testCallWithIsserPrefix" file="/var/www/html/valksor/src/Valksor/Functions/Iteration/Tests/LazyTest.php" line="134" class="Valksor\Functions\Iteration\Tests\LazyTest" classname="Valksor.Functions.Iteration.Tests.LazyTest" assertions="1" time="0.000501"/>
        <testcase name="testCallWithNoArguments" file="/var/www/html/valksor/src/Valksor/Functions/Iteration/Tests/LazyTest.php" line="143" class="Valksor\Functions\Iteration\Tests\LazyTest" classname="Valksor.Functions.Iteration.Tests.LazyTest" assertions="1" time="0.000365"/>
        <testcase name="testCallWithVariadicArguments" file="/var/www/html/valksor/src/Valksor/Functions/Iteration/Tests/LazyTest.php" line="152" class="Valksor\Functions\Iteration\Tests\LazyTest" classname="Valksor.Functions.Iteration.Tests.LazyTest" assertions="1" time="0.000232"/>
        <testcase name="testConstructorAcceptsCallableProducer" file="/var/www/html/valksor/src/Valksor/Functions/Iteration/Tests/LazyTest.php" line="161" class="Valksor\Functions\Iteration\Tests\LazyTest" classname="Valksor.Functions.Iteration.Tests.LazyTest" assertions="1" time="0.000335"/>
        <testcase name="testCountReturnsArrayLength" file="/var/www/html/valksor/src/Valksor/Functions/Iteration/Tests/LazyTest.php" line="168" class="Valksor\Functions\Iteration\Tests\LazyTest" classname="Valksor.Functions.Iteration.Tests.LazyTest" assertions="1" time="0.000266"/>
        <testcase name="testCountReturnsZeroForEmptyArray" file="/var/www/html/valksor/src/Valksor/Functions/Iteration/Tests/LazyTest.php" line="175" class="Valksor\Functions\Iteration\Tests\LazyTest" classname="Valksor.Functions.Iteration.Tests.LazyTest" assertions="1" time="0.000250"/>
        <testcase name="testCountWorksWithCountFunction" file="/var/www/html/valksor/src/Valksor/Functions/Iteration/Tests/LazyTest.php" line="182" class="Valksor\Functions\Iteration\Tests\LazyTest" classname="Valksor.Functions.Iteration.Tests.LazyTest" assertions="1" time="0.000258"/>
        <testcase name="testGetIteratorPreservesKeys" file="/var/www/html/valksor/src/Valksor/Functions/Iteration/Tests/LazyTest.php" line="189" class="Valksor\Functions\Iteration\Tests\LazyTest" classname="Valksor.Functions.Iteration.Tests.LazyTest" assertions="1" time="0.000293"/>
        <testcase name="testGetIteratorWorksWithEmptyArray" file="/var/www/html/valksor/src/Valksor/Functions/Iteration/Tests/LazyTest.php" line="202" class="Valksor\Functions\Iteration\Tests\LazyTest" classname="Valksor.Functions.Iteration.Tests.LazyTest" assertions="1" time="0.000270"/>
        <testcase name="testGetIteratorYieldsAllElements" file="/var/www/html/valksor/src/Valksor/Functions/Iteration/Tests/LazyTest.php" line="215" class="Valksor\Functions\Iteration\Tests\LazyTest" classname="Valksor.Functions.Iteration.Tests.LazyTest" assertions="1" time="0.000205"/>
        <testcase name="testIterationWithMixedValueTypes" file="/var/www/html/valksor/src/Valksor/Functions/Iteration/Tests/LazyTest.php" line="229" class="Valksor\Functions\Iteration\Tests\LazyTest" classname="Valksor.Functions.Iteration.Tests.LazyTest" assertions="7" time="0.000239"/>
        <testcase name="testLazyWithClosureReturningDynamicData" file="/var/www/html/valksor/src/Valksor/Functions/Iteration/Tests/LazyTest.php" line="253" class="Valksor\Functions\Iteration\Tests\LazyTest" classname="Valksor.Functions.Iteration.Tests.LazyTest" assertions="2" time="0.000229"/>
        <testcase name="testMemoizationOnlyCallsProducerOnce" file="/var/www/html/valksor/src/Valksor/Functions/Iteration/Tests/LazyTest.php" line="266" class="Valksor\Functions\Iteration\Tests\LazyTest" classname="Valksor.Functions.Iteration.Tests.LazyTest" assertions="1" time="0.000226"/>
        <testcase name="testMultipleIterationsUseMemoizedData" file="/var/www/html/valksor/src/Valksor/Functions/Iteration/Tests/LazyTest.php" line="282" class="Valksor\Functions\Iteration\Tests\LazyTest" classname="Valksor.Functions.Iteration.Tests.LazyTest" assertions="2" time="0.000226"/>
        <testcase name="testOffsetExistsReturnsFalseForMissingKey" file="/var/www/html/valksor/src/Valksor/Functions/Iteration/Tests/LazyTest.php" line="307" class="Valksor\Functions\Iteration\Tests\LazyTest" classname="Valksor.Functions.Iteration.Tests.LazyTest" assertions="1" time="0.000211"/>
        <testcase name="testOffsetExistsReturnsFalseForNullValue" file="/var/www/html/valksor/src/Valksor/Functions/Iteration/Tests/LazyTest.php" line="314" class="Valksor\Functions\Iteration\Tests\LazyTest" classname="Valksor.Functions.Iteration.Tests.LazyTest" assertions="1" time="0.000228"/>
        <testcase name="testOffsetExistsReturnsTrueForExistingKey" file="/var/www/html/valksor/src/Valksor/Functions/Iteration/Tests/LazyTest.php" line="321" class="Valksor\Functions\Iteration\Tests\LazyTest" classname="Valksor.Functions.Iteration.Tests.LazyTest" assertions="1" time="0.000256"/>
        <testcase name="testOffsetExistsWithIntegerKey" file="/var/www/html/valksor/src/Valksor/Functions/Iteration/Tests/LazyTest.php" line="328" class="Valksor\Functions\Iteration\Tests\LazyTest" classname="Valksor.Functions.Iteration.Tests.LazyTest" assertions="3" time="0.000243"/>
        <testcase name="testOffsetGetReturnsNullForMissingKey" file="/var/www/html/valksor/src/Valksor/Functions/Iteration/Tests/LazyTest.php" line="337" class="Valksor\Functions\Iteration\Tests\LazyTest" classname="Valksor.Functions.Iteration.Tests.LazyTest" assertions="1" time="0.000255"/>
        <testcase name="testOffsetGetReturnsValueForExistingKey" file="/var/www/html/valksor/src/Valksor/Functions/Iteration/Tests/LazyTest.php" line="344" class="Valksor\Functions\Iteration\Tests\LazyTest" classname="Valksor.Functions.Iteration.Tests.LazyTest" assertions="1" time="0.000244"/>
        <testcase name="testOffsetGetWorksWithNumericKeys" file="/var/www/html/valksor/src/Valksor/Functions/Iteration/Tests/LazyTest.php" line="351" class="Valksor\Functions\Iteration\Tests\LazyTest" classname="Valksor.Functions.Iteration.Tests.LazyTest" assertions="2" time="0.000241"/>
        <testcase name="testOffsetSetWithKeyDoesNotModifyMemoizedArray" file="/var/www/html/valksor/src/Valksor/Functions/Iteration/Tests/LazyTest.php" line="359" class="Valksor\Functions\Iteration\Tests\LazyTest" classname="Valksor.Functions.Iteration.Tests.LazyTest" assertions="2" time="0.000225"/>
        <testcase name="testOffsetSetWithNullKeyDoesNotModifyMemoizedArray" file="/var/www/html/valksor/src/Valksor/Functions/Iteration/Tests/LazyTest.php" line="369" class="Valksor\Functions\Iteration\Tests\LazyTest" classname="Valksor.Functions.Iteration.Tests.LazyTest" assertions="1" time="0.000212"/>
        <testcase name="testOffsetUnsetDoesNotModifyMemoizedArray" file="/var/www/html/valksor/src/Valksor/Functions/Iteration/Tests/LazyTest.php" line="378" class="Valksor\Functions\Iteration\Tests\LazyTest" classname="Valksor.Functions.Iteration.Tests.LazyTest" assertions="1" time="0.000231"/>
      </testsuite>
      <testsuite name="Valksor\Functions\Latvian\Tests\LatvianTest" file="/var/www/html/valksor/src/Valksor/Functions/Latvian/Tests/LatvianTest.php" tests="15" assertions="17" errors="0" failures="0" skipped="0" time="0.025744">
        <testcase name="testCompareWithArrayValues" file="/var/www/html/valksor/src/Valksor/Functions/Latvian/Tests/LatvianTest.php" line="25" class="Valksor\Functions\Latvian\Tests\LatvianTest" classname="Valksor.Functions.Latvian.Tests.LatvianTest" assertions="1" time="0.019892"/>
        <testcase name="testCompareWithObjectValues" file="/var/www/html/valksor/src/Valksor/Functions/Latvian/Tests/LatvianTest.php" line="33" class="Valksor\Functions\Latvian\Tests\LatvianTest" classname="Valksor.Functions.Latvian.Tests.LatvianTest" assertions="1" time="0.000477"/>
        <testcase name="testSortLatvianSupportsCustomCallback" file="/var/www/html/valksor/src/Valksor/Functions/Latvian/Tests/LatvianTest.php" line="43" class="Valksor\Functions\Latvian\Tests\LatvianTest" classname="Valksor.Functions.Latvian.Tests.LatvianTest" assertions="2" time="0.000342"/>
        <testcase name="testSortLatvianUsesDefaultComparator" file="/var/www/html/valksor/src/Valksor/Functions/Latvian/Tests/LatvianTest.php" line="79" class="Valksor\Functions\Latvian\Tests\LatvianTest" classname="Valksor.Functions.Latvian.Tests.LatvianTest" assertions="2" time="0.000369"/>
        <testcase name="testValidatePersonCodeNewAcceptsFormattedInput" file="/var/www/html/valksor/src/Valksor/Functions/Latvian/Tests/LatvianTest.php" line="97" class="Valksor\Functions\Latvian\Tests\LatvianTest" classname="Valksor.Functions.Latvian.Tests.LatvianTest" assertions="1" time="0.000355"/>
        <testcase name="testValidatePersonCodeNewHandlesDirectChecksum" file="/var/www/html/valksor/src/Valksor/Functions/Latvian/Tests/LatvianTest.php" line="102" class="Valksor\Functions\Latvian\Tests\LatvianTest" classname="Valksor.Functions.Latvian.Tests.LatvianTest" assertions="1" time="0.000345"/>
        <testcase name="testValidatePersonCodeNewHandlesWrappedChecksum" file="/var/www/html/valksor/src/Valksor/Functions/Latvian/Tests/LatvianTest.php" line="107" class="Valksor\Functions\Latvian\Tests\LatvianTest" classname="Valksor.Functions.Latvian.Tests.LatvianTest" assertions="1" time="0.000330"/>
        <testcase name="testValidatePersonCodeNewRejectsInvalidChecksum" file="/var/www/html/valksor/src/Valksor/Functions/Latvian/Tests/LatvianTest.php" line="112" class="Valksor\Functions\Latvian\Tests\LatvianTest" classname="Valksor.Functions.Latvian.Tests.LatvianTest" assertions="1" time="0.000335"/>
        <testcase name="testValidatePersonCodeNewThrowsForInvalidLength" file="/var/www/html/valksor/src/Valksor/Functions/Latvian/Tests/LatvianTest.php" line="117" class="Valksor\Functions\Latvian\Tests\LatvianTest" classname="Valksor.Functions.Latvian.Tests.LatvianTest" assertions="1" time="0.000593"/>
        <testcase name="testValidatePersonCodeOldRejectsInvalid" file="/var/www/html/valksor/src/Valksor/Functions/Latvian/Tests/LatvianTest.php" line="123" class="Valksor\Functions\Latvian\Tests\LatvianTest" classname="Valksor.Functions.Latvian.Tests.LatvianTest" assertions="1" time="0.000307"/>
        <testcase name="testValidatePersonCodeOldValid" file="/var/www/html/valksor/src/Valksor/Functions/Latvian/Tests/LatvianTest.php" line="128" class="Valksor\Functions\Latvian\Tests\LatvianTest" classname="Valksor.Functions.Latvian.Tests.LatvianTest" assertions="1" time="0.000661"/>
        <testcase name="testValidatePersonCodeThrowsDueToMissingOldHelperMethod" file="/var/www/html/valksor/src/Valksor/Functions/Latvian/Tests/LatvianTest.php" line="133" class="Valksor\Functions\Latvian\Tests\LatvianTest" classname="Valksor.Functions.Latvian.Tests.LatvianTest" assertions="1" time="0.000437"/>
        <testcase name="testValidatePersonCodeThrowsDueToMissingOldHelperMethodOnDateFallback" file="/var/www/html/valksor/src/Valksor/Functions/Latvian/Tests/LatvianTest.php" line="139" class="Valksor\Functions\Latvian\Tests\LatvianTest" classname="Valksor.Functions.Latvian.Tests.LatvianTest" assertions="1" time="0.000317"/>
        <testcase name="testValidatePersonCodeThrowsDueToMissingOldHelperMethodOnInvalidCode" file="/var/www/html/valksor/src/Valksor/Functions/Latvian/Tests/LatvianTest.php" line="145" class="Valksor\Functions\Latvian\Tests\LatvianTest" classname="Valksor.Functions.Latvian.Tests.LatvianTest" assertions="1" time="0.000595"/>
        <testcase name="testValidatePersonCodeThrowsWhenHelperMethodMissingForNewCodes" file="/var/www/html/valksor/src/Valksor/Functions/Latvian/Tests/LatvianTest.php" line="151" class="Valksor\Functions\Latvian\Tests\LatvianTest" classname="Valksor.Functions.Latvian.Tests.LatvianTest" assertions="1" time="0.000390"/>
      </testsuite>
      <testsuite name="Valksor\Functions\Local\Tests\LocalTest" file="/var/www/html/valksor/src/Valksor/Functions/Local/Tests/LocalTest.php" tests="59" assertions="95" errors="0" failures="0" skipped="0" time="0.060047">
        <testcase name="testAllMethodsReturnCorrectTypes" file="/var/www/html/valksor/src/Valksor/Functions/Local/Tests/LocalTest.php" line="33" class="Valksor\Functions\Local\Tests\LocalTest" classname="Valksor.Functions.Local.Tests.LocalTest" assertions="9" time="0.017526"/>
        <testcase name="testClassExistsMethod" file="/var/www/html/valksor/src/Valksor/Functions/Local/Tests/LocalTest.php" line="49" class="Valksor\Functions\Local\Tests\LocalTest" classname="Valksor.Functions.Local.Tests.LocalTest" assertions="2" time="0.000463"/>
        <testcase name="testCreateProcessMethod" file="/var/www/html/valksor/src/Valksor/Functions/Local/Tests/LocalTest.php" line="62" class="Valksor\Functions\Local\Tests\LocalTest" classname="Valksor.Functions.Local.Tests.LocalTest" assertions="4" time="0.000408"/>
        <testcase name="testCurlUAMethodSignature" file="/var/www/html/valksor/src/Valksor/Functions/Local/Tests/LocalTest.php" line="73" class="Valksor\Functions\Local\Tests\LocalTest" classname="Valksor.Functions.Local.Tests.LocalTest" assertions="2" time="0.004708"/>
        <testcase name="testExistsMethodSignature" file="/var/www/html/valksor/src/Valksor/Functions/Local/Tests/LocalTest.php" line="80" class="Valksor\Functions\Local\Tests\LocalTest" classname="Valksor.Functions.Local.Tests.LocalTest" assertions="1" time="0.000388"/>
        <testcase name="testExistsWithExistingClass" file="/var/www/html/valksor/src/Valksor/Functions/Local/Tests/LocalTest.php" line="87" class="Valksor\Functions\Local\Tests\LocalTest" classname="Valksor.Functions.Local.Tests.LocalTest" assertions="1" time="0.000347"/>
        <testcase name="testExistsWithExistingInterface" file="/var/www/html/valksor/src/Valksor/Functions/Local/Tests/LocalTest.php" line="93" class="Valksor\Functions\Local\Tests\LocalTest" classname="Valksor.Functions.Local.Tests.LocalTest" assertions="1" time="0.000622"/>
        <testcase name="testExistsWithExistingTrait" file="/var/www/html/valksor/src/Valksor/Functions/Local/Tests/LocalTest.php" line="99" class="Valksor\Functions\Local\Tests\LocalTest" classname="Valksor.Functions.Local.Tests.LocalTest" assertions="1" time="0.000439"/>
        <testcase name="testExistsWithNonExistentClass" file="/var/www/html/valksor/src/Valksor/Functions/Local/Tests/LocalTest.php" line="116" class="Valksor\Functions\Local\Tests\LocalTest" classname="Valksor.Functions.Local.Tests.LocalTest" assertions="1" time="0.000404"/>
        <testcase name="testExistsWithObject" file="/var/www/html/valksor/src/Valksor/Functions/Local/Tests/LocalTest.php" line="122" class="Valksor\Functions\Local\Tests\LocalTest" classname="Valksor.Functions.Local.Tests.LocalTest" assertions="1" time="0.000316"/>
        <testcase name="testFileExistsCwdMethodSignature" file="/var/www/html/valksor/src/Valksor/Functions/Local/Tests/LocalTest.php" line="129" class="Valksor\Functions\Local\Tests\LocalTest" classname="Valksor.Functions.Local.Tests.LocalTest" assertions="1" time="0.000608"/>
        <testcase name="testFileExistsCwdWithExistingFile" file="/var/www/html/valksor/src/Valksor/Functions/Local/Tests/LocalTest.php" line="136" class="Valksor\Functions\Local\Tests\LocalTest" classname="Valksor.Functions.Local.Tests.LocalTest" assertions="1" time="0.000653"/>
        <testcase name="testFileExistsCwdWithNonExistentFile" file="/var/www/html/valksor/src/Valksor/Functions/Local/Tests/LocalTest.php" line="155" class="Valksor\Functions\Local\Tests\LocalTest" classname="Valksor.Functions.Local.Tests.LocalTest" assertions="1" time="0.000567"/>
        <testcase name="testGetCurlUserAgentParsesVersionString" file="/var/www/html/valksor/src/Valksor/Functions/Local/Tests/LocalTest.php" line="169" class="Valksor\Functions\Local\Tests\LocalTest" classname="Valksor.Functions.Local.Tests.LocalTest" assertions="2" time="0.005581"/>
        <testcase name="testGetCurlUserAgentReturnsRawOutputWhenPatternDoesNotMatch" file="/var/www/html/valksor/src/Valksor/Functions/Local/Tests/LocalTest.php" line="194" class="Valksor\Functions\Local\Tests\LocalTest" classname="Valksor.Functions.Local.Tests.LocalTest" assertions="2" time="0.001216"/>
        <testcase name="testGetCurlUserAgentThrowsExceptionOnFailure" file="/var/www/html/valksor/src/Valksor/Functions/Local/Tests/LocalTest.php" line="219" class="Valksor\Functions\Local\Tests\LocalTest" classname="Valksor.Functions.Local.Tests.LocalTest" assertions="1" time="0.000404"/>
        <testcase name="testGetCurlUserAgentThrowsWhenProcessFails" file="/var/www/html/valksor/src/Valksor/Functions/Local/Tests/LocalTest.php" line="226" class="Valksor\Functions\Local\Tests\LocalTest" classname="Valksor.Functions.Local.Tests.LocalTest" assertions="2" time="0.003103"/>
        <testcase name="testGetEnvMethodSignature" file="/var/www/html/valksor/src/Valksor/Functions/Local/Tests/LocalTest.php" line="256" class="Valksor\Functions\Local\Tests\LocalTest" classname="Valksor.Functions.Local.Tests.LocalTest" assertions="1" time="0.000458"/>
        <testcase name="testGetEnvWithExistingEnvironmentVariable" file="/var/www/html/valksor/src/Valksor/Functions/Local/Tests/LocalTest.php" line="263" class="Valksor\Functions\Local\Tests\LocalTest" classname="Valksor.Functions.Local.Tests.LocalTest" assertions="1" time="0.000425"/>
        <testcase name="testGetEnvWithNonExistentVariableReturnsDefault" file="/var/www/html/valksor/src/Valksor/Functions/Local/Tests/LocalTest.php" line="276" class="Valksor\Functions\Local\Tests\LocalTest" classname="Valksor.Functions.Local.Tests.LocalTest" assertions="1" time="0.000428"/>
        <testcase name="testHumanFileSizeEdgeCases" file="/var/www/html/valksor/src/Valksor/Functions/Local/Tests/LocalTest.php" line="282" class="Valksor\Functions\Local\Tests\LocalTest" classname="Valksor.Functions.Local.Tests.LocalTest" assertions="6" time="0.000417"/>
        <testcase name="testHumanFileSizeMethodSignature" file="/var/www/html/valksor/src/Valksor/Functions/Local/Tests/LocalTest.php" line="294" class="Valksor\Functions\Local\Tests\LocalTest" classname="Valksor.Functions.Local.Tests.LocalTest" assertions="2" time="0.000435"/>
        <testcase name="testHumanFileSizeWithBytes" file="/var/www/html/valksor/src/Valksor/Functions/Local/Tests/LocalTest.php" line="301" class="Valksor\Functions\Local\Tests\LocalTest" classname="Valksor.Functions.Local.Tests.LocalTest" assertions="1" time="0.000364"/>
        <testcase name="testHumanFileSizeWithCustomDecimals" file="/var/www/html/valksor/src/Valksor/Functions/Local/Tests/LocalTest.php" line="307" class="Valksor\Functions\Local\Tests\LocalTest" classname="Valksor.Functions.Local.Tests.LocalTest" assertions="2" time="0.000339"/>
        <testcase name="testHumanFileSizeWithExabytes" file="/var/www/html/valksor/src/Valksor/Functions/Local/Tests/LocalTest.php" line="316" class="Valksor\Functions\Local\Tests\LocalTest" classname="Valksor.Functions.Local.Tests.LocalTest" assertions="1" time="0.000396"/>
        <testcase name="testHumanFileSizeWithGigabytes" file="/var/www/html/valksor/src/Valksor/Functions/Local/Tests/LocalTest.php" line="322" class="Valksor\Functions\Local\Tests\LocalTest" classname="Valksor.Functions.Local.Tests.LocalTest" assertions="1" time="0.000396"/>
        <testcase name="testHumanFileSizeWithKilobytes" file="/var/www/html/valksor/src/Valksor/Functions/Local/Tests/LocalTest.php" line="328" class="Valksor\Functions\Local\Tests\LocalTest" classname="Valksor.Functions.Local.Tests.LocalTest" assertions="2" time="0.000768"/>
        <testcase name="testHumanFileSizeWithMegabytes" file="/var/www/html/valksor/src/Valksor/Functions/Local/Tests/LocalTest.php" line="337" class="Valksor\Functions\Local\Tests\LocalTest" classname="Valksor.Functions.Local.Tests.LocalTest" assertions="2" time="0.000394"/>
        <testcase name="testHumanFileSizeWithPetabytes" file="/var/www/html/valksor/src/Valksor/Functions/Local/Tests/LocalTest.php" line="346" class="Valksor\Functions\Local\Tests\LocalTest" classname="Valksor.Functions.Local.Tests.LocalTest" assertions="1" time="0.000389"/>
        <testcase name="testHumanFileSizeWithTerabytes" file="/var/www/html/valksor/src/Valksor/Functions/Local/Tests/LocalTest.php" line="352" class="Valksor\Functions\Local\Tests\LocalTest" classname="Valksor.Functions.Local.Tests.LocalTest" assertions="1" time="0.000353"/>
        <testcase name="testHumanFileSizeWithYottabytes" file="/var/www/html/valksor/src/Valksor/Functions/Local/Tests/LocalTest.php" line="358" class="Valksor\Functions\Local\Tests\LocalTest" classname="Valksor.Functions.Local.Tests.LocalTest" assertions="1" time="0.000401"/>
        <testcase name="testHumanFileSizeWithZeroBytes" file="/var/www/html/valksor/src/Valksor/Functions/Local/Tests/LocalTest.php" line="365" class="Valksor\Functions\Local\Tests\LocalTest" classname="Valksor.Functions.Local.Tests.LocalTest" assertions="1" time="0.000411"/>
        <testcase name="testHumanFileSizeWithZettabytes" file="/var/www/html/valksor/src/Valksor/Functions/Local/Tests/LocalTest.php" line="371" class="Valksor\Functions\Local\Tests\LocalTest" classname="Valksor.Functions.Local.Tests.LocalTest" assertions="1" time="0.000460"/>
        <testcase name="testIsInstalledMethodSignature" file="/var/www/html/valksor/src/Valksor/Functions/Local/Tests/LocalTest.php" line="377" class="Valksor\Functions\Local\Tests\LocalTest" classname="Valksor.Functions.Local.Tests.LocalTest" assertions="1" time="0.000380"/>
        <testcase name="testIsInstalledWithComposerPackage" file="/var/www/html/valksor/src/Valksor/Functions/Local/Tests/LocalTest.php" line="383" class="Valksor\Functions\Local\Tests\LocalTest" classname="Valksor.Functions.Local.Tests.LocalTest" assertions="1" time="0.000555"/>
        <testcase name="testIsInstalledWithMixedValidAndInvalid" file="/var/www/html/valksor/src/Valksor/Functions/Local/Tests/LocalTest.php" line="390" class="Valksor\Functions\Local\Tests\LocalTest" classname="Valksor.Functions.Local.Tests.LocalTest" assertions="1" time="0.000396"/>
        <testcase name="testIsInstalledWithMultiplePackages" file="/var/www/html/valksor/src/Valksor/Functions/Local/Tests/LocalTest.php" line="397" class="Valksor\Functions\Local\Tests\LocalTest" classname="Valksor.Functions.Local.Tests.LocalTest" assertions="1" time="0.000650"/>
        <testcase name="testIsInstalledWithNonExistentPackage" file="/var/www/html/valksor/src/Valksor/Functions/Local/Tests/LocalTest.php" line="403" class="Valksor\Functions\Local\Tests\LocalTest" classname="Valksor.Functions.Local.Tests.LocalTest" assertions="1" time="0.000459"/>
        <testcase name="testIsInstalledWithPhpExtension" file="/var/www/html/valksor/src/Valksor/Functions/Local/Tests/LocalTest.php" line="410" class="Valksor\Functions\Local\Tests\LocalTest" classname="Valksor.Functions.Local.Tests.LocalTest" assertions="1" time="0.000421"/>
        <testcase name="testMkdirAndRmdirWorkflow" file="/var/www/html/valksor/src/Valksor/Functions/Local/Tests/LocalTest.php" line="418" class="Valksor\Functions\Local\Tests\LocalTest" classname="Valksor.Functions.Local.Tests.LocalTest" assertions="4" time="0.000477"/>
        <testcase name="testMkdirCreatesNestedDirectory" file="/var/www/html/valksor/src/Valksor/Functions/Local/Tests/LocalTest.php" line="436" class="Valksor\Functions\Local\Tests\LocalTest" classname="Valksor.Functions.Local.Tests.LocalTest" assertions="2" time="0.000523"/>
        <testcase name="testMkdirCreatesNewDirectory" file="/var/www/html/valksor/src/Valksor/Functions/Local/Tests/LocalTest.php" line="447" class="Valksor\Functions\Local\Tests\LocalTest" classname="Valksor.Functions.Local.Tests.LocalTest" assertions="3" time="0.000501"/>
        <testcase name="testMkdirMethodSignature" file="/var/www/html/valksor/src/Valksor/Functions/Local/Tests/LocalTest.php" line="459" class="Valksor\Functions\Local\Tests\LocalTest" classname="Valksor.Functions.Local.Tests.LocalTest" assertions="1" time="0.000381"/>
        <testcase name="testMkdirReturnsTrueForExistingDirectory" file="/var/www/html/valksor/src/Valksor/Functions/Local/Tests/LocalTest.php" line="465" class="Valksor\Functions\Local\Tests\LocalTest" classname="Valksor.Functions.Local.Tests.LocalTest" assertions="1" time="0.000370"/>
        <testcase name="testMkdirThrowsExceptionOnFailure" file="/var/www/html/valksor/src/Valksor/Functions/Local/Tests/LocalTest.php" line="475" class="Valksor\Functions\Local\Tests\LocalTest" classname="Valksor.Functions.Local.Tests.LocalTest" assertions="2" time="0.004589"/>
        <testcase name="testRmdirMethodSignature" file="/var/www/html/valksor/src/Valksor/Functions/Local/Tests/LocalTest.php" line="497" class="Valksor\Functions\Local\Tests\LocalTest" classname="Valksor.Functions.Local.Tests.LocalTest" assertions="1" time="0.000465"/>
        <testcase name="testRmdirRemovesDirectoryWithFiles" file="/var/www/html/valksor/src/Valksor/Functions/Local/Tests/LocalTest.php" line="503" class="Valksor\Functions\Local\Tests\LocalTest" classname="Valksor.Functions.Local.Tests.LocalTest" assertions="2" time="0.000463"/>
        <testcase name="testRmdirRemovesEmptyDirectory" file="/var/www/html/valksor/src/Valksor/Functions/Local/Tests/LocalTest.php" line="516" class="Valksor\Functions\Local\Tests\LocalTest" classname="Valksor.Functions.Local.Tests.LocalTest" assertions="3" time="0.000527"/>
        <testcase name="testRmdirRemovesNestedDirectory" file="/var/www/html/valksor/src/Valksor/Functions/Local/Tests/LocalTest.php" line="529" class="Valksor\Functions\Local\Tests\LocalTest" classname="Valksor.Functions.Local.Tests.LocalTest" assertions="2" time="0.000438"/>
        <testcase name="testRmdirReturnsTrueForNonExistentDirectory" file="/var/www/html/valksor/src/Valksor/Functions/Local/Tests/LocalTest.php" line="541" class="Valksor\Functions\Local\Tests\LocalTest" classname="Valksor.Functions.Local.Tests.LocalTest" assertions="1" time="0.000339"/>
        <testcase name="testWillBeAvailableMethodSignature" file="/var/www/html/valksor/src/Valksor/Functions/Local/Tests/LocalTest.php" line="547" class="Valksor\Functions\Local\Tests\LocalTest" classname="Valksor.Functions.Local.Tests.LocalTest" assertions="1" time="0.000336"/>
        <testcase name="testWillBeAvailableReturnsTrueForDevDependencyParent" file="/var/www/html/valksor/src/Valksor/Functions/Local/Tests/LocalTest.php" line="553" class="Valksor\Functions\Local\Tests\LocalTest" classname="Valksor.Functions.Local.Tests.LocalTest" assertions="1" time="0.000347"/>
        <testcase name="testWillBeAvailableReturnsTrueWhenParentMatchesRootPackage" file="/var/www/html/valksor/src/Valksor/Functions/Local/Tests/LocalTest.php" line="560" class="Valksor\Functions\Local\Tests\LocalTest" classname="Valksor.Functions.Local.Tests.LocalTest" assertions="1" time="0.000347"/>
        <testcase name="testWillBeAvailableReturnsTrueWhenRootPackageMatchesCheck" file="/var/www/html/valksor/src/Valksor/Functions/Local/Tests/LocalTest.php" line="569" class="Valksor\Functions\Local\Tests\LocalTest" classname="Valksor.Functions.Local.Tests.LocalTest" assertions="1" time="0.000374"/>
        <testcase name="testWillBeAvailableThrowsWhenInstalledVersionsClassMissing" file="/var/www/html/valksor/src/Valksor/Functions/Local/Tests/LocalTest.php" line="578" class="Valksor\Functions\Local\Tests\LocalTest" classname="Valksor.Functions.Local.Tests.LocalTest" assertions="1" time="0.000399"/>
        <testcase name="testWillBeAvailableWithDevRequirements" file="/var/www/html/valksor/src/Valksor/Functions/Local/Tests/LocalTest.php" line="596" class="Valksor\Functions\Local\Tests\LocalTest" classname="Valksor.Functions.Local.Tests.LocalTest" assertions="1" time="0.000547"/>
        <testcase name="testWillBeAvailableWithNonExistentExtension" file="/var/www/html/valksor/src/Valksor/Functions/Local/Tests/LocalTest.php" line="603" class="Valksor\Functions\Local\Tests\LocalTest" classname="Valksor.Functions.Local.Tests.LocalTest" assertions="1" time="0.000399"/>
        <testcase name="testWillBeAvailableWithPhpExtension" file="/var/www/html/valksor/src/Valksor/Functions/Local/Tests/LocalTest.php" line="610" class="Valksor\Functions\Local\Tests\LocalTest" classname="Valksor.Functions.Local.Tests.LocalTest" assertions="1" time="0.000399"/>
        <testcase name="testWillBeAvailableWithRootPackage" file="/var/www/html/valksor/src/Valksor/Functions/Local/Tests/LocalTest.php" line="616" class="Valksor\Functions\Local\Tests\LocalTest" classname="Valksor.Functions.Local.Tests.LocalTest" assertions="1" time="0.000379"/>
      </testsuite>
      <testsuite name="Valksor\Functions\Memoize\Tests\MemoizeCacheTest" file="/var/www/html/valksor/src/Valksor/Functions/Memoize/Tests/MemoizeCacheTest.php" tests="6" assertions="11" errors="0" failures="0" skipped="0" time="0.004484">
        <testcase name="testMemoizeCacheClassExists" file="/var/www/html/valksor/src/Valksor/Functions/Memoize/Tests/MemoizeCacheTest.php" line="29" class="Valksor\Functions\Memoize\Tests\MemoizeCacheTest" classname="Valksor.Functions.Memoize.Tests.MemoizeCacheTest" assertions="2" time="0.002394"/>
        <testcase name="testMemoizeCacheHasAutoconfigureAttribute" file="/var/www/html/valksor/src/Valksor/Functions/Memoize/Tests/MemoizeCacheTest.php" line="37" class="Valksor\Functions\Memoize\Tests\MemoizeCacheTest" classname="Valksor.Functions.Memoize.Tests.MemoizeCacheTest" assertions="3" time="0.000347"/>
        <testcase name="testMemoizeCacheHasSameFunctionalityAsMemoize" file="/var/www/html/valksor/src/Valksor/Functions/Memoize/Tests/MemoizeCacheTest.php" line="54" class="Valksor\Functions\Memoize\Tests\MemoizeCacheTest" classname="Valksor.Functions.Memoize.Tests.MemoizeCacheTest" assertions="1" time="0.000730"/>
        <testcase name="testMemoizeCacheRefreshFunctionality" file="/var/www/html/valksor/src/Valksor/Functions/Memoize/Tests/MemoizeCacheTest.php" line="65" class="Valksor\Functions\Memoize\Tests\MemoizeCacheTest" classname="Valksor.Functions.Memoize.Tests.MemoizeCacheTest" assertions="2" time="0.000381"/>
        <testcase name="testMemoizeCacheValueMethodWorks" file="/var/www/html/valksor/src/Valksor/Functions/Memoize/Tests/MemoizeCacheTest.php" line="83" class="Valksor\Functions\Memoize\Tests\MemoizeCacheTest" classname="Valksor.Functions.Memoize.Tests.MemoizeCacheTest" assertions="1" time="0.000306"/>
        <testcase name="testMemoizeCacheWithSubKeys" file="/var/www/html/valksor/src/Valksor/Functions/Memoize/Tests/MemoizeCacheTest.php" line="94" class="Valksor\Functions\Memoize\Tests\MemoizeCacheTest" classname="Valksor.Functions.Memoize.Tests.MemoizeCacheTest" assertions="2" time="0.000327"/>
      </testsuite>
[...]
        <testcase name="testTypeCanBeSetViaConstructor" file="/var/www/html/valksor/src/Valksor/Component/FormType/CloudflareTurnstile/Tests/Constraints/CloudflareTurnstileTest.php" line="69" class="Valksor\Component\FormType\CloudflareTurnstile\Tests\Constraints\CloudflareTurnstileTest" classname="Valksor.Component.FormType.CloudflareTurnstile.Tests.Constraints.CloudflareTurnstileTest" assertions="1" time="0.000221"/>
        <testcase name="testTypeIsNullByDefault" file="/var/www/html/valksor/src/Valksor/Component/FormType/CloudflareTurnstile/Tests/Constraints/CloudflareTurnstileTest.php" line="76" class="Valksor\Component\FormType\CloudflareTurnstile\Tests\Constraints\CloudflareTurnstileTest" classname="Valksor.Component.FormType.CloudflareTurnstile.Tests.Constraints.CloudflareTurnstileTest" assertions="1" time="0.000197"/>
      </testsuite>
      <testsuite name="Valksor\Component\FormType\CloudflareTurnstile\Tests\Constraints\CloudflareTurnstileValidatorTest" file="/var/www/html/valksor/src/Valksor/Component/FormType/CloudflareTurnstile/Tests/Constraints/CloudflareTurnstileValidatorTest.php" tests="6" assertions="23" errors="0" failures="0" skipped="0" time="0.016745">
        <testcase name="testValidateAddsViolationWhenHttpClientReturnsFalse" file="/var/www/html/valksor/src/Valksor/Component/FormType/CloudflareTurnstile/Tests/Constraints/CloudflareTurnstileValidatorTest.php" line="40" class="Valksor\Component\FormType\CloudflareTurnstile\Tests\Constraints\CloudflareTurnstileValidatorTest" classname="Valksor.Component.FormType.CloudflareTurnstile.Tests.Constraints.CloudflareTurnstileValidatorTest" assertions="6" time="0.010097"/>
        <testcase name="testValidateAddsViolationWhenNoRequest" file="/var/www/html/valksor/src/Valksor/Component/FormType/CloudflareTurnstile/Tests/Constraints/CloudflareTurnstileValidatorTest.php" line="70" class="Valksor\Component\FormType\CloudflareTurnstile\Tests\Constraints\CloudflareTurnstileValidatorTest" classname="Valksor.Component.FormType.CloudflareTurnstile.Tests.Constraints.CloudflareTurnstileValidatorTest" assertions="4" time="0.001019"/>
        <testcase name="testValidateAddsViolationWhenTurnstileResponseIsEmpty" file="/var/www/html/valksor/src/Valksor/Component/FormType/CloudflareTurnstile/Tests/Constraints/CloudflareTurnstileValidatorTest.php" line="90" class="Valksor\Component\FormType\CloudflareTurnstile\Tests\Constraints\CloudflareTurnstileValidatorTest" classname="Valksor.Component.FormType.CloudflareTurnstile.Tests.Constraints.CloudflareTurnstileValidatorTest" assertions="4" time="0.000933"/>
        <testcase name="testValidateAddsViolationWhenTypeIsNull" file="/var/www/html/valksor/src/Valksor/Component/FormType/CloudflareTurnstile/Tests/Constraints/CloudflareTurnstileValidatorTest.php" line="111" class="Valksor\Component\FormType\CloudflareTurnstile\Tests\Constraints\CloudflareTurnstileValidatorTest" classname="Valksor.Component.FormType.CloudflareTurnstile.Tests.Constraints.CloudflareTurnstileValidatorTest" assertions="4" time="0.001015"/>
        <testcase name="testValidatePassesWhenHttpClientReturnsTrue" file="/var/www/html/valksor/src/Valksor/Component/FormType/CloudflareTurnstile/Tests/Constraints/CloudflareTurnstileValidatorTest.php" line="131" class="Valksor\Component\FormType\CloudflareTurnstile\Tests\Constraints\CloudflareTurnstileValidatorTest" classname="Valksor.Component.FormType.CloudflareTurnstile.Tests.Constraints.CloudflareTurnstileValidatorTest" assertions="4" time="0.000968"/>
        <testcase name="testValidateThrowsExceptionForWrongConstraintType" file="/var/www/html/valksor/src/Valksor/Component/FormType/CloudflareTurnstile/Tests/Constraints/CloudflareTurnstileValidatorTest.php" line="155" class="Valksor\Component\FormType\CloudflareTurnstile\Tests\Constraints\CloudflareTurnstileValidatorTest" classname="Valksor.Component.FormType.CloudflareTurnstile.Tests.Constraints.CloudflareTurnstileValidatorTest" assertions="1" time="0.002714"/>
      </testsuite>
      <testsuite name="Valksor\Component\FormType\CloudflareTurnstile\Tests\DependencyInjection\CompilerPass\TwigCompilerPassTest" file="/var/www/html/valksor/src/Valksor/Component/FormType/CloudflareTurnstile/Tests/DependencyInjection/CompilerPass/TwigCompilerPassTest.php" tests="4" assertions="19" errors="0" failures="0" skipped="0" time="0.007600">
        <testcase name="testProcessAddsTwigPathAndFormResources" file="/var/www/html/valksor/src/Valksor/Component/FormType/CloudflareTurnstile/Tests/DependencyInjection/CompilerPass/TwigCompilerPassTest.php" line="26" class="Valksor\Component\FormType\CloudflareTurnstile\Tests\DependencyInjection\CompilerPass\TwigCompilerPassTest" classname="Valksor.Component.FormType.CloudflareTurnstile.Tests.DependencyInjection.CompilerPass.TwigCompilerPassTest" assertions="10" time="0.003869"/>
        <testcase name="testProcessDoesNothingWhenTwigFormResourcesParameterMissing" file="/var/www/html/valksor/src/Valksor/Component/FormType/CloudflareTurnstile/Tests/DependencyInjection/CompilerPass/TwigCompilerPassTest.php" line="69" class="Valksor\Component\FormType\CloudflareTurnstile\Tests\DependencyInjection\CompilerPass\TwigCompilerPassTest" classname="Valksor.Component.FormType.CloudflareTurnstile.Tests.DependencyInjection.CompilerPass.TwigCompilerPassTest" assertions="2" time="0.000875"/>
        <testcase name="testProcessDoesNothingWhenTwigLoaderDefinitionMissing" file="/var/www/html/valksor/src/Valksor/Component/FormType/CloudflareTurnstile/Tests/DependencyInjection/CompilerPass/TwigCompilerPassTest.php" line="83" class="Valksor\Component\FormType\CloudflareTurnstile\Tests\DependencyInjection\CompilerPass\TwigCompilerPassTest" classname="Valksor.Component.FormType.CloudflareTurnstile.Tests.DependencyInjection.CompilerPass.TwigCompilerPassTest" assertions="3" time="0.001237"/>
        <testcase name="testProcessHandlesEmptyFormResources" file="/var/www/html/valksor/src/Valksor/Component/FormType/CloudflareTurnstile/Tests/DependencyInjection/CompilerPass/TwigCompilerPassTest.php" line="102" class="Valksor\Component\FormType\CloudflareTurnstile\Tests\DependencyInjection\CompilerPass\TwigCompilerPassTest" classname="Valksor.Component.FormType.CloudflareTurnstile.Tests.DependencyInjection.CompilerPass.TwigCompilerPassTest" assertions="4" time="0.001619"/>
      </testsuite>
      <testsuite name="Valksor\Component\FormType\CloudflareTurnstile\Tests\Form\Type\CloudflareTurnstileTypeTest" file="/var/www/html/valksor/src/Valksor/Component/FormType/CloudflareTurnstile/Tests/Form/Type/CloudflareTurnstileTypeTest.php" tests="8" assertions="16" errors="0" failures="0" skipped="0" time="0.007061">
        <testcase name="testBuildViewSetsKeyAndTypeVariables" file="/var/www/html/valksor/src/Valksor/Component/FormType/CloudflareTurnstile/Tests/Form/Type/CloudflareTurnstileTypeTest.php" line="34" class="Valksor\Component\FormType\CloudflareTurnstile\Tests\Form\Type\CloudflareTurnstileTypeTest" classname="Valksor.Component.FormType.CloudflareTurnstile.Tests.Form.Type.CloudflareTurnstileTypeTest" assertions="2" time="0.002670"/>
        <testcase name="testBuildViewWithDifferentType" file="/var/www/html/valksor/src/Valksor/Component/FormType/CloudflareTurnstile/Tests/Form/Type/CloudflareTurnstileTypeTest.php" line="45" class="Valksor\Component\FormType\CloudflareTurnstile\Tests\Form\Type\CloudflareTurnstileTypeTest" classname="Valksor.Component.FormType.CloudflareTurnstile.Tests.Form.Type.CloudflareTurnstileTypeTest" assertions="2" time="0.000565"/>
        <testcase name="testConfigureOptionsSetsDefaults" file="/var/www/html/valksor/src/Valksor/Component/FormType/CloudflareTurnstile/Tests/Form/Type/CloudflareTurnstileTypeTest.php" line="56" class="Valksor\Component\FormType\CloudflareTurnstile\Tests\Form\Type\CloudflareTurnstileTypeTest" classname="Valksor.Component.FormType.CloudflareTurnstile.Tests.Form.Type.CloudflareTurnstileTypeTest" assertions="3" time="0.000487"/>
        <testcase name="testConfigureOptionsThrowsExceptionForNonExistentType" file="/var/www/html/valksor/src/Valksor/Component/FormType/CloudflareTurnstile/Tests/Form/Type/CloudflareTurnstileTypeTest.php" line="68" class="Valksor\Component\FormType\CloudflareTurnstile\Tests\Form\Type\CloudflareTurnstileTypeTest" classname="Valksor.Component.FormType.CloudflareTurnstile.Tests.Form.Type.CloudflareTurnstileTypeTest" assertions="3" time="0.001642"/>
        <testcase name="testConfigureOptionsThrowsExceptionWhenTypeNotSet" file="/var/www/html/valksor/src/Valksor/Component/FormType/CloudflareTurnstile/Tests/Form/Type/CloudflareTurnstileTypeTest.php" line="88" class="Valksor\Component\FormType\CloudflareTurnstile\Tests\Form\Type\CloudflareTurnstileTypeTest" classname="Valksor.Component.FormType.CloudflareTurnstile.Tests.Form.Type.CloudflareTurnstileTypeTest" assertions="2" time="0.000469"/>
        <testcase name="testConstraintClosureReturnsCorrectConstraint" file="/var/www/html/valksor/src/Valksor/Component/FormType/CloudflareTurnstile/Tests/Form/Type/CloudflareTurnstileTypeTest.php" line="107" class="Valksor\Component\FormType\CloudflareTurnstile\Tests\Form\Type\CloudflareTurnstileTypeTest" classname="Valksor.Component.FormType.CloudflareTurnstile.Tests.Form.Type.CloudflareTurnstileTypeTest" assertions="2" time="0.000420"/>
        <testcase name="testGetBlockPrefixReturnsCorrectPrefix" file="/var/www/html/valksor/src/Valksor/Component/FormType/CloudflareTurnstile/Tests/Form/Type/CloudflareTurnstileTypeTest.php" line="123" class="Valksor\Component\FormType\CloudflareTurnstile\Tests\Form\Type\CloudflareTurnstileTypeTest" classname="Valksor.Component.FormType.CloudflareTurnstile.Tests.Form.Type.CloudflareTurnstileTypeTest" assertions="1" time="0.000334"/>
        <testcase name="testGetParentReturnsTextType" file="/var/www/html/valksor/src/Valksor/Component/FormType/CloudflareTurnstile/Tests/Form/Type/CloudflareTurnstileTypeTest.php" line="128" class="Valksor\Component\FormType\CloudflareTurnstile\Tests\Form\Type\CloudflareTurnstileTypeTest" classname="Valksor.Component.FormType.CloudflareTurnstile.Tests.Form.Type.CloudflareTurnstileTypeTest" assertions="1" time="0.000474"/>
      </testsuite>
      <testsuite name="Valksor\Component\FormType\CloudflareTurnstile\Tests\HttpClient\CloudflareTurnstileHttpClientTest" file="/var/www/html/valksor/src/Valksor/Component/FormType/CloudflareTurnstile/Tests/HttpClient/CloudflareTurnstileHttpClientTest.php" tests="6" assertions="26" errors="0" failures="0" skipped="0" time="0.005709">
        <testcase name="testVerifyResponseReturnsFalseForInvalidType" file="/var/www/html/valksor/src/Valksor/Component/FormType/CloudflareTurnstile/Tests/HttpClient/CloudflareTurnstileHttpClientTest.php" line="33" class="Valksor\Component\FormType\CloudflareTurnstile\Tests\HttpClient\CloudflareTurnstileHttpClientTest" classname="Valksor.Component.FormType.CloudflareTurnstile.Tests.HttpClient.CloudflareTurnstileHttpClientTest" assertions="3" time="0.001591"/>
        <testcase name="testVerifyResponseReturnsFalseOnFailure" file="/var/www/html/valksor/src/Valksor/Component/FormType/CloudflareTurnstile/Tests/HttpClient/CloudflareTurnstileHttpClientTest.php" line="44" class="Valksor\Component\FormType\CloudflareTurnstile\Tests\HttpClient\CloudflareTurnstileHttpClientTest" classname="Valksor.Component.FormType.CloudflareTurnstile.Tests.HttpClient.CloudflareTurnstileHttpClientTest" assertions="3" time="0.000588"/>
        <testcase name="testVerifyResponseReturnsFalseOnHttpException" file="/var/www/html/valksor/src/Valksor/Component/FormType/CloudflareTurnstile/Tests/HttpClient/CloudflareTurnstileHttpClientTest.php" line="60" class="Valksor\Component\FormType\CloudflareTurnstile\Tests\HttpClient\CloudflareTurnstileHttpClientTest" classname="Valksor.Component.FormType.CloudflareTurnstile.Tests.HttpClient.CloudflareTurnstileHttpClientTest" assertions="5" time="0.001569"/>
        <testcase name="testVerifyResponseReturnsFalseWhenSuccessKeyMissing" file="/var/www/html/valksor/src/Valksor/Component/FormType/CloudflareTurnstile/Tests/HttpClient/CloudflareTurnstileHttpClientTest.php" line="80" class="Valksor\Component\FormType\CloudflareTurnstile\Tests\HttpClient\CloudflareTurnstileHttpClientTest" classname="Valksor.Component.FormType.CloudflareTurnstile.Tests.HttpClient.CloudflareTurnstileHttpClientTest" assertions="3" time="0.000676"/>
        <testcase name="testVerifyResponseReturnsTrueOnSuccess" file="/var/www/html/valksor/src/Valksor/Component/FormType/CloudflareTurnstile/Tests/HttpClient/CloudflareTurnstileHttpClientTest.php" line="96" class="Valksor\Component\FormType\CloudflareTurnstile\Tests\HttpClient\CloudflareTurnstileHttpClientTest" classname="Valksor.Component.FormType.CloudflareTurnstile.Tests.HttpClient.CloudflareTurnstileHttpClientTest" assertions="6" time="0.000685"/>
        <testcase name="testVerifyResponseUsesCorrectSecretForType" file="/var/www/html/valksor/src/Valksor/Component/FormType/CloudflareTurnstile/Tests/HttpClient/CloudflareTurnstileHttpClientTest.php" line="122" class="Valksor\Component\FormType\CloudflareTurnstile\Tests\HttpClient\CloudflareTurnstileHttpClientTest" classname="Valksor.Component.FormType.CloudflareTurnstile.Tests.HttpClient.CloudflareTurnstileHttpClientTest" assertions="6" time="0.000600"/>
      </testsuite>
      <testsuite name="Valksor\Component\FormType\CloudflareTurnstile\Tests\Service\CloudflareTurnstileRegistryTest" file="/var/www/html/valksor/src/Valksor/Component/FormType/CloudflareTurnstile/Tests/Service/CloudflareTurnstileRegistryTest.php" tests="8" assertions="14" errors="0" failures="0" skipped="0" time="0.002904">
        <testcase name="testGetAvailableTypesReturnsConfiguredTypes" file="/var/www/html/valksor/src/Valksor/Component/FormType/CloudflareTurnstile/Tests/Service/CloudflareTurnstileRegistryTest.php" line="27" class="Valksor\Component\FormType\CloudflareTurnstile\Tests\Service\CloudflareTurnstileRegistryTest" classname="Valksor.Component.FormType.CloudflareTurnstile.Tests.Service.CloudflareTurnstileRegistryTest" assertions="1" time="0.000466"/>
        <testcase name="testGetAvailableTypesReturnsEmptyArrayWhenNoTypesConfigured" file="/var/www/html/valksor/src/Valksor/Component/FormType/CloudflareTurnstile/Tests/Service/CloudflareTurnstileRegistryTest.php" line="32" class="Valksor\Component\FormType\CloudflareTurnstile\Tests\Service\CloudflareTurnstileRegistryTest" classname="Valksor.Component.FormType.CloudflareTurnstile.Tests.Service.CloudflareTurnstileRegistryTest" assertions="1" time="0.000354"/>
        <testcase name="testGetSecretKeyReturnsCorrectKey" file="/var/www/html/valksor/src/Valksor/Component/FormType/CloudflareTurnstile/Tests/Service/CloudflareTurnstileRegistryTest.php" line="42" class="Valksor\Component\FormType\CloudflareTurnstile\Tests\Service\CloudflareTurnstileRegistryTest" classname="Valksor.Component.FormType.CloudflareTurnstile.Tests.Service.CloudflareTurnstileRegistryTest" assertions="2" time="0.000314"/>
        <testcase name="testGetSecretKeyThrowsExceptionForInvalidType" file="/var/www/html/valksor/src/Valksor/Component/FormType/CloudflareTurnstile/Tests/Service/CloudflareTurnstileRegistryTest.php" line="48" class="Valksor\Component\FormType\CloudflareTurnstile\Tests\Service\CloudflareTurnstileRegistryTest" classname="Valksor.Component.FormType.CloudflareTurnstile.Tests.Service.CloudflareTurnstileRegistryTest" assertions="2" time="0.000408"/>
        <testcase name="testGetSiteKeyReturnsCorrectKey" file="/var/www/html/valksor/src/Valksor/Component/FormType/CloudflareTurnstile/Tests/Service/CloudflareTurnstileRegistryTest.php" line="56" class="Valksor\Component\FormType\CloudflareTurnstile\Tests\Service\CloudflareTurnstileRegistryTest" classname="Valksor.Component.FormType.CloudflareTurnstile.Tests.Service.CloudflareTurnstileRegistryTest" assertions="2" time="0.000339"/>
        <testcase name="testGetSiteKeyThrowsExceptionForInvalidType" file="/var/www/html/valksor/src/Valksor/Component/FormType/CloudflareTurnstile/Tests/Service/CloudflareTurnstileRegistryTest.php" line="62" class="Valksor\Component\FormType\CloudflareTurnstile\Tests\Service\CloudflareTurnstileRegistryTest" classname="Valksor.Component.FormType.CloudflareTurnstile.Tests.Service.CloudflareTurnstileRegistryTest" assertions="2" time="0.000346"/>
        <testcase name="testHasTypeReturnsFalseForNonExistingType" file="/var/www/html/valksor/src/Valksor/Component/FormType/CloudflareTurnstile/Tests/Service/CloudflareTurnstileRegistryTest.php" line="70" class="Valksor\Component\FormType\CloudflareTurnstile\Tests\Service\CloudflareTurnstileRegistryTest" classname="Valksor.Component.FormType.CloudflareTurnstile.Tests.Service.CloudflareTurnstileRegistryTest" assertions="2" time="0.000350"/>
        <testcase name="testHasTypeReturnsTrueForExistingType" file="/var/www/html/valksor/src/Valksor/Component/FormType/CloudflareTurnstile/Tests/Service/CloudflareTurnstileRegistryTest.php" line="76" class="Valksor\Component\FormType\CloudflareTurnstile\Tests\Service\CloudflareTurnstileRegistryTest" classname="Valksor.Component.FormType.CloudflareTurnstile.Tests.Service.CloudflareTurnstileRegistryTest" assertions="2" time="0.000327"/>
      </testsuite>
      <testsuite name="Valksor\XlsxParser\Tests\XLSXParserTest" file="/var/www/html/valksor/src/Valksor/XlsxParser/Tests/XLSXParserTest.php" tests="8" assertions="14" errors="0" failures="0" skipped="0" time="0.318255">
        <testcase name="testDataValidity" file="/var/www/html/valksor/src/Valksor/XlsxParser/Tests/XLSXParserTest.php" line="24" class="Valksor\XlsxParser\Tests\XLSXParserTest" classname="Valksor.XlsxParser.Tests.XLSXParserTest" assertions="3" time="0.283351"/>
        <testcase name="testOpen" file="/var/www/html/valksor/src/Valksor/XlsxParser/Tests/XLSXParserTest.php" line="47" class="Valksor\XlsxParser\Tests\XLSXParserTest" classname="Valksor.XlsxParser.Tests.XLSXParserTest" assertions="4" time="0.016850"/>
        <testcase name="testOpenCellXfs" file="/var/www/html/valksor/src/Valksor/XlsxParser/Tests/XLSXParserTest.php" line="62" class="Valksor\XlsxParser\Tests\XLSXParserTest" classname="Valksor.XlsxParser.Tests.XLSXParserTest" assertions="2" time="0.012284"/>
        <testcase name="testOpenNotExists" file="/var/www/html/valksor/src/Valksor/XlsxParser/Tests/XLSXParserTest.php" line="79" class="Valksor\XlsxParser\Tests\XLSXParserTest" classname="Valksor.XlsxParser.Tests.XLSXParserTest" assertions="1" time="0.001858"/>
        <testcase name="testOpenNotXlsxXml" file="/var/www/html/valksor/src/Valksor/XlsxParser/Tests/XLSXParserTest.php" line="86" class="Valksor\XlsxParser\Tests\XLSXParserTest" classname="Valksor.XlsxParser.Tests.XLSXParserTest" assertions="1" time="0.000818"/>
        <testcase name="testOpenNotXlsxZip" file="/var/www/html/valksor/src/Valksor/XlsxParser/Tests/XLSXParserTest.php" line="93" class="Valksor\XlsxParser\Tests\XLSXParserTest" classname="Valksor.XlsxParser.Tests.XLSXParserTest" assertions="1" time="0.001297"/>
        <testcase name="testOpenNotZip" file="/var/www/html/valksor/src/Valksor/XlsxParser/Tests/XLSXParserTest.php" line="100" class="Valksor\XlsxParser\Tests\XLSXParserTest" classname="Valksor.XlsxParser.Tests.XLSXParserTest" assertions="1" time="0.000610"/>
        <testcase name="testOpenWrongIndex" file="/var/www/html/valksor/src/Valksor/XlsxParser/Tests/XLSXParserTest.php" line="107" class="Valksor\XlsxParser\Tests\XLSXParserTest" classname="Valksor.XlsxParser.Tests.XLSXParserTest" assertions="1" time="0.001186"/>
      </testsuite>
    </testsuite>
  </testsuite>
</testsuites>
