<?xml version="1.0" encoding="UTF-8"?>
<testsuites>
  <testsuite name="/var/www/html/valksor/src/Valksor/Functions/Latvian/phpunit.xml" tests="15" assertions="17" errors="0" failures="0" skipped="0" time="0.001000">
    <testsuite name="Latvian Functions" tests="15" assertions="17" errors="0" failures="0" skipped="0" time="0.001000">
      <testsuite name="Valksor\Functions\Latvian\Tests\LatvianTest" file="/var/www/html/valksor/src/Valksor/Functions/Latvian/Tests/LatvianTest.php" tests="15" assertions="17" errors="0" failures="0" skipped="0" time="0.001000">
        <testcase name="testCompareWithArrayValues" file="/var/www/html/valksor/src/Valksor/Functions/Latvian/Tests/LatvianTest.php" line="25" class="Valksor\Functions\Latvian\Tests\LatvianTest" classname="Valksor.Functions.Latvian.Tests.LatvianTest" assertions="1" time="0.001000"/>
        <testcase name="testCompareWithObjectValues" file="/var/www/html/valksor/src/Valksor/Functions/Latvian/Tests/LatvianTest.php" line="33" class="Valksor\Functions\Latvian\Tests\LatvianTest" classname="Valksor.Functions.Latvian.Tests.LatvianTest" assertions="1" time="0.001000"/>
        <testcase name="testSortLatvianSupportsCustomCallback" file="/var/www/html/valksor/src/Valksor/Functions/Latvian/Tests/LatvianTest.php" line="43" class="Valksor\Functions\Latvian\Tests\LatvianTest" classname="Valksor.Functions.Latvian.Tests.LatvianTest" assertions="2" time="0.001000"/>
        <testcase name="testSortLatvianUsesDefaultComparator" file="/var/www/html/valksor/src/Valksor/Functions/Latvian/Tests/LatvianTest.php" line="79" class="Valksor\Functions\Latvian\Tests\LatvianTest" classname="Valksor.Functions.Latvian.Tests.LatvianTest" assertions="2" time="0.001000"/>
        <testcase name="testValidatePersonCodeNewAcceptsFormattedInput" file="/var/www/html/valksor/src/Valksor/Functions/Latvian/Tests/LatvianTest.php" line="97" class="Valksor\Functions\Latvian\Tests\LatvianTest" classname="Valksor.Functions.Latvian.Tests.LatvianTest" assertions="1" time="0.001000"/>
        <testcase name="testValidatePersonCodeNewHandlesDirectChecksum" file="/var/www/html/valksor/src/Valksor/Functions/Latvian/Tests/LatvianTest.php" line="102" class="Valksor\Functions\Latvian\Tests\LatvianTest" classname="Valksor.Functions.Latvian.Tests.LatvianTest" assertions="1" time="0.001000"/>
        <testcase name="testValidatePersonCodeNewHandlesWrappedChecksum" file="/var/www/html/valksor/src/Valksor/Functions/Latvian/Tests/LatvianTest.php" line="107" class="Valksor\Functions\Latvian\Tests\LatvianTest" classname="Valksor.Functions.Latvian.Tests.LatvianTest" assertions="1" time="0.001000"/>
        <testcase name="testValidatePersonCodeNewRejectsInvalidChecksum" file="/var/www/html/valksor/src/Valksor/Functions/Latvian/Tests/LatvianTest.php" line="112" class="Valksor\Functions\Latvian\Tests\LatvianTest" classname="Valksor.Functions.Latvian.Tests.LatvianTest" assertions="1" time="0.001000"/>
        <testcase name="testValidatePersonCodeNewThrowsForInvalidLength" file="/var/www/html/valksor/src/Valksor/Functions/Latvian/Tests/LatvianTest.php" line="117" class="Valksor\Functions\Latvian\Tests\LatvianTest" classname="Valksor.Functions.Latvian.Tests.LatvianTest" assertions="1" time="0.001000"/>
        <testcase name="testValidatePersonCodeOldRejectsInvalid" file="/var/www/html/valksor/src/Valksor/Functions/Latvian/Tests/LatvianTest.php" line="123" class="Valksor\Functions\Latvian\Tests\LatvianTest" classname="Valksor.Functions.Latvian.Tests.LatvianTest" assertions="1" time="0.001000"/>
        <testcase name="testValidatePersonCodeOldValid" file="/var/www/html/valksor/src/Valksor/Functions/Latvian/Tests/LatvianTest.php" line="128" class="Valksor\Functions\Latvian\Tests\LatvianTest" classname="Valksor.Functions.Latvian.Tests.LatvianTest" assertions="1" time="0.001000"/>
        <testcase name="testValidatePersonCodeThrowsDueToMissingOldHelperMethod" file="/var/www/html/valksor/src/Valksor/Functions/Latvian/Tests/LatvianTest.php" line="133" class="Valksor\Functions\Latvian\Tests\LatvianTest" classname="Valksor.Functions.Latvian.Tests.LatvianTest" assertions="1" time="0.001000"/>
        <testcase name="testValidatePersonCodeThrowsDueToMissingOldHelperMethodOnDateFallback" file="/var/www/html/valksor/src/Valksor/Functions/Latvian/Tests/LatvianTest.php" line="139" class="Valksor\Functions\Latvian\Tests\LatvianTest" classname="Valksor.Functions.Latvian.Tests.LatvianTest" assertions="1" time="0.001000"/>
        <testcase name="testValidatePersonCodeThrowsDueToMissingOldHelperMethodOnInvalidCode" file="/var/www/html/valksor/src/Valksor/Functions/Latvian/Tests/LatvianTest.php" line="145" class="Valksor\Functions\Latvian\Tests\LatvianTest" classname="Valksor.Functions.Latvian.Tests.LatvianTest" assertions="1" time="0.001000"/>
        <testcase name="testValidatePersonCodeThrowsWhenHelperMethodMissingForNewCodes" file="/var/www/html/valksor/src/Valksor/Functions/Latvian/Tests/LatvianTest.php" line="151" class="Valksor\Functions\Latvian\Tests\LatvianTest" classname="Valksor.Functions.Latvian.Tests.LatvianTest" assertions="1" time="0.001000"/>
      </testsuite>
    </testsuite>
  </testsuite>
</testsuites>
