<?xml version="1.0" encoding="UTF-8"?>
<testsuites>
  <testsuite name="/var/www/html/valksor/src/Valksor/Functions/Latvian/phpunit.xml" tests="16" assertions="18" errors="0" failures="0" skipped="0" time="0.001000">
    <testsuite name="Latvian Functions" tests="16" assertions="18" errors="0" failures="0" skipped="0" time="0.001000">
      <testsuite name="Valksor\Functions\Latvian\Tests\LatvianTest" file="/var/www/html/valksor/src/Valksor/Functions/Latvian/Tests/LatvianTest.php" tests="16" assertions="18" errors="0" failures="0" skipped="0" time="0.001000">
        <testcase name="testCompareWithArrayValues" file="/var/www/html/valksor/src/Valksor/Functions/Latvian/Tests/LatvianTest.php" line="24" class="Valksor\Functions\Latvian\Tests\LatvianTest" classname="Valksor.Functions.Latvian.Tests.LatvianTest" assertions="1" time="0.001000"/>
        <testcase name="testCompareWithObjectValues" file="/var/www/html/valksor/src/Valksor/Functions/Latvian/Tests/LatvianTest.php" line="32" class="Valksor\Functions\Latvian\Tests\LatvianTest" classname="Valksor.Functions.Latvian.Tests.LatvianTest" assertions="1" time="0.001000"/>
        <testcase name="testSortLatvianSupportsCustomCallback" file="/var/www/html/valksor/src/Valksor/Functions/Latvian/Tests/LatvianTest.php" line="42" class="Valksor\Functions\Latvian\Tests\LatvianTest" classname="Valksor.Functions.Latvian.Tests.LatvianTest" assertions="2" time="0.001000"/>
        <testcase name="testSortLatvianUsesDefaultComparator" file="/var/www/html/valksor/src/Valksor/Functions/Latvian/Tests/LatvianTest.php" line="78" class="Valksor\Functions\Latvian\Tests\LatvianTest" classname="Valksor.Functions.Latvian.Tests.LatvianTest" assertions="2" time="0.001000"/>
        <testcase name="testValidatePersonCodeAcceptsOldCodeValidByDateFallback" file="/var/www/html/valksor/src/Valksor/Functions/Latvian/Tests/LatvianTest.php" line="96" class="Valksor\Functions\Latvian\Tests\LatvianTest" classname="Valksor.Functions.Latvian.Tests.LatvianTest" assertions="1" time="0.001000"/>
        <testcase name="testValidatePersonCodeAcceptsValidNewCode" file="/var/www/html/valksor/src/Valksor/Functions/Latvian/Tests/LatvianTest.php" line="102" class="Valksor\Functions\Latvian\Tests\LatvianTest" classname="Valksor.Functions.Latvian.Tests.LatvianTest" assertions="1" time="0.001000"/>
        <testcase name="testValidatePersonCodeAcceptsValidOldCode" file="/var/www/html/valksor/src/Valksor/Functions/Latvian/Tests/LatvianTest.php" line="107" class="Valksor\Functions\Latvian\Tests\LatvianTest" classname="Valksor.Functions.Latvian.Tests.LatvianTest" assertions="1" time="0.001000"/>
        <testcase name="testValidatePersonCodeNewAcceptsFormattedInput" file="/var/www/html/valksor/src/Valksor/Functions/Latvian/Tests/LatvianTest.php" line="112" class="Valksor\Functions\Latvian\Tests\LatvianTest" classname="Valksor.Functions.Latvian.Tests.LatvianTest" assertions="1" time="0.001000"/>
        <testcase name="testValidatePersonCodeNewHandlesDirectChecksum" file="/var/www/html/valksor/src/Valksor/Functions/Latvian/Tests/LatvianTest.php" line="117" class="Valksor\Functions\Latvian\Tests\LatvianTest" classname="Valksor.Functions.Latvian.Tests.LatvianTest" assertions="1" time="0.001000"/>
        <testcase name="testValidatePersonCodeNewHandlesWrappedChecksum" file="/var/www/html/valksor/src/Valksor/Functions/Latvian/Tests/LatvianTest.php" line="122" class="Valksor\Functions\Latvian\Tests\LatvianTest" classname="Valksor.Functions.Latvian.Tests.LatvianTest" assertions="1" time="0.001000"/>
        <testcase name="testValidatePersonCodeNewRejectsInvalidChecksum" file="/var/www/html/valksor/src/Valksor/Functions/Latvian/Tests/LatvianTest.php" line="127" class="Valksor\Functions\Latvian\Tests\LatvianTest" classname="Valksor.Functions.Latvian.Tests.LatvianTest" assertions="1" time="0.001000"/>
        <testcase name="testValidatePersonCodeNewThrowsForInvalidLength" file="/var/www/html/valksor/src/Valksor/Functions/Latvian/Tests/LatvianTest.php" line="132" class="Valksor\Functions\Latvian\Tests\LatvianTest" classname="Valksor.Functions.Latvian.Tests.LatvianTest" assertions="1" time="0.001000"/>
        <testcase name="testValidatePersonCodeOldRejectsInvalid" file="/var/www/html/valksor/src/Valksor/Functions/Latvian/Tests/LatvianTest.php" line="138" class="Valksor\Functions\Latvian\Tests\LatvianTest" classname="Valksor.Functions.Latvian.Tests.LatvianTest" assertions="1" time="0.001000"/>
        <testcase name="testValidatePersonCodeOldValid" file="/var/www/html/valksor/src/Valksor/Functions/Latvian/Tests/LatvianTest.php" line="143" class="Valksor\Functions\Latvian\Tests\LatvianTest" classname="Valksor.Functions.Latvian.Tests.LatvianTest" assertions="1" time="0.001000"/>
        <testcase name="testValidatePersonCodeRejectsInvalidNewCode" file="/var/www/html/valksor/src/Valksor/Functions/Latvian/Tests/LatvianTest.php" line="148" class="Valksor\Functions\Latvian\Tests\LatvianTest" classname="Valksor.Functions.Latvian.Tests.LatvianTest" assertions="1" time="0.001000"/>
        <testcase name="testValidatePersonCodeRejectsOldCodeWithInvalidChecksumAndDate" file="/var/www/html/valksor/src/Valksor/Functions/Latvian/Tests/LatvianTest.php" line="153" class="Valksor\Functions\Latvian\Tests\LatvianTest" classname="Valksor.Functions.Latvian.Tests.LatvianTest" assertions="1" time="0.001000"/>
      </testsuite>
    </testsuite>
  </testsuite>
</testsuites>
