<?xml version="1.0" encoding="UTF-8"?>
<testsuites>
  <testsuite name="/var/www/html/valksor/src/Valksor/Functions/Iteration/phpunit.xml" tests="28" assertions="58" errors="0" failures="0" skipped="0" time="0.001000">
    <testsuite name="Iteration Functions" tests="28" assertions="58" errors="0" failures="0" skipped="0" time="0.001000">
      <testsuite name="Valksor\Functions\Iteration\Tests\IterationTest" file="/var/www/html/valksor/src/Valksor/Functions/Iteration/Tests/IterationTest.php" tests="28" assertions="58" errors="0" failures="0" skipped="0" time="0.001000">
        <testcase name="testAddElementIfNotExistsAddsAndKeepsUniqueValues" file="/var/www/html/valksor/src/Valksor/Functions/Iteration/Tests/IterationTest.php" line="36" class="Valksor\Functions\Iteration\Tests\IterationTest" classname="Valksor.Functions.Iteration.Tests.IterationTest" assertions="1" time="0.001000"/>
        <testcase name="testArrayFlipRecursiveFlipsAndKeepsNestedValues" file="/var/www/html/valksor/src/Valksor/Functions/Iteration/Tests/IterationTest.php" line="47" class="Valksor\Functions\Iteration\Tests\IterationTest" classname="Valksor.Functions.Iteration.Tests.IterationTest" assertions="3" time="0.001000"/>
        <testcase name="testArrayFlipRecursiveRejectsUnsupportedTypes" file="/var/www/html/valksor/src/Valksor/Functions/Iteration/Tests/IterationTest.php" line="63" class="Valksor\Functions\Iteration\Tests\IterationTest" classname="Valksor.Functions.Iteration.Tests.IterationTest" assertions="1" time="0.001000"/>
        <testcase name="testArrayIntersectKeyRecursiveMergesNestedKeys" file="/var/www/html/valksor/src/Valksor/Functions/Iteration/Tests/IterationTest.php" line="69" class="Valksor\Functions\Iteration\Tests\IterationTest" classname="Valksor.Functions.Iteration.Tests.IterationTest" assertions="1" time="0.001000"/>
        <testcase name="testArrayToStringConvertsNestedStructure" file="/var/www/html/valksor/src/Valksor/Functions/Iteration/Tests/IterationTest.php" line="91" class="Valksor\Functions\Iteration\Tests\IterationTest" classname="Valksor.Functions.Iteration.Tests.IterationTest" assertions="1" time="0.001000"/>
        <testcase name="testArrayToStringHandlesEmptyArray" file="/var/www/html/valksor/src/Valksor/Functions/Iteration/Tests/IterationTest.php" line="98" class="Valksor\Functions\Iteration\Tests\IterationTest" classname="Valksor.Functions.Iteration.Tests.IterationTest" assertions="1" time="0.001000"/>
        <testcase name="testArrayValuesFilteredSupportsPrefixAndSuffix" file="/var/www/html/valksor/src/Valksor/Functions/Iteration/Tests/IterationTest.php" line="103" class="Valksor\Functions\Iteration\Tests\IterationTest" classname="Valksor.Functions.Iteration.Tests.IterationTest" assertions="2" time="0.001000"/>
        <testcase name="testCasesTraitReturnsBackingValues" file="/var/www/html/valksor/src/Valksor/Functions/Iteration/Tests/IterationTest.php" line="115" class="Valksor\Functions\Iteration\Tests\IterationTest" classname="Valksor.Functions.Iteration.Tests.IterationTest" assertions="1" time="0.001000"/>
        <testcase name="testCasesTraitReturnsEmptyForNonEnum" file="/var/www/html/valksor/src/Valksor/Functions/Iteration/Tests/IterationTest.php" line="120" class="Valksor\Functions\Iteration\Tests\IterationTest" classname="Valksor.Functions.Iteration.Tests.IterationTest" assertions="1" time="0.001000"/>
        <testcase name="testFirstMatchAsStringReturnsExpectedMatch" file="/var/www/html/valksor/src/Valksor/Functions/Iteration/Tests/IterationTest.php" line="134" class="Valksor\Functions\Iteration\Tests\IterationTest" classname="Valksor.Functions.Iteration.Tests.IterationTest" assertions="2" time="0.001000"/>
        <testcase name="testHaveCommonElementsDetectsOverlap" file="/var/www/html/valksor/src/Valksor/Functions/Iteration/Tests/IterationTest.php" line="143" class="Valksor\Functions\Iteration\Tests\IterationTest" classname="Valksor.Functions.Iteration.Tests.IterationTest" assertions="2" time="0.001000"/>
        <testcase name="testIsAssociativeHonoursAllowList" file="/var/www/html/valksor/src/Valksor/Functions/Iteration/Tests/IterationTest.php" line="149" class="Valksor\Functions\Iteration\Tests\IterationTest" classname="Valksor.Functions.Iteration.Tests.IterationTest" assertions="4" time="0.001000"/>
        <testcase name="testIsEmptyRecursivelyChecksNestedArrays" file="/var/www/html/valksor/src/Valksor/Functions/Iteration/Tests/IterationTest.php" line="157" class="Valksor\Functions\Iteration\Tests\IterationTest" classname="Valksor.Functions.Iteration.Tests.IterationTest" assertions="2" time="0.001000"/>
        <testcase name="testIsMultiDimensionalDetectsNestedArrays" file="/var/www/html/valksor/src/Valksor/Functions/Iteration/Tests/IterationTest.php" line="163" class="Valksor\Functions\Iteration\Tests\IterationTest" classname="Valksor.Functions.Iteration.Tests.IterationTest" assertions="2" time="0.001000"/>
        <testcase name="testIsSortableHandlesArraysAndObjects" file="/var/www/html/valksor/src/Valksor/Functions/Iteration/Tests/IterationTest.php" line="169" class="Valksor\Functions\Iteration\Tests\IterationTest" classname="Valksor.Functions.Iteration.Tests.IterationTest" assertions="3" time="0.001000"/>
        <testcase name="testIsSortedAscendingIntsValidatesSequence" file="/var/www/html/valksor/src/Valksor/Functions/Iteration/Tests/IterationTest.php" line="180" class="Valksor\Functions\Iteration\Tests\IterationTest" classname="Valksor.Functions.Iteration.Tests.IterationTest" assertions="4" time="0.001000"/>
        <testcase name="testJsonDecodeParsesAndReportsErrors" file="/var/www/html/valksor/src/Valksor/Functions/Iteration/Tests/IterationTest.php" line="191" class="Valksor\Functions\Iteration\Tests\IterationTest" classname="Valksor.Functions.Iteration.Tests.IterationTest" assertions="2" time="0.001000"/>
        <testcase name="testJsonEncodeAppliesDefaultFlagsAndPrettyPrint" file="/var/www/html/valksor/src/Valksor/Functions/Iteration/Tests/IterationTest.php" line="203" class="Valksor\Functions\Iteration\Tests\IterationTest" classname="Valksor.Functions.Iteration.Tests.IterationTest" assertions="3" time="0.001000"/>
        <testcase name="testMakeMultiDimensionalWrapsScalars" file="/var/www/html/valksor/src/Valksor/Functions/Iteration/Tests/IterationTest.php" line="212" class="Valksor\Functions\Iteration\Tests\IterationTest" classname="Valksor.Functions.Iteration.Tests.IterationTest" assertions="2" time="0.001000"/>
        <testcase name="testMakeOneDimensionFlattensWithOptions" file="/var/www/html/valksor/src/Valksor/Functions/Iteration/Tests/IterationTest.php" line="220" class="Valksor\Functions\Iteration\Tests\IterationTest" classname="Valksor.Functions.Iteration.Tests.IterationTest" assertions="5" time="0.001000"/>
        <testcase name="testPickThrowsWhenRandomizerSeedInvalid" file="/var/www/html/valksor/src/Valksor/Functions/Iteration/Tests/IterationTest.php" line="265" class="Valksor\Functions\Iteration\Tests\IterationTest" classname="Valksor.Functions.Iteration.Tests.IterationTest" assertions="1" time="0.001000"/>
        <testcase name="testRecursiveKSortSortsNestedArrays" file="/var/www/html/valksor/src/Valksor/Functions/Iteration/Tests/IterationTest.php" line="271" class="Valksor\Functions\Iteration\Tests\IterationTest" classname="Valksor.Functions.Iteration.Tests.IterationTest" assertions="1" time="0.001000"/>
        <testcase name="testRemoveFromArrayRemovesValue" file="/var/www/html/valksor/src/Valksor/Functions/Iteration/Tests/IterationTest.php" line="279" class="Valksor\Functions\Iteration\Tests\IterationTest" classname="Valksor.Functions.Iteration.Tests.IterationTest" assertions="1" time="0.001000"/>
        <testcase name="testSwapArrayExchangesValuesWhenDifferent" file="/var/www/html/valksor/src/Valksor/Functions/Iteration/Tests/IterationTest.php" line="287" class="Valksor\Functions\Iteration\Tests\IterationTest" classname="Valksor.Functions.Iteration.Tests.IterationTest" assertions="2" time="0.001000"/>
        <testcase name="testUniqueMapRemovesDuplicateMaps" file="/var/www/html/valksor/src/Valksor/Functions/Iteration/Tests/IterationTest.php" line="298" class="Valksor\Functions\Iteration\Tests\IterationTest" classname="Valksor.Functions.Iteration.Tests.IterationTest" assertions="2" time="0.001000"/>
        <testcase name="testUniqueRespectsKeepKeysAndMultiDimensional" file="/var/www/html/valksor/src/Valksor/Functions/Iteration/Tests/IterationTest.php" line="307" class="Valksor\Functions\Iteration\Tests\IterationTest" classname="Valksor.Functions.Iteration.Tests.IterationTest" assertions="3" time="0.001000"/>
        <testcase name="testUnpackRecreatesNestedStructure" file="/var/www/html/valksor/src/Valksor/Functions/Iteration/Tests/IterationTest.php" line="316" class="Valksor\Functions\Iteration\Tests\IterationTest" classname="Valksor.Functions.Iteration.Tests.IterationTest" assertions="2" time="0.001000"/>
        <testcase name="testValueTraitRetrievesFromArrayAndObject" file="/var/www/html/valksor/src/Valksor/Functions/Iteration/Tests/IterationTest.php" line="325" class="Valksor\Functions\Iteration\Tests\IterationTest" classname="Valksor.Functions.Iteration.Tests.IterationTest" assertions="3" time="0.001000"/>
      </testsuite>
    </testsuite>
  </testsuite>
</testsuites>
