<?xml version="1.0" encoding="UTF-8"?>
<testsuites>
  <testsuite name="/var/www/html/valksor/src/Valksor/Functions/Iteration/phpunit.xml" tests="64" assertions="106" errors="0" failures="0" skipped="0" time="0.001000">
    <testsuite name="Iteration Functions" tests="64" assertions="106" errors="0" failures="0" skipped="0" time="0.001000">
      <testsuite name="Valksor\Functions\Iteration\Tests\IterationTest" file="/var/www/html/valksor/src/Valksor/Functions/Iteration/Tests/IterationTest.php" tests="28" assertions="58" errors="0" failures="0" skipped="0" time="0.001000">
        <testcase name="testAddElementIfNotExistsAddsAndKeepsUniqueValues" file="/var/www/html/valksor/src/Valksor/Functions/Iteration/Tests/IterationTest.php" line="36" class="Valksor\Functions\Iteration\Tests\IterationTest" classname="Valksor.Functions.Iteration.Tests.IterationTest" assertions="1" time="0.001000"/>
        <testcase name="testArrayFlipRecursiveFlipsAndKeepsNestedValues" file="/var/www/html/valksor/src/Valksor/Functions/Iteration/Tests/IterationTest.php" line="47" class="Valksor\Functions\Iteration\Tests\IterationTest" classname="Valksor.Functions.Iteration.Tests.IterationTest" assertions="3" time="0.001000"/>
        <testcase name="testArrayFlipRecursiveRejectsUnsupportedTypes" file="/var/www/html/valksor/src/Valksor/Functions/Iteration/Tests/IterationTest.php" line="63" class="Valksor\Functions\Iteration\Tests\IterationTest" classname="Valksor.Functions.Iteration.Tests.IterationTest" assertions="1" time="0.001000"/>
        <testcase name="testArrayIntersectKeyRecursiveMergesNestedKeys" file="/var/www/html/valksor/src/Valksor/Functions/Iteration/Tests/IterationTest.php" line="69" class="Valksor\Functions\Iteration\Tests\IterationTest" classname="Valksor.Functions.Iteration.Tests.IterationTest" assertions="1" time="0.001000"/>
        <testcase name="testArrayToStringConvertsNestedStructure" file="/var/www/html/valksor/src/Valksor/Functions/Iteration/Tests/IterationTest.php" line="91" class="Valksor\Functions\Iteration\Tests\IterationTest" classname="Valksor.Functions.Iteration.Tests.IterationTest" assertions="1" time="0.001000"/>
        <testcase name="testArrayToStringHandlesEmptyArray" file="/var/www/html/valksor/src/Valksor/Functions/Iteration/Tests/IterationTest.php" line="98" class="Valksor\Functions\Iteration\Tests\IterationTest" classname="Valksor.Functions.Iteration.Tests.IterationTest" assertions="1" time="0.001000"/>
        <testcase name="testArrayValuesFilteredSupportsPrefixAndSuffix" file="/var/www/html/valksor/src/Valksor/Functions/Iteration/Tests/IterationTest.php" line="103" class="Valksor\Functions\Iteration\Tests\IterationTest" classname="Valksor.Functions.Iteration.Tests.IterationTest" assertions="2" time="0.001000"/>
        <testcase name="testCasesTraitReturnsBackingValues" file="/var/www/html/valksor/src/Valksor/Functions/Iteration/Tests/IterationTest.php" line="115" class="Valksor\Functions\Iteration\Tests\IterationTest" classname="Valksor.Functions.Iteration.Tests.IterationTest" assertions="1" time="0.001000"/>
        <testcase name="testCasesTraitReturnsEmptyForNonEnum" file="/var/www/html/valksor/src/Valksor/Functions/Iteration/Tests/IterationTest.php" line="120" class="Valksor\Functions\Iteration\Tests\IterationTest" classname="Valksor.Functions.Iteration.Tests.IterationTest" assertions="1" time="0.001000"/>
        <testcase name="testFirstMatchAsStringReturnsExpectedMatch" file="/var/www/html/valksor/src/Valksor/Functions/Iteration/Tests/IterationTest.php" line="134" class="Valksor\Functions\Iteration\Tests\IterationTest" classname="Valksor.Functions.Iteration.Tests.IterationTest" assertions="2" time="0.001000"/>
        <testcase name="testHaveCommonElementsDetectsOverlap" file="/var/www/html/valksor/src/Valksor/Functions/Iteration/Tests/IterationTest.php" line="143" class="Valksor\Functions\Iteration\Tests\IterationTest" classname="Valksor.Functions.Iteration.Tests.IterationTest" assertions="2" time="0.001000"/>
        <testcase name="testIsAssociativeHonoursAllowList" file="/var/www/html/valksor/src/Valksor/Functions/Iteration/Tests/IterationTest.php" line="149" class="Valksor\Functions\Iteration\Tests\IterationTest" classname="Valksor.Functions.Iteration.Tests.IterationTest" assertions="4" time="0.001000"/>
        <testcase name="testIsEmptyRecursivelyChecksNestedArrays" file="/var/www/html/valksor/src/Valksor/Functions/Iteration/Tests/IterationTest.php" line="157" class="Valksor\Functions\Iteration\Tests\IterationTest" classname="Valksor.Functions.Iteration.Tests.IterationTest" assertions="2" time="0.001000"/>
        <testcase name="testIsMultiDimensionalDetectsNestedArrays" file="/var/www/html/valksor/src/Valksor/Functions/Iteration/Tests/IterationTest.php" line="163" class="Valksor\Functions\Iteration\Tests\IterationTest" classname="Valksor.Functions.Iteration.Tests.IterationTest" assertions="2" time="0.001000"/>
        <testcase name="testIsSortableHandlesArraysAndObjects" file="/var/www/html/valksor/src/Valksor/Functions/Iteration/Tests/IterationTest.php" line="169" class="Valksor\Functions\Iteration\Tests\IterationTest" classname="Valksor.Functions.Iteration.Tests.IterationTest" assertions="3" time="0.001000"/>
        <testcase name="testIsSortedAscendingIntsValidatesSequence" file="/var/www/html/valksor/src/Valksor/Functions/Iteration/Tests/IterationTest.php" line="180" class="Valksor\Functions\Iteration\Tests\IterationTest" classname="Valksor.Functions.Iteration.Tests.IterationTest" assertions="4" time="0.001000"/>
        <testcase name="testJsonDecodeParsesAndReportsErrors" file="/var/www/html/valksor/src/Valksor/Functions/Iteration/Tests/IterationTest.php" line="191" class="Valksor\Functions\Iteration\Tests\IterationTest" classname="Valksor.Functions.Iteration.Tests.IterationTest" assertions="2" time="0.001000"/>
        <testcase name="testJsonEncodeAppliesDefaultFlagsAndPrettyPrint" file="/var/www/html/valksor/src/Valksor/Functions/Iteration/Tests/IterationTest.php" line="203" class="Valksor\Functions\Iteration\Tests\IterationTest" classname="Valksor.Functions.Iteration.Tests.IterationTest" assertions="3" time="0.001000"/>
        <testcase name="testMakeMultiDimensionalWrapsScalars" file="/var/www/html/valksor/src/Valksor/Functions/Iteration/Tests/IterationTest.php" line="212" class="Valksor\Functions\Iteration\Tests\IterationTest" classname="Valksor.Functions.Iteration.Tests.IterationTest" assertions="2" time="0.001000"/>
        <testcase name="testMakeOneDimensionFlattensWithOptions" file="/var/www/html/valksor/src/Valksor/Functions/Iteration/Tests/IterationTest.php" line="220" class="Valksor\Functions\Iteration\Tests\IterationTest" classname="Valksor.Functions.Iteration.Tests.IterationTest" assertions="5" time="0.001000"/>
        <testcase name="testPickThrowsWhenRandomizerSeedInvalid" file="/var/www/html/valksor/src/Valksor/Functions/Iteration/Tests/IterationTest.php" line="265" class="Valksor\Functions\Iteration\Tests\IterationTest" classname="Valksor.Functions.Iteration.Tests.IterationTest" assertions="1" time="0.001000"/>
        <testcase name="testRecursiveKSortSortsNestedArrays" file="/var/www/html/valksor/src/Valksor/Functions/Iteration/Tests/IterationTest.php" line="271" class="Valksor\Functions\Iteration\Tests\IterationTest" classname="Valksor.Functions.Iteration.Tests.IterationTest" assertions="1" time="0.001000"/>
        <testcase name="testRemoveFromArrayRemovesValue" file="/var/www/html/valksor/src/Valksor/Functions/Iteration/Tests/IterationTest.php" line="279" class="Valksor\Functions\Iteration\Tests\IterationTest" classname="Valksor.Functions.Iteration.Tests.IterationTest" assertions="1" time="0.001000"/>
        <testcase name="testSwapArrayExchangesValuesWhenDifferent" file="/var/www/html/valksor/src/Valksor/Functions/Iteration/Tests/IterationTest.php" line="287" class="Valksor\Functions\Iteration\Tests\IterationTest" classname="Valksor.Functions.Iteration.Tests.IterationTest" assertions="2" time="0.001000"/>
        <testcase name="testUniqueMapRemovesDuplicateMaps" file="/var/www/html/valksor/src/Valksor/Functions/Iteration/Tests/IterationTest.php" line="298" class="Valksor\Functions\Iteration\Tests\IterationTest" classname="Valksor.Functions.Iteration.Tests.IterationTest" assertions="2" time="0.001000"/>
        <testcase name="testUniqueRespectsKeepKeysAndMultiDimensional" file="/var/www/html/valksor/src/Valksor/Functions/Iteration/Tests/IterationTest.php" line="307" class="Valksor\Functions\Iteration\Tests\IterationTest" classname="Valksor.Functions.Iteration.Tests.IterationTest" assertions="3" time="0.001000"/>
        <testcase name="testUnpackRecreatesNestedStructure" file="/var/www/html/valksor/src/Valksor/Functions/Iteration/Tests/IterationTest.php" line="316" class="Valksor\Functions\Iteration\Tests\IterationTest" classname="Valksor.Functions.Iteration.Tests.IterationTest" assertions="2" time="0.001000"/>
        <testcase name="testValueTraitRetrievesFromArrayAndObject" file="/var/www/html/valksor/src/Valksor/Functions/Iteration/Tests/IterationTest.php" line="325" class="Valksor\Functions\Iteration\Tests\IterationTest" classname="Valksor.Functions.Iteration.Tests.IterationTest" assertions="3" time="0.001000"/>
      </testsuite>
      <testsuite name="Valksor\Functions\Iteration\Tests\LazyTest" file="/var/www/html/valksor/src/Valksor/Functions/Iteration/Tests/LazyTest.php" tests="36" assertions="48" errors="0" failures="0" skipped="0" time="0.001000">
        <testcase name="testCallPassesArgumentsToCallable" file="/var/www/html/valksor/src/Valksor/Functions/Iteration/Tests/LazyTest.php" line="23" class="Valksor\Functions\Iteration\Tests\LazyTest" classname="Valksor.Functions.Iteration.Tests.LazyTest" assertions="1" time="0.001000"/>
        <testcase name="testCallPassesArgumentsToGetter" file="/var/www/html/valksor/src/Valksor/Functions/Iteration/Tests/LazyTest.php" line="32" class="Valksor\Functions\Iteration\Tests\LazyTest" classname="Valksor.Functions.Iteration.Tests.LazyTest" assertions="1" time="0.001000"/>
        <testcase name="testCallPrioritizesDirectMethodOverGetter" file="/var/www/html/valksor/src/Valksor/Functions/Iteration/Tests/LazyTest.php" line="41" class="Valksor\Functions\Iteration\Tests\LazyTest" classname="Valksor.Functions.Iteration.Tests.LazyTest" assertions="1" time="0.001000"/>
        <testcase name="testCallPrioritizesGetterOverIsser" file="/var/www/html/valksor/src/Valksor/Functions/Iteration/Tests/LazyTest.php" line="51" class="Valksor\Functions\Iteration\Tests\LazyTest" classname="Valksor.Functions.Iteration.Tests.LazyTest" assertions="1" time="0.001000"/>
        <testcase name="testCallPrioritizesIsserOverHasser" file="/var/www/html/valksor/src/Valksor/Functions/Iteration/Tests/LazyTest.php" line="61" class="Valksor\Functions\Iteration\Tests\LazyTest" classname="Valksor.Functions.Iteration.Tests.LazyTest" assertions="1" time="0.001000"/>
        <testcase name="testCallReturnsNullForNonCallableGetter" file="/var/www/html/valksor/src/Valksor/Functions/Iteration/Tests/LazyTest.php" line="71" class="Valksor\Functions\Iteration\Tests\LazyTest" classname="Valksor.Functions.Iteration.Tests.LazyTest" assertions="1" time="0.001000"/>
        <testcase name="testCallReturnsNullForNonCallableValue" file="/var/www/html/valksor/src/Valksor/Functions/Iteration/Tests/LazyTest.php" line="80" class="Valksor\Functions\Iteration\Tests\LazyTest" classname="Valksor.Functions.Iteration.Tests.LazyTest" assertions="1" time="0.001000"/>
        <testcase name="testCallReturnsNullForNonExistentMethod" file="/var/www/html/valksor/src/Valksor/Functions/Iteration/Tests/LazyTest.php" line="89" class="Valksor\Functions\Iteration\Tests\LazyTest" classname="Valksor.Functions.Iteration.Tests.LazyTest" assertions="1" time="0.001000"/>
        <testcase name="testCallWithDirectCallableInArray" file="/var/www/html/valksor/src/Valksor/Functions/Iteration/Tests/LazyTest.php" line="96" class="Valksor\Functions\Iteration\Tests\LazyTest" classname="Valksor.Functions.Iteration.Tests.LazyTest" assertions="1" time="0.001000"/>
        <testcase name="testCallWithEmptyMethodName" file="/var/www/html/valksor/src/Valksor/Functions/Iteration/Tests/LazyTest.php" line="105" class="Valksor\Functions\Iteration\Tests\LazyTest" classname="Valksor.Functions.Iteration.Tests.LazyTest" assertions="1" time="0.001000"/>
        <testcase name="testCallWithGetterPrefix" file="/var/www/html/valksor/src/Valksor/Functions/Iteration/Tests/LazyTest.php" line="116" class="Valksor\Functions\Iteration\Tests\LazyTest" classname="Valksor.Functions.Iteration.Tests.LazyTest" assertions="1" time="0.001000"/>
        <testcase name="testCallWithHasserPrefix" file="/var/www/html/valksor/src/Valksor/Functions/Iteration/Tests/LazyTest.php" line="125" class="Valksor\Functions\Iteration\Tests\LazyTest" classname="Valksor.Functions.Iteration.Tests.LazyTest" assertions="1" time="0.001000"/>
        <testcase name="testCallWithIsserPrefix" file="/var/www/html/valksor/src/Valksor/Functions/Iteration/Tests/LazyTest.php" line="134" class="Valksor\Functions\Iteration\Tests\LazyTest" classname="Valksor.Functions.Iteration.Tests.LazyTest" assertions="1" time="0.001000"/>
        <testcase name="testCallWithNoArguments" file="/var/www/html/valksor/src/Valksor/Functions/Iteration/Tests/LazyTest.php" line="143" class="Valksor\Functions\Iteration\Tests\LazyTest" classname="Valksor.Functions.Iteration.Tests.LazyTest" assertions="1" time="0.001000"/>
        <testcase name="testCallWithVariadicArguments" file="/var/www/html/valksor/src/Valksor/Functions/Iteration/Tests/LazyTest.php" line="152" class="Valksor\Functions\Iteration\Tests\LazyTest" classname="Valksor.Functions.Iteration.Tests.LazyTest" assertions="1" time="0.001000"/>
        <testcase name="testConstructorAcceptsCallableProducer" file="/var/www/html/valksor/src/Valksor/Functions/Iteration/Tests/LazyTest.php" line="161" class="Valksor\Functions\Iteration\Tests\LazyTest" classname="Valksor.Functions.Iteration.Tests.LazyTest" assertions="1" time="0.001000"/>
        <testcase name="testCountReturnsArrayLength" file="/var/www/html/valksor/src/Valksor/Functions/Iteration/Tests/LazyTest.php" line="168" class="Valksor\Functions\Iteration\Tests\LazyTest" classname="Valksor.Functions.Iteration.Tests.LazyTest" assertions="1" time="0.001000"/>
        <testcase name="testCountReturnsZeroForEmptyArray" file="/var/www/html/valksor/src/Valksor/Functions/Iteration/Tests/LazyTest.php" line="175" class="Valksor\Functions\Iteration\Tests\LazyTest" classname="Valksor.Functions.Iteration.Tests.LazyTest" assertions="1" time="0.001000"/>
        <testcase name="testCountWorksWithCountFunction" file="/var/www/html/valksor/src/Valksor/Functions/Iteration/Tests/LazyTest.php" line="182" class="Valksor\Functions\Iteration\Tests\LazyTest" classname="Valksor.Functions.Iteration.Tests.LazyTest" assertions="1" time="0.001000"/>
        <testcase name="testGetIteratorPreservesKeys" file="/var/www/html/valksor/src/Valksor/Functions/Iteration/Tests/LazyTest.php" line="189" class="Valksor\Functions\Iteration\Tests\LazyTest" classname="Valksor.Functions.Iteration.Tests.LazyTest" assertions="1" time="0.001000"/>
        <testcase name="testGetIteratorWorksWithEmptyArray" file="/var/www/html/valksor/src/Valksor/Functions/Iteration/Tests/LazyTest.php" line="202" class="Valksor\Functions\Iteration\Tests\LazyTest" classname="Valksor.Functions.Iteration.Tests.LazyTest" assertions="1" time="0.001000"/>
        <testcase name="testGetIteratorYieldsAllElements" file="/var/www/html/valksor/src/Valksor/Functions/Iteration/Tests/LazyTest.php" line="215" class="Valksor\Functions\Iteration\Tests\LazyTest" classname="Valksor.Functions.Iteration.Tests.LazyTest" assertions="1" time="0.001000"/>
        <testcase name="testIterationWithMixedValueTypes" file="/var/www/html/valksor/src/Valksor/Functions/Iteration/Tests/LazyTest.php" line="229" class="Valksor\Functions\Iteration\Tests\LazyTest" classname="Valksor.Functions.Iteration.Tests.LazyTest" assertions="7" time="0.001000"/>
        <testcase name="testLazyWithClosureReturningDynamicData" file="/var/www/html/valksor/src/Valksor/Functions/Iteration/Tests/LazyTest.php" line="253" class="Valksor\Functions\Iteration\Tests\LazyTest" classname="Valksor.Functions.Iteration.Tests.LazyTest" assertions="2" time="0.001000"/>
        <testcase name="testMemoizationOnlyCallsProducerOnce" file="/var/www/html/valksor/src/Valksor/Functions/Iteration/Tests/LazyTest.php" line="266" class="Valksor\Functions\Iteration\Tests\LazyTest" classname="Valksor.Functions.Iteration.Tests.LazyTest" assertions="1" time="0.001000"/>
        <testcase name="testMultipleIterationsUseMemoizedData" file="/var/www/html/valksor/src/Valksor/Functions/Iteration/Tests/LazyTest.php" line="282" class="Valksor\Functions\Iteration\Tests\LazyTest" classname="Valksor.Functions.Iteration.Tests.LazyTest" assertions="2" time="0.001000"/>
        <testcase name="testOffsetExistsReturnsFalseForMissingKey" file="/var/www/html/valksor/src/Valksor/Functions/Iteration/Tests/LazyTest.php" line="307" class="Valksor\Functions\Iteration\Tests\LazyTest" classname="Valksor.Functions.Iteration.Tests.LazyTest" assertions="1" time="0.001000"/>
        <testcase name="testOffsetExistsReturnsFalseForNullValue" file="/var/www/html/valksor/src/Valksor/Functions/Iteration/Tests/LazyTest.php" line="314" class="Valksor\Functions\Iteration\Tests\LazyTest" classname="Valksor.Functions.Iteration.Tests.LazyTest" assertions="1" time="0.001000"/>
        <testcase name="testOffsetExistsReturnsTrueForExistingKey" file="/var/www/html/valksor/src/Valksor/Functions/Iteration/Tests/LazyTest.php" line="321" class="Valksor\Functions\Iteration\Tests\LazyTest" classname="Valksor.Functions.Iteration.Tests.LazyTest" assertions="1" time="0.001000"/>
        <testcase name="testOffsetExistsWithIntegerKey" file="/var/www/html/valksor/src/Valksor/Functions/Iteration/Tests/LazyTest.php" line="328" class="Valksor\Functions\Iteration\Tests\LazyTest" classname="Valksor.Functions.Iteration.Tests.LazyTest" assertions="3" time="0.001000"/>
        <testcase name="testOffsetGetReturnsNullForMissingKey" file="/var/www/html/valksor/src/Valksor/Functions/Iteration/Tests/LazyTest.php" line="337" class="Valksor\Functions\Iteration\Tests\LazyTest" classname="Valksor.Functions.Iteration.Tests.LazyTest" assertions="1" time="0.001000"/>
        <testcase name="testOffsetGetReturnsValueForExistingKey" file="/var/www/html/valksor/src/Valksor/Functions/Iteration/Tests/LazyTest.php" line="344" class="Valksor\Functions\Iteration\Tests\LazyTest" classname="Valksor.Functions.Iteration.Tests.LazyTest" assertions="1" time="0.001000"/>
        <testcase name="testOffsetGetWorksWithNumericKeys" file="/var/www/html/valksor/src/Valksor/Functions/Iteration/Tests/LazyTest.php" line="351" class="Valksor\Functions\Iteration\Tests\LazyTest" classname="Valksor.Functions.Iteration.Tests.LazyTest" assertions="2" time="0.001000"/>
        <testcase name="testOffsetSetWithKeyDoesNotModifyMemoizedArray" file="/var/www/html/valksor/src/Valksor/Functions/Iteration/Tests/LazyTest.php" line="359" class="Valksor\Functions\Iteration\Tests\LazyTest" classname="Valksor.Functions.Iteration.Tests.LazyTest" assertions="2" time="0.001000"/>
        <testcase name="testOffsetSetWithNullKeyDoesNotModifyMemoizedArray" file="/var/www/html/valksor/src/Valksor/Functions/Iteration/Tests/LazyTest.php" line="369" class="Valksor\Functions\Iteration\Tests\LazyTest" classname="Valksor.Functions.Iteration.Tests.LazyTest" assertions="1" time="0.001000"/>
        <testcase name="testOffsetUnsetDoesNotModifyMemoizedArray" file="/var/www/html/valksor/src/Valksor/Functions/Iteration/Tests/LazyTest.php" line="378" class="Valksor\Functions\Iteration\Tests\LazyTest" classname="Valksor.Functions.Iteration.Tests.LazyTest" assertions="1" time="0.001000"/>
      </testsuite>
    </testsuite>
  </testsuite>
</testsuites>
